This is pdfTeX, Version 3.14159265-2.6-1.40.15 (TeX Live 2014) (preloaded format=pdflatex 2015.1.7)  21 DEC 2015 11:13
entering extended mode
 restricted \write18 enabled.
 %&-line parsing enabled.
**algstacks.tex
(./algstacks.tex
LaTeX2e <2014/05/01>
Babel <3.9l> and hyphenation patterns for 79 languages loaded.
(/opt/texlive/uio-texmf/texmf-dist/tex/latex/base/article.cls
Document Class: article 2014/09/29 v1.4h Standard LaTeX document class
(/opt/texlive/uio-texmf/texmf-dist/tex/latex/base/size11.clo
File: size11.clo 2014/09/29 v1.4h Standard LaTeX file (size option)
)
\c@part=\count79
\c@section=\count80
\c@subsection=\count81
\c@subsubsection=\count82
\c@paragraph=\count83
\c@subparagraph=\count84
\c@figure=\count85
\c@table=\count86
\abovecaptionskip=\skip41
\belowcaptionskip=\skip42
\bibindent=\dimen102
)
(/opt/texlive/uio-texmf/texmf-dist/tex/latex/base/fontenc.sty
Package: fontenc 2005/09/27 v1.99g Standard LaTeX package

(/opt/texlive/uio-texmf/texmf-dist/tex/latex/base/t1enc.def
File: t1enc.def 2005/09/27 v1.99g Standard LaTeX file
LaTeX Font Info:    Redeclaring font encoding T1 on input line 43.
))
(/opt/texlive/uio-texmf/texmf-dist/tex/latex/base/inputenc.sty
Package: inputenc 2014/04/30 v1.2b Input encoding file
\inpenc@prehook=\toks14
\inpenc@posthook=\toks15

(/opt/texlive/uio-texmf/texmf-dist/tex/latex/base/utf8.def
File: utf8.def 2014/09/29 v1.1m UTF-8 support for inputenc
Now handling font encoding OML ...
... no UTF-8 mapping file for font encoding OML
Now handling font encoding T1 ...
... processing UTF-8 mapping file for font encoding T1

(/opt/texlive/uio-texmf/texmf-dist/tex/latex/base/t1enc.dfu
File: t1enc.dfu 2014/09/29 v1.1m UTF-8 support for inputenc
   defining Unicode char U+00A1 (decimal 161)
   defining Unicode char U+00A3 (decimal 163)
   defining Unicode char U+00AB (decimal 171)
   defining Unicode char U+00BB (decimal 187)
   defining Unicode char U+00BF (decimal 191)
   defining Unicode char U+00C0 (decimal 192)
   defining Unicode char U+00C1 (decimal 193)
   defining Unicode char U+00C2 (decimal 194)
   defining Unicode char U+00C3 (decimal 195)
   defining Unicode char U+00C4 (decimal 196)
   defining Unicode char U+00C5 (decimal 197)
   defining Unicode char U+00C6 (decimal 198)
   defining Unicode char U+00C7 (decimal 199)
   defining Unicode char U+00C8 (decimal 200)
   defining Unicode char U+00C9 (decimal 201)
   defining Unicode char U+00CA (decimal 202)
   defining Unicode char U+00CB (decimal 203)
   defining Unicode char U+00CC (decimal 204)
   defining Unicode char U+00CD (decimal 205)
   defining Unicode char U+00CE (decimal 206)
   defining Unicode char U+00CF (decimal 207)
   defining Unicode char U+00D0 (decimal 208)
   defining Unicode char U+00D1 (decimal 209)
   defining Unicode char U+00D2 (decimal 210)
   defining Unicode char U+00D3 (decimal 211)
   defining Unicode char U+00D4 (decimal 212)
   defining Unicode char U+00D5 (decimal 213)
   defining Unicode char U+00D6 (decimal 214)
   defining Unicode char U+00D8 (decimal 216)
   defining Unicode char U+00D9 (decimal 217)
   defining Unicode char U+00DA (decimal 218)
   defining Unicode char U+00DB (decimal 219)
   defining Unicode char U+00DC (decimal 220)
   defining Unicode char U+00DD (decimal 221)
   defining Unicode char U+00DE (decimal 222)
   defining Unicode char U+00DF (decimal 223)
   defining Unicode char U+00E0 (decimal 224)
   defining Unicode char U+00E1 (decimal 225)
   defining Unicode char U+00E2 (decimal 226)
   defining Unicode char U+00E3 (decimal 227)
   defining Unicode char U+00E4 (decimal 228)
   defining Unicode char U+00E5 (decimal 229)
   defining Unicode char U+00E6 (decimal 230)
   defining Unicode char U+00E7 (decimal 231)
   defining Unicode char U+00E8 (decimal 232)
   defining Unicode char U+00E9 (decimal 233)
   defining Unicode char U+00EA (decimal 234)
   defining Unicode char U+00EB (decimal 235)
   defining Unicode char U+00EC (decimal 236)
   defining Unicode char U+00ED (decimal 237)
   defining Unicode char U+00EE (decimal 238)
   defining Unicode char U+00EF (decimal 239)
   defining Unicode char U+00F0 (decimal 240)
   defining Unicode char U+00F1 (decimal 241)
   defining Unicode char U+00F2 (decimal 242)
   defining Unicode char U+00F3 (decimal 243)
   defining Unicode char U+00F4 (decimal 244)
   defining Unicode char U+00F5 (decimal 245)
   defining Unicode char U+00F6 (decimal 246)
   defining Unicode char U+00F8 (decimal 248)
   defining Unicode char U+00F9 (decimal 249)
   defining Unicode char U+00FA (decimal 250)
   defining Unicode char U+00FB (decimal 251)
   defining Unicode char U+00FC (decimal 252)
   defining Unicode char U+00FD (decimal 253)
   defining Unicode char U+00FE (decimal 254)
   defining Unicode char U+00FF (decimal 255)
   defining Unicode char U+0102 (decimal 258)
   defining Unicode char U+0103 (decimal 259)
   defining Unicode char U+0104 (decimal 260)
   defining Unicode char U+0105 (decimal 261)
   defining Unicode char U+0106 (decimal 262)
   defining Unicode char U+0107 (decimal 263)
   defining Unicode char U+010C (decimal 268)
   defining Unicode char U+010D (decimal 269)
   defining Unicode char U+010E (decimal 270)
   defining Unicode char U+010F (decimal 271)
   defining Unicode char U+0110 (decimal 272)
   defining Unicode char U+0111 (decimal 273)
   defining Unicode char U+0118 (decimal 280)
   defining Unicode char U+0119 (decimal 281)
   defining Unicode char U+011A (decimal 282)
   defining Unicode char U+011B (decimal 283)
   defining Unicode char U+011E (decimal 286)
   defining Unicode char U+011F (decimal 287)
   defining Unicode char U+0130 (decimal 304)
   defining Unicode char U+0131 (decimal 305)
   defining Unicode char U+0132 (decimal 306)
   defining Unicode char U+0133 (decimal 307)
   defining Unicode char U+0139 (decimal 313)
   defining Unicode char U+013A (decimal 314)
   defining Unicode char U+013D (decimal 317)
   defining Unicode char U+013E (decimal 318)
   defining Unicode char U+0141 (decimal 321)
   defining Unicode char U+0142 (decimal 322)
   defining Unicode char U+0143 (decimal 323)
   defining Unicode char U+0144 (decimal 324)
   defining Unicode char U+0147 (decimal 327)
   defining Unicode char U+0148 (decimal 328)
   defining Unicode char U+014A (decimal 330)
   defining Unicode char U+014B (decimal 331)
   defining Unicode char U+0150 (decimal 336)
   defining Unicode char U+0151 (decimal 337)
   defining Unicode char U+0152 (decimal 338)
   defining Unicode char U+0153 (decimal 339)
   defining Unicode char U+0154 (decimal 340)
   defining Unicode char U+0155 (decimal 341)
   defining Unicode char U+0158 (decimal 344)
   defining Unicode char U+0159 (decimal 345)
   defining Unicode char U+015A (decimal 346)
   defining Unicode char U+015B (decimal 347)
   defining Unicode char U+015E (decimal 350)
   defining Unicode char U+015F (decimal 351)
   defining Unicode char U+0160 (decimal 352)
   defining Unicode char U+0161 (decimal 353)
   defining Unicode char U+0162 (decimal 354)
   defining Unicode char U+0163 (decimal 355)
   defining Unicode char U+0164 (decimal 356)
   defining Unicode char U+0165 (decimal 357)
   defining Unicode char U+016E (decimal 366)
   defining Unicode char U+016F (decimal 367)
   defining Unicode char U+0170 (decimal 368)
   defining Unicode char U+0171 (decimal 369)
   defining Unicode char U+0178 (decimal 376)
   defining Unicode char U+0179 (decimal 377)
   defining Unicode char U+017A (decimal 378)
   defining Unicode char U+017B (decimal 379)
   defining Unicode char U+017C (decimal 380)
   defining Unicode char U+017D (decimal 381)
   defining Unicode char U+017E (decimal 382)
   defining Unicode char U+200C (decimal 8204)
   defining Unicode char U+2013 (decimal 8211)
   defining Unicode char U+2014 (decimal 8212)
   defining Unicode char U+2018 (decimal 8216)
   defining Unicode char U+2019 (decimal 8217)
   defining Unicode char U+201A (decimal 8218)
   defining Unicode char U+201C (decimal 8220)
   defining Unicode char U+201D (decimal 8221)
   defining Unicode char U+201E (decimal 8222)
   defining Unicode char U+2030 (decimal 8240)
   defining Unicode char U+2031 (decimal 8241)
   defining Unicode char U+2039 (decimal 8249)
   defining Unicode char U+203A (decimal 8250)
   defining Unicode char U+2423 (decimal 9251)
)
Now handling font encoding OT1 ...
... processing UTF-8 mapping file for font encoding OT1

(/opt/texlive/uio-texmf/texmf-dist/tex/latex/base/ot1enc.dfu
File: ot1enc.dfu 2014/09/29 v1.1m UTF-8 support for inputenc
   defining Unicode char U+00A1 (decimal 161)
   defining Unicode char U+00A3 (decimal 163)
   defining Unicode char U+00B8 (decimal 184)
   defining Unicode char U+00BF (decimal 191)
   defining Unicode char U+00C5 (decimal 197)
   defining Unicode char U+00C6 (decimal 198)
   defining Unicode char U+00D8 (decimal 216)
   defining Unicode char U+00DF (decimal 223)
   defining Unicode char U+00E6 (decimal 230)
   defining Unicode char U+00EC (decimal 236)
   defining Unicode char U+00ED (decimal 237)
   defining Unicode char U+00EE (decimal 238)
   defining Unicode char U+00EF (decimal 239)
   defining Unicode char U+00F8 (decimal 248)
   defining Unicode char U+0131 (decimal 305)
   defining Unicode char U+0141 (decimal 321)
   defining Unicode char U+0142 (decimal 322)
   defining Unicode char U+0152 (decimal 338)
   defining Unicode char U+0153 (decimal 339)
   defining Unicode char U+2013 (decimal 8211)
   defining Unicode char U+2014 (decimal 8212)
   defining Unicode char U+2018 (decimal 8216)
   defining Unicode char U+2019 (decimal 8217)
   defining Unicode char U+201C (decimal 8220)
   defining Unicode char U+201D (decimal 8221)
)
Now handling font encoding OMS ...
... processing UTF-8 mapping file for font encoding OMS

(/opt/texlive/uio-texmf/texmf-dist/tex/latex/base/omsenc.dfu
File: omsenc.dfu 2014/09/29 v1.1m UTF-8 support for inputenc
   defining Unicode char U+00A7 (decimal 167)
   defining Unicode char U+00B6 (decimal 182)
   defining Unicode char U+00B7 (decimal 183)
   defining Unicode char U+2020 (decimal 8224)
   defining Unicode char U+2021 (decimal 8225)
   defining Unicode char U+2022 (decimal 8226)
)
Now handling font encoding OMX ...
... no UTF-8 mapping file for font encoding OMX
Now handling font encoding U ...
... no UTF-8 mapping file for font encoding U
   defining Unicode char U+00A9 (decimal 169)
   defining Unicode char U+00AA (decimal 170)
   defining Unicode char U+00AE (decimal 174)
   defining Unicode char U+00BA (decimal 186)
   defining Unicode char U+02C6 (decimal 710)
   defining Unicode char U+02DC (decimal 732)
   defining Unicode char U+200C (decimal 8204)
   defining Unicode char U+2026 (decimal 8230)
   defining Unicode char U+2122 (decimal 8482)
   defining Unicode char U+2423 (decimal 9251)
))
(/opt/texlive/uio-texmf/texmf-dist/tex/generic/babel/babel.sty
Package: babel 2014/09/25 3.9l The Babel package

(/opt/texlive/uio-texmf/texmf-dist/tex/generic/babel-english/english.ldf
Language: english 2012/08/20 v3.3p English support from the babel system

(/opt/texlive/uio-texmf/texmf-dist/tex/generic/babel/babel.def
File: babel.def 2014/09/25 3.9l Babel common definitions
\babel@savecnt=\count87
\U@D=\dimen103
)
\l@canadian = a dialect from \language\l@american 
\l@australian = a dialect from \language\l@british 
\l@newzealand = a dialect from \language\l@british 
))
(/opt/texlive/uio-texmf/texmf-dist/tex/latex/jknapltx/mathrsfs.sty
Package: mathrsfs 1996/01/01 Math RSFS package v1.0 (jk)
\symrsfs=\mathgroup4
)
(/opt/texlive/uio-texmf/texmf-dist/tex/latex/amsfonts/amssymb.sty
Package: amssymb 2013/01/14 v3.01 AMS font symbols

(/opt/texlive/uio-texmf/texmf-dist/tex/latex/amsfonts/amsfonts.sty
Package: amsfonts 2013/01/14 v3.01 Basic AMSFonts support
\@emptytoks=\toks16
\symAMSa=\mathgroup5
\symAMSb=\mathgroup6
LaTeX Font Info:    Overwriting math alphabet `\mathfrak' in version `bold'
(Font)                  U/euf/m/n --> U/euf/b/n on input line 106.
))
(/opt/texlive/uio-texmf/texmf-dist/tex/latex/amsmath/amsmath.sty
Package: amsmath 2013/01/14 v2.14 AMS math features
\@mathmargin=\skip43

For additional information on amsmath, use the `?' option.
(/opt/texlive/uio-texmf/texmf-dist/tex/latex/amsmath/amstext.sty
Package: amstext 2000/06/29 v2.01

(/opt/texlive/uio-texmf/texmf-dist/tex/latex/amsmath/amsgen.sty
File: amsgen.sty 1999/11/30 v2.0
\@emptytoks=\toks17
\ex@=\dimen104
))
(/opt/texlive/uio-texmf/texmf-dist/tex/latex/amsmath/amsbsy.sty
Package: amsbsy 1999/11/29 v1.2d
\pmbraise@=\dimen105
)
(/opt/texlive/uio-texmf/texmf-dist/tex/latex/amsmath/amsopn.sty
Package: amsopn 1999/12/14 v2.01 operator names
)
\inf@bad=\count88
LaTeX Info: Redefining \frac on input line 210.
\uproot@=\count89
\leftroot@=\count90
LaTeX Info: Redefining \overline on input line 306.
\classnum@=\count91
\DOTSCASE@=\count92
LaTeX Info: Redefining \ldots on input line 378.
LaTeX Info: Redefining \dots on input line 381.
LaTeX Info: Redefining \cdots on input line 466.
\Mathstrutbox@=\box26
\strutbox@=\box27
\big@size=\dimen106
LaTeX Font Info:    Redeclaring font encoding OML on input line 566.
LaTeX Font Info:    Redeclaring font encoding OMS on input line 567.
\macc@depth=\count93
\c@MaxMatrixCols=\count94
\dotsspace@=\muskip10
\c@parentequation=\count95
\dspbrk@lvl=\count96
\tag@help=\toks18
\row@=\count97
\column@=\count98
\maxfields@=\count99
\andhelp@=\toks19
\eqnshift@=\dimen107
\alignsep@=\dimen108
\tagshift@=\dimen109
\tagwidth@=\dimen110
\totwidth@=\dimen111
\lineht@=\dimen112
\@envbody=\toks20
\multlinegap=\skip44
\multlinetaggap=\skip45
\mathdisplay@stack=\toks21
LaTeX Info: Redefining \[ on input line 2665.
LaTeX Info: Redefining \] on input line 2666.
)
(/opt/texlive/uio-texmf/texmf-dist/tex/latex/amscls/amsthm.sty
Package: amsthm 2009/07/02 v2.20.1
\thm@style=\toks22
\thm@bodyfont=\toks23
\thm@headfont=\toks24
\thm@notefont=\toks25
\thm@headpunct=\toks26
\thm@preskip=\skip46
\thm@postskip=\skip47
\thm@headsep=\skip48
\dth@everypar=\toks27
)
(/opt/texlive/uio-texmf/texmf-dist/tex/generic/xypic/xy.sty
(/opt/texlive/uio-texmf/texmf-dist/tex/generic/xypic/xy.tex Bootstrap'ing:
catcodes, docmode,
(/opt/texlive/uio-texmf/texmf-dist/tex/generic/xypic/xyrecat.tex)
(/opt/texlive/uio-texmf/texmf-dist/tex/generic/xypic/xyidioms.tex)

 Xy-pic version 3.8.9 <2013/10/06>
 Copyright (c) 1991-2013 by Kristoffer H. Rose <krisrose@tug.org> and others
 Xy-pic is free software: see the User's Guide for details.

Loading kernel: messages; fonts; allocations: state,
\X@c=\dimen113
\Y@c=\dimen114
\U@c=\dimen115
\D@c=\dimen116
\L@c=\dimen117
\R@c=\dimen118
\Edge@c=\toks28
\X@p=\dimen119
\Y@p=\dimen120
\U@p=\dimen121
\D@p=\dimen122
\L@p=\dimen123
\R@p=\dimen124
\Edge@p=\toks29
\X@origin=\dimen125
\Y@origin=\dimen126
\X@xbase=\dimen127
\Y@xbase=\dimen128
\X@ybase=\dimen129
\Y@ybase=\dimen130
\X@min=\dimen131
\Y@min=\dimen132
\X@max=\dimen133
\Y@max=\dimen134
\lastobjectbox@=\box28
\zerodotbox@=\box29
\almostz@=\dimen135
 direction,
\d@X=\dimen136
\d@Y=\dimen137
\K@=\count100
\KK@=\count101
\Direction=\count102
\K@dXdY=\dimen138
\K@dYdX=\dimen139
\xyread@=\read1
\xywrite@=\write3
\csp@=\count103
\quotPTK@=\dimen140

utility macros; pictures: \xy, positions,
\swaptoks@@=\toks30
\connectobjectbox@@=\box30
 objects,
\styletoks@=\toks31
 decorations;
kernel objects: directionals, circles, text; options; algorithms: directions,
edges, connections;  Xy-pic loaded)
(/opt/texlive/uio-texmf/texmf-dist/tex/generic/oberdiek/ifpdf.sty
Package: ifpdf 2011/01/30 v2.3 Provides the ifpdf switch (HO)
Package ifpdf Info: pdfTeX in PDF mode is detected.
)
Package: xy 2013/10/06 Xy-pic version 3.8.9

(/opt/texlive/uio-texmf/texmf-dist/tex/generic/xypic/xyall.tex
 Xy-pic option: All features v.3.8
(/opt/texlive/uio-texmf/texmf-dist/tex/generic/xypic/xycurve.tex
 Xy-pic option: Curve and Spline extension v.3.12 curve,
\crv@cnt@=\count104
\crvpts@=\toks32
\splinebox@=\box31
\splineval@=\dimen141
\splinedepth@=\dimen142
\splinetol@=\dimen143
\splinelength@=\dimen144
 circles,
\L@=\dimen145
 loaded)
(/opt/texlive/uio-texmf/texmf-dist/tex/generic/xypic/xyframe.tex
 Xy-pic option: Frame and Bracket extension v.3.14 loaded)
(/opt/texlive/uio-texmf/texmf-dist/tex/generic/xypic/xycmtip.tex
 Xy-pic option: Computer Modern tip extension v.3.7
(/opt/texlive/uio-texmf/texmf-dist/tex/generic/xypic/xytips.tex
 Xy-pic option: More Tips extension v.3.11 loaded) loaded)
(/opt/texlive/uio-texmf/texmf-dist/tex/generic/xypic/xyline.tex
 Xy-pic option: Line styles extension v.3.10
\xylinethick@=\dimen146
 loaded)
(/opt/texlive/uio-texmf/texmf-dist/tex/generic/xypic/xyrotate.tex
 Xy-pic option: Rotate and Scale extension v.3.8 loaded)
(/opt/texlive/uio-texmf/texmf-dist/tex/generic/xypic/xycolor.tex
 Xy-pic option: Colour extension v.3.11 loaded)
(/opt/texlive/uio-texmf/texmf-dist/tex/generic/xypic/xymatrix.tex
 Xy-pic option: Matrix feature v.3.14
\Row=\count105
\Col=\count106
\queue@=\toks33
\queue@@=\toks34
\qcount@=\count107
\qcount@@=\count108
\matrixsize@=\count109
 loaded)
(/opt/texlive/uio-texmf/texmf-dist/tex/generic/xypic/xyarrow.tex
 Xy-pic option: Arrow and Path feature v.3.9 path, \ar, loaded)
(/opt/texlive/uio-texmf/texmf-dist/tex/generic/xypic/xygraph.tex
 Xy-pic option: Graph feature v.3.11 loaded) loaded)
(/opt/texlive/uio-texmf/texmf-dist/tex/generic/xypic/xypdf.tex
 Xy-pic option: PDF driver v.1.7 Xy-pic pdf driver: `color' extension support
(/opt/texlive/uio-texmf/texmf-dist/tex/generic/xypic/xypdf-co.tex loaded)
Xy-pic pdf driver: `curve' extension support
(/opt/texlive/uio-texmf/texmf-dist/tex/generic/xypic/xypdf-cu.tex loaded)
Xy-pic pdf driver: `frame' extension support
(/opt/texlive/uio-texmf/texmf-dist/tex/generic/xypic/xypdf-fr.tex loaded)
Xy-pic pdf driver: `line' extension support
(/opt/texlive/uio-texmf/texmf-dist/tex/generic/xypic/xypdf-li.tex loaded)
Xy-pic pdf driver: `rotate' extension support
(/opt/texlive/uio-texmf/texmf-dist/tex/generic/xypic/xypdf-ro.tex loaded)
loaded)) (/opt/texlive/uio-texmf/texmf-dist/tex/latex/url/url.sty
\Urlmuskip=\muskip11
Package: url 2013/09/16  ver 3.4  Verb mode for urls, etc.
)
(/opt/texlive/uio-texmf/texmf-dist/tex/latex/thmtools/thmtools.sty
Package: thmtools 2014/04/21 v66
\thmt@toks=\toks35
\c@thmt@dummyctr=\count110

(/opt/texlive/uio-texmf/texmf-dist/tex/latex/thmtools/thm-patch.sty
Package: thm-patch 2014/04/21 v66

(/opt/texlive/uio-texmf/texmf-dist/tex/latex/thmtools/parseargs.sty
Package: parseargs 2014/04/21 v66
\@parsespec=\toks36
))
(/opt/texlive/uio-texmf/texmf-dist/tex/latex/thmtools/thm-kv.sty
Package: thm-kv 2014/04/21 v66
Package thm-kv Info: Theorem names will be uppercased on input line 40.

(/opt/texlive/uio-texmf/texmf-dist/tex/latex/graphics/keyval.sty
Package: keyval 2014/10/28 v1.15 key=value parser (DPC)
\KV@toks@=\toks37
)
(/opt/texlive/uio-texmf/texmf-dist/tex/generic/oberdiek/kvsetkeys.sty
Package: kvsetkeys 2012/04/25 v1.16 Key value parser (HO)

(/opt/texlive/uio-texmf/texmf-dist/tex/generic/oberdiek/infwarerr.sty
Package: infwarerr 2010/04/08 v1.3 Providing info/warning/error messages (HO)
)
(/opt/texlive/uio-texmf/texmf-dist/tex/generic/oberdiek/etexcmds.sty
Package: etexcmds 2011/02/16 v1.5 Avoid name clashes with e-TeX commands (HO)

(/opt/texlive/uio-texmf/texmf-dist/tex/generic/oberdiek/ifluatex.sty
Package: ifluatex 2010/03/01 v1.3 Provides the ifluatex switch (HO)
Package ifluatex Info: LuaTeX not detected.
)
Package etexcmds Info: Could not find \expanded.
(etexcmds)             That can mean that you are not using pdfTeX 1.50 or
(etexcmds)             that some package has redefined \expanded.
(etexcmds)             In the latter case, load this package earlier.
))
Package thm-kv Info: kvsetkeys patch (v1.16 or later) on input line 156.
)
(/opt/texlive/uio-texmf/texmf-dist/tex/latex/thmtools/thm-autoref.sty
Package: thm-autoref 2014/04/21 v66

(/opt/texlive/uio-texmf/texmf-dist/tex/latex/thmtools/aliasctr.sty
Package: aliasctr 2014/04/21 v66

(/opt/texlive/uio-texmf/texmf-dist/tex/latex/carlisle/remreset.sty)))
(/opt/texlive/uio-texmf/texmf-dist/tex/latex/thmtools/thm-listof.sty
Package: thm-listof 2014/04/21 v66
)
(/opt/texlive/uio-texmf/texmf-dist/tex/latex/thmtools/thm-restate.sty
Package: thm-restate 2014/04/21 v66
)
(/opt/texlive/uio-texmf/texmf-dist/tex/latex/thmtools/thm-amsthm.sty
Package: thm-amsthm 2014/04/21 v66
\thmt@style@headstyle=\toks38
))
(./mystyle.sty
\c@thm=\count111
\c@oppg=\count112
\c@losn=\count113
\c@exc=\count114
\c@sol=\count115
)
(/opt/texlive/uio-texmf/texmf-dist/tex/latex/tools/enumerate.sty
Package: enumerate 2014/10/28 v3.00 enumerate extensions (DPC)
\@enLab=\toks39
)
(/opt/texlive/uio-texmf/texmf-dist/tex/latex/float/float.sty
Package: float 2001/11/08 v1.3d Float enhancements (AL)
\c@float@type=\count116
\float@exts=\toks40
\float@box=\box32
\@float@everytoks=\toks41
\@floatcapt=\box33
)
(/opt/texlive/uio-texmf/texmf-dist/tex/latex/pgf/frontendlayer/tikz.sty
(/opt/texlive/uio-texmf/texmf-dist/tex/latex/pgf/basiclayer/pgf.sty
(/opt/texlive/uio-texmf/texmf-dist/tex/latex/pgf/utilities/pgfrcs.sty
(/opt/texlive/uio-texmf/texmf-dist/tex/generic/pgf/utilities/pgfutil-common.tex
\pgfutil@everybye=\toks42
\pgfutil@tempdima=\dimen147
\pgfutil@tempdimb=\dimen148

(/opt/texlive/uio-texmf/texmf-dist/tex/generic/pgf/utilities/pgfutil-common-lis
ts.tex))
(/opt/texlive/uio-texmf/texmf-dist/tex/generic/pgf/utilities/pgfutil-latex.def
\pgfutil@abb=\box34

(/opt/texlive/uio-texmf/texmf-dist/tex/latex/ms/everyshi.sty
Package: everyshi 2001/05/15 v3.00 EveryShipout Package (MS)
))
(/opt/texlive/uio-texmf/texmf-dist/tex/generic/pgf/utilities/pgfrcs.code.tex
Package: pgfrcs 2013/12/20 v3.0.0 (rcs-revision 1.28)
))
Package: pgf 2013/12/18 v3.0.0 (rcs-revision 1.14)

(/opt/texlive/uio-texmf/texmf-dist/tex/latex/pgf/basiclayer/pgfcore.sty
(/opt/texlive/uio-texmf/texmf-dist/tex/latex/graphics/graphicx.sty
Package: graphicx 2014/10/28 v1.0g Enhanced LaTeX Graphics (DPC,SPQR)

(/opt/texlive/uio-texmf/texmf-dist/tex/latex/graphics/graphics.sty
Package: graphics 2014/10/28 v1.0p Standard LaTeX Graphics (DPC,SPQR)

(/opt/texlive/uio-texmf/texmf-dist/tex/latex/graphics/trig.sty
Package: trig 1999/03/16 v1.09 sin cos tan (DPC)
)
(/opt/texlive/uio-texmf/texmf-dist/tex/latex/latexconfig/graphics.cfg
File: graphics.cfg 2010/04/23 v1.9 graphics configuration of TeX Live
)
Package graphics Info: Driver file: pdftex.def on input line 91.

(/opt/texlive/uio-texmf/texmf-dist/tex/latex/pdftex-def/pdftex.def
File: pdftex.def 2011/05/27 v0.06d Graphics/color for pdfTeX

(/opt/texlive/uio-texmf/texmf-dist/tex/generic/oberdiek/ltxcmds.sty
Package: ltxcmds 2011/11/09 v1.22 LaTeX kernel commands for general use (HO)
)
\Gread@gobject=\count117
))
\Gin@req@height=\dimen149
\Gin@req@width=\dimen150
)
(/opt/texlive/uio-texmf/texmf-dist/tex/latex/pgf/systemlayer/pgfsys.sty
(/opt/texlive/uio-texmf/texmf-dist/tex/generic/pgf/systemlayer/pgfsys.code.tex
Package: pgfsys 2013/11/30 v3.0.0 (rcs-revision 1.47)

(/opt/texlive/uio-texmf/texmf-dist/tex/generic/pgf/utilities/pgfkeys.code.tex
\pgfkeys@pathtoks=\toks43
\pgfkeys@temptoks=\toks44

(/opt/texlive/uio-texmf/texmf-dist/tex/generic/pgf/utilities/pgfkeysfiltered.co
de.tex
\pgfkeys@tmptoks=\toks45
))
\pgf@x=\dimen151
\pgf@y=\dimen152
\pgf@xa=\dimen153
\pgf@ya=\dimen154
\pgf@xb=\dimen155
\pgf@yb=\dimen156
\pgf@xc=\dimen157
\pgf@yc=\dimen158
\w@pgf@writea=\write4
\r@pgf@reada=\read2
\c@pgf@counta=\count118
\c@pgf@countb=\count119
\c@pgf@countc=\count120
\c@pgf@countd=\count121
\t@pgf@toka=\toks46
\t@pgf@tokb=\toks47
\t@pgf@tokc=\toks48
 (/opt/texlive/uio-texmf/texmf-dist/tex/generic/pgf/systemlayer/pgf.cfg
File: pgf.cfg 2008/05/14  (rcs-revision 1.7)
)
Driver file for pgf: pgfsys-pdftex.def

(/opt/texlive/uio-texmf/texmf-dist/tex/generic/pgf/systemlayer/pgfsys-pdftex.de
f
File: pgfsys-pdftex.def 2013/07/18  (rcs-revision 1.33)

(/opt/texlive/uio-texmf/texmf-dist/tex/generic/pgf/systemlayer/pgfsys-common-pd
f.def
File: pgfsys-common-pdf.def 2013/10/10  (rcs-revision 1.13)
)))
(/opt/texlive/uio-texmf/texmf-dist/tex/generic/pgf/systemlayer/pgfsyssoftpath.c
ode.tex
File: pgfsyssoftpath.code.tex 2013/09/09  (rcs-revision 1.9)
\pgfsyssoftpath@smallbuffer@items=\count122
\pgfsyssoftpath@bigbuffer@items=\count123
)
(/opt/texlive/uio-texmf/texmf-dist/tex/generic/pgf/systemlayer/pgfsysprotocol.c
ode.tex
File: pgfsysprotocol.code.tex 2006/10/16  (rcs-revision 1.4)
)) (/opt/texlive/uio-texmf/texmf-dist/tex/latex/xcolor/xcolor.sty
Package: xcolor 2007/01/21 v2.11 LaTeX color extensions (UK)

(/opt/texlive/uio-texmf/texmf-dist/tex/latex/latexconfig/color.cfg
File: color.cfg 2007/01/18 v1.5 color configuration of teTeX/TeXLive
)
Package xcolor Info: Driver file: pdftex.def on input line 225.
Package xcolor Info: Model `cmy' substituted by `cmy0' on input line 1337.
Package xcolor Info: Model `hsb' substituted by `rgb' on input line 1341.
Package xcolor Info: Model `RGB' extended on input line 1353.
Package xcolor Info: Model `HTML' substituted by `rgb' on input line 1355.
Package xcolor Info: Model `Hsb' substituted by `hsb' on input line 1356.
Package xcolor Info: Model `tHsb' substituted by `hsb' on input line 1357.
Package xcolor Info: Model `HSB' substituted by `hsb' on input line 1358.
Package xcolor Info: Model `Gray' substituted by `gray' on input line 1359.
Package xcolor Info: Model `wave' substituted by `hsb' on input line 1360.
)
(/opt/texlive/uio-texmf/texmf-dist/tex/generic/pgf/basiclayer/pgfcore.code.tex
Package: pgfcore 2010/04/11 v3.0.0 (rcs-revision 1.7)

(/opt/texlive/uio-texmf/texmf-dist/tex/generic/pgf/math/pgfmath.code.tex
(/opt/texlive/uio-texmf/texmf-dist/tex/generic/pgf/math/pgfmathcalc.code.tex
(/opt/texlive/uio-texmf/texmf-dist/tex/generic/pgf/math/pgfmathutil.code.tex)
(/opt/texlive/uio-texmf/texmf-dist/tex/generic/pgf/math/pgfmathparser.code.tex
\pgfmath@dimen=\dimen159
\pgfmath@count=\count124
\pgfmath@box=\box35
\pgfmath@toks=\toks49
\pgfmath@stack@operand=\toks50
\pgfmath@stack@operation=\toks51
)
(/opt/texlive/uio-texmf/texmf-dist/tex/generic/pgf/math/pgfmathfunctions.code.t
ex
(/opt/texlive/uio-texmf/texmf-dist/tex/generic/pgf/math/pgfmathfunctions.basic.
code.tex)
(/opt/texlive/uio-texmf/texmf-dist/tex/generic/pgf/math/pgfmathfunctions.trigon
ometric.code.tex)
(/opt/texlive/uio-texmf/texmf-dist/tex/generic/pgf/math/pgfmathfunctions.random
.code.tex)
(/opt/texlive/uio-texmf/texmf-dist/tex/generic/pgf/math/pgfmathfunctions.compar
ison.code.tex)
(/opt/texlive/uio-texmf/texmf-dist/tex/generic/pgf/math/pgfmathfunctions.base.c
ode.tex)
(/opt/texlive/uio-texmf/texmf-dist/tex/generic/pgf/math/pgfmathfunctions.round.
code.tex)
(/opt/texlive/uio-texmf/texmf-dist/tex/generic/pgf/math/pgfmathfunctions.misc.c
ode.tex)
(/opt/texlive/uio-texmf/texmf-dist/tex/generic/pgf/math/pgfmathfunctions.intege
rarithmetics.code.tex)))
(/opt/texlive/uio-texmf/texmf-dist/tex/generic/pgf/math/pgfmathfloat.code.tex
\c@pgfmathroundto@lastzeros=\count125
))
(/opt/texlive/uio-texmf/texmf-dist/tex/generic/pgf/basiclayer/pgfcorepoints.cod
e.tex
File: pgfcorepoints.code.tex 2013/10/07  (rcs-revision 1.27)
\pgf@picminx=\dimen160
\pgf@picmaxx=\dimen161
\pgf@picminy=\dimen162
\pgf@picmaxy=\dimen163
\pgf@pathminx=\dimen164
\pgf@pathmaxx=\dimen165
\pgf@pathminy=\dimen166
\pgf@pathmaxy=\dimen167
\pgf@xx=\dimen168
\pgf@xy=\dimen169
\pgf@yx=\dimen170
\pgf@yy=\dimen171
\pgf@zx=\dimen172
\pgf@zy=\dimen173
)
(/opt/texlive/uio-texmf/texmf-dist/tex/generic/pgf/basiclayer/pgfcorepathconstr
uct.code.tex
File: pgfcorepathconstruct.code.tex 2013/10/07  (rcs-revision 1.29)
\pgf@path@lastx=\dimen174
\pgf@path@lasty=\dimen175
)
(/opt/texlive/uio-texmf/texmf-dist/tex/generic/pgf/basiclayer/pgfcorepathusage.
code.tex
File: pgfcorepathusage.code.tex 2013/12/13  (rcs-revision 1.23)
\pgf@shorten@end@additional=\dimen176
\pgf@shorten@start@additional=\dimen177
)
(/opt/texlive/uio-texmf/texmf-dist/tex/generic/pgf/basiclayer/pgfcorescopes.cod
e.tex
File: pgfcorescopes.code.tex 2013/10/09  (rcs-revision 1.44)
\pgfpic=\box36
\pgf@hbox=\box37
\pgf@layerbox@main=\box38
\pgf@picture@serial@count=\count126
)
(/opt/texlive/uio-texmf/texmf-dist/tex/generic/pgf/basiclayer/pgfcoregraphicsta
te.code.tex
File: pgfcoregraphicstate.code.tex 2013/09/19  (rcs-revision 1.11)
\pgflinewidth=\dimen178
)
(/opt/texlive/uio-texmf/texmf-dist/tex/generic/pgf/basiclayer/pgfcoretransforma
tions.code.tex
File: pgfcoretransformations.code.tex 2013/10/10  (rcs-revision 1.17)
\pgf@pt@x=\dimen179
\pgf@pt@y=\dimen180
\pgf@pt@temp=\dimen181
)
(/opt/texlive/uio-texmf/texmf-dist/tex/generic/pgf/basiclayer/pgfcorequick.code
.tex
File: pgfcorequick.code.tex 2008/10/09  (rcs-revision 1.3)
)
(/opt/texlive/uio-texmf/texmf-dist/tex/generic/pgf/basiclayer/pgfcoreobjects.co
de.tex
File: pgfcoreobjects.code.tex 2006/10/11  (rcs-revision 1.2)
)
(/opt/texlive/uio-texmf/texmf-dist/tex/generic/pgf/basiclayer/pgfcorepathproces
sing.code.tex
File: pgfcorepathprocessing.code.tex 2013/09/09  (rcs-revision 1.9)
)
(/opt/texlive/uio-texmf/texmf-dist/tex/generic/pgf/basiclayer/pgfcorearrows.cod
e.tex
File: pgfcorearrows.code.tex 2013/11/07  (rcs-revision 1.40)
\pgfarrowsep=\dimen182
)
(/opt/texlive/uio-texmf/texmf-dist/tex/generic/pgf/basiclayer/pgfcoreshade.code
.tex
File: pgfcoreshade.code.tex 2013/07/15  (rcs-revision 1.15)
\pgf@max=\dimen183
\pgf@sys@shading@range@num=\count127
)
(/opt/texlive/uio-texmf/texmf-dist/tex/generic/pgf/basiclayer/pgfcoreimage.code
.tex
File: pgfcoreimage.code.tex 2013/07/15  (rcs-revision 1.18)

(/opt/texlive/uio-texmf/texmf-dist/tex/generic/pgf/basiclayer/pgfcoreexternal.c
ode.tex
File: pgfcoreexternal.code.tex 2013/07/15  (rcs-revision 1.20)
\pgfexternal@startupbox=\box39
))
(/opt/texlive/uio-texmf/texmf-dist/tex/generic/pgf/basiclayer/pgfcorelayers.cod
e.tex
File: pgfcorelayers.code.tex 2013/07/18  (rcs-revision 1.7)
)
(/opt/texlive/uio-texmf/texmf-dist/tex/generic/pgf/basiclayer/pgfcoretransparen
cy.code.tex
File: pgfcoretransparency.code.tex 2013/09/30  (rcs-revision 1.5)
)
(/opt/texlive/uio-texmf/texmf-dist/tex/generic/pgf/basiclayer/pgfcorepatterns.c
ode.tex
File: pgfcorepatterns.code.tex 2013/11/07  (rcs-revision 1.5)
)))
(/opt/texlive/uio-texmf/texmf-dist/tex/generic/pgf/modules/pgfmoduleshapes.code
.tex
File: pgfmoduleshapes.code.tex 2013/10/31  (rcs-revision 1.34)
\pgfnodeparttextbox=\box40
)
(/opt/texlive/uio-texmf/texmf-dist/tex/generic/pgf/modules/pgfmoduleplot.code.t
ex
File: pgfmoduleplot.code.tex 2013/07/31  (rcs-revision 1.12)
)
(/opt/texlive/uio-texmf/texmf-dist/tex/latex/pgf/compatibility/pgfcomp-version-
0-65.sty
Package: pgfcomp-version-0-65 2007/07/03 v3.0.0 (rcs-revision 1.7)
\pgf@nodesepstart=\dimen184
\pgf@nodesepend=\dimen185
)
(/opt/texlive/uio-texmf/texmf-dist/tex/latex/pgf/compatibility/pgfcomp-version-
1-18.sty
Package: pgfcomp-version-1-18 2007/07/23 v3.0.0 (rcs-revision 1.1)
))
(/opt/texlive/uio-texmf/texmf-dist/tex/latex/pgf/utilities/pgffor.sty
(/opt/texlive/uio-texmf/texmf-dist/tex/latex/pgf/utilities/pgfkeys.sty
(/opt/texlive/uio-texmf/texmf-dist/tex/generic/pgf/utilities/pgfkeys.code.tex))
(/opt/texlive/uio-texmf/texmf-dist/tex/latex/pgf/math/pgfmath.sty
(/opt/texlive/uio-texmf/texmf-dist/tex/generic/pgf/math/pgfmath.code.tex))
(/opt/texlive/uio-texmf/texmf-dist/tex/generic/pgf/utilities/pgffor.code.tex
Package: pgffor 2013/12/13 v3.0.0 (rcs-revision 1.25)

(/opt/texlive/uio-texmf/texmf-dist/tex/generic/pgf/math/pgfmath.code.tex)
\pgffor@iter=\dimen186
\pgffor@skip=\dimen187
\pgffor@stack=\toks52
\pgffor@toks=\toks53
))
(/opt/texlive/uio-texmf/texmf-dist/tex/generic/pgf/frontendlayer/tikz/tikz.code
.tex
Package: tikz 2013/12/13 v3.0.0 (rcs-revision 1.142)

(/opt/texlive/uio-texmf/texmf-dist/tex/generic/pgf/libraries/pgflibraryplothand
lers.code.tex
File: pgflibraryplothandlers.code.tex 2013/08/31 v3.0.0 (rcs-revision 1.20)
\pgf@plot@mark@count=\count128
\pgfplotmarksize=\dimen188
)
\tikz@lastx=\dimen189
\tikz@lasty=\dimen190
\tikz@lastxsaved=\dimen191
\tikz@lastysaved=\dimen192
\tikzleveldistance=\dimen193
\tikzsiblingdistance=\dimen194
\tikz@figbox=\box41
\tikz@figbox@bg=\box42
\tikz@tempbox=\box43
\tikz@tempbox@bg=\box44
\tikztreelevel=\count129
\tikznumberofchildren=\count130
\tikznumberofcurrentchild=\count131
\tikz@fig@count=\count132

(/opt/texlive/uio-texmf/texmf-dist/tex/generic/pgf/modules/pgfmodulematrix.code
.tex
File: pgfmodulematrix.code.tex 2013/09/17  (rcs-revision 1.8)
\pgfmatrixcurrentrow=\count133
\pgfmatrixcurrentcolumn=\count134
\pgf@matrix@numberofcolumns=\count135
)
\tikz@expandcount=\count136

(/opt/texlive/uio-texmf/texmf-dist/tex/generic/pgf/frontendlayer/tikz/libraries
/tikzlibrarytopaths.code.tex
File: tikzlibrarytopaths.code.tex 2008/06/17 v3.0.0 (rcs-revision 1.2)
))) (./algstacks.aux)
\openout1 = `algstacks.aux'.

LaTeX Font Info:    Checking defaults for OML/cmm/m/it on input line 35.
LaTeX Font Info:    ... okay on input line 35.
LaTeX Font Info:    Checking defaults for T1/cmr/m/n on input line 35.
LaTeX Font Info:    ... okay on input line 35.
LaTeX Font Info:    Checking defaults for OT1/cmr/m/n on input line 35.
LaTeX Font Info:    ... okay on input line 35.
LaTeX Font Info:    Checking defaults for OMS/cmsy/m/n on input line 35.
LaTeX Font Info:    ... okay on input line 35.
LaTeX Font Info:    Checking defaults for OMX/cmex/m/n on input line 35.
LaTeX Font Info:    ... okay on input line 35.
LaTeX Font Info:    Checking defaults for U/cmr/m/n on input line 35.
LaTeX Font Info:    ... okay on input line 35.
LaTeX Font Info:    Try loading font information for U+rsfs on input line 35.

(/opt/texlive/uio-texmf/texmf-dist/tex/latex/jknapltx/ursfs.fd
File: ursfs.fd 1998/03/24 rsfs font definition file (jk)
)
LaTeX Font Info:    Try loading font information for U+msa on input line 35.

(/opt/texlive/uio-texmf/texmf-dist/tex/latex/amsfonts/umsa.fd
File: umsa.fd 2013/01/14 v3.01 AMS symbols A
)
LaTeX Font Info:    Try loading font information for U+msb on input line 35.

(/opt/texlive/uio-texmf/texmf-dist/tex/latex/amsfonts/umsb.fd
File: umsb.fd 2013/01/14 v3.01 AMS symbols B
)
Package xypdf Info: Line width: 0.43799pt on input line 35.

ABD: EveryShipout initializing macros
(/opt/texlive/uio-texmf/texmf-dist/tex/context/base/supp-pdf.mkii
[Loading MPS to PDF converter (version 2006.09.02).]
\scratchcounter=\count137
\scratchdimen=\dimen195
\scratchbox=\box45
\nofMPsegments=\count138
\nofMParguments=\count139
\everyMPshowfont=\toks54
\MPscratchCnt=\count140
\MPscratchDim=\dimen196
\MPnumerator=\count141
\makeMPintoPDFobject=\count142
\everyMPtoPDFconversion=\toks55
) (/opt/texlive/uio-texmf/texmf-dist/tex/generic/oberdiek/pdftexcmds.sty
Package: pdftexcmds 2011/11/29 v0.20 Utility functions of pdfTeX for LuaTeX (HO
)
Package pdftexcmds Info: LuaTeX not detected.
Package pdftexcmds Info: \pdf@primitive is available.
Package pdftexcmds Info: \pdf@ifprimitive is available.
Package pdftexcmds Info: \pdfdraftmode found.
)
(/opt/texlive/uio-texmf/texmf-dist/tex/latex/oberdiek/epstopdf-base.sty
Package: epstopdf-base 2010/02/09 v2.5 Base part for package epstopdf

(/opt/texlive/uio-texmf/texmf-dist/tex/latex/oberdiek/grfext.sty
Package: grfext 2010/08/19 v1.1 Manage graphics extensions (HO)

(/opt/texlive/uio-texmf/texmf-dist/tex/generic/oberdiek/kvdefinekeys.sty
Package: kvdefinekeys 2011/04/07 v1.3 Define keys (HO)
))
(/opt/texlive/uio-texmf/texmf-dist/tex/latex/oberdiek/kvoptions.sty
Package: kvoptions 2011/06/30 v3.11 Key value format for package options (HO)
)
Package grfext Info: Graphics extension search list:
(grfext)             [.png,.pdf,.jpg,.mps,.jpeg,.jbig2,.jb2,.PNG,.PDF,.JPG,.JPE
G,.JBIG2,.JB2,.eps]
(grfext)             \AppendGraphicsExtensions on input line 452.

(/opt/texlive/uio-texmf/texmf-dist/tex/latex/latexconfig/epstopdf-sys.cfg
File: epstopdf-sys.cfg 2010/07/13 v1.3 Configuration of (r)epstopdf for TeX Liv
e
))
(./algstacks.toc [1

{/opt/texlive/uio-texmf/texmf-var/fonts/map/pdftex/updmap/pdftex.map}] [2])
\tf@toc=\write5
\openout5 = `algstacks.toc'.


Overfull \hbox (1.99675pt too wide) in paragraph at lines 43--43
[]\T1/cmr/bx/n/14.4 Moduli prob-lems, spaces, and stacks. Vec-tor bun-
 []

LaTeX Font Info:    Try loading font information for OMS+cmr on input line 54.
(/opt/texlive/uio-texmf/texmf-dist/tex/latex/base/omscmr.fd
File: omscmr.fd 2014/09/29 v2.5h Standard LaTeX font definitions
)
LaTeX Font Info:    Font shape `OMS/cmr/m/n' in size <10.95> not available
(Font)              Font shape `OMS/cmsy/m/n' tried instead on input line 54.
 [3] [4] <xymatrix
2x2 141> [5] <xymatrix 2x2 161>
Overfull \hbox (53.58499pt too wide) in paragraph at lines 180--181
[]\T1/cmr/m/n/10.95 Suppose $\OMS/cmsy/m/n/10.95 M[]$ \T1/cmr/m/n/10.95 is a fi
ne mod-uli space for $\OMS/cmsy/m/n/10.95 F[]$\T1/cmr/m/n/10.95 . Then $\OMS/cm
sy/m/n/10.95 F[]\OT1/cmr/m/n/10.95 (\OMS/cmsy/m/n/10.95 M[]\OT1/cmr/m/n/10.95 )
 = [][](\OMS/cmsy/m/n/10.95 M[]\OML/cmm/m/it/10.95 ; \OMS/cmsy/m/n/10.95 M[]\OT
1/cmr/m/n/10.95 )$\T1/cmr/m/n/10.95 ,
 []

<xymatrix 2x2 154> [6] [7] [8]
LaTeX Font Info:    Font shape `OMS/cmr/m/it' in size <10.95> not available
(Font)              Font shape `OMS/cmsy/m/n' tried instead on input line 306.
 [9] [10]
LaTeX Font Info:    Try loading font information for U+euf on input line 392.

(/opt/texlive/uio-texmf/texmf-dist/tex/latex/amsfonts/ueuf.fd
File: ueuf.fd 2013/01/14 v3.01 Euler Fraktur
) <xymatrix 2x2
154> [11]
Overfull \hbox (35.99178pt too wide) in paragraph at lines 402--404
\T1/cmr/m/n/10.95 But $[][]\OT1/cmr/m/n/10.95 (\OML/cmm/m/it/10.95 F; N[]\OT1/c
mr/m/n/10.95 ) \OMS/cmsy/m/n/10.95 ' [][] \OML/cmm/m/it/10.95 N[]$ \T1/cmr/m/n/
10.95 and $[][]\OT1/cmr/m/n/10.95 (\OML/cmm/m/it/10.95 F \OMS/cmsy/m/n/10.95 
[] \OML/cmm/m/it/10.95 M; N[] \OMS/cmsy/m/n/10.95 
[] \OML/cmm/m/it/10.95 M\OT1/cmr/m/n/10.95 ) \OMS/cmsy/m/n/10.95 ' [][] [][]\OT
1/cmr/m/n/10.95 (\OML/cmm/m/it/10.95 M; N[] \OMS/cmsy/m/n/10.95 
[]
 []

<xymatrix 2x2 154> [12] [13] [14] [15] <xymatrix 2x2 141> [16] [17] [18]
[19] [20]
Overfull \hbox (17.29187pt too wide) in paragraph at lines 768--770
\T1/cmr/m/n/10.95 where $\OML/cmm/m/it/10.95 y \OT1/cmr/m/n/10.95 = \OML/cmm/m/
it/10.95 f\OT1/cmr/m/n/10.95 (\OML/cmm/m/it/10.95 x\OT1/cmr/m/n/10.95 )$ \T1/cm
r/m/n/10.95 and an open affine $\OML/cmm/m/it/10.95 U[] \OMS/cmsy/m/n/10.95 ^^R
 \OML/cmm/m/it/10.95 f[]\OT1/cmr/m/n/10.95 (\OML/cmm/m/it/10.95 V[]\OT1/cmr/m/n
/10.95 )$ \T1/cmr/m/n/10.95 of $\OML/cmm/m/it/10.95 x$ \T1/cmr/m/n/10.95 and an
 $\OML/cmm/m/it/10.95 !$ \T1/cmr/m/n/10.95 in $\OT1/cmr/m/n/10.95 
[]$
 []

[21] [22] <xymatrix 2x2 123> [23] <xymatrix 3x2 165> [24] <xymatrix 3x2 165>
Overfull \hbox (28.32677pt too wide) in paragraph at lines 916--917
[]\T1/cmr/m/n/10.95 If $\OML/cmm/m/it/10.95 f$ \T1/cmr/m/n/10.95 is étale, the 
set of lift-ings is triv-ial, so by Propo-si-tion 3.2[] $[][]\OT1/cmr/m/n/10.95
 (
[]\OML/cmm/m/it/10.95 ; M\OT1/cmr/m/n/10.95 ) =
 []

[25] <xymatrix 2x2 141> [26] <xymatrix 2x2 100> [27] <xymatrix 3x1 130>
[28]
Overfull \hbox (6.53424pt too wide) in paragraph at lines 1065--1066
\T1/cmr/m/it/10.95 rel-a-tively rep-re-sentable and affine open em-bed-dings su
ch that $[][] \OML/cmm/m/it/10.95 h[] \OMS/cmsy/m/n/10.95 !
 []

<xymatrix 2x2 100> [29] [30] <xymatrix 7x5 538> [31] <xymatrix 4x3

Xy-pic Warning: Impossible @ (letter) should not be here!! [algstacks:1201].

329> [32] [33] <xymatrix 2x2 127> <xymatrix 2x2 182> [34]
Overfull \hbox (4.86177pt too wide) in paragraph at lines 1274--1275
[]\T1/cmr/m/n/10.95 Thus the Grass-man-nian is a pa-ram-e-ter space, parametriz
-ing $\OML/cmm/m/it/10.95 d$\T1/cmr/m/n/10.95 -dimensional
 []

<xymatrix 5x2 437> [35] <xymatrix 3x2 237> <xymatrix 2x2 168> [36] [37]
[38] [39] <xymatrix 3x1 118> <xymatrix 2x2 154> [40] [41] <xymatrix 4x1 177>
<xymatrix 3x1 139>
Overfull \hbox (8.3597pt too wide) in paragraph at lines 1551--1552
[]\T1/cmr/m/n/10.95 Now as-sume $\OML/cmm/m/it/10.95  \OMS/cmsy/m/n/10.95 2 \O
ML/cmm/m/it/10.95 M[]$ \T1/cmr/m/n/10.95 sat-is-fies $\OML/cmm/m/it/10.95 p[]\O
T1/cmr/m/n/10.95 (\OML/cmm/m/it/10.95 \OT1/cmr/m/n/10.95 ) = \OML/cmm/m/it/10.
95 p[]\OT1/cmr/m/n/10.95 (\OML/cmm/m/it/10.95 \OT1/cmr/m/n/10.95 )$\T1/cmr/m/n
/10.95 . De-fine $\OML/cmm/m/it/10.95 ^^\ \OT1/cmr/m/n/10.95 : \OML/cmm/m/it/10
.95 M[] \OMS/cmsy/m/n/10.95 !
 []

[42] <xymatrix 3x2 350> [43] <xymatrix 3x3 446>
Overfull \hbox (1.90997pt too wide) in paragraph at lines 1631--1632
[]\T1/cmr/m/n/10.95 For a point $\OML/cmm/m/it/10.95 x$ \T1/cmr/m/n/10.95 in a 
scheme $\OML/cmm/m/it/10.95 X$\T1/cmr/m/n/10.95 , write $\OML/cmm/m/it/10.95 k\
OT1/cmr/m/n/10.95 (\OML/cmm/m/it/10.95 x\OT1/cmr/m/n/10.95 )$ \T1/cmr/m/n/10.95
 for the quo-tient field $[][] \OML/cmm/m/it/10.95 =\U/euf/m/n/10.95 m[]$\T1/cm
r/m/n/10.95 .
 []

[44] <xymatrix 3x1 132> <xymatrix 3x2 222> <xymatrix 4x1 177> [45] [46]
<xymatrix 3x1 144> <xymatrix 4x2 348> [47] <xymatrix 2x2

Xy-pic Warning: Impossible @ (letter) should not be here!! [algstacks:1756].

186> [48] <xymatrix 4x2 348> <xymatrix 3x2 145> [49] <xymatrix 4x2 300>
<xymatrix 3x1 14> [50] <xymatrix 3x2 190> <xymatrix 2x2 141> <xymatrix 3x1
130> <xymatrix 2x2 168> [51] [52] [53]
Overfull \hbox (15.18393pt too wide) in paragraph at lines 1972--1973
[]\T1/cmr/bx/n/10.95 Remark. []\T1/cmr/m/it/10.95 In par-tic-u-lar, ev-ery sche
me give rise to a cat-e-gory fibered in groupoids,
 []

<xymatrix 2x2 82> [54]
Overfull \hbox (1.25069pt too wide) in paragraph at lines 1996--1997
[]\T1/cmr/bx/n/10.95 Definition 7.6 \T1/cmr/m/n/10.95 (The ``slice groupoid'')\
T1/cmr/bx/n/10.95 . []\T1/cmr/m/n/10.95 Let $\OML/cmm/m/it/10.95 p \OT1/cmr/m/n
/10.95 : \OML/cmm/m/it/10.95 F \OMS/cmsy/m/n/10.95 ! C$ \T1/cmr/m/n/10.95 be fi
bered in groupoids.
 []


Overfull \hbox (9.02963pt too wide) detected at line 2010
[][]\OT1/cmr/m/n/10.95 (\OML/cmm/m/it/10.95 f[]x; f[]x[]\OT1/cmr/m/n/10.95 ) []
 [][](\OML/cmm/m/it/10.95 g[]f[]x; g[]f[]; y\OT1/cmr/m/n/10.95 ) \OMS/cmsy/m/n/
10.95 ' [][]\OT1/cmr/m/n/10.95 ((\OML/cmm/m/it/10.95 fg\OT1/cmr/m/n/10.95 )[]\O
ML/cmm/m/it/10.95 x; \OT1/cmr/m/n/10.95 (\OML/cmm/m/it/10.95 fg\OT1/cmr/m/n/10.
95 )[]\OML/cmm/m/it/10.95 y\OT1/cmr/m/n/10.95 )\OML/cmm/m/it/10.95 :
 []

<xymatrix 2x2 100> [55] <xymatrix 2x2 182> <xymatrix 2x2 182> <xymatrix 3x2
104> [56] <xymatrix 2x2 182> <xymatrix 4x2 280> [57] <xymatrix 5x3 279>
<xymatrix 2x2 196> [58] [59] [60] [61] <xymatrix 4x1 156> [62] <xymatrix 4x2
340> [63] [64] <xymatrix 3x3 228> [65] [66] <xymatrix 2x2 168> <xymatrix 2x2
134> [67] <xymatrix 2x2 182> [68] <xymatrix 2x2 154> <xymatrix 2x2 161>
[69] <xymatrix 2x2 182> <xymatrix 3x2 190> <xymatrix 4x1 148> [70] <xymatrix
2x2 182> [71] <xymatrix 2x2 137>
Overfull \hbox (2.0753pt too wide) in paragraph at lines 2600--2602
\T1/cmr/m/n/10.95 Then we claim that we have an equiv-a-lence of cat-e-gories $
\OML/cmm/m/it/10.95 F \OT1/cmr/m/n/10.95 : ^^F[] \OMS/cmsy/m/n/10.95 ! []\OT1/c
mr/m/n/10.95 (\OML/cmm/m/it/10.95 ^^V[]\OT1/cmr/m/n/10.95 )[]$\T1/cmr/m/n/10.95
 .
 []

<xymatrix 3x1 144> [72] [73] <xymatrix 2x2 100> [74] [75] <xymatrix 4x2 198>
[76] <xymatrix 3x2 278> <xymatrix 2x2

Xy-pic Warning: Impossible @ (letter) should not be here!! [algstacks:2800].

165> [77] [78] <xymatrix 4x2 218> [79] <xymatrix 2x2 168> [80] <xymatrix 2x2
168> <xymatrix 2x2 100> [81] <xymatrix 3x2 265> [82] <xymatrix 2x2 141>
<xymatrix 2x2 161> <xymatrix 2x2 196> [83] <xymatrix 2x2 168> <xymatrix 3x2
313> [84] <xymatrix 3x3

Xy-pic Warning: Impossible @ (letter) should not be here!! [algstacks:3103].


Xy-pic Warning: Impossible @ (letter) should not be here!! [algstacks:3103].

455> <xymatrix 3x2 196> <xymatrix 3x2 313> [85] <xymatrix 4x3 438>
Overfull \hbox (5.32875pt too wide) in paragraph at lines 3139--3140
[]\T1/cmr/m/n/10.95 Thus it makes sense to say that rep-re-sentable mor-phisms 
are étale, smooth,
 []

[86] <xymatrix 2x2 161> [87] <xymatrix 2x2 134> [88] <xymatrix 3x2 138>
[89] [90] <xymatrix 3x2 145> <xymatrix 2x2

Xy-pic Warning: Impossible @ (letter) should not be here!! [algstacks:3319].

172> [91]
Overfull \hbox (7.31728pt too wide) in paragraph at lines 3349--3350
[]\T1/cmr/m/it/10.95 Multiplicativity of the trace map\T1/cmr/m/n/10.95 . For $
\OML/cmm/m/it/10.95  \OMS/cmsy/m/n/10.95 2 \OML/cmm/m/it/10.95 H[]\OT1/cmr/m/n
/10.95 (\OML/cmm/m/it/10.95 X\OT1/cmr/m/n/10.95 )$ \T1/cmr/m/n/10.95 and $\OML/
cmm/m/it/10.95 ^^L \OMS/cmsy/m/n/10.95 2 \OML/cmm/m/it/10.95 H[]\OT1/cmr/m/n/10
.95 (\OML/cmm/m/it/10.95 Y\OT1/cmr/m/n/10.95 )$\T1/cmr/m/n/10.95 ,
 []

[92] [93] [94] (./algstacks.bbl [95]
LaTeX Font Info:    Try loading font information for T1+cmtt on input line 87.

(/opt/texlive/uio-texmf/texmf-dist/tex/latex/base/t1cmtt.fd
File: t1cmtt.fd 2014/09/29 v2.5h Standard LaTeX font definitions
)) [96]
(./algstacks.aux) ) 
Here is how much of TeX's memory you used:
 16848 strings out of 493109
 299737 string characters out of 6122467
 391518 words of memory out of 5000000
 19867 multiletter control sequences out of 15000+600000
 33531 words of font info for 101 fonts, out of 8000000 for 9000
 1141 hyphenation exceptions out of 8191
 55i,18n,54p,3236b,848s stack positions out of 5000i,500n,10000p,200000b,80000s
{/opt/texlive/uio-texmf/texmf-dist/fonts/enc/dvips/cm-super/
cm-super-t1.enc}</opt/texlive/uio-texmf/texmf-dist/fonts/type1/public/amsfonts/
cm/cmex10.pfb></opt/texlive/uio-texmf/texmf-dist/fonts/type1/public/amsfonts/cm
extra/cmex9.pfb></opt/texlive/uio-texmf/texmf-dist/fonts/type1/public/amsfonts/
cm/cmmi10.pfb></opt/texlive/uio-texmf/texmf-dist/fonts/type1/public/amsfonts/cm
/cmmi12.pfb></opt/texlive/uio-texmf/texmf-dist/fonts/type1/public/amsfonts/cm/c
mmi6.pfb></opt/texlive/uio-texmf/texmf-dist/fonts/type1/public/amsfonts/cm/cmmi
8.pfb></opt/texlive/uio-texmf/texmf-dist/fonts/type1/public/amsfonts/cm/cmmi9.p
fb></opt/texlive/uio-texmf/texmf-dist/fonts/type1/public/amsfonts/cm/cmmib10.pf
b></opt/texlive/uio-texmf/texmf-dist/fonts/type1/public/amsfonts/cm/cmr10.pfb><
/opt/texlive/uio-texmf/texmf-dist/fonts/type1/public/amsfonts/cm/cmr12.pfb></op
t/texlive/uio-texmf/texmf-dist/fonts/type1/public/amsfonts/cm/cmr6.pfb></opt/te
xlive/uio-texmf/texmf-dist/fonts/type1/public/amsfonts/cm/cmr8.pfb></opt/texliv
e/uio-texmf/texmf-dist/fonts/type1/public/amsfonts/cm/cmr9.pfb></opt/texlive/ui
o-texmf/texmf-dist/fonts/type1/public/amsfonts/cm/cmss10.pfb></opt/texlive/uio-
texmf/texmf-dist/fonts/type1/public/amsfonts/cm/cmss12.pfb></opt/texlive/uio-te
xmf/texmf-dist/fonts/type1/public/amsfonts/cm/cmss8.pfb></opt/texlive/uio-texmf
/texmf-dist/fonts/type1/public/amsfonts/cm/cmss9.pfb></opt/texlive/uio-texmf/te
xmf-dist/fonts/type1/public/amsfonts/cm/cmsy10.pfb></opt/texlive/uio-texmf/texm
f-dist/fonts/type1/public/amsfonts/cm/cmsy6.pfb></opt/texlive/uio-texmf/texmf-d
ist/fonts/type1/public/amsfonts/cm/cmsy8.pfb></opt/texlive/uio-texmf/texmf-dist
/fonts/type1/public/amsfonts/cm/cmsy9.pfb></opt/texlive/uio-texmf/texmf-dist/fo
nts/type1/public/amsfonts/euler/eufm10.pfb></opt/texlive/uio-texmf/texmf-dist/f
onts/type1/public/amsfonts/symbols/msam10.pfb></opt/texlive/uio-texmf/texmf-dis
t/fonts/type1/public/amsfonts/symbols/msbm10.pfb></opt/texlive/uio-texmf/texmf-
dist/fonts/type1/public/rsfs/rsfs10.pfb></opt/texlive/uio-texmf/texmf-dist/font
s/type1/public/rsfs/rsfs5.pfb></opt/texlive/uio-texmf/texmf-dist/fonts/type1/pu
blic/cm-super/sfbx1000.pfb></opt/texlive/uio-texmf/texmf-dist/fonts/type1/publi
c/cm-super/sfbx1095.pfb></opt/texlive/uio-texmf/texmf-dist/fonts/type1/public/c
m-super/sfbx1200.pfb></opt/texlive/uio-texmf/texmf-dist/fonts/type1/public/cm-s
uper/sfbx1440.pfb></opt/texlive/uio-texmf/texmf-dist/fonts/type1/public/cm-supe
r/sfit1095.pfb></opt/texlive/uio-texmf/texmf-dist/fonts/type1/public/cm-super/s
frm0600.pfb></opt/texlive/uio-texmf/texmf-dist/fonts/type1/public/cm-super/sfrm
0800.pfb></opt/texlive/uio-texmf/texmf-dist/fonts/type1/public/cm-super/sfrm090
0.pfb></opt/texlive/uio-texmf/texmf-dist/fonts/type1/public/cm-super/sfrm1000.p
fb></opt/texlive/uio-texmf/texmf-dist/fonts/type1/public/cm-super/sfrm1095.pfb>
</opt/texlive/uio-texmf/texmf-dist/fonts/type1/public/cm-super/sfrm1200.pfb></o
pt/texlive/uio-texmf/texmf-dist/fonts/type1/public/cm-super/sfrm1728.pfb></opt/
texlive/uio-texmf/texmf-dist/fonts/type1/public/cm-super/sfti0800.pfb></opt/tex
live/uio-texmf/texmf-dist/fonts/type1/public/cm-super/sfti0900.pfb></opt/texliv
e/uio-texmf/texmf-dist/fonts/type1/public/cm-super/sfti1095.pfb></opt/texlive/u
io-texmf/texmf-dist/fonts/type1/public/xypic/xyatip10.pfb></opt/texlive/uio-tex
mf/texmf-dist/fonts/type1/public/xypic/xybsql10.pfb></opt/texlive/uio-texmf/tex
mf-dist/fonts/type1/public/xypic/xybtip10.pfb></opt/texlive/uio-texmf/texmf-dis
t/fonts/type1/public/xypic/xydash10.pfb>
Output written on algstacks.pdf (96 pages, 870960 bytes).
PDF statistics:
 499 PDF objects out of 1000 (max. 8388607)
 352 compressed objects within 4 object streams
 0 named destinations out of 1000 (max. 500000)
 13 words of extra memory for PDF output out of 10000 (max. 10000000)

