\BOOKMARK [1][-]{section.1}{Algebra - Serge Lang}{}% 1
\BOOKMARK [2][-]{subsection.1.1}{Chapter V}{section.1}% 2
\BOOKMARK [1][-]{section.2}{Algebraic Geometry - Hartshorne}{}% 3
\BOOKMARK [2][-]{subsection.2.1}{Chapter I - Varieties}{section.2}% 4
\BOOKMARK [2][-]{subsection.2.2}{Chapter II - Schemes}{section.2}% 5
\BOOKMARK [2][-]{subsection.2.3}{Chapter III - Cohomology}{section.2}% 6
\BOOKMARK [2][-]{subsection.2.4}{Chapter IV - Curves}{section.2}% 7
\BOOKMARK [2][-]{subsection.2.5}{Chapter V - Surfaces}{section.2}% 8
\BOOKMARK [1][-]{section.3}{Categories for the working mathematician - Saunders MacLane}{}% 9
\BOOKMARK [2][-]{subsection.3.1}{Chapter 1.1}{section.3}% 10
\BOOKMARK [1][-]{section.4}{Calculus on Manifolds - Spivak}{}% 11
\BOOKMARK [2][-]{subsection.4.1}{Functions on Euclidean Space}{section.4}% 12
\BOOKMARK [1][-]{section.5}{Commutative Algebra - Eisenbud}{}% 13
\BOOKMARK [2][-]{subsection.5.1}{Chapter 16 - Modules of Differentials}{section.5}% 14
\BOOKMARK [1][-]{section.6}{Deformation Theory - Hartshorne}{}% 15
\BOOKMARK [2][-]{subsection.6.1}{Chapter I.3 - The Ti functors}{section.6}% 16
\BOOKMARK [1][-]{section.7}{Geometry of differential forms - Morita}{}% 17
\BOOKMARK [2][-]{subsection.7.1}{Chapter 1 - Manifolds}{section.7}% 18
\BOOKMARK [1][-]{section.8}{Introduction to Differential Geometry - Spivak}{}% 19
\BOOKMARK [2][-]{subsection.8.1}{Chapter 1 - Manifolds}{section.8}% 20
\BOOKMARK [2][-]{subsection.8.2}{Chapter 3}{section.8}% 21
\BOOKMARK [1][-]{section.9}{Introduction to Commutative Algebra - Atiyah-MacDonald}{}% 22
\BOOKMARK [2][-]{subsection.9.1}{Chapter 1 - Rings and ideals}{section.9}% 23
\BOOKMARK [2][-]{subsection.9.2}{Chapter 2 - Modules}{section.9}% 24
\BOOKMARK [2][-]{subsection.9.3}{Chapter III - Rings and modules of fractions}{section.9}% 25
\BOOKMARK [2][-]{subsection.9.4}{Chapter 5 - Integral dependence and valuations}{section.9}% 26
\BOOKMARK [2][-]{subsection.9.5}{Chapter 7 - Noetherian rings}{section.9}% 27
\BOOKMARK [1][-]{section.10}{The K-book - Charles Weibel}{}% 28
\BOOKMARK [2][-]{subsubsection.10.0.1}{Chapter 1.1 - Free modules, GLn and stably free modules}{section.10}% 29
\BOOKMARK [2][-]{subsection.10.1}{Chapter 1.2 - Projective modules}{section.10}% 30
\BOOKMARK [1][-]{section.11}{Representation Theory - Fulton, Harris}{}% 31
\BOOKMARK [2][-]{subsection.11.1}{Representations of Finite Groups}{section.11}% 32
\BOOKMARK [2][-]{subsection.11.2}{Chapter 7 - Lie groups}{section.11}% 33
\BOOKMARK [2][-]{subsection.11.3}{Lecture 8 - Lie Algebras and Lie groups}{section.11}% 34
\BOOKMARK [1][-]{section.12}{Twenty-Four Hours of Local Cohomology}{}% 35
\BOOKMARK [2][-]{subsection.12.1}{Lecture 1 - Basic notions}{section.12}% 36
\BOOKMARK [1][-]{section.13}{Riemannian geometry - Do Carmo}{}% 37
\BOOKMARK [2][-]{subsection.13.1}{Chapter 0 - Differentiable manifolds}{section.13}% 38
\BOOKMARK [2][-]{subsection.13.2}{Chapter 2 - Affine and Riemannian connections}{section.13}% 39
