This is pdfTeX, Version 3.1415926-2.5-1.40.14 (TeX Live 2013) (format=pdflatex 2013.10.31)  14 NOV 2014 13:59
entering extended mode
 restricted \write18 enabled.
 %&-line parsing enabled.
**\nonstopmode\input fano23.tex
(./fano23.tex
(/mn/anatu/modules/opt/texlive/2013-uio/uio-texmf/texmf-dist/tex/latex/standalo
ne/standalone.cls
Document Class: standalone 2012/09/15 v1.1b Class to compile TeX sub-files stan
dalone

(/mn/anatu/modules/opt/texlive/2013-uio/uio-texmf/texmf-dist/tex/generic/oberdi
ek/ifluatex.sty
Package: ifluatex 2010/03/01 v1.3 Provides the ifluatex switch (HO)
Package ifluatex Info: LuaTeX not detected.
)
(/mn/anatu/modules/opt/texlive/2013-uio/uio-texmf/texmf-dist/tex/generic/oberdi
ek/ifpdf.sty
Package: ifpdf 2011/01/30 v2.3 Provides the ifpdf switch (HO)
Package ifpdf Info: pdfTeX in PDF mode is detected.
)
(/mn/anatu/modules/opt/texlive/2013-uio/uio-texmf/texmf-dist/tex/generic/ifxete
x/ifxetex.sty
Package: ifxetex 2010/09/12 v0.6 Provides ifxetex conditional
)
(/mn/anatu/modules/opt/texlive/2013-uio/uio-texmf/texmf-dist/tex/latex/xkeyval/
xkeyval.sty
Package: xkeyval 2012/10/14 v2.6b package option processing (HA)

(/mn/anatu/modules/opt/texlive/2013-uio/uio-texmf/texmf-dist/tex/generic/xkeyva
l/xkeyval.tex
\XKV@toks=\toks14
\XKV@tempa@toks=\toks15
\XKV@depth=\count79
File: xkeyval.tex 2012/10/14 v2.6b key=value parser (HA)

(/mn/anatu/modules/opt/texlive/2013-uio/uio-texmf/texmf-dist/tex/generic/xkeyva
l/keyval.tex)))
\sa@internal=\count80

(/mn/anatu/modules/opt/texlive/2013-uio/uio-texmf/texmf-dist/tex/latex/standalo
ne/standalone.cfg
File: standalone.cfg 2012/09/15 v1.1b Default configuration file for 'standalon
e' class
)
(/mn/anatu/modules/opt/texlive/2013-uio/uio-texmf/texmf-dist/tex/latex/base/art
icle.cls
Document Class: article 2007/10/19 v1.4h Standard LaTeX document class

(/mn/anatu/modules/opt/texlive/2013-uio/uio-texmf/texmf-dist/tex/latex/base/siz
e10.clo
File: size10.clo 2007/10/19 v1.4h Standard LaTeX file (size option)
)
\c@part=\count81
\c@section=\count82
\c@subsection=\count83
\c@subsubsection=\count84
\c@paragraph=\count85
\c@subparagraph=\count86
\c@figure=\count87
\c@table=\count88
\abovecaptionskip=\skip41
\belowcaptionskip=\skip42
\bibindent=\dimen102
)
\sa@box=\box26
)
(/mn/anatu/modules/opt/texlive/2013-uio/uio-texmf/texmf-dist/tex/latex/base/fon
tenc.sty
Package: fontenc 2005/09/27 v1.99g Standard LaTeX package

(/mn/anatu/modules/opt/texlive/2013-uio/uio-texmf/texmf-dist/tex/latex/base/t1e
nc.def
File: t1enc.def 2005/09/27 v1.99g Standard LaTeX file
LaTeX Font Info:    Redeclaring font encoding T1 on input line 43.
))
(/mn/anatu/modules/opt/texlive/2013-uio/uio-texmf/texmf-dist/tex/latex/base/inp
utenc.sty
Package: inputenc 2008/03/30 v1.1d Input encoding file
\inpenc@prehook=\toks16
\inpenc@posthook=\toks17

(/mn/anatu/modules/opt/texlive/2013-uio/uio-texmf/texmf-dist/tex/latex/base/utf
8.def
File: utf8.def 2008/04/05 v1.1m UTF-8 support for inputenc
Now handling font encoding OML ...
... no UTF-8 mapping file for font encoding OML
Now handling font encoding T1 ...
... processing UTF-8 mapping file for font encoding T1

(/mn/anatu/modules/opt/texlive/2013-uio/uio-texmf/texmf-dist/tex/latex/base/t1e
nc.dfu
File: t1enc.dfu 2008/04/05 v1.1m UTF-8 support for inputenc
   defining Unicode char U+00A1 (decimal 161)
   defining Unicode char U+00A3 (decimal 163)
   defining Unicode char U+00AB (decimal 171)
   defining Unicode char U+00BB (decimal 187)
   defining Unicode char U+00BF (decimal 191)
   defining Unicode char U+00C0 (decimal 192)
   defining Unicode char U+00C1 (decimal 193)
   defining Unicode char U+00C2 (decimal 194)
   defining Unicode char U+00C3 (decimal 195)
   defining Unicode char U+00C4 (decimal 196)
   defining Unicode char U+00C5 (decimal 197)
   defining Unicode char U+00C6 (decimal 198)
   defining Unicode char U+00C7 (decimal 199)
   defining Unicode char U+00C8 (decimal 200)
   defining Unicode char U+00C9 (decimal 201)
   defining Unicode char U+00CA (decimal 202)
   defining Unicode char U+00CB (decimal 203)
   defining Unicode char U+00CC (decimal 204)
   defining Unicode char U+00CD (decimal 205)
   defining Unicode char U+00CE (decimal 206)
   defining Unicode char U+00CF (decimal 207)
   defining Unicode char U+00D0 (decimal 208)
   defining Unicode char U+00D1 (decimal 209)
   defining Unicode char U+00D2 (decimal 210)
   defining Unicode char U+00D3 (decimal 211)
   defining Unicode char U+00D4 (decimal 212)
   defining Unicode char U+00D5 (decimal 213)
   defining Unicode char U+00D6 (decimal 214)
   defining Unicode char U+00D8 (decimal 216)
   defining Unicode char U+00D9 (decimal 217)
   defining Unicode char U+00DA (decimal 218)
   defining Unicode char U+00DB (decimal 219)
   defining Unicode char U+00DC (decimal 220)
   defining Unicode char U+00DD (decimal 221)
   defining Unicode char U+00DE (decimal 222)
   defining Unicode char U+00DF (decimal 223)
   defining Unicode char U+00E0 (decimal 224)
   defining Unicode char U+00E1 (decimal 225)
   defining Unicode char U+00E2 (decimal 226)
   defining Unicode char U+00E3 (decimal 227)
   defining Unicode char U+00E4 (decimal 228)
   defining Unicode char U+00E5 (decimal 229)
   defining Unicode char U+00E6 (decimal 230)
   defining Unicode char U+00E7 (decimal 231)
   defining Unicode char U+00E8 (decimal 232)
   defining Unicode char U+00E9 (decimal 233)
   defining Unicode char U+00EA (decimal 234)
   defining Unicode char U+00EB (decimal 235)
   defining Unicode char U+00EC (decimal 236)
   defining Unicode char U+00ED (decimal 237)
   defining Unicode char U+00EE (decimal 238)
   defining Unicode char U+00EF (decimal 239)
   defining Unicode char U+00F0 (decimal 240)
   defining Unicode char U+00F1 (decimal 241)
   defining Unicode char U+00F2 (decimal 242)
   defining Unicode char U+00F3 (decimal 243)
   defining Unicode char U+00F4 (decimal 244)
   defining Unicode char U+00F5 (decimal 245)
   defining Unicode char U+00F6 (decimal 246)
   defining Unicode char U+00F8 (decimal 248)
   defining Unicode char U+00F9 (decimal 249)
   defining Unicode char U+00FA (decimal 250)
   defining Unicode char U+00FB (decimal 251)
   defining Unicode char U+00FC (decimal 252)
   defining Unicode char U+00FD (decimal 253)
   defining Unicode char U+00FE (decimal 254)
   defining Unicode char U+00FF (decimal 255)
   defining Unicode char U+0102 (decimal 258)
   defining Unicode char U+0103 (decimal 259)
   defining Unicode char U+0104 (decimal 260)
   defining Unicode char U+0105 (decimal 261)
   defining Unicode char U+0106 (decimal 262)
   defining Unicode char U+0107 (decimal 263)
   defining Unicode char U+010C (decimal 268)
   defining Unicode char U+010D (decimal 269)
   defining Unicode char U+010E (decimal 270)
   defining Unicode char U+010F (decimal 271)
   defining Unicode char U+0110 (decimal 272)
   defining Unicode char U+0111 (decimal 273)
   defining Unicode char U+0118 (decimal 280)
   defining Unicode char U+0119 (decimal 281)
   defining Unicode char U+011A (decimal 282)
   defining Unicode char U+011B (decimal 283)
   defining Unicode char U+011E (decimal 286)
   defining Unicode char U+011F (decimal 287)
   defining Unicode char U+0130 (decimal 304)
   defining Unicode char U+0131 (decimal 305)
   defining Unicode char U+0132 (decimal 306)
   defining Unicode char U+0133 (decimal 307)
   defining Unicode char U+0139 (decimal 313)
   defining Unicode char U+013A (decimal 314)
   defining Unicode char U+013D (decimal 317)
   defining Unicode char U+013E (decimal 318)
   defining Unicode char U+0141 (decimal 321)
   defining Unicode char U+0142 (decimal 322)
   defining Unicode char U+0143 (decimal 323)
   defining Unicode char U+0144 (decimal 324)
   defining Unicode char U+0147 (decimal 327)
   defining Unicode char U+0148 (decimal 328)
   defining Unicode char U+014A (decimal 330)
   defining Unicode char U+014B (decimal 331)
   defining Unicode char U+0150 (decimal 336)
   defining Unicode char U+0151 (decimal 337)
   defining Unicode char U+0152 (decimal 338)
   defining Unicode char U+0153 (decimal 339)
   defining Unicode char U+0154 (decimal 340)
   defining Unicode char U+0155 (decimal 341)
   defining Unicode char U+0158 (decimal 344)
   defining Unicode char U+0159 (decimal 345)
   defining Unicode char U+015A (decimal 346)
   defining Unicode char U+015B (decimal 347)
   defining Unicode char U+015E (decimal 350)
   defining Unicode char U+015F (decimal 351)
   defining Unicode char U+0160 (decimal 352)
   defining Unicode char U+0161 (decimal 353)
   defining Unicode char U+0162 (decimal 354)
   defining Unicode char U+0163 (decimal 355)
   defining Unicode char U+0164 (decimal 356)
   defining Unicode char U+0165 (decimal 357)
   defining Unicode char U+016E (decimal 366)
   defining Unicode char U+016F (decimal 367)
   defining Unicode char U+0170 (decimal 368)
   defining Unicode char U+0171 (decimal 369)
   defining Unicode char U+0178 (decimal 376)
   defining Unicode char U+0179 (decimal 377)
   defining Unicode char U+017A (decimal 378)
   defining Unicode char U+017B (decimal 379)
   defining Unicode char U+017C (decimal 380)
   defining Unicode char U+017D (decimal 381)
   defining Unicode char U+017E (decimal 382)
   defining Unicode char U+200C (decimal 8204)
   defining Unicode char U+2013 (decimal 8211)
   defining Unicode char U+2014 (decimal 8212)
   defining Unicode char U+2018 (decimal 8216)
   defining Unicode char U+2019 (decimal 8217)
   defining Unicode char U+201A (decimal 8218)
   defining Unicode char U+201C (decimal 8220)
   defining Unicode char U+201D (decimal 8221)
   defining Unicode char U+201E (decimal 8222)
   defining Unicode char U+2030 (decimal 8240)
   defining Unicode char U+2031 (decimal 8241)
   defining Unicode char U+2039 (decimal 8249)
   defining Unicode char U+203A (decimal 8250)
   defining Unicode char U+2423 (decimal 9251)
)
Now handling font encoding OT1 ...
... processing UTF-8 mapping file for font encoding OT1

(/mn/anatu/modules/opt/texlive/2013-uio/uio-texmf/texmf-dist/tex/latex/base/ot1
enc.dfu
File: ot1enc.dfu 2008/04/05 v1.1m UTF-8 support for inputenc
   defining Unicode char U+00A1 (decimal 161)
   defining Unicode char U+00A3 (decimal 163)
   defining Unicode char U+00B8 (decimal 184)
   defining Unicode char U+00BF (decimal 191)
   defining Unicode char U+00C5 (decimal 197)
   defining Unicode char U+00C6 (decimal 198)
   defining Unicode char U+00D8 (decimal 216)
   defining Unicode char U+00DF (decimal 223)
   defining Unicode char U+00E6 (decimal 230)
   defining Unicode char U+00EC (decimal 236)
   defining Unicode char U+00ED (decimal 237)
   defining Unicode char U+00EE (decimal 238)
   defining Unicode char U+00EF (decimal 239)
   defining Unicode char U+00F8 (decimal 248)
   defining Unicode char U+0131 (decimal 305)
   defining Unicode char U+0141 (decimal 321)
   defining Unicode char U+0142 (decimal 322)
   defining Unicode char U+0152 (decimal 338)
   defining Unicode char U+0153 (decimal 339)
   defining Unicode char U+2013 (decimal 8211)
   defining Unicode char U+2014 (decimal 8212)
   defining Unicode char U+2018 (decimal 8216)
   defining Unicode char U+2019 (decimal 8217)
   defining Unicode char U+201C (decimal 8220)
   defining Unicode char U+201D (decimal 8221)
)
Now handling font encoding OMS ...
... processing UTF-8 mapping file for font encoding OMS

(/mn/anatu/modules/opt/texlive/2013-uio/uio-texmf/texmf-dist/tex/latex/base/oms
enc.dfu
File: omsenc.dfu 2008/04/05 v1.1m UTF-8 support for inputenc
   defining Unicode char U+00A7 (decimal 167)
   defining Unicode char U+00B6 (decimal 182)
   defining Unicode char U+00B7 (decimal 183)
   defining Unicode char U+2020 (decimal 8224)
   defining Unicode char U+2021 (decimal 8225)
   defining Unicode char U+2022 (decimal 8226)
)
Now handling font encoding OMX ...
... no UTF-8 mapping file for font encoding OMX
Now handling font encoding U ...
... no UTF-8 mapping file for font encoding U
   defining Unicode char U+00A9 (decimal 169)
   defining Unicode char U+00AA (decimal 170)
   defining Unicode char U+00AE (decimal 174)
   defining Unicode char U+00BA (decimal 186)
   defining Unicode char U+02C6 (decimal 710)
   defining Unicode char U+02DC (decimal 732)
   defining Unicode char U+200C (decimal 8204)
   defining Unicode char U+2026 (decimal 8230)
   defining Unicode char U+2122 (decimal 8482)
   defining Unicode char U+2423 (decimal 9251)
))
(/mn/anatu/modules/opt/texlive/2013-uio/uio-texmf/texmf-dist/tex/latex/amsfonts
/amssymb.sty
Package: amssymb 2013/01/14 v3.01 AMS font symbols

(/mn/anatu/modules/opt/texlive/2013-uio/uio-texmf/texmf-dist/tex/latex/amsfonts
/amsfonts.sty
Package: amsfonts 2013/01/14 v3.01 Basic AMSFonts support
\@emptytoks=\toks18
\symAMSa=\mathgroup4
\symAMSb=\mathgroup5
LaTeX Font Info:    Overwriting math alphabet `\mathfrak' in version `bold'
(Font)                  U/euf/m/n --> U/euf/b/n on input line 106.
))
(/mn/anatu/modules/opt/texlive/2013-uio/uio-texmf/texmf-dist/tex/latex/amsmath/
amsmath.sty
Package: amsmath 2013/01/14 v2.14 AMS math features
\@mathmargin=\skip43

For additional information on amsmath, use the `?' option.

(/mn/anatu/modules/opt/texlive/2013-uio/uio-texmf/texmf-dist/tex/latex/amsmath/
amstext.sty
Package: amstext 2000/06/29 v2.01

(/mn/anatu/modules/opt/texlive/2013-uio/uio-texmf/texmf-dist/tex/latex/amsmath/
amsgen.sty
File: amsgen.sty 1999/11/30 v2.0
\@emptytoks=\toks19
\ex@=\dimen103
))
(/mn/anatu/modules/opt/texlive/2013-uio/uio-texmf/texmf-dist/tex/latex/amsmath/
amsbsy.sty
Package: amsbsy 1999/11/29 v1.2d
\pmbraise@=\dimen104
)
(/mn/anatu/modules/opt/texlive/2013-uio/uio-texmf/texmf-dist/tex/latex/amsmath/
amsopn.sty
Package: amsopn 1999/12/14 v2.01 operator names
)
\inf@bad=\count89
LaTeX Info: Redefining \frac on input line 210.
\uproot@=\count90
\leftroot@=\count91
LaTeX Info: Redefining \overline on input line 306.
\classnum@=\count92
\DOTSCASE@=\count93
LaTeX Info: Redefining \ldots on input line 378.
LaTeX Info: Redefining \dots on input line 381.
LaTeX Info: Redefining \cdots on input line 466.
\Mathstrutbox@=\box27
\strutbox@=\box28
\big@size=\dimen105
LaTeX Font Info:    Redeclaring font encoding OML on input line 566.
LaTeX Font Info:    Redeclaring font encoding OMS on input line 567.
\macc@depth=\count94
\c@MaxMatrixCols=\count95
\dotsspace@=\muskip10
\c@parentequation=\count96
\dspbrk@lvl=\count97
\tag@help=\toks20
\row@=\count98
\column@=\count99
\maxfields@=\count100
\andhelp@=\toks21
\eqnshift@=\dimen106
\alignsep@=\dimen107
\tagshift@=\dimen108
\tagwidth@=\dimen109
\totwidth@=\dimen110
\lineht@=\dimen111
\@envbody=\toks22
\multlinegap=\skip44
\multlinetaggap=\skip45
\mathdisplay@stack=\toks23
LaTeX Info: Redefining \[ on input line 2665.
LaTeX Info: Redefining \] on input line 2666.
)
(/mn/anatu/modules/opt/texlive/2013-uio/uio-texmf/texmf-dist/tex/latex/amscls/a
msthm.sty
Package: amsthm 2004/08/06 v2.20
\thm@style=\toks24
\thm@bodyfont=\toks25
\thm@headfont=\toks26
\thm@notefont=\toks27
\thm@headpunct=\toks28
\thm@preskip=\skip46
\thm@postskip=\skip47
\thm@headsep=\skip48
\dth@everypar=\toks29
)
(/mn/anatu/modules/opt/texlive/2013-uio/uio-texmf/texmf-dist/tex/latex/jknapltx
/mathrsfs.sty
Package: mathrsfs 1996/01/01 Math RSFS package v1.0 (jk)
\symrsfs=\mathgroup6
)
(/mn/anatu/modules/opt/texlive/2013-uio/uio-texmf/texmf-dist/tex/latex/pgf/fron
tendlayer/tikz.sty
(/mn/anatu/modules/opt/texlive/2013-uio/uio-texmf/texmf-dist/tex/latex/pgf/basi
clayer/pgf.sty
(/mn/anatu/modules/opt/texlive/2013-uio/uio-texmf/texmf-dist/tex/latex/pgf/util
ities/pgfrcs.sty
(/mn/anatu/modules/opt/texlive/2013-uio/uio-texmf/texmf-dist/tex/generic/pgf/ut
ilities/pgfutil-common.tex
\pgfutil@everybye=\toks30
)
(/mn/anatu/modules/opt/texlive/2013-uio/uio-texmf/texmf-dist/tex/generic/pgf/ut
ilities/pgfutil-latex.def
\pgfutil@abb=\box29

(/mn/anatu/modules/opt/texlive/2013-uio/uio-texmf/texmf-dist/tex/latex/ms/every
shi.sty
Package: everyshi 2001/05/15 v3.00 EveryShipout Package (MS)
))
(/mn/anatu/modules/opt/texlive/2013-uio/uio-texmf/texmf-dist/tex/generic/pgf/ut
ilities/pgfrcs.code.tex
Package: pgfrcs 2010/10/25 v2.10 (rcs-revision 1.24)
))
Package: pgf 2008/01/15 v2.10 (rcs-revision 1.12)

(/mn/anatu/modules/opt/texlive/2013-uio/uio-texmf/texmf-dist/tex/latex/pgf/basi
clayer/pgfcore.sty
(/mn/anatu/modules/opt/texlive/2013-uio/uio-texmf/texmf-dist/tex/latex/graphics
/graphicx.sty
Package: graphicx 1999/02/16 v1.0f Enhanced LaTeX Graphics (DPC,SPQR)

(/mn/anatu/modules/opt/texlive/2013-uio/uio-texmf/texmf-dist/tex/latex/graphics
/graphics.sty
Package: graphics 2009/02/05 v1.0o Standard LaTeX Graphics (DPC,SPQR)

(/mn/anatu/modules/opt/texlive/2013-uio/uio-texmf/texmf-dist/tex/latex/graphics
/trig.sty
Package: trig 1999/03/16 v1.09 sin cos tan (DPC)
)
(/mn/anatu/modules/opt/texlive/2013-uio/uio-texmf/texmf-dist/tex/latex/latexcon
fig/graphics.cfg
File: graphics.cfg 2010/04/23 v1.9 graphics configuration of TeX Live
)
Package graphics Info: Driver file: pdftex.def on input line 91.

(/mn/anatu/modules/opt/texlive/2013-uio/uio-texmf/texmf-dist/tex/latex/pdftex-d
ef/pdftex.def
File: pdftex.def 2011/05/27 v0.06d Graphics/color for pdfTeX

(/mn/anatu/modules/opt/texlive/2013-uio/uio-texmf/texmf-dist/tex/generic/oberdi
ek/infwarerr.sty
Package: infwarerr 2010/04/08 v1.3 Providing info/warning/error messages (HO)
)
(/mn/anatu/modules/opt/texlive/2013-uio/uio-texmf/texmf-dist/tex/generic/oberdi
ek/ltxcmds.sty
Package: ltxcmds 2011/11/09 v1.22 LaTeX kernel commands for general use (HO)
)
\Gread@gobject=\count101
))
\Gin@req@height=\dimen112
\Gin@req@width=\dimen113
)
(/mn/anatu/modules/opt/texlive/2013-uio/uio-texmf/texmf-dist/tex/latex/pgf/syst
emlayer/pgfsys.sty
(/mn/anatu/modules/opt/texlive/2013-uio/uio-texmf/texmf-dist/tex/generic/pgf/sy
stemlayer/pgfsys.code.tex
Package: pgfsys 2010/06/30 v2.10 (rcs-revision 1.37)

(/mn/anatu/modules/opt/texlive/2013-uio/uio-texmf/texmf-dist/tex/generic/pgf/ut
ilities/pgfkeys.code.tex
\pgfkeys@pathtoks=\toks31
\pgfkeys@temptoks=\toks32

(/mn/anatu/modules/opt/texlive/2013-uio/uio-texmf/texmf-dist/tex/generic/pgf/ut
ilities/pgfkeysfiltered.code.tex
\pgfkeys@tmptoks=\toks33
))
\pgf@x=\dimen114
\pgf@y=\dimen115
\pgf@xa=\dimen116
\pgf@ya=\dimen117
\pgf@xb=\dimen118
\pgf@yb=\dimen119
\pgf@xc=\dimen120
\pgf@yc=\dimen121
\w@pgf@writea=\write3
\r@pgf@reada=\read1
\c@pgf@counta=\count102
\c@pgf@countb=\count103
\c@pgf@countc=\count104
\c@pgf@countd=\count105

(/mn/anatu/modules/opt/texlive/2013-uio/uio-texmf/texmf-dist/tex/generic/pgf/sy
stemlayer/pgf.cfg
File: pgf.cfg 2008/05/14  (rcs-revision 1.7)
)
Package pgfsys Info: Driver file for pgf: pgfsys-pdftex.def on input line 900.

(/mn/anatu/modules/opt/texlive/2013-uio/uio-texmf/texmf-dist/tex/generic/pgf/sy
stemlayer/pgfsys-pdftex.def
File: pgfsys-pdftex.def 2009/05/22  (rcs-revision 1.26)

(/mn/anatu/modules/opt/texlive/2013-uio/uio-texmf/texmf-dist/tex/generic/pgf/sy
stemlayer/pgfsys-common-pdf.def
File: pgfsys-common-pdf.def 2008/05/19  (rcs-revision 1.10)
)))
(/mn/anatu/modules/opt/texlive/2013-uio/uio-texmf/texmf-dist/tex/generic/pgf/sy
stemlayer/pgfsyssoftpath.code.tex
File: pgfsyssoftpath.code.tex 2008/07/18  (rcs-revision 1.7)
\pgfsyssoftpath@smallbuffer@items=\count106
\pgfsyssoftpath@bigbuffer@items=\count107
)
(/mn/anatu/modules/opt/texlive/2013-uio/uio-texmf/texmf-dist/tex/generic/pgf/sy
stemlayer/pgfsysprotocol.code.tex
File: pgfsysprotocol.code.tex 2006/10/16  (rcs-revision 1.4)
))
(/mn/anatu/modules/opt/texlive/2013-uio/uio-texmf/texmf-dist/tex/latex/xcolor/x
color.sty
Package: xcolor 2007/01/21 v2.11 LaTeX color extensions (UK)

(/mn/anatu/modules/opt/texlive/2013-uio/uio-texmf/texmf-dist/tex/latex/latexcon
fig/color.cfg
File: color.cfg 2007/01/18 v1.5 color configuration of teTeX/TeXLive
)
Package xcolor Info: Driver file: pdftex.def on input line 225.
Package xcolor Info: Model `cmy' substituted by `cmy0' on input line 1337.
Package xcolor Info: Model `hsb' substituted by `rgb' on input line 1341.
Package xcolor Info: Model `RGB' extended on input line 1353.
Package xcolor Info: Model `HTML' substituted by `rgb' on input line 1355.
Package xcolor Info: Model `Hsb' substituted by `hsb' on input line 1356.
Package xcolor Info: Model `tHsb' substituted by `hsb' on input line 1357.
Package xcolor Info: Model `HSB' substituted by `hsb' on input line 1358.
Package xcolor Info: Model `Gray' substituted by `gray' on input line 1359.
Package xcolor Info: Model `wave' substituted by `hsb' on input line 1360.
)
(/mn/anatu/modules/opt/texlive/2013-uio/uio-texmf/texmf-dist/tex/generic/pgf/ba
siclayer/pgfcore.code.tex
Package: pgfcore 2010/04/11 v2.10 (rcs-revision 1.7)

(/mn/anatu/modules/opt/texlive/2013-uio/uio-texmf/texmf-dist/tex/generic/pgf/ma
th/pgfmath.code.tex
(/mn/anatu/modules/opt/texlive/2013-uio/uio-texmf/texmf-dist/tex/generic/pgf/ma
th/pgfmathcalc.code.tex
(/mn/anatu/modules/opt/texlive/2013-uio/uio-texmf/texmf-dist/tex/generic/pgf/ma
th/pgfmathutil.code.tex)
(/mn/anatu/modules/opt/texlive/2013-uio/uio-texmf/texmf-dist/tex/generic/pgf/ma
th/pgfmathparser.code.tex
\pgfmath@dimen=\dimen122
\pgfmath@count=\count108
\pgfmath@box=\box30
\pgfmath@toks=\toks34
\pgfmath@stack@operand=\toks35
\pgfmath@stack@operation=\toks36
)
(/mn/anatu/modules/opt/texlive/2013-uio/uio-texmf/texmf-dist/tex/generic/pgf/ma
th/pgfmathfunctions.code.tex
(/mn/anatu/modules/opt/texlive/2013-uio/uio-texmf/texmf-dist/tex/generic/pgf/ma
th/pgfmathfunctions.basic.code.tex)
(/mn/anatu/modules/opt/texlive/2013-uio/uio-texmf/texmf-dist/tex/generic/pgf/ma
th/pgfmathfunctions.trigonometric.code.tex)
(/mn/anatu/modules/opt/texlive/2013-uio/uio-texmf/texmf-dist/tex/generic/pgf/ma
th/pgfmathfunctions.random.code.tex)
(/mn/anatu/modules/opt/texlive/2013-uio/uio-texmf/texmf-dist/tex/generic/pgf/ma
th/pgfmathfunctions.comparison.code.tex)
(/mn/anatu/modules/opt/texlive/2013-uio/uio-texmf/texmf-dist/tex/generic/pgf/ma
th/pgfmathfunctions.base.code.tex)
(/mn/anatu/modules/opt/texlive/2013-uio/uio-texmf/texmf-dist/tex/generic/pgf/ma
th/pgfmathfunctions.round.code.tex)
(/mn/anatu/modules/opt/texlive/2013-uio/uio-texmf/texmf-dist/tex/generic/pgf/ma
th/pgfmathfunctions.misc.code.tex)))
(/mn/anatu/modules/opt/texlive/2013-uio/uio-texmf/texmf-dist/tex/generic/pgf/ma
th/pgfmathfloat.code.tex
\c@pgfmathroundto@lastzeros=\count109
))
(/mn/anatu/modules/opt/texlive/2013-uio/uio-texmf/texmf-dist/tex/generic/pgf/ba
siclayer/pgfcorepoints.code.tex
File: pgfcorepoints.code.tex 2010/04/09  (rcs-revision 1.20)
\pgf@picminx=\dimen123
\pgf@picmaxx=\dimen124
\pgf@picminy=\dimen125
\pgf@picmaxy=\dimen126
\pgf@pathminx=\dimen127
\pgf@pathmaxx=\dimen128
\pgf@pathminy=\dimen129
\pgf@pathmaxy=\dimen130
\pgf@xx=\dimen131
\pgf@xy=\dimen132
\pgf@yx=\dimen133
\pgf@yy=\dimen134
\pgf@zx=\dimen135
\pgf@zy=\dimen136
)
(/mn/anatu/modules/opt/texlive/2013-uio/uio-texmf/texmf-dist/tex/generic/pgf/ba
siclayer/pgfcorepathconstruct.code.tex
File: pgfcorepathconstruct.code.tex 2010/08/03  (rcs-revision 1.24)
\pgf@path@lastx=\dimen137
\pgf@path@lasty=\dimen138
)
(/mn/anatu/modules/opt/texlive/2013-uio/uio-texmf/texmf-dist/tex/generic/pgf/ba
siclayer/pgfcorepathusage.code.tex
File: pgfcorepathusage.code.tex 2008/04/22  (rcs-revision 1.12)
\pgf@shorten@end@additional=\dimen139
\pgf@shorten@start@additional=\dimen140
)
(/mn/anatu/modules/opt/texlive/2013-uio/uio-texmf/texmf-dist/tex/generic/pgf/ba
siclayer/pgfcorescopes.code.tex
File: pgfcorescopes.code.tex 2010/09/08  (rcs-revision 1.34)
\pgfpic=\box31
\pgf@hbox=\box32
\pgf@layerbox@main=\box33
\pgf@picture@serial@count=\count110
)
(/mn/anatu/modules/opt/texlive/2013-uio/uio-texmf/texmf-dist/tex/generic/pgf/ba
siclayer/pgfcoregraphicstate.code.tex
File: pgfcoregraphicstate.code.tex 2008/04/22  (rcs-revision 1.9)
\pgflinewidth=\dimen141
)
(/mn/anatu/modules/opt/texlive/2013-uio/uio-texmf/texmf-dist/tex/generic/pgf/ba
siclayer/pgfcoretransformations.code.tex
File: pgfcoretransformations.code.tex 2009/06/10  (rcs-revision 1.11)
\pgf@pt@x=\dimen142
\pgf@pt@y=\dimen143
\pgf@pt@temp=\dimen144
)
(/mn/anatu/modules/opt/texlive/2013-uio/uio-texmf/texmf-dist/tex/generic/pgf/ba
siclayer/pgfcorequick.code.tex
File: pgfcorequick.code.tex 2008/10/09  (rcs-revision 1.3)
)
(/mn/anatu/modules/opt/texlive/2013-uio/uio-texmf/texmf-dist/tex/generic/pgf/ba
siclayer/pgfcoreobjects.code.tex
File: pgfcoreobjects.code.tex 2006/10/11  (rcs-revision 1.2)
)
(/mn/anatu/modules/opt/texlive/2013-uio/uio-texmf/texmf-dist/tex/generic/pgf/ba
siclayer/pgfcorepathprocessing.code.tex
File: pgfcorepathprocessing.code.tex 2008/10/09  (rcs-revision 1.8)
)
(/mn/anatu/modules/opt/texlive/2013-uio/uio-texmf/texmf-dist/tex/generic/pgf/ba
siclayer/pgfcorearrows.code.tex
File: pgfcorearrows.code.tex 2008/04/23  (rcs-revision 1.11)
)
(/mn/anatu/modules/opt/texlive/2013-uio/uio-texmf/texmf-dist/tex/generic/pgf/ba
siclayer/pgfcoreshade.code.tex
File: pgfcoreshade.code.tex 2008/11/23  (rcs-revision 1.13)
\pgf@max=\dimen145
\pgf@sys@shading@range@num=\count111
)
(/mn/anatu/modules/opt/texlive/2013-uio/uio-texmf/texmf-dist/tex/generic/pgf/ba
siclayer/pgfcoreimage.code.tex
File: pgfcoreimage.code.tex 2010/03/25  (rcs-revision 1.16)

(/mn/anatu/modules/opt/texlive/2013-uio/uio-texmf/texmf-dist/tex/generic/pgf/ba
siclayer/pgfcoreexternal.code.tex
File: pgfcoreexternal.code.tex 2010/09/01  (rcs-revision 1.17)
\pgfexternal@startupbox=\box34
))
(/mn/anatu/modules/opt/texlive/2013-uio/uio-texmf/texmf-dist/tex/generic/pgf/ba
siclayer/pgfcorelayers.code.tex
File: pgfcorelayers.code.tex 2010/08/27  (rcs-revision 1.2)
)
(/mn/anatu/modules/opt/texlive/2013-uio/uio-texmf/texmf-dist/tex/generic/pgf/ba
siclayer/pgfcoretransparency.code.tex
File: pgfcoretransparency.code.tex 2008/01/17  (rcs-revision 1.2)
)
(/mn/anatu/modules/opt/texlive/2013-uio/uio-texmf/texmf-dist/tex/generic/pgf/ba
siclayer/pgfcorepatterns.code.tex
File: pgfcorepatterns.code.tex 2009/07/02  (rcs-revision 1.3)
)))
(/mn/anatu/modules/opt/texlive/2013-uio/uio-texmf/texmf-dist/tex/generic/pgf/mo
dules/pgfmoduleshapes.code.tex
File: pgfmoduleshapes.code.tex 2010/09/09  (rcs-revision 1.13)
\pgfnodeparttextbox=\box35
)
(/mn/anatu/modules/opt/texlive/2013-uio/uio-texmf/texmf-dist/tex/generic/pgf/mo
dules/pgfmoduleplot.code.tex
File: pgfmoduleplot.code.tex 2010/10/22  (rcs-revision 1.8)
)
(/mn/anatu/modules/opt/texlive/2013-uio/uio-texmf/texmf-dist/tex/latex/pgf/comp
atibility/pgfcomp-version-0-65.sty
Package: pgfcomp-version-0-65 2007/07/03 v2.10 (rcs-revision 1.7)
\pgf@nodesepstart=\dimen146
\pgf@nodesepend=\dimen147
)
(/mn/anatu/modules/opt/texlive/2013-uio/uio-texmf/texmf-dist/tex/latex/pgf/comp
atibility/pgfcomp-version-1-18.sty
Package: pgfcomp-version-1-18 2007/07/23 v2.10 (rcs-revision 1.1)
))
(/mn/anatu/modules/opt/texlive/2013-uio/uio-texmf/texmf-dist/tex/latex/pgf/util
ities/pgffor.sty
(/mn/anatu/modules/opt/texlive/2013-uio/uio-texmf/texmf-dist/tex/latex/pgf/util
ities/pgfkeys.sty
(/mn/anatu/modules/opt/texlive/2013-uio/uio-texmf/texmf-dist/tex/generic/pgf/ut
ilities/pgfkeys.code.tex))
(/mn/anatu/modules/opt/texlive/2013-uio/uio-texmf/texmf-dist/tex/generic/pgf/ut
ilities/pgffor.code.tex
Package: pgffor 2010/03/23 v2.10 (rcs-revision 1.18)
\pgffor@iter=\dimen148
\pgffor@skip=\dimen149
\pgffor@stack=\toks37
\pgffor@toks=\toks38
))
(/mn/anatu/modules/opt/texlive/2013-uio/uio-texmf/texmf-dist/tex/generic/pgf/fr
ontendlayer/tikz/tikz.code.tex
Package: tikz 2010/10/13 v2.10 (rcs-revision 1.76)

(/mn/anatu/modules/opt/texlive/2013-uio/uio-texmf/texmf-dist/tex/generic/pgf/li
braries/pgflibraryplothandlers.code.tex
File: pgflibraryplothandlers.code.tex 2010/05/31 v2.10 (rcs-revision 1.15)
\pgf@plot@mark@count=\count112
\pgfplotmarksize=\dimen150
)
\tikz@lastx=\dimen151
\tikz@lasty=\dimen152
\tikz@lastxsaved=\dimen153
\tikz@lastysaved=\dimen154
\tikzleveldistance=\dimen155
\tikzsiblingdistance=\dimen156
\tikz@figbox=\box36
\tikz@tempbox=\box37
\tikztreelevel=\count113
\tikznumberofchildren=\count114
\tikznumberofcurrentchild=\count115
\tikz@fig@count=\count116

(/mn/anatu/modules/opt/texlive/2013-uio/uio-texmf/texmf-dist/tex/generic/pgf/mo
dules/pgfmodulematrix.code.tex
File: pgfmodulematrix.code.tex 2010/08/24  (rcs-revision 1.4)
\pgfmatrixcurrentrow=\count117
\pgfmatrixcurrentcolumn=\count118
\pgf@matrix@numberofcolumns=\count119
)
\tikz@expandcount=\count120

(/mn/anatu/modules/opt/texlive/2013-uio/uio-texmf/texmf-dist/tex/generic/pgf/fr
ontendlayer/tikz/libraries/tikzlibrarytopaths.code.tex
File: tikzlibrarytopaths.code.tex 2008/06/17 v2.10 (rcs-revision 1.2)
)))
(/mn/anatu/modules/opt/texlive/2013-uio/uio-texmf/texmf-dist/tex/generic/pgf/fr
ontendlayer/tikz/libraries/tikzlibrarydecorations.pathmorphing.code.tex
(/mn/anatu/modules/opt/texlive/2013-uio/uio-texmf/texmf-dist/tex/generic/pgf/fr
ontendlayer/tikz/libraries/tikzlibrarydecorations.code.tex
(/mn/anatu/modules/opt/texlive/2013-uio/uio-texmf/texmf-dist/tex/generic/pgf/mo
dules/pgfmoduledecorations.code.tex
\pgfdecoratedcompleteddistance=\dimen157
\pgfdecoratedremainingdistance=\dimen158
\pgfdecoratedinputsegmentcompleteddistance=\dimen159
\pgfdecoratedinputsegmentremainingdistance=\dimen160
\pgf@decorate@distancetomove=\dimen161
\pgf@decorate@repeatstate=\count121
\pgfdecorationsegmentamplitude=\dimen162
\pgfdecorationsegmentlength=\dimen163
)
\tikz@lib@dec@box=\box38
)
(/mn/anatu/modules/opt/texlive/2013-uio/uio-texmf/texmf-dist/tex/generic/pgf/li
braries/decorations/pgflibrarydecorations.pathmorphing.code.tex))
(/mn/anatu/modules/opt/texlive/2013-uio/uio-texmf/texmf-dist/tex/generic/pgf/fr
ontendlayer/tikz/libraries/tikzlibrarycalc.code.tex
File: tikzlibrarycalc.code.tex 2009/09/04 v2.10 (rcs-revision 1.6)
)
(/mn/anatu/modules/opt/texlive/2013-uio/uio-texmf/texmf-dist/tex/generic/pgf/fr
ontendlayer/tikz/libraries/tikzlibraryintersections.code.tex
(/mn/anatu/modules/opt/texlive/2013-uio/uio-texmf/texmf-dist/tex/generic/pgf/li
braries/pgflibraryintersections.code.tex
\pgf@intersect@solutions=\count122
)) (./fano23.aux)
\openout1 = `fano23.aux'.

LaTeX Font Info:    Checking defaults for OML/cmm/m/it on input line 28.
LaTeX Font Info:    ... okay on input line 28.
LaTeX Font Info:    Checking defaults for T1/cmr/m/n on input line 28.
LaTeX Font Info:    ... okay on input line 28.
LaTeX Font Info:    Checking defaults for OT1/cmr/m/n on input line 28.
LaTeX Font Info:    ... okay on input line 28.
LaTeX Font Info:    Checking defaults for OMS/cmsy/m/n on input line 28.
LaTeX Font Info:    ... okay on input line 28.
LaTeX Font Info:    Checking defaults for OMX/cmex/m/n on input line 28.
LaTeX Font Info:    ... okay on input line 28.
LaTeX Font Info:    Checking defaults for U/cmr/m/n on input line 28.
LaTeX Font Info:    ... okay on input line 28.

ABD: EveryShipout initializing macros
(/mn/anatu/modules/opt/texlive/2013-uio/uio-texmf/texmf-dist/tex/context/base/s
upp-pdf.mkii
[Loading MPS to PDF converter (version 2006.09.02).]
\scratchcounter=\count123
\scratchdimen=\dimen164
\scratchbox=\box39
\nofMPsegments=\count124
\nofMParguments=\count125
\everyMPshowfont=\toks39
\MPscratchCnt=\count126
\MPscratchDim=\dimen165
\MPnumerator=\count127
\makeMPintoPDFobject=\count128
\everyMPtoPDFconversion=\toks40
)
(/mn/anatu/modules/opt/texlive/2013-uio/uio-texmf/texmf-dist/tex/generic/oberdi
ek/pdftexcmds.sty
Package: pdftexcmds 2011/11/29 v0.20 Utility functions of pdfTeX for LuaTeX (HO
)
Package pdftexcmds Info: LuaTeX not detected.
Package pdftexcmds Info: \pdf@primitive is available.
Package pdftexcmds Info: \pdf@ifprimitive is available.
Package pdftexcmds Info: \pdfdraftmode found.
)
(/mn/anatu/modules/opt/texlive/2013-uio/uio-texmf/texmf-dist/tex/latex/oberdiek
/epstopdf-base.sty
Package: epstopdf-base 2010/02/09 v2.5 Base part for package epstopdf

(/mn/anatu/modules/opt/texlive/2013-uio/uio-texmf/texmf-dist/tex/latex/oberdiek
/grfext.sty
Package: grfext 2010/08/19 v1.1 Manage graphics extensions (HO)

(/mn/anatu/modules/opt/texlive/2013-uio/uio-texmf/texmf-dist/tex/generic/oberdi
ek/kvdefinekeys.sty
Package: kvdefinekeys 2011/04/07 v1.3 Define keys (HO)
))
(/mn/anatu/modules/opt/texlive/2013-uio/uio-texmf/texmf-dist/tex/latex/oberdiek
/kvoptions.sty
Package: kvoptions 2011/06/30 v3.11 Key value format for package options (HO)

(/mn/anatu/modules/opt/texlive/2013-uio/uio-texmf/texmf-dist/tex/generic/oberdi
ek/kvsetkeys.sty
Package: kvsetkeys 2012/04/25 v1.16 Key value parser (HO)

(/mn/anatu/modules/opt/texlive/2013-uio/uio-texmf/texmf-dist/tex/generic/oberdi
ek/etexcmds.sty
Package: etexcmds 2011/02/16 v1.5 Avoid name clashes with e-TeX commands (HO)
Package etexcmds Info: Could not find \expanded.
(etexcmds)             That can mean that you are not using pdfTeX 1.50 or
(etexcmds)             that some package has redefined \expanded.
(etexcmds)             In the latter case, load this package earlier.
)))
Package grfext Info: Graphics extension search list:
(grfext)             [.png,.pdf,.jpg,.mps,.jpeg,.jbig2,.jb2,.PNG,.PDF,.JPG,.JPE
G,.JBIG2,.JB2,.eps]
(grfext)             \AppendGraphicsExtensions on input line 452.

(/mn/anatu/modules/opt/texlive/2013-uio/uio-texmf/texmf-dist/tex/latex/latexcon
fig/epstopdf-sys.cfg
File: epstopdf-sys.cfg 2010/07/13 v1.3 Configuration of (r)epstopdf for TeX Liv
e
)) [1

{/mn/anatu/modules/opt/texlive/2013-uio/uio-texmf/texmf-var/fonts/map/pdftex/up
dmap/pdftex.map}] (./fano23.aux) ) 
Here is how much of TeX's memory you used:
 12262 strings out of 493308
 237493 string characters out of 6135157
 287765 words of memory out of 5000000
 15458 multiletter control sequences out of 15000+600000
 4403 words of font info for 15 fonts, out of 8000000 for 9000
 957 hyphenation exceptions out of 8191
 56i,7n,62p,456b,572s stack positions out of 5000i,500n,10000p,200000b,80000s
{/mn/anatu/modules/opt/texlive/2013-uio/uio-t
exmf/texmf-dist/fonts/enc/dvips/cm-super/cm-super-t1.enc}</mn/anatu/modules/opt
/texlive/2013-uio/uio-texmf/texmf-dist/fonts/type1/public/cm-super/sfrm1000.pfb
>
Output written on fano23.pdf (1 page, 18833 bytes).
PDF statistics:
 16 PDF objects out of 1000 (max. 8388607)
 11 compressed objects within 1 object stream
 0 named destinations out of 1000 (max. 500000)
 13 words of extra memory for PDF output out of 10000 (max. 10000000)

