\BOOKMARK [1][-]{section.1}{Mangfoldigheter}{}% 1
\BOOKMARK [2][-]{subsection.1.1}{Differensiabilitet og konsekvenser}{section.1}% 2
\BOOKMARK [2][-]{subsection.1.2}{Derivarberhet og s\345nn}{section.1}% 3
\BOOKMARK [2][-]{subsection.1.3}{Glatte avbildninger}{section.1}% 4
\BOOKMARK [2][-]{subsection.1.4}{Eksistens av partisjon av enheten}{section.1}% 5
\BOOKMARK [2][-]{subsection.1.5}{Viktigste ting i dette kapitlet}{section.1}% 6
\BOOKMARK [1][-]{section.2}{Tangentbunten}{}% 7
\BOOKMARK [2][-]{subsection.2.1}{Viktige ting i dette kapitlet}{section.2}% 8
\BOOKMARK [1][-]{section.3}{Tensorer}{}% 9
\BOOKMARK [2][-]{subsection.3.1}{Viktige ting}{section.3}% 10
\BOOKMARK [1][-]{section.4}{Vektorfelt og differensiallikninger}{}% 11
\BOOKMARK [1][-]{section.5}{Differensialformer}{}% 12
\BOOKMARK [2][-]{subsection.5.1}{de Rham-kohomologi}{section.5}% 13
\BOOKMARK [2][-]{subsection.5.2}{Poincar\351-lemma}{section.5}% 14
\BOOKMARK [2][-]{subsection.5.3}{Viktige punkter i dette kapitlet}{section.5}% 15
\BOOKMARK [1][-]{section.6}{Integrasjon}{}% 16
\BOOKMARK [2][-]{subsection.6.1}{Stokes teorem}{section.6}% 17
\BOOKMARK [2][-]{subsection.6.2}{Viktige punkter}{section.6}% 18
\BOOKMARK [1][-]{section.7}{Alg-top}{}% 19
\BOOKMARK [1][-]{section.8}{Obligen}{}% 20
\BOOKMARK [1][-]{section.9}{Oppgaver gitt i kurset}{}% 21
\BOOKMARK [2][-]{subsection.9.1}{Exercise3.pdf}{section.9}% 22
\BOOKMARK [2][-]{subsection.9.2}{exercise6.pdf}{section.9}% 23
\BOOKMARK [2][-]{subsection.9.3}{exercise8.pdf}{section.9}% 24
\BOOKMARK [2][-]{subsection.9.4}{exercise11.pdf}{section.9}% 25
