This is pdfTeX, Version 3.14159265-2.6-1.40.15 (TeX Live 2014) (preloaded format=pdflatex 2014.9.19)  23 DEC 2014 23:38
entering extended mode
 \write18 enabled.
 file:line:error style messages enabled.
 %&-line parsing enabled.
**mystyle.sty
(./mystyle.sty
LaTeX2e <2014/05/01>
Babel <3.9k> and hyphenation patterns for 78 languages loaded.
\c@thm=\count79

./mystyle.sty:3: LaTeX Error: No counter 'section' defined.

See the LaTeX manual or LaTeX Companion for explanation.
Type  H <return>  for immediate help.
 ...                                              
                                                  
l.3 \newtheorem{thm}{Theorem}[section]
                                      
? 
./mystyle.sty:3: Emergency stop.
 ...                                              
                                                  
l.3 \newtheorem{thm}{Theorem}[section]
                                      
Your command was ignored.
Type  I <command> <return>  to replace it with another command,
or  <return>  to continue without it.

 
Here is how much of TeX's memory you used:
 13 strings out of 493117
 302 string characters out of 6135433
 52909 words of memory out of 5000000
 3574 multiletter control sequences out of 15000+600000
 3640 words of font info for 14 fonts, out of 8000000 for 9000
 1141 hyphenation exceptions out of 8191
 8i,0n,11p,58b,14s stack positions out of 5000i,500n,10000p,200000b,80000s
./mystyle.sty:3:  ==> Fatal error occurred, no output PDF file produced!
