\BOOKMARK [1][-]{section.1}{Algebraic Geometry}{}% 1
\BOOKMARK [2][-]{subsection.1.1}{General terms}{section.1}% 2
\BOOKMARK [3][-]{subsubsection.1.1.1}{Cartier divisor}{subsection.1.1}% 3
\BOOKMARK [3][-]{subsubsection.1.1.2}{Categorical quotient}{subsection.1.1}% 4
\BOOKMARK [3][-]{subsubsection.1.1.3}{Chow group}{subsection.1.1}% 5
\BOOKMARK [3][-]{subsubsection.1.1.4}{Complete variety}{subsection.1.1}% 6
\BOOKMARK [3][-]{subsubsection.1.1.5}{Crepant resolution}{subsection.1.1}% 7
\BOOKMARK [3][-]{subsubsection.1.1.6}{Dominant map}{subsection.1.1}% 8
\BOOKMARK [3][-]{subsubsection.1.1.7}{\311tale map}{subsection.1.1}% 9
\BOOKMARK [3][-]{subsubsection.1.1.8}{Genus}{subsection.1.1}% 10
\BOOKMARK [3][-]{subsubsection.1.1.9}{Geometric quotient}{subsection.1.1}% 11
\BOOKMARK [3][-]{subsubsection.1.1.10}{Hodge numbers}{subsection.1.1}% 12
\BOOKMARK [3][-]{subsubsection.1.1.11}{Linear series}{subsection.1.1}% 13
\BOOKMARK [3][-]{subsubsection.1.1.12}{Log structure}{subsection.1.1}% 14
\BOOKMARK [3][-]{subsubsection.1.1.13}{Normal crossings divisor}{subsection.1.1}% 15
\BOOKMARK [3][-]{subsubsection.1.1.14}{Normal variety}{subsection.1.1}% 16
\BOOKMARK [3][-]{subsubsection.1.1.15}{Proper morphism}{subsection.1.1}% 17
\BOOKMARK [3][-]{subsubsection.1.1.16}{Resolution of singularities}{subsection.1.1}% 18
\BOOKMARK [3][-]{subsubsection.1.1.17}{Separated morphism}{subsection.1.1}% 19
\BOOKMARK [2][-]{subsection.1.2}{Moduli theory and stacks}{section.1}% 20
\BOOKMARK [3][-]{subsubsection.1.2.1}{\311tale site}{subsection.1.2}% 21
\BOOKMARK [3][-]{subsubsection.1.2.2}{Grothendieck topology}{subsection.1.2}% 22
\BOOKMARK [3][-]{subsubsection.1.2.3}{Site}{subsection.1.2}% 23
\BOOKMARK [2][-]{subsection.1.3}{Results and theorems}{section.1}% 24
\BOOKMARK [3][-]{subsubsection.1.3.1}{Adjunction formula}{subsection.1.3}% 25
\BOOKMARK [3][-]{subsubsection.1.3.2}{Bertini's Theorem}{subsection.1.3}% 26
\BOOKMARK [3][-]{subsubsection.1.3.3}{Euler sequence}{subsection.1.3}% 27
\BOOKMARK [3][-]{subsubsection.1.3.4}{Kodaira vanishing}{subsection.1.3}% 28
\BOOKMARK [3][-]{subsubsection.1.3.5}{Lefschetz hyperplane theorem}{subsection.1.3}% 29
\BOOKMARK [3][-]{subsubsection.1.3.6}{Riemann-Roch for curves}{subsection.1.3}% 30
\BOOKMARK [3][-]{subsubsection.1.3.7}{Semi-continuity theorem}{subsection.1.3}% 31
\BOOKMARK [3][-]{subsubsection.1.3.8}{Serre vanishing}{subsection.1.3}% 32
\BOOKMARK [2][-]{subsection.1.4}{Sheaves and bundles}{section.1}% 33
\BOOKMARK [3][-]{subsubsection.1.4.1}{Ample line bundle}{subsection.1.4}% 34
\BOOKMARK [3][-]{subsubsection.1.4.2}{Invertible sheaf}{subsection.1.4}% 35
\BOOKMARK [3][-]{subsubsection.1.4.3}{Anticanonical sheaf}{subsection.1.4}% 36
\BOOKMARK [3][-]{subsubsection.1.4.4}{Canonical class}{subsection.1.4}% 37
\BOOKMARK [3][-]{subsubsection.1.4.5}{Canonical sheaf}{subsection.1.4}% 38
\BOOKMARK [3][-]{subsubsection.1.4.6}{Sheaf of holomorphic p-forms}{subsection.1.4}% 39
\BOOKMARK [3][-]{subsubsection.1.4.7}{Normal sheaf}{subsection.1.4}% 40
\BOOKMARK [3][-]{subsubsection.1.4.8}{Reflexive sheaf}{subsection.1.4}% 41
\BOOKMARK [3][-]{subsubsection.1.4.9}{Very ample line bundle}{subsection.1.4}% 42
\BOOKMARK [2][-]{subsection.1.5}{Toric geometry}{section.1}% 43
\BOOKMARK [3][-]{subsubsection.1.5.1}{Chow group of a toric variety}{subsection.1.5}% 44
\BOOKMARK [3][-]{subsubsection.1.5.2}{Polarized toric variety}{subsection.1.5}% 45
\BOOKMARK [3][-]{subsubsection.1.5.3}{Toric variety associated to a polytope}{subsection.1.5}% 46
\BOOKMARK [2][-]{subsection.1.6}{Types of varieties}{section.1}% 47
\BOOKMARK [3][-]{subsubsection.1.6.1}{Abelian variety}{subsection.1.6}% 48
\BOOKMARK [3][-]{subsubsection.1.6.2}{Calabi-Yau variety}{subsection.1.6}% 49
\BOOKMARK [3][-]{subsubsection.1.6.3}{del Pezzo surface}{subsection.1.6}% 50
\BOOKMARK [3][-]{subsubsection.1.6.4}{Elliptic curve}{subsection.1.6}% 51
\BOOKMARK [3][-]{subsubsection.1.6.5}{Fano variety}{subsection.1.6}% 52
\BOOKMARK [3][-]{subsubsection.1.6.6}{Jacobian variety}{subsection.1.6}% 53
\BOOKMARK [3][-]{subsubsection.1.6.7}{K3 surface}{subsection.1.6}% 54
\BOOKMARK [1][-]{section.2}{Commutative algebra}{}% 55
\BOOKMARK [2][-]{subsection.2.1}{Modules}{section.2}% 56
\BOOKMARK [3][-]{subsubsection.2.1.1}{Depth}{subsection.2.1}% 57
\BOOKMARK [2][-]{subsection.2.2}{Results and theorems}{section.2}% 58
\BOOKMARK [3][-]{subsubsection.2.2.1}{The Unmixedness Theorem}{subsection.2.2}% 59
\BOOKMARK [2][-]{subsection.2.3}{Rings}{section.2}% 60
\BOOKMARK [3][-]{subsubsection.2.3.1}{Cohen-Macaulay ring}{subsection.2.3}% 61
\BOOKMARK [3][-]{subsubsection.2.3.2}{Depth of a ring}{subsection.2.3}% 62
\BOOKMARK [3][-]{subsubsection.2.3.3}{Gorenstein ring}{subsection.2.3}% 63
\BOOKMARK [3][-]{subsubsection.2.3.4}{Normal ring}{subsection.2.3}% 64
\BOOKMARK [1][-]{section.3}{Convex geometry}{}% 65
\BOOKMARK [2][-]{subsection.3.1}{Cones}{section.3}% 66
\BOOKMARK [3][-]{subsubsection.3.1.1}{Gorenstein cone}{subsection.3.1}% 67
\BOOKMARK [3][-]{subsubsection.3.1.2}{Reflexive Gorenstein cone}{subsection.3.1}% 68
\BOOKMARK [3][-]{subsubsection.3.1.3}{Simplicial cone}{subsection.3.1}% 69
\BOOKMARK [2][-]{subsection.3.2}{Polytopes}{section.3}% 70
\BOOKMARK [3][-]{subsubsection.3.2.1}{Dual \(polar\) polytope}{subsection.3.2}% 71
\BOOKMARK [3][-]{subsubsection.3.2.2}{Gorenstein polytope of index r}{subsection.3.2}% 72
\BOOKMARK [3][-]{subsubsection.3.2.3}{Nef partition}{subsection.3.2}% 73
\BOOKMARK [3][-]{subsubsection.3.2.4}{Reflexive polytope}{subsection.3.2}% 74
\BOOKMARK [1][-]{section.4}{Homological algebra}{}% 75
\BOOKMARK [2][-]{subsection.4.1}{Derived functors}{section.4}% 76
\BOOKMARK [3][-]{subsubsection.4.1.1}{Ext}{subsection.4.1}% 77
\BOOKMARK [3][-]{subsubsection.4.1.2}{Local cohomology}{subsection.4.1}% 78
\BOOKMARK [3][-]{subsubsection.4.1.3}{Tor}{subsection.4.1}% 79
\BOOKMARK [1][-]{section.5}{Differential and complex geometry}{}% 80
\BOOKMARK [2][-]{subsection.5.1}{Definitions and concepts}{section.5}% 81
\BOOKMARK [3][-]{subsubsection.5.1.1}{Almost complex structure}{subsection.5.1}% 82
\BOOKMARK [3][-]{subsubsection.5.1.2}{Connection}{subsection.5.1}% 83
\BOOKMARK [3][-]{subsubsection.5.1.3}{Hermitian manifold}{subsection.5.1}% 84
\BOOKMARK [3][-]{subsubsection.5.1.4}{K\344hler manifold}{subsection.5.1}% 85
\BOOKMARK [3][-]{subsubsection.5.1.5}{Symplectic manifold}{subsection.5.1}% 86
\BOOKMARK [2][-]{subsection.5.2}{Results and theorems}{section.5}% 87
