This is pdfTeX, Version 3.1415926-2.5-1.40.14 (TeX Live 2013) (format=pdflatex 2013.10.31)  19 JAN 2016 18:55
entering extended mode
 restricted \write18 enabled.
 %&-line parsing enabled.
**\input prosjekter2000_2.tex
(./prosjekter2000_2.tex
(/mn/anatu/modules/opt/texlive/2013-uio/uio-texmf/texmf-dist/tex/latex/base/art
icle.cls
Document Class: article 2007/10/19 v1.4h Standard LaTeX document class

(/mn/anatu/modules/opt/texlive/2013-uio/uio-texmf/texmf-dist/tex/latex/base/siz
e11.clo
File: size11.clo 2007/10/19 v1.4h Standard LaTeX file (size option)
)
\c@part=\count79
\c@section=\count80
\c@subsection=\count81
\c@subsubsection=\count82
\c@paragraph=\count83
\c@subparagraph=\count84
\c@figure=\count85
\c@table=\count86
\abovecaptionskip=\skip41
\belowcaptionskip=\skip42
\bibindent=\dimen102
)
(/mn/anatu/modules/opt/texlive/2013-uio/uio-texmf/texmf-dist/tex/latex/base/fon
tenc.sty
Package: fontenc 2005/09/27 v1.99g Standard LaTeX package

(/mn/anatu/modules/opt/texlive/2013-uio/uio-texmf/texmf-dist/tex/latex/base/t1e
nc.def
File: t1enc.def 2005/09/27 v1.99g Standard LaTeX file
LaTeX Font Info:    Redeclaring font encoding T1 on input line 43.
))
(/mn/anatu/modules/opt/texlive/2013-uio/uio-texmf/texmf-dist/tex/latex/base/inp
utenc.sty
Package: inputenc 2008/03/30 v1.1d Input encoding file
\inpenc@prehook=\toks14
\inpenc@posthook=\toks15

(/mn/anatu/modules/opt/texlive/2013-uio/uio-texmf/texmf-dist/tex/latex/base/utf
8.def
File: utf8.def 2008/04/05 v1.1m UTF-8 support for inputenc
Now handling font encoding OML ...
... no UTF-8 mapping file for font encoding OML
Now handling font encoding T1 ...
... processing UTF-8 mapping file for font encoding T1

(/mn/anatu/modules/opt/texlive/2013-uio/uio-texmf/texmf-dist/tex/latex/base/t1e
nc.dfu
File: t1enc.dfu 2008/04/05 v1.1m UTF-8 support for inputenc
   defining Unicode char U+00A1 (decimal 161)
   defining Unicode char U+00A3 (decimal 163)
   defining Unicode char U+00AB (decimal 171)
   defining Unicode char U+00BB (decimal 187)
   defining Unicode char U+00BF (decimal 191)
   defining Unicode char U+00C0 (decimal 192)
   defining Unicode char U+00C1 (decimal 193)
   defining Unicode char U+00C2 (decimal 194)
   defining Unicode char U+00C3 (decimal 195)
   defining Unicode char U+00C4 (decimal 196)
   defining Unicode char U+00C5 (decimal 197)
   defining Unicode char U+00C6 (decimal 198)
   defining Unicode char U+00C7 (decimal 199)
   defining Unicode char U+00C8 (decimal 200)
   defining Unicode char U+00C9 (decimal 201)
   defining Unicode char U+00CA (decimal 202)
   defining Unicode char U+00CB (decimal 203)
   defining Unicode char U+00CC (decimal 204)
   defining Unicode char U+00CD (decimal 205)
   defining Unicode char U+00CE (decimal 206)
   defining Unicode char U+00CF (decimal 207)
   defining Unicode char U+00D0 (decimal 208)
   defining Unicode char U+00D1 (decimal 209)
   defining Unicode char U+00D2 (decimal 210)
   defining Unicode char U+00D3 (decimal 211)
   defining Unicode char U+00D4 (decimal 212)
   defining Unicode char U+00D5 (decimal 213)
   defining Unicode char U+00D6 (decimal 214)
   defining Unicode char U+00D8 (decimal 216)
   defining Unicode char U+00D9 (decimal 217)
   defining Unicode char U+00DA (decimal 218)
   defining Unicode char U+00DB (decimal 219)
   defining Unicode char U+00DC (decimal 220)
   defining Unicode char U+00DD (decimal 221)
   defining Unicode char U+00DE (decimal 222)
   defining Unicode char U+00DF (decimal 223)
   defining Unicode char U+00E0 (decimal 224)
   defining Unicode char U+00E1 (decimal 225)
   defining Unicode char U+00E2 (decimal 226)
   defining Unicode char U+00E3 (decimal 227)
   defining Unicode char U+00E4 (decimal 228)
   defining Unicode char U+00E5 (decimal 229)
   defining Unicode char U+00E6 (decimal 230)
   defining Unicode char U+00E7 (decimal 231)
   defining Unicode char U+00E8 (decimal 232)
   defining Unicode char U+00E9 (decimal 233)
   defining Unicode char U+00EA (decimal 234)
   defining Unicode char U+00EB (decimal 235)
   defining Unicode char U+00EC (decimal 236)
   defining Unicode char U+00ED (decimal 237)
   defining Unicode char U+00EE (decimal 238)
   defining Unicode char U+00EF (decimal 239)
   defining Unicode char U+00F0 (decimal 240)
   defining Unicode char U+00F1 (decimal 241)
   defining Unicode char U+00F2 (decimal 242)
   defining Unicode char U+00F3 (decimal 243)
   defining Unicode char U+00F4 (decimal 244)
   defining Unicode char U+00F5 (decimal 245)
   defining Unicode char U+00F6 (decimal 246)
   defining Unicode char U+00F8 (decimal 248)
   defining Unicode char U+00F9 (decimal 249)
   defining Unicode char U+00FA (decimal 250)
   defining Unicode char U+00FB (decimal 251)
   defining Unicode char U+00FC (decimal 252)
   defining Unicode char U+00FD (decimal 253)
   defining Unicode char U+00FE (decimal 254)
   defining Unicode char U+00FF (decimal 255)
   defining Unicode char U+0102 (decimal 258)
   defining Unicode char U+0103 (decimal 259)
   defining Unicode char U+0104 (decimal 260)
   defining Unicode char U+0105 (decimal 261)
   defining Unicode char U+0106 (decimal 262)
   defining Unicode char U+0107 (decimal 263)
   defining Unicode char U+010C (decimal 268)
   defining Unicode char U+010D (decimal 269)
   defining Unicode char U+010E (decimal 270)
   defining Unicode char U+010F (decimal 271)
   defining Unicode char U+0110 (decimal 272)
   defining Unicode char U+0111 (decimal 273)
   defining Unicode char U+0118 (decimal 280)
   defining Unicode char U+0119 (decimal 281)
   defining Unicode char U+011A (decimal 282)
   defining Unicode char U+011B (decimal 283)
   defining Unicode char U+011E (decimal 286)
   defining Unicode char U+011F (decimal 287)
   defining Unicode char U+0130 (decimal 304)
   defining Unicode char U+0131 (decimal 305)
   defining Unicode char U+0132 (decimal 306)
   defining Unicode char U+0133 (decimal 307)
   defining Unicode char U+0139 (decimal 313)
   defining Unicode char U+013A (decimal 314)
   defining Unicode char U+013D (decimal 317)
   defining Unicode char U+013E (decimal 318)
   defining Unicode char U+0141 (decimal 321)
   defining Unicode char U+0142 (decimal 322)
   defining Unicode char U+0143 (decimal 323)
   defining Unicode char U+0144 (decimal 324)
   defining Unicode char U+0147 (decimal 327)
   defining Unicode char U+0148 (decimal 328)
   defining Unicode char U+014A (decimal 330)
   defining Unicode char U+014B (decimal 331)
   defining Unicode char U+0150 (decimal 336)
   defining Unicode char U+0151 (decimal 337)
   defining Unicode char U+0152 (decimal 338)
   defining Unicode char U+0153 (decimal 339)
   defining Unicode char U+0154 (decimal 340)
   defining Unicode char U+0155 (decimal 341)
   defining Unicode char U+0158 (decimal 344)
   defining Unicode char U+0159 (decimal 345)
   defining Unicode char U+015A (decimal 346)
   defining Unicode char U+015B (decimal 347)
   defining Unicode char U+015E (decimal 350)
   defining Unicode char U+015F (decimal 351)
   defining Unicode char U+0160 (decimal 352)
   defining Unicode char U+0161 (decimal 353)
   defining Unicode char U+0162 (decimal 354)
   defining Unicode char U+0163 (decimal 355)
   defining Unicode char U+0164 (decimal 356)
   defining Unicode char U+0165 (decimal 357)
   defining Unicode char U+016E (decimal 366)
   defining Unicode char U+016F (decimal 367)
   defining Unicode char U+0170 (decimal 368)
   defining Unicode char U+0171 (decimal 369)
   defining Unicode char U+0178 (decimal 376)
   defining Unicode char U+0179 (decimal 377)
   defining Unicode char U+017A (decimal 378)
   defining Unicode char U+017B (decimal 379)
   defining Unicode char U+017C (decimal 380)
   defining Unicode char U+017D (decimal 381)
   defining Unicode char U+017E (decimal 382)
   defining Unicode char U+200C (decimal 8204)
   defining Unicode char U+2013 (decimal 8211)
   defining Unicode char U+2014 (decimal 8212)
   defining Unicode char U+2018 (decimal 8216)
   defining Unicode char U+2019 (decimal 8217)
   defining Unicode char U+201A (decimal 8218)
   defining Unicode char U+201C (decimal 8220)
   defining Unicode char U+201D (decimal 8221)
   defining Unicode char U+201E (decimal 8222)
   defining Unicode char U+2030 (decimal 8240)
   defining Unicode char U+2031 (decimal 8241)
   defining Unicode char U+2039 (decimal 8249)
   defining Unicode char U+203A (decimal 8250)
   defining Unicode char U+2423 (decimal 9251)
)
Now handling font encoding OT1 ...
... processing UTF-8 mapping file for font encoding OT1

(/mn/anatu/modules/opt/texlive/2013-uio/uio-texmf/texmf-dist/tex/latex/base/ot1
enc.dfu
File: ot1enc.dfu 2008/04/05 v1.1m UTF-8 support for inputenc
   defining Unicode char U+00A1 (decimal 161)
   defining Unicode char U+00A3 (decimal 163)
   defining Unicode char U+00B8 (decimal 184)
   defining Unicode char U+00BF (decimal 191)
   defining Unicode char U+00C5 (decimal 197)
   defining Unicode char U+00C6 (decimal 198)
   defining Unicode char U+00D8 (decimal 216)
   defining Unicode char U+00DF (decimal 223)
   defining Unicode char U+00E6 (decimal 230)
   defining Unicode char U+00EC (decimal 236)
   defining Unicode char U+00ED (decimal 237)
   defining Unicode char U+00EE (decimal 238)
   defining Unicode char U+00EF (decimal 239)
   defining Unicode char U+00F8 (decimal 248)
   defining Unicode char U+0131 (decimal 305)
   defining Unicode char U+0141 (decimal 321)
   defining Unicode char U+0142 (decimal 322)
   defining Unicode char U+0152 (decimal 338)
   defining Unicode char U+0153 (decimal 339)
   defining Unicode char U+2013 (decimal 8211)
   defining Unicode char U+2014 (decimal 8212)
   defining Unicode char U+2018 (decimal 8216)
   defining Unicode char U+2019 (decimal 8217)
   defining Unicode char U+201C (decimal 8220)
   defining Unicode char U+201D (decimal 8221)
)
Now handling font encoding OMS ...
... processing UTF-8 mapping file for font encoding OMS

(/mn/anatu/modules/opt/texlive/2013-uio/uio-texmf/texmf-dist/tex/latex/base/oms
enc.dfu
File: omsenc.dfu 2008/04/05 v1.1m UTF-8 support for inputenc
   defining Unicode char U+00A7 (decimal 167)
   defining Unicode char U+00B6 (decimal 182)
   defining Unicode char U+00B7 (decimal 183)
   defining Unicode char U+2020 (decimal 8224)
   defining Unicode char U+2021 (decimal 8225)
   defining Unicode char U+2022 (decimal 8226)
)
Now handling font encoding OMX ...
... no UTF-8 mapping file for font encoding OMX
Now handling font encoding U ...
... no UTF-8 mapping file for font encoding U
   defining Unicode char U+00A9 (decimal 169)
   defining Unicode char U+00AA (decimal 170)
   defining Unicode char U+00AE (decimal 174)
   defining Unicode char U+00BA (decimal 186)
   defining Unicode char U+02C6 (decimal 710)
   defining Unicode char U+02DC (decimal 732)
   defining Unicode char U+200C (decimal 8204)
   defining Unicode char U+2026 (decimal 8230)
   defining Unicode char U+2122 (decimal 8482)
   defining Unicode char U+2423 (decimal 9251)
))
(/mn/anatu/modules/opt/texlive/2013-uio/uio-texmf/texmf-dist/tex/generic/babel/
babel.sty
Package: babel 2013/10/10 3.9g The Babel package

(/mn/anatu/modules/opt/texlive/2013-uio/uio-texmf/texmf-dist/tex/generic/babel-
english/english.ldf
Language: english 2012/08/20 v3.3p English support from the babel system

(/mn/anatu/modules/opt/texlive/2013-uio/uio-texmf/texmf-dist/tex/generic/babel/
babel.def
File: babel.def 2013/10/10 3.9g Babel common definitions
\babel@savecnt=\count87
\U@D=\dimen103
)
\l@canadian = a dialect from \language\l@american 
\l@australian = a dialect from \language\l@british 
\l@newzealand = a dialect from \language\l@british 

*************************************
* Local config file english.cfg used
*
(/site/share/texlive/texmf/tex/generic/uio/english.cfg
(/site/share/texlive/texmf/tex/generic/uio/lenglish.cfg)))
(/mn/anatu/modules/opt/texlive/2013-uio/uio-texmf/texmf-dist/tex/generic/babel-
norsk/norsk.ldf
Language: norsk 2012/08/06 v2.0i Norsk support from the babel system
Package babel Info: Making " an active character on input line 113.

*************************************
* Local config file norsk.cfg used
*
(/site/share/texlive/texmf/tex/generic/uio/norsk.cfg
(/site/share/texlive/texmf/tex/generic/uio/lnorsk.cfg))))
(/mn/anatu/modules/opt/texlive/2013-uio/uio-texmf/texmf-dist/tex/latex/amsfonts
/amssymb.sty
Package: amssymb 2013/01/14 v3.01 AMS font symbols

(/mn/anatu/modules/opt/texlive/2013-uio/uio-texmf/texmf-dist/tex/latex/amsfonts
/amsfonts.sty
Package: amsfonts 2013/01/14 v3.01 Basic AMSFonts support
\@emptytoks=\toks16
\symAMSa=\mathgroup4
\symAMSb=\mathgroup5
LaTeX Font Info:    Overwriting math alphabet `\mathfrak' in version `bold'
(Font)                  U/euf/m/n --> U/euf/b/n on input line 106.
))
(/mn/anatu/modules/opt/texlive/2013-uio/uio-texmf/texmf-dist/tex/latex/amsmath/
amsmath.sty
Package: amsmath 2013/01/14 v2.14 AMS math features
\@mathmargin=\skip43

For additional information on amsmath, use the `?' option.

(/mn/anatu/modules/opt/texlive/2013-uio/uio-texmf/texmf-dist/tex/latex/amsmath/
amstext.sty
Package: amstext 2000/06/29 v2.01

(/mn/anatu/modules/opt/texlive/2013-uio/uio-texmf/texmf-dist/tex/latex/amsmath/
amsgen.sty
File: amsgen.sty 1999/11/30 v2.0
\@emptytoks=\toks17
\ex@=\dimen104
))
(/mn/anatu/modules/opt/texlive/2013-uio/uio-texmf/texmf-dist/tex/latex/amsmath/
amsbsy.sty
Package: amsbsy 1999/11/29 v1.2d
\pmbraise@=\dimen105
)
(/mn/anatu/modules/opt/texlive/2013-uio/uio-texmf/texmf-dist/tex/latex/amsmath/
amsopn.sty
Package: amsopn 1999/12/14 v2.01 operator names
)
\inf@bad=\count88
LaTeX Info: Redefining \frac on input line 210.
\uproot@=\count89
\leftroot@=\count90
LaTeX Info: Redefining \overline on input line 306.
\classnum@=\count91
\DOTSCASE@=\count92
LaTeX Info: Redefining \ldots on input line 378.
LaTeX Info: Redefining \dots on input line 381.
LaTeX Info: Redefining \cdots on input line 466.
\Mathstrutbox@=\box26
\strutbox@=\box27
\big@size=\dimen106
LaTeX Font Info:    Redeclaring font encoding OML on input line 566.
LaTeX Font Info:    Redeclaring font encoding OMS on input line 567.
\macc@depth=\count93
\c@MaxMatrixCols=\count94
\dotsspace@=\muskip10
\c@parentequation=\count95
\dspbrk@lvl=\count96
\tag@help=\toks18
\row@=\count97
\column@=\count98
\maxfields@=\count99
\andhelp@=\toks19
\eqnshift@=\dimen107
\alignsep@=\dimen108
\tagshift@=\dimen109
\tagwidth@=\dimen110
\totwidth@=\dimen111
\lineht@=\dimen112
\@envbody=\toks20
\multlinegap=\skip44
\multlinetaggap=\skip45
\mathdisplay@stack=\toks21
LaTeX Info: Redefining \[ on input line 2665.
LaTeX Info: Redefining \] on input line 2666.
)
(/mn/anatu/modules/opt/texlive/2013-uio/uio-texmf/texmf-dist/tex/latex/amscls/a
msthm.sty
Package: amsthm 2004/08/06 v2.20
\thm@style=\toks22
\thm@bodyfont=\toks23
\thm@headfont=\toks24
\thm@notefont=\toks25
\thm@headpunct=\toks26
\thm@preskip=\skip46
\thm@postskip=\skip47
\thm@headsep=\skip48
\dth@everypar=\toks27
)
(/mn/anatu/modules/opt/texlive/2013-uio/uio-texmf/texmf-dist/tex/latex/jknapltx
/mathrsfs.sty
Package: mathrsfs 1996/01/01 Math RSFS package v1.0 (jk)
\symrsfs=\mathgroup6
)
(/mn/anatu/modules/opt/texlive/2013-uio/uio-texmf/texmf-dist/tex/latex/url/url.
sty
\Urlmuskip=\muskip11
Package: url 2006/04/12  ver 3.3  Verb mode for urls, etc.
) (/uio/hume/student-u57/fredrme/latexpakker/thmtools/thmtools.sty
Package: thmtools 2012/05/04 v63
\thmt@toks=\toks28
\c@thmt@dummyctr=\count100

(/uio/hume/student-u57/fredrme/latexpakker/thmtools/thm-patch.sty
Package: thm-patch 2012/05/04 v63

(/uio/hume/student-u57/fredrme/latexpakker/thmtools/parseargs.sty
Package: parseargs 2012/05/04 v63
\@parsespec=\toks29
))
(/uio/hume/student-u57/fredrme/latexpakker/thmtools/thm-kv.sty
Package: thm-kv 2012/05/04 v63
Package thm-kv Info: Theorem names will be uppercased on input line 40.

(/mn/anatu/modules/opt/texlive/2013-uio/uio-texmf/texmf-dist/tex/latex/graphics
/keyval.sty
Package: keyval 1999/03/16 v1.13 key=value parser (DPC)
\KV@toks@=\toks30
)
(/mn/anatu/modules/opt/texlive/2013-uio/uio-texmf/texmf-dist/tex/generic/oberdi
ek/kvsetkeys.sty
Package: kvsetkeys 2012/04/25 v1.16 Key value parser (HO)

(/mn/anatu/modules/opt/texlive/2013-uio/uio-texmf/texmf-dist/tex/generic/oberdi
ek/infwarerr.sty
Package: infwarerr 2010/04/08 v1.3 Providing info/warning/error messages (HO)
)
(/mn/anatu/modules/opt/texlive/2013-uio/uio-texmf/texmf-dist/tex/generic/oberdi
ek/etexcmds.sty
Package: etexcmds 2011/02/16 v1.5 Avoid name clashes with e-TeX commands (HO)

(/mn/anatu/modules/opt/texlive/2013-uio/uio-texmf/texmf-dist/tex/generic/oberdi
ek/ifluatex.sty
Package: ifluatex 2010/03/01 v1.3 Provides the ifluatex switch (HO)
Package ifluatex Info: LuaTeX not detected.
)
Package etexcmds Info: Could not find \expanded.
(etexcmds)             That can mean that you are not using pdfTeX 1.50 or
(etexcmds)             that some package has redefined \expanded.
(etexcmds)             In the latter case, load this package earlier.
))
Package thm-kv Info: kvsetkeys patch (v1.16 or later) on input line 156.
)
(/uio/hume/student-u57/fredrme/latexpakker/thmtools/thm-autoref.sty
Package: thm-autoref 2012/05/04 v63

(/uio/hume/student-u57/fredrme/latexpakker/thmtools/aliasctr.sty
Package: aliasctr 2012/05/04 v63

(/mn/anatu/modules/opt/texlive/2013-uio/uio-texmf/texmf-dist/tex/latex/carlisle
/remreset.sty)))
(/uio/hume/student-u57/fredrme/latexpakker/thmtools/thm-listof.sty
Package: thm-listof 2012/05/04 v63
)
(/uio/hume/student-u57/fredrme/latexpakker/thmtools/thm-restate.sty
Package: thm-restate 2012/05/04 v63
)
(/uio/hume/student-u57/fredrme/latexpakker/thmtools/thm-amsthm.sty
Package: thm-amsthm 2012/05/04 v63
\thmt@style@headstyle=\toks31
))
(/mn/anatu/modules/opt/texlive/2013-uio/uio-texmf/texmf-dist/tex/latex/tools/en
umerate.sty
Package: enumerate 1999/03/05 v3.00 enumerate extensions (DPC)
\@enLab=\toks32
)
(/mn/anatu/modules/opt/texlive/2013-uio/uio-texmf/texmf-dist/tex/latex/float/fl
oat.sty
Package: float 2001/11/08 v1.3d Float enhancements (AL)
\c@float@type=\count101
\float@exts=\toks33
\float@box=\box28
\@float@everytoks=\toks34
\@floatcapt=\box29
)
(/mn/anatu/modules/opt/texlive/2013-uio/uio-texmf/texmf-dist/tex/latex/caption/
subcaption.sty
Package: subcaption 2013/02/03 v1.1-62 Sub-captions (AR)

(/mn/anatu/modules/opt/texlive/2013-uio/uio-texmf/texmf-dist/tex/latex/caption/
caption.sty
Package: caption 2013/05/02 v3.3-89 Customizing captions (AR)

(/mn/anatu/modules/opt/texlive/2013-uio/uio-texmf/texmf-dist/tex/latex/caption/
caption3.sty
Package: caption3 2013/05/02 v1.6-88 caption3 kernel (AR)
Package caption3 Info: TeX engine: e-TeX on input line 57.
\captionmargin=\dimen113
\captionmargin@=\dimen114
\captionwidth=\dimen115
\caption@tempdima=\dimen116
\caption@indent=\dimen117
\caption@parindent=\dimen118
\caption@hangindent=\dimen119
)
\c@ContinuedFloat=\count102
Package caption Info: float package is loaded.
)
\c@subfigure=\count103
\c@subtable=\count104
)
(/mn/anatu/modules/opt/texlive/2013-uio/uio-texmf/texmf-dist/tex/generic/xypic/
xy.sty
(/mn/anatu/modules/opt/texlive/2013-uio/uio-texmf/texmf-dist/tex/generic/xypic/
xy.tex Bootstrap'ing: catcodes, docmode,
(/mn/anatu/modules/opt/texlive/2013-uio/uio-texmf/texmf-dist/tex/generic/xypic/
xyrecat.tex)
(/mn/anatu/modules/opt/texlive/2013-uio/uio-texmf/texmf-dist/tex/generic/xypic/
xyidioms.tex)

 Xy-pic version 3.8.9 <2013/10/06>
 Copyright (c) 1991-2013 by Kristoffer H. Rose <krisrose@tug.org> and others
 Xy-pic is free software: see the User's Guide for details.

Loading kernel: messages; fonts; allocations: state,
\X@c=\dimen120
\Y@c=\dimen121
\U@c=\dimen122
\D@c=\dimen123
\L@c=\dimen124
\R@c=\dimen125
\Edge@c=\toks35
\X@p=\dimen126
\Y@p=\dimen127
\U@p=\dimen128
\D@p=\dimen129
\L@p=\dimen130
\R@p=\dimen131
\Edge@p=\toks36
\X@origin=\dimen132
\Y@origin=\dimen133
\X@xbase=\dimen134
\Y@xbase=\dimen135
\X@ybase=\dimen136
\Y@ybase=\dimen137
\X@min=\dimen138
\Y@min=\dimen139
\X@max=\dimen140
\Y@max=\dimen141
\lastobjectbox@=\box30
\zerodotbox@=\box31
\almostz@=\dimen142
 direction,
\d@X=\dimen143
\d@Y=\dimen144
\K@=\count105
\KK@=\count106
\Direction=\count107
\K@dXdY=\dimen145
\K@dYdX=\dimen146
\xyread@=\read1
\xywrite@=\write3
\csp@=\count108
\quotPTK@=\dimen147

utility macros; pictures: \xy, positions,
\swaptoks@@=\toks37
\connectobjectbox@@=\box32
 objects,
\styletoks@=\toks38
 decorations;
kernel objects: directionals, circles, text; options; algorithms: directions,
edges, connections;  Xy-pic loaded)
(/mn/anatu/modules/opt/texlive/2013-uio/uio-texmf/texmf-dist/tex/generic/oberdi
ek/ifpdf.sty
Package: ifpdf 2011/01/30 v2.3 Provides the ifpdf switch (HO)
Package ifpdf Info: pdfTeX in PDF mode is detected.
)
Package: xy 2013/10/06 Xy-pic version 3.8.9

(/mn/anatu/modules/opt/texlive/2013-uio/uio-texmf/texmf-dist/tex/generic/xypic/
xyall.tex  Xy-pic option: All features v.3.8
(/mn/anatu/modules/opt/texlive/2013-uio/uio-texmf/texmf-dist/tex/generic/xypic/
xycurve.tex  Xy-pic option: Curve and Spline extension v.3.12 curve,
\crv@cnt@=\count109
\crvpts@=\toks39
\splinebox@=\box33
\splineval@=\dimen148
\splinedepth@=\dimen149
\splinetol@=\dimen150
\splinelength@=\dimen151
 circles,
\L@=\dimen152

loaded)
(/mn/anatu/modules/opt/texlive/2013-uio/uio-texmf/texmf-dist/tex/generic/xypic/
xyframe.tex  Xy-pic option: Frame and Bracket extension v.3.14 loaded)
(/mn/anatu/modules/opt/texlive/2013-uio/uio-texmf/texmf-dist/tex/generic/xypic/
xycmtip.tex  Xy-pic option: Computer Modern tip extension v.3.7
(/mn/anatu/modules/opt/texlive/2013-uio/uio-texmf/texmf-dist/tex/generic/xypic/
xytips.tex  Xy-pic option: More Tips extension v.3.11 loaded) loaded)
(/mn/anatu/modules/opt/texlive/2013-uio/uio-texmf/texmf-dist/tex/generic/xypic/
xyline.tex  Xy-pic option: Line styles extension v.3.10
\xylinethick@=\dimen153
 loaded)
(/mn/anatu/modules/opt/texlive/2013-uio/uio-texmf/texmf-dist/tex/generic/xypic/
xyrotate.tex  Xy-pic option: Rotate and Scale extension v.3.8 loaded)
(/mn/anatu/modules/opt/texlive/2013-uio/uio-texmf/texmf-dist/tex/generic/xypic/
xycolor.tex  Xy-pic option: Colour extension v.3.11 loaded)
(/mn/anatu/modules/opt/texlive/2013-uio/uio-texmf/texmf-dist/tex/generic/xypic/
xymatrix.tex  Xy-pic option: Matrix feature v.3.14
\Row=\count110
\Col=\count111
\queue@=\toks40
\queue@@=\toks41
\qcount@=\count112
\qcount@@=\count113
\matrixsize@=\count114
 loaded)
(/mn/anatu/modules/opt/texlive/2013-uio/uio-texmf/texmf-dist/tex/generic/xypic/
xyarrow.tex  Xy-pic option: Arrow and Path feature v.3.9 path, \ar, loaded)
(/mn/anatu/modules/opt/texlive/2013-uio/uio-texmf/texmf-dist/tex/generic/xypic/
xygraph.tex  Xy-pic option: Graph feature v.3.11 loaded) loaded)
(/mn/anatu/modules/opt/texlive/2013-uio/uio-texmf/texmf-dist/tex/generic/xypic/
xypdf.tex  Xy-pic option: PDF driver v.1.7
Xy-pic pdf driver: `color' extension support
(/mn/anatu/modules/opt/texlive/2013-uio/uio-texmf/texmf-dist/tex/generic/xypic/
xypdf-co.tex loaded) Xy-pic pdf driver: `curve' extension support
(/mn/anatu/modules/opt/texlive/2013-uio/uio-texmf/texmf-dist/tex/generic/xypic/
xypdf-cu.tex loaded) Xy-pic pdf driver: `frame' extension support
(/mn/anatu/modules/opt/texlive/2013-uio/uio-texmf/texmf-dist/tex/generic/xypic/
xypdf-fr.tex loaded) Xy-pic pdf driver: `line' extension support
(/mn/anatu/modules/opt/texlive/2013-uio/uio-texmf/texmf-dist/tex/generic/xypic/
xypdf-li.tex loaded) Xy-pic pdf driver: `rotate' extension support
(/mn/anatu/modules/opt/texlive/2013-uio/uio-texmf/texmf-dist/tex/generic/xypic/
xypdf-ro.tex loaded) loaded))
(/mn/anatu/modules/opt/texlive/2013-uio/uio-texmf/texmf-dist/tex/latex/wrapfig/
wrapfig.sty
\wrapoverhang=\dimen154
\WF@size=\dimen155
\c@WF@wrappedlines=\count115
\WF@box=\box34
\WF@everypar=\toks42
Package: wrapfig 2003/01/31  v 3.6
)
(/mn/anatu/modules/opt/texlive/2013-uio/uio-texmf/texmf-dist/tex/latex/hyperref
/hyperref.sty
Package: hyperref 2012/11/06 v6.83m Hypertext links for LaTeX

(/mn/anatu/modules/opt/texlive/2013-uio/uio-texmf/texmf-dist/tex/generic/oberdi
ek/hobsub-hyperref.sty
Package: hobsub-hyperref 2012/05/28 v1.13 Bundle oberdiek, subset hyperref (HO)


(/mn/anatu/modules/opt/texlive/2013-uio/uio-texmf/texmf-dist/tex/generic/oberdi
ek/hobsub-generic.sty
Package: hobsub-generic 2012/05/28 v1.13 Bundle oberdiek, subset generic (HO)
Package: hobsub 2012/05/28 v1.13 Construct package bundles (HO)
Package hobsub Info: Skipping package `infwarerr' (already loaded).
Package: ltxcmds 2011/11/09 v1.22 LaTeX kernel commands for general use (HO)
Package hobsub Info: Skipping package `ifluatex' (already loaded).
Package: ifvtex 2010/03/01 v1.5 Detect VTeX and its facilities (HO)
Package ifvtex Info: VTeX not detected.
Package: intcalc 2007/09/27 v1.1 Expandable calculations with integers (HO)
Package hobsub Info: Skipping package `ifpdf' (already loaded).
Package hobsub Info: Skipping package `etexcmds' (already loaded).
Package hobsub Info: Skipping package `kvsetkeys' (already loaded).
Package: kvdefinekeys 2011/04/07 v1.3 Define keys (HO)
Package: pdftexcmds 2011/11/29 v0.20 Utility functions of pdfTeX for LuaTeX (HO
)
Package pdftexcmds Info: LuaTeX not detected.
Package pdftexcmds Info: \pdf@primitive is available.
Package pdftexcmds Info: \pdf@ifprimitive is available.
Package pdftexcmds Info: \pdfdraftmode found.
Package: pdfescape 2011/11/25 v1.13 Implements pdfTeX's escape features (HO)
Package: bigintcalc 2012/04/08 v1.3 Expandable calculations on big integers (HO
)
Package: bitset 2011/01/30 v1.1 Handle bit-vector datatype (HO)
Package: uniquecounter 2011/01/30 v1.2 Provide unlimited unique counter (HO)
)
Package hobsub Info: Skipping package `hobsub' (already loaded).
Package: letltxmacro 2010/09/02 v1.4 Let assignment for LaTeX macros (HO)
Package: hopatch 2012/05/28 v1.2 Wrapper for package hooks (HO)
Package: xcolor-patch 2011/01/30 xcolor patch
Package: atveryend 2011/06/30 v1.8 Hooks at the very end of document (HO)
Package atveryend Info: \enddocument detected (standard20110627).
Package: atbegshi 2011/10/05 v1.16 At begin shipout hook (HO)
Package: refcount 2011/10/16 v3.4 Data extraction from label references (HO)
Package: hycolor 2011/01/30 v1.7 Color options for hyperref/bookmark (HO)
)
(/mn/anatu/modules/opt/texlive/2013-uio/uio-texmf/texmf-dist/tex/generic/ifxete
x/ifxetex.sty
Package: ifxetex 2010/09/12 v0.6 Provides ifxetex conditional
)
(/mn/anatu/modules/opt/texlive/2013-uio/uio-texmf/texmf-dist/tex/latex/oberdiek
/auxhook.sty
Package: auxhook 2011/03/04 v1.3 Hooks for auxiliary files (HO)
)
(/mn/anatu/modules/opt/texlive/2013-uio/uio-texmf/texmf-dist/tex/latex/oberdiek
/kvoptions.sty
Package: kvoptions 2011/06/30 v3.11 Key value format for package options (HO)
)
\@linkdim=\dimen156
\Hy@linkcounter=\count116
\Hy@pagecounter=\count117

(/mn/anatu/modules/opt/texlive/2013-uio/uio-texmf/texmf-dist/tex/latex/hyperref
/pd1enc.def
File: pd1enc.def 2012/11/06 v6.83m Hyperref: PDFDocEncoding definition (HO)
Now handling font encoding PD1 ...
... no UTF-8 mapping file for font encoding PD1
)
\Hy@SavedSpaceFactor=\count118

(/mn/anatu/modules/opt/texlive/2013-uio/uio-texmf/texmf-dist/tex/latex/latexcon
fig/hyperref.cfg
File: hyperref.cfg 2002/06/06 v1.2 hyperref configuration of TeXLive
)
Package hyperref Info: Hyper figures OFF on input line 4443.
Package hyperref Info: Link nesting OFF on input line 4448.
Package hyperref Info: Hyper index ON on input line 4451.
Package hyperref Info: Plain pages OFF on input line 4458.
Package hyperref Info: Backreferencing OFF on input line 4463.
Package hyperref Info: Implicit mode ON; LaTeX internals redefined.
Package hyperref Info: Bookmarks ON on input line 4688.
\c@Hy@tempcnt=\count119
LaTeX Info: Redefining \url on input line 5041.
\XeTeXLinkMargin=\dimen157
\Fld@menulength=\count120
\Field@Width=\dimen158
\Fld@charsize=\dimen159
Package hyperref Info: Hyper figures OFF on input line 6295.
Package hyperref Info: Link nesting OFF on input line 6300.
Package hyperref Info: Hyper index ON on input line 6303.
Package hyperref Info: backreferencing OFF on input line 6310.
Package hyperref Info: Link coloring OFF on input line 6315.
Package hyperref Info: Link coloring with OCG OFF on input line 6320.
Package hyperref Info: PDF/A mode OFF on input line 6325.
LaTeX Info: Redefining \ref on input line 6365.
LaTeX Info: Redefining \pageref on input line 6369.
\Hy@abspage=\count121
\c@Item=\count122
\c@Hfootnote=\count123
)

Package hyperref Message: Driver (autodetected): hpdftex.


(/mn/anatu/modules/opt/texlive/2013-uio/uio-texmf/texmf-dist/tex/latex/hyperref
/hpdftex.def
File: hpdftex.def 2012/11/06 v6.83m Hyperref driver for pdfTeX
\Fld@listcount=\count124
\c@bookmark@seq@number=\count125

(/mn/anatu/modules/opt/texlive/2013-uio/uio-texmf/texmf-dist/tex/latex/oberdiek
/rerunfilecheck.sty
Package: rerunfilecheck 2011/04/15 v1.7 Rerun checks for auxiliary files (HO)
Package uniquecounter Info: New unique counter `rerunfilecheck' on input line 2
82.
)
\Hy@SectionHShift=\skip49
) (./mystyle.sty
\c@thm=\count126
\c@oppg=\count127
\c@losn=\count128
\c@exc=\count129
\c@sol=\count130
) (./prosjekter2000_2.aux)
\openout1 = `prosjekter2000_2.aux'.

LaTeX Font Info:    Checking defaults for OML/cmm/m/it on input line 22.
LaTeX Font Info:    ... okay on input line 22.
LaTeX Font Info:    Checking defaults for T1/cmr/m/n on input line 22.
LaTeX Font Info:    ... okay on input line 22.
LaTeX Font Info:    Checking defaults for OT1/cmr/m/n on input line 22.
LaTeX Font Info:    ... okay on input line 22.
LaTeX Font Info:    Checking defaults for OMS/cmsy/m/n on input line 22.
LaTeX Font Info:    ... okay on input line 22.
LaTeX Font Info:    Checking defaults for OMX/cmex/m/n on input line 22.
LaTeX Font Info:    ... okay on input line 22.
LaTeX Font Info:    Checking defaults for U/cmr/m/n on input line 22.
LaTeX Font Info:    ... okay on input line 22.
LaTeX Font Info:    Checking defaults for PD1/pdf/m/n on input line 22.
LaTeX Font Info:    ... okay on input line 22.
Package caption Info: Begin \AtBeginDocument code.
Package caption Info: hyperref package is loaded.
Package caption Info: wrapfig package is loaded.
Package caption Info: End \AtBeginDocument code.
LaTeX Font Info:    Try loading font information for U+msa on input line 22.

(/mn/anatu/modules/opt/texlive/2013-uio/uio-texmf/texmf-dist/tex/latex/amsfonts
/umsa.fd
File: umsa.fd 2013/01/14 v3.01 AMS symbols A
)
LaTeX Font Info:    Try loading font information for U+msb on input line 22.

(/mn/anatu/modules/opt/texlive/2013-uio/uio-texmf/texmf-dist/tex/latex/amsfonts
/umsb.fd
File: umsb.fd 2013/01/14 v3.01 AMS symbols B
)
LaTeX Font Info:    Try loading font information for U+rsfs on input line 22.

(/mn/anatu/modules/opt/texlive/2013-uio/uio-texmf/texmf-dist/tex/latex/jknapltx
/ursfs.fd
File: ursfs.fd 1998/03/24 rsfs font definition file (jk)
)
Package xypdf Info: Line width: 0.43799pt on input line 22.
\AtBeginShipoutBox=\box35
Package hyperref Info: Link coloring OFF on input line 22.

(/mn/anatu/modules/opt/texlive/2013-uio/uio-texmf/texmf-dist/tex/latex/hyperref
/nameref.sty
Package: nameref 2012/10/27 v2.43 Cross-referencing by name of section

(/mn/anatu/modules/opt/texlive/2013-uio/uio-texmf/texmf-dist/tex/generic/oberdi
ek/gettitlestring.sty
Package: gettitlestring 2010/12/03 v1.4 Cleanup title references (HO)
)
\c@section@level=\count131
)
LaTeX Info: Redefining \ref on input line 22.
LaTeX Info: Redefining \pageref on input line 22.
LaTeX Info: Redefining \nameref on input line 22.
 (./prosjekter2000_2.out) (./prosjekter2000_2.out)
\@outlinefile=\write4
\openout4 = `prosjekter2000_2.out'.

Package atveryend Info: Empty hook `BeforeClearDocument' on input line 41.

[1

{/mn/anatu/modules/opt/texlive/2013-uio/uio-texmf/texmf-var/fonts/map/pdftex/up
dmap/pdftex.map}]
Package atveryend Info: Empty hook `AfterLastShipout' on input line 41.
 (./prosjekter2000_2.aux)
Package atveryend Info: Executing hook `AtVeryEndDocument' on input line 41.
Package atveryend Info: Executing hook `AtEndAfterFileList' on input line 41.


Package rerunfilecheck Warning: File `prosjekter2000_2.out' has changed.
(rerunfilecheck)                Rerun to get outlines right
(rerunfilecheck)                or use package `bookmark'.

Package rerunfilecheck Info: Checksums for `prosjekter2000_2.out':
(rerunfilecheck)             Before: D41D8CD98F00B204E9800998ECF8427E;0
(rerunfilecheck)             After:  931401F0B4C7F9AE813422469A48BAA4;156.
Package atveryend Info: Empty hook `AtVeryVeryEnd' on input line 41.
 ) 
Here is how much of TeX's memory you used:
 10590 strings out of 493308
 153673 string characters out of 6135157
 280551 words of memory out of 5000000
 13826 multiletter control sequences out of 15000+600000
 15785 words of font info for 56 fonts, out of 8000000 for 9000
 957 hyphenation exceptions out of 8191
 42i,6n,40p,3272b,336s stack positions out of 5000i,500n,10000p,200000b,80000s
{/mn/anatu/modules/opt/texlive/2013-uio/uio-texmf/texmf-dist/fonts/enc/dvips/
cm-super/cm-super-t1.enc}</mn/anatu/modules/opt/texlive/2013-uio/uio-texmf/texm
f-dist/fonts/type1/public/amsfonts/cm/cmr10.pfb></mn/anatu/modules/opt/texlive/
2013-uio/uio-texmf/texmf-dist/fonts/type1/public/cm-super/sfbx1440.pfb></mn/ana
tu/modules/opt/texlive/2013-uio/uio-texmf/texmf-dist/fonts/type1/public/cm-supe
r/sfrm1095.pfb></mn/anatu/modules/opt/texlive/2013-uio/uio-texmf/texmf-dist/fon
ts/type1/public/cm-super/sfrm1200.pfb></mn/anatu/modules/opt/texlive/2013-uio/u
io-texmf/texmf-dist/fonts/type1/public/cm-super/sfrm1728.pfb>
Output written on prosjekter2000_2.pdf (1 page, 66200 bytes).
PDF statistics:
 37 PDF objects out of 1000 (max. 8388607)
 28 compressed objects within 1 object stream
 5 named destinations out of 1000 (max. 500000)
 1 words of extra memory for PDF output out of 10000 (max. 10000000)

