This is pdfTeX, Version 3.1415926-2.5-1.40.14 (TeX Live 2013) (format=pdflatex 2013.10.31)  13 DEC 2015 13:54
entering extended mode
 restricted \write18 enabled.
 %&-line parsing enabled.
**\input reptheory.tex
(./reptheory.tex
(/mn/anatu/modules/opt/texlive/2013-uio/uio-texmf/texmf-dist/tex/latex/base/art
icle.cls
Document Class: article 2007/10/19 v1.4h Standard LaTeX document class

(/mn/anatu/modules/opt/texlive/2013-uio/uio-texmf/texmf-dist/tex/latex/base/siz
e11.clo
File: size11.clo 2007/10/19 v1.4h Standard LaTeX file (size option)
)
\c@part=\count79
\c@section=\count80
\c@subsection=\count81
\c@subsubsection=\count82
\c@paragraph=\count83
\c@subparagraph=\count84
\c@figure=\count85
\c@table=\count86
\abovecaptionskip=\skip41
\belowcaptionskip=\skip42
\bibindent=\dimen102
)
(/mn/anatu/modules/opt/texlive/2013-uio/uio-texmf/texmf-dist/tex/latex/base/fon
tenc.sty
Package: fontenc 2005/09/27 v1.99g Standard LaTeX package

(/mn/anatu/modules/opt/texlive/2013-uio/uio-texmf/texmf-dist/tex/latex/base/t1e
nc.def
File: t1enc.def 2005/09/27 v1.99g Standard LaTeX file
LaTeX Font Info:    Redeclaring font encoding T1 on input line 43.
))
(/mn/anatu/modules/opt/texlive/2013-uio/uio-texmf/texmf-dist/tex/latex/base/inp
utenc.sty
Package: inputenc 2008/03/30 v1.1d Input encoding file
\inpenc@prehook=\toks14
\inpenc@posthook=\toks15

(/mn/anatu/modules/opt/texlive/2013-uio/uio-texmf/texmf-dist/tex/latex/base/utf
8.def
File: utf8.def 2008/04/05 v1.1m UTF-8 support for inputenc
Now handling font encoding OML ...
... no UTF-8 mapping file for font encoding OML
Now handling font encoding T1 ...
... processing UTF-8 mapping file for font encoding T1

(/mn/anatu/modules/opt/texlive/2013-uio/uio-texmf/texmf-dist/tex/latex/base/t1e
nc.dfu
File: t1enc.dfu 2008/04/05 v1.1m UTF-8 support for inputenc
   defining Unicode char U+00A1 (decimal 161)
   defining Unicode char U+00A3 (decimal 163)
   defining Unicode char U+00AB (decimal 171)
   defining Unicode char U+00BB (decimal 187)
   defining Unicode char U+00BF (decimal 191)
   defining Unicode char U+00C0 (decimal 192)
   defining Unicode char U+00C1 (decimal 193)
   defining Unicode char U+00C2 (decimal 194)
   defining Unicode char U+00C3 (decimal 195)
   defining Unicode char U+00C4 (decimal 196)
   defining Unicode char U+00C5 (decimal 197)
   defining Unicode char U+00C6 (decimal 198)
   defining Unicode char U+00C7 (decimal 199)
   defining Unicode char U+00C8 (decimal 200)
   defining Unicode char U+00C9 (decimal 201)
   defining Unicode char U+00CA (decimal 202)
   defining Unicode char U+00CB (decimal 203)
   defining Unicode char U+00CC (decimal 204)
   defining Unicode char U+00CD (decimal 205)
   defining Unicode char U+00CE (decimal 206)
   defining Unicode char U+00CF (decimal 207)
   defining Unicode char U+00D0 (decimal 208)
   defining Unicode char U+00D1 (decimal 209)
   defining Unicode char U+00D2 (decimal 210)
   defining Unicode char U+00D3 (decimal 211)
   defining Unicode char U+00D4 (decimal 212)
   defining Unicode char U+00D5 (decimal 213)
   defining Unicode char U+00D6 (decimal 214)
   defining Unicode char U+00D8 (decimal 216)
   defining Unicode char U+00D9 (decimal 217)
   defining Unicode char U+00DA (decimal 218)
   defining Unicode char U+00DB (decimal 219)
   defining Unicode char U+00DC (decimal 220)
   defining Unicode char U+00DD (decimal 221)
   defining Unicode char U+00DE (decimal 222)
   defining Unicode char U+00DF (decimal 223)
   defining Unicode char U+00E0 (decimal 224)
   defining Unicode char U+00E1 (decimal 225)
   defining Unicode char U+00E2 (decimal 226)
   defining Unicode char U+00E3 (decimal 227)
   defining Unicode char U+00E4 (decimal 228)
   defining Unicode char U+00E5 (decimal 229)
   defining Unicode char U+00E6 (decimal 230)
   defining Unicode char U+00E7 (decimal 231)
   defining Unicode char U+00E8 (decimal 232)
   defining Unicode char U+00E9 (decimal 233)
   defining Unicode char U+00EA (decimal 234)
   defining Unicode char U+00EB (decimal 235)
   defining Unicode char U+00EC (decimal 236)
   defining Unicode char U+00ED (decimal 237)
   defining Unicode char U+00EE (decimal 238)
   defining Unicode char U+00EF (decimal 239)
   defining Unicode char U+00F0 (decimal 240)
   defining Unicode char U+00F1 (decimal 241)
   defining Unicode char U+00F2 (decimal 242)
   defining Unicode char U+00F3 (decimal 243)
   defining Unicode char U+00F4 (decimal 244)
   defining Unicode char U+00F5 (decimal 245)
   defining Unicode char U+00F6 (decimal 246)
   defining Unicode char U+00F8 (decimal 248)
   defining Unicode char U+00F9 (decimal 249)
   defining Unicode char U+00FA (decimal 250)
   defining Unicode char U+00FB (decimal 251)
   defining Unicode char U+00FC (decimal 252)
   defining Unicode char U+00FD (decimal 253)
   defining Unicode char U+00FE (decimal 254)
   defining Unicode char U+00FF (decimal 255)
   defining Unicode char U+0102 (decimal 258)
   defining Unicode char U+0103 (decimal 259)
   defining Unicode char U+0104 (decimal 260)
   defining Unicode char U+0105 (decimal 261)
   defining Unicode char U+0106 (decimal 262)
   defining Unicode char U+0107 (decimal 263)
   defining Unicode char U+010C (decimal 268)
   defining Unicode char U+010D (decimal 269)
   defining Unicode char U+010E (decimal 270)
   defining Unicode char U+010F (decimal 271)
   defining Unicode char U+0110 (decimal 272)
   defining Unicode char U+0111 (decimal 273)
   defining Unicode char U+0118 (decimal 280)
   defining Unicode char U+0119 (decimal 281)
   defining Unicode char U+011A (decimal 282)
   defining Unicode char U+011B (decimal 283)
   defining Unicode char U+011E (decimal 286)
   defining Unicode char U+011F (decimal 287)
   defining Unicode char U+0130 (decimal 304)
   defining Unicode char U+0131 (decimal 305)
   defining Unicode char U+0132 (decimal 306)
   defining Unicode char U+0133 (decimal 307)
   defining Unicode char U+0139 (decimal 313)
   defining Unicode char U+013A (decimal 314)
   defining Unicode char U+013D (decimal 317)
   defining Unicode char U+013E (decimal 318)
   defining Unicode char U+0141 (decimal 321)
   defining Unicode char U+0142 (decimal 322)
   defining Unicode char U+0143 (decimal 323)
   defining Unicode char U+0144 (decimal 324)
   defining Unicode char U+0147 (decimal 327)
   defining Unicode char U+0148 (decimal 328)
   defining Unicode char U+014A (decimal 330)
   defining Unicode char U+014B (decimal 331)
   defining Unicode char U+0150 (decimal 336)
   defining Unicode char U+0151 (decimal 337)
   defining Unicode char U+0152 (decimal 338)
   defining Unicode char U+0153 (decimal 339)
   defining Unicode char U+0154 (decimal 340)
   defining Unicode char U+0155 (decimal 341)
   defining Unicode char U+0158 (decimal 344)
   defining Unicode char U+0159 (decimal 345)
   defining Unicode char U+015A (decimal 346)
   defining Unicode char U+015B (decimal 347)
   defining Unicode char U+015E (decimal 350)
   defining Unicode char U+015F (decimal 351)
   defining Unicode char U+0160 (decimal 352)
   defining Unicode char U+0161 (decimal 353)
   defining Unicode char U+0162 (decimal 354)
   defining Unicode char U+0163 (decimal 355)
   defining Unicode char U+0164 (decimal 356)
   defining Unicode char U+0165 (decimal 357)
   defining Unicode char U+016E (decimal 366)
   defining Unicode char U+016F (decimal 367)
   defining Unicode char U+0170 (decimal 368)
   defining Unicode char U+0171 (decimal 369)
   defining Unicode char U+0178 (decimal 376)
   defining Unicode char U+0179 (decimal 377)
   defining Unicode char U+017A (decimal 378)
   defining Unicode char U+017B (decimal 379)
   defining Unicode char U+017C (decimal 380)
   defining Unicode char U+017D (decimal 381)
   defining Unicode char U+017E (decimal 382)
   defining Unicode char U+200C (decimal 8204)
   defining Unicode char U+2013 (decimal 8211)
   defining Unicode char U+2014 (decimal 8212)
   defining Unicode char U+2018 (decimal 8216)
   defining Unicode char U+2019 (decimal 8217)
   defining Unicode char U+201A (decimal 8218)
   defining Unicode char U+201C (decimal 8220)
   defining Unicode char U+201D (decimal 8221)
   defining Unicode char U+201E (decimal 8222)
   defining Unicode char U+2030 (decimal 8240)
   defining Unicode char U+2031 (decimal 8241)
   defining Unicode char U+2039 (decimal 8249)
   defining Unicode char U+203A (decimal 8250)
   defining Unicode char U+2423 (decimal 9251)
)
Now handling font encoding OT1 ...
... processing UTF-8 mapping file for font encoding OT1

(/mn/anatu/modules/opt/texlive/2013-uio/uio-texmf/texmf-dist/tex/latex/base/ot1
enc.dfu
File: ot1enc.dfu 2008/04/05 v1.1m UTF-8 support for inputenc
   defining Unicode char U+00A1 (decimal 161)
   defining Unicode char U+00A3 (decimal 163)
   defining Unicode char U+00B8 (decimal 184)
   defining Unicode char U+00BF (decimal 191)
   defining Unicode char U+00C5 (decimal 197)
   defining Unicode char U+00C6 (decimal 198)
   defining Unicode char U+00D8 (decimal 216)
   defining Unicode char U+00DF (decimal 223)
   defining Unicode char U+00E6 (decimal 230)
   defining Unicode char U+00EC (decimal 236)
   defining Unicode char U+00ED (decimal 237)
   defining Unicode char U+00EE (decimal 238)
   defining Unicode char U+00EF (decimal 239)
   defining Unicode char U+00F8 (decimal 248)
   defining Unicode char U+0131 (decimal 305)
   defining Unicode char U+0141 (decimal 321)
   defining Unicode char U+0142 (decimal 322)
   defining Unicode char U+0152 (decimal 338)
   defining Unicode char U+0153 (decimal 339)
   defining Unicode char U+2013 (decimal 8211)
   defining Unicode char U+2014 (decimal 8212)
   defining Unicode char U+2018 (decimal 8216)
   defining Unicode char U+2019 (decimal 8217)
   defining Unicode char U+201C (decimal 8220)
   defining Unicode char U+201D (decimal 8221)
)
Now handling font encoding OMS ...
... processing UTF-8 mapping file for font encoding OMS

(/mn/anatu/modules/opt/texlive/2013-uio/uio-texmf/texmf-dist/tex/latex/base/oms
enc.dfu
File: omsenc.dfu 2008/04/05 v1.1m UTF-8 support for inputenc
   defining Unicode char U+00A7 (decimal 167)
   defining Unicode char U+00B6 (decimal 182)
   defining Unicode char U+00B7 (decimal 183)
   defining Unicode char U+2020 (decimal 8224)
   defining Unicode char U+2021 (decimal 8225)
   defining Unicode char U+2022 (decimal 8226)
)
Now handling font encoding OMX ...
... no UTF-8 mapping file for font encoding OMX
Now handling font encoding U ...
... no UTF-8 mapping file for font encoding U
   defining Unicode char U+00A9 (decimal 169)
   defining Unicode char U+00AA (decimal 170)
   defining Unicode char U+00AE (decimal 174)
   defining Unicode char U+00BA (decimal 186)
   defining Unicode char U+02C6 (decimal 710)
   defining Unicode char U+02DC (decimal 732)
   defining Unicode char U+200C (decimal 8204)
   defining Unicode char U+2026 (decimal 8230)
   defining Unicode char U+2122 (decimal 8482)
   defining Unicode char U+2423 (decimal 9251)
))
(/mn/anatu/modules/opt/texlive/2013-uio/uio-texmf/texmf-dist/tex/generic/babel/
babel.sty
Package: babel 2013/10/10 3.9g The Babel package

(/mn/anatu/modules/opt/texlive/2013-uio/uio-texmf/texmf-dist/tex/generic/babel-
english/english.ldf
Language: english 2012/08/20 v3.3p English support from the babel system

(/mn/anatu/modules/opt/texlive/2013-uio/uio-texmf/texmf-dist/tex/generic/babel/
babel.def
File: babel.def 2013/10/10 3.9g Babel common definitions
\babel@savecnt=\count87
\U@D=\dimen103
)
\l@canadian = a dialect from \language\l@american 
\l@australian = a dialect from \language\l@british 
\l@newzealand = a dialect from \language\l@british 

*************************************
* Local config file english.cfg used
*
(/site/share/texlive/texmf/tex/generic/uio/english.cfg
(/site/share/texlive/texmf/tex/generic/uio/lenglish.cfg))))
(/mn/anatu/modules/opt/texlive/2013-uio/uio-texmf/texmf-dist/tex/latex/amsfonts
/amssymb.sty
Package: amssymb 2013/01/14 v3.01 AMS font symbols

(/mn/anatu/modules/opt/texlive/2013-uio/uio-texmf/texmf-dist/tex/latex/amsfonts
/amsfonts.sty
Package: amsfonts 2013/01/14 v3.01 Basic AMSFonts support
\@emptytoks=\toks16
\symAMSa=\mathgroup4
\symAMSb=\mathgroup5
LaTeX Font Info:    Overwriting math alphabet `\mathfrak' in version `bold'
(Font)                  U/euf/m/n --> U/euf/b/n on input line 106.
))
(/mn/anatu/modules/opt/texlive/2013-uio/uio-texmf/texmf-dist/tex/latex/amsmath/
amsmath.sty
Package: amsmath 2013/01/14 v2.14 AMS math features
\@mathmargin=\skip43

For additional information on amsmath, use the `?' option.

(/mn/anatu/modules/opt/texlive/2013-uio/uio-texmf/texmf-dist/tex/latex/amsmath/
amstext.sty
Package: amstext 2000/06/29 v2.01

(/mn/anatu/modules/opt/texlive/2013-uio/uio-texmf/texmf-dist/tex/latex/amsmath/
amsgen.sty
File: amsgen.sty 1999/11/30 v2.0
\@emptytoks=\toks17
\ex@=\dimen104
))
(/mn/anatu/modules/opt/texlive/2013-uio/uio-texmf/texmf-dist/tex/latex/amsmath/
amsbsy.sty
Package: amsbsy 1999/11/29 v1.2d
\pmbraise@=\dimen105
)
(/mn/anatu/modules/opt/texlive/2013-uio/uio-texmf/texmf-dist/tex/latex/amsmath/
amsopn.sty
Package: amsopn 1999/12/14 v2.01 operator names
)
\inf@bad=\count88
LaTeX Info: Redefining \frac on input line 210.
\uproot@=\count89
\leftroot@=\count90
LaTeX Info: Redefining \overline on input line 306.
\classnum@=\count91
\DOTSCASE@=\count92
LaTeX Info: Redefining \ldots on input line 378.
LaTeX Info: Redefining \dots on input line 381.
LaTeX Info: Redefining \cdots on input line 466.
\Mathstrutbox@=\box26
\strutbox@=\box27
\big@size=\dimen106
LaTeX Font Info:    Redeclaring font encoding OML on input line 566.
LaTeX Font Info:    Redeclaring font encoding OMS on input line 567.
\macc@depth=\count93
\c@MaxMatrixCols=\count94
\dotsspace@=\muskip10
\c@parentequation=\count95
\dspbrk@lvl=\count96
\tag@help=\toks18
\row@=\count97
\column@=\count98
\maxfields@=\count99
\andhelp@=\toks19
\eqnshift@=\dimen107
\alignsep@=\dimen108
\tagshift@=\dimen109
\tagwidth@=\dimen110
\totwidth@=\dimen111
\lineht@=\dimen112
\@envbody=\toks20
\multlinegap=\skip44
\multlinetaggap=\skip45
\mathdisplay@stack=\toks21
LaTeX Info: Redefining \[ on input line 2665.
LaTeX Info: Redefining \] on input line 2666.
)
(/mn/anatu/modules/opt/texlive/2013-uio/uio-texmf/texmf-dist/tex/latex/amscls/a
msthm.sty
Package: amsthm 2004/08/06 v2.20
\thm@style=\toks22
\thm@bodyfont=\toks23
\thm@headfont=\toks24
\thm@notefont=\toks25
\thm@headpunct=\toks26
\thm@preskip=\skip46
\thm@postskip=\skip47
\thm@headsep=\skip48
\dth@everypar=\toks27
)
(/mn/anatu/modules/opt/texlive/2013-uio/uio-texmf/texmf-dist/tex/latex/jknapltx
/mathrsfs.sty
Package: mathrsfs 1996/01/01 Math RSFS package v1.0 (jk)
\symrsfs=\mathgroup6
)
(/mn/anatu/modules/opt/texlive/2013-uio/uio-texmf/texmf-dist/tex/latex/fundus-c
alligra/calligra.sty
Package: calligra 2012/04/10 v1.9 LaTeX package calligra
)
(/mn/anatu/modules/opt/texlive/2013-uio/uio-texmf/texmf-dist/tex/latex/url/url.
sty
\Urlmuskip=\muskip11
Package: url 2006/04/12  ver 3.3  Verb mode for urls, etc.
) (/uio/hume/student-u57/fredrme/latexpakker/thmtools/thmtools.sty
Package: thmtools 2012/05/04 v63
\thmt@toks=\toks28
\c@thmt@dummyctr=\count100

(/uio/hume/student-u57/fredrme/latexpakker/thmtools/thm-patch.sty
Package: thm-patch 2012/05/04 v63

(/uio/hume/student-u57/fredrme/latexpakker/thmtools/parseargs.sty
Package: parseargs 2012/05/04 v63
\@parsespec=\toks29
))
(/uio/hume/student-u57/fredrme/latexpakker/thmtools/thm-kv.sty
Package: thm-kv 2012/05/04 v63
Package thm-kv Info: Theorem names will be uppercased on input line 40.

(/mn/anatu/modules/opt/texlive/2013-uio/uio-texmf/texmf-dist/tex/latex/graphics
/keyval.sty
Package: keyval 1999/03/16 v1.13 key=value parser (DPC)
\KV@toks@=\toks30
)
(/mn/anatu/modules/opt/texlive/2013-uio/uio-texmf/texmf-dist/tex/generic/oberdi
ek/kvsetkeys.sty
Package: kvsetkeys 2012/04/25 v1.16 Key value parser (HO)

(/mn/anatu/modules/opt/texlive/2013-uio/uio-texmf/texmf-dist/tex/generic/oberdi
ek/infwarerr.sty
Package: infwarerr 2010/04/08 v1.3 Providing info/warning/error messages (HO)
)
(/mn/anatu/modules/opt/texlive/2013-uio/uio-texmf/texmf-dist/tex/generic/oberdi
ek/etexcmds.sty
Package: etexcmds 2011/02/16 v1.5 Avoid name clashes with e-TeX commands (HO)

(/mn/anatu/modules/opt/texlive/2013-uio/uio-texmf/texmf-dist/tex/generic/oberdi
ek/ifluatex.sty
Package: ifluatex 2010/03/01 v1.3 Provides the ifluatex switch (HO)
Package ifluatex Info: LuaTeX not detected.
)
Package etexcmds Info: Could not find \expanded.
(etexcmds)             That can mean that you are not using pdfTeX 1.50 or
(etexcmds)             that some package has redefined \expanded.
(etexcmds)             In the latter case, load this package earlier.
))
Package thm-kv Info: kvsetkeys patch (v1.16 or later) on input line 156.
)
(/uio/hume/student-u57/fredrme/latexpakker/thmtools/thm-autoref.sty
Package: thm-autoref 2012/05/04 v63

(/uio/hume/student-u57/fredrme/latexpakker/thmtools/aliasctr.sty
Package: aliasctr 2012/05/04 v63

(/mn/anatu/modules/opt/texlive/2013-uio/uio-texmf/texmf-dist/tex/latex/carlisle
/remreset.sty)))
(/uio/hume/student-u57/fredrme/latexpakker/thmtools/thm-listof.sty
Package: thm-listof 2012/05/04 v63
)
(/uio/hume/student-u57/fredrme/latexpakker/thmtools/thm-restate.sty
Package: thm-restate 2012/05/04 v63
)
(/uio/hume/student-u57/fredrme/latexpakker/thmtools/thm-amsthm.sty
Package: thm-amsthm 2012/05/04 v63
\thmt@style@headstyle=\toks31
))
(/mn/anatu/modules/opt/texlive/2013-uio/uio-texmf/texmf-dist/tex/latex/mh/matht
ools.sty
Package: mathtools 2013/02/12 v1.13 mathematical typesetting tools

(/mn/anatu/modules/opt/texlive/2013-uio/uio-texmf/texmf-dist/tex/latex/tools/ca
lc.sty
Package: calc 2007/08/22 v4.3 Infix arithmetic (KKT,FJ)
\calc@Acount=\count101
\calc@Bcount=\count102
\calc@Adimen=\dimen113
\calc@Bdimen=\dimen114
\calc@Askip=\skip49
\calc@Bskip=\skip50
LaTeX Info: Redefining \setlength on input line 76.
LaTeX Info: Redefining \addtolength on input line 77.
\calc@Ccount=\count103
\calc@Cskip=\skip51
)
(/mn/anatu/modules/opt/texlive/2013-uio/uio-texmf/texmf-dist/tex/latex/mh/mhset
up.sty
Package: mhsetup 2010/01/21 v1.2a programming setup (MH)
)
LaTeX Info: Thecontrolsequence`\['isalreadyrobust on input line 129.
LaTeX Info: Thecontrolsequence`\]'isalreadyrobust on input line 129.
\g_MT_multlinerow_int=\count104
\l_MT_multwidth_dim=\dimen115
\origjot=\skip52
\l_MT_shortvdotswithinadjustabove_dim=\dimen116
\l_MT_shortvdotswithinadjustbelow_dim=\dimen117
\l_MT_above_intertext_sep=\dimen118
\l_MT_below_intertext_sep=\dimen119
\l_MT_above_shortintertext_sep=\dimen120
\l_MT_below_shortintertext_sep=\dimen121
)
(/mn/anatu/modules/opt/texlive/2013-uio/uio-texmf/texmf-dist/tex/latex/tools/en
umerate.sty
Package: enumerate 1999/03/05 v3.00 enumerate extensions (DPC)
\@enLab=\toks32
)
(/mn/anatu/modules/opt/texlive/2013-uio/uio-texmf/texmf-dist/tex/latex/float/fl
oat.sty
Package: float 2001/11/08 v1.3d Float enhancements (AL)
\c@float@type=\count105
\float@exts=\toks33
\float@box=\box28
\@float@everytoks=\toks34
\@floatcapt=\box29
)
(/mn/anatu/modules/opt/texlive/2013-uio/uio-texmf/texmf-dist/tex/latex/pgf/fron
tendlayer/tikz.sty
(/mn/anatu/modules/opt/texlive/2013-uio/uio-texmf/texmf-dist/tex/latex/pgf/basi
clayer/pgf.sty
(/mn/anatu/modules/opt/texlive/2013-uio/uio-texmf/texmf-dist/tex/latex/pgf/util
ities/pgfrcs.sty
(/mn/anatu/modules/opt/texlive/2013-uio/uio-texmf/texmf-dist/tex/generic/pgf/ut
ilities/pgfutil-common.tex
\pgfutil@everybye=\toks35
)
(/mn/anatu/modules/opt/texlive/2013-uio/uio-texmf/texmf-dist/tex/generic/pgf/ut
ilities/pgfutil-latex.def
\pgfutil@abb=\box30

(/mn/anatu/modules/opt/texlive/2013-uio/uio-texmf/texmf-dist/tex/latex/ms/every
shi.sty
Package: everyshi 2001/05/15 v3.00 EveryShipout Package (MS)
))
(/mn/anatu/modules/opt/texlive/2013-uio/uio-texmf/texmf-dist/tex/generic/pgf/ut
ilities/pgfrcs.code.tex
Package: pgfrcs 2010/10/25 v2.10 (rcs-revision 1.24)
))
Package: pgf 2008/01/15 v2.10 (rcs-revision 1.12)

(/mn/anatu/modules/opt/texlive/2013-uio/uio-texmf/texmf-dist/tex/latex/pgf/basi
clayer/pgfcore.sty
(/mn/anatu/modules/opt/texlive/2013-uio/uio-texmf/texmf-dist/tex/latex/graphics
/graphicx.sty
Package: graphicx 1999/02/16 v1.0f Enhanced LaTeX Graphics (DPC,SPQR)

(/mn/anatu/modules/opt/texlive/2013-uio/uio-texmf/texmf-dist/tex/latex/graphics
/graphics.sty
Package: graphics 2009/02/05 v1.0o Standard LaTeX Graphics (DPC,SPQR)

(/mn/anatu/modules/opt/texlive/2013-uio/uio-texmf/texmf-dist/tex/latex/graphics
/trig.sty
Package: trig 1999/03/16 v1.09 sin cos tan (DPC)
)
(/mn/anatu/modules/opt/texlive/2013-uio/uio-texmf/texmf-dist/tex/latex/latexcon
fig/graphics.cfg
File: graphics.cfg 2010/04/23 v1.9 graphics configuration of TeX Live
)
Package graphics Info: Driver file: pdftex.def on input line 91.

(/mn/anatu/modules/opt/texlive/2013-uio/uio-texmf/texmf-dist/tex/latex/pdftex-d
ef/pdftex.def
File: pdftex.def 2011/05/27 v0.06d Graphics/color for pdfTeX

(/mn/anatu/modules/opt/texlive/2013-uio/uio-texmf/texmf-dist/tex/generic/oberdi
ek/ltxcmds.sty
Package: ltxcmds 2011/11/09 v1.22 LaTeX kernel commands for general use (HO)
)
\Gread@gobject=\count106
))
\Gin@req@height=\dimen122
\Gin@req@width=\dimen123
)
(/mn/anatu/modules/opt/texlive/2013-uio/uio-texmf/texmf-dist/tex/latex/pgf/syst
emlayer/pgfsys.sty
(/mn/anatu/modules/opt/texlive/2013-uio/uio-texmf/texmf-dist/tex/generic/pgf/sy
stemlayer/pgfsys.code.tex
Package: pgfsys 2010/06/30 v2.10 (rcs-revision 1.37)

(/mn/anatu/modules/opt/texlive/2013-uio/uio-texmf/texmf-dist/tex/generic/pgf/ut
ilities/pgfkeys.code.tex
\pgfkeys@pathtoks=\toks36
\pgfkeys@temptoks=\toks37

(/mn/anatu/modules/opt/texlive/2013-uio/uio-texmf/texmf-dist/tex/generic/pgf/ut
ilities/pgfkeysfiltered.code.tex
\pgfkeys@tmptoks=\toks38
))
\pgf@x=\dimen124
\pgf@y=\dimen125
\pgf@xa=\dimen126
\pgf@ya=\dimen127
\pgf@xb=\dimen128
\pgf@yb=\dimen129
\pgf@xc=\dimen130
\pgf@yc=\dimen131
\w@pgf@writea=\write3
\r@pgf@reada=\read1
\c@pgf@counta=\count107
\c@pgf@countb=\count108
\c@pgf@countc=\count109
\c@pgf@countd=\count110

(/mn/anatu/modules/opt/texlive/2013-uio/uio-texmf/texmf-dist/tex/generic/pgf/sy
stemlayer/pgf.cfg
File: pgf.cfg 2008/05/14  (rcs-revision 1.7)
)
Package pgfsys Info: Driver file for pgf: pgfsys-pdftex.def on input line 900.

(/mn/anatu/modules/opt/texlive/2013-uio/uio-texmf/texmf-dist/tex/generic/pgf/sy
stemlayer/pgfsys-pdftex.def
File: pgfsys-pdftex.def 2009/05/22  (rcs-revision 1.26)

(/mn/anatu/modules/opt/texlive/2013-uio/uio-texmf/texmf-dist/tex/generic/pgf/sy
stemlayer/pgfsys-common-pdf.def
File: pgfsys-common-pdf.def 2008/05/19  (rcs-revision 1.10)
)))
(/mn/anatu/modules/opt/texlive/2013-uio/uio-texmf/texmf-dist/tex/generic/pgf/sy
stemlayer/pgfsyssoftpath.code.tex
File: pgfsyssoftpath.code.tex 2008/07/18  (rcs-revision 1.7)
\pgfsyssoftpath@smallbuffer@items=\count111
\pgfsyssoftpath@bigbuffer@items=\count112
)
(/mn/anatu/modules/opt/texlive/2013-uio/uio-texmf/texmf-dist/tex/generic/pgf/sy
stemlayer/pgfsysprotocol.code.tex
File: pgfsysprotocol.code.tex 2006/10/16  (rcs-revision 1.4)
))
(/mn/anatu/modules/opt/texlive/2013-uio/uio-texmf/texmf-dist/tex/latex/xcolor/x
color.sty
Package: xcolor 2007/01/21 v2.11 LaTeX color extensions (UK)

(/mn/anatu/modules/opt/texlive/2013-uio/uio-texmf/texmf-dist/tex/latex/latexcon
fig/color.cfg
File: color.cfg 2007/01/18 v1.5 color configuration of teTeX/TeXLive
)
Package xcolor Info: Driver file: pdftex.def on input line 225.
Package xcolor Info: Model `cmy' substituted by `cmy0' on input line 1337.
Package xcolor Info: Model `hsb' substituted by `rgb' on input line 1341.
Package xcolor Info: Model `RGB' extended on input line 1353.
Package xcolor Info: Model `HTML' substituted by `rgb' on input line 1355.
Package xcolor Info: Model `Hsb' substituted by `hsb' on input line 1356.
Package xcolor Info: Model `tHsb' substituted by `hsb' on input line 1357.
Package xcolor Info: Model `HSB' substituted by `hsb' on input line 1358.
Package xcolor Info: Model `Gray' substituted by `gray' on input line 1359.
Package xcolor Info: Model `wave' substituted by `hsb' on input line 1360.
)
(/mn/anatu/modules/opt/texlive/2013-uio/uio-texmf/texmf-dist/tex/generic/pgf/ba
siclayer/pgfcore.code.tex
Package: pgfcore 2010/04/11 v2.10 (rcs-revision 1.7)

(/mn/anatu/modules/opt/texlive/2013-uio/uio-texmf/texmf-dist/tex/generic/pgf/ma
th/pgfmath.code.tex
(/mn/anatu/modules/opt/texlive/2013-uio/uio-texmf/texmf-dist/tex/generic/pgf/ma
th/pgfmathcalc.code.tex
(/mn/anatu/modules/opt/texlive/2013-uio/uio-texmf/texmf-dist/tex/generic/pgf/ma
th/pgfmathutil.code.tex)
(/mn/anatu/modules/opt/texlive/2013-uio/uio-texmf/texmf-dist/tex/generic/pgf/ma
th/pgfmathparser.code.tex
\pgfmath@dimen=\dimen132
\pgfmath@count=\count113
\pgfmath@box=\box31
\pgfmath@toks=\toks39
\pgfmath@stack@operand=\toks40
\pgfmath@stack@operation=\toks41
)
(/mn/anatu/modules/opt/texlive/2013-uio/uio-texmf/texmf-dist/tex/generic/pgf/ma
th/pgfmathfunctions.code.tex
(/mn/anatu/modules/opt/texlive/2013-uio/uio-texmf/texmf-dist/tex/generic/pgf/ma
th/pgfmathfunctions.basic.code.tex)
(/mn/anatu/modules/opt/texlive/2013-uio/uio-texmf/texmf-dist/tex/generic/pgf/ma
th/pgfmathfunctions.trigonometric.code.tex)
(/mn/anatu/modules/opt/texlive/2013-uio/uio-texmf/texmf-dist/tex/generic/pgf/ma
th/pgfmathfunctions.random.code.tex)
(/mn/anatu/modules/opt/texlive/2013-uio/uio-texmf/texmf-dist/tex/generic/pgf/ma
th/pgfmathfunctions.comparison.code.tex)
(/mn/anatu/modules/opt/texlive/2013-uio/uio-texmf/texmf-dist/tex/generic/pgf/ma
th/pgfmathfunctions.base.code.tex)
(/mn/anatu/modules/opt/texlive/2013-uio/uio-texmf/texmf-dist/tex/generic/pgf/ma
th/pgfmathfunctions.round.code.tex)
(/mn/anatu/modules/opt/texlive/2013-uio/uio-texmf/texmf-dist/tex/generic/pgf/ma
th/pgfmathfunctions.misc.code.tex)))
(/mn/anatu/modules/opt/texlive/2013-uio/uio-texmf/texmf-dist/tex/generic/pgf/ma
th/pgfmathfloat.code.tex
\c@pgfmathroundto@lastzeros=\count114
))
(/mn/anatu/modules/opt/texlive/2013-uio/uio-texmf/texmf-dist/tex/generic/pgf/ba
siclayer/pgfcorepoints.code.tex
File: pgfcorepoints.code.tex 2010/04/09  (rcs-revision 1.20)
\pgf@picminx=\dimen133
\pgf@picmaxx=\dimen134
\pgf@picminy=\dimen135
\pgf@picmaxy=\dimen136
\pgf@pathminx=\dimen137
\pgf@pathmaxx=\dimen138
\pgf@pathminy=\dimen139
\pgf@pathmaxy=\dimen140
\pgf@xx=\dimen141
\pgf@xy=\dimen142
\pgf@yx=\dimen143
\pgf@yy=\dimen144
\pgf@zx=\dimen145
\pgf@zy=\dimen146
)
(/mn/anatu/modules/opt/texlive/2013-uio/uio-texmf/texmf-dist/tex/generic/pgf/ba
siclayer/pgfcorepathconstruct.code.tex
File: pgfcorepathconstruct.code.tex 2010/08/03  (rcs-revision 1.24)
\pgf@path@lastx=\dimen147
\pgf@path@lasty=\dimen148
)
(/mn/anatu/modules/opt/texlive/2013-uio/uio-texmf/texmf-dist/tex/generic/pgf/ba
siclayer/pgfcorepathusage.code.tex
File: pgfcorepathusage.code.tex 2008/04/22  (rcs-revision 1.12)
\pgf@shorten@end@additional=\dimen149
\pgf@shorten@start@additional=\dimen150
)
(/mn/anatu/modules/opt/texlive/2013-uio/uio-texmf/texmf-dist/tex/generic/pgf/ba
siclayer/pgfcorescopes.code.tex
File: pgfcorescopes.code.tex 2010/09/08  (rcs-revision 1.34)
\pgfpic=\box32
\pgf@hbox=\box33
\pgf@layerbox@main=\box34
\pgf@picture@serial@count=\count115
)
(/mn/anatu/modules/opt/texlive/2013-uio/uio-texmf/texmf-dist/tex/generic/pgf/ba
siclayer/pgfcoregraphicstate.code.tex
File: pgfcoregraphicstate.code.tex 2008/04/22  (rcs-revision 1.9)
\pgflinewidth=\dimen151
)
(/mn/anatu/modules/opt/texlive/2013-uio/uio-texmf/texmf-dist/tex/generic/pgf/ba
siclayer/pgfcoretransformations.code.tex
File: pgfcoretransformations.code.tex 2009/06/10  (rcs-revision 1.11)
\pgf@pt@x=\dimen152
\pgf@pt@y=\dimen153
\pgf@pt@temp=\dimen154
)
(/mn/anatu/modules/opt/texlive/2013-uio/uio-texmf/texmf-dist/tex/generic/pgf/ba
siclayer/pgfcorequick.code.tex
File: pgfcorequick.code.tex 2008/10/09  (rcs-revision 1.3)
)
(/mn/anatu/modules/opt/texlive/2013-uio/uio-texmf/texmf-dist/tex/generic/pgf/ba
siclayer/pgfcoreobjects.code.tex
File: pgfcoreobjects.code.tex 2006/10/11  (rcs-revision 1.2)
)
(/mn/anatu/modules/opt/texlive/2013-uio/uio-texmf/texmf-dist/tex/generic/pgf/ba
siclayer/pgfcorepathprocessing.code.tex
File: pgfcorepathprocessing.code.tex 2008/10/09  (rcs-revision 1.8)
)
(/mn/anatu/modules/opt/texlive/2013-uio/uio-texmf/texmf-dist/tex/generic/pgf/ba
siclayer/pgfcorearrows.code.tex
File: pgfcorearrows.code.tex 2008/04/23  (rcs-revision 1.11)
)
(/mn/anatu/modules/opt/texlive/2013-uio/uio-texmf/texmf-dist/tex/generic/pgf/ba
siclayer/pgfcoreshade.code.tex
File: pgfcoreshade.code.tex 2008/11/23  (rcs-revision 1.13)
\pgf@max=\dimen155
\pgf@sys@shading@range@num=\count116
)
(/mn/anatu/modules/opt/texlive/2013-uio/uio-texmf/texmf-dist/tex/generic/pgf/ba
siclayer/pgfcoreimage.code.tex
File: pgfcoreimage.code.tex 2010/03/25  (rcs-revision 1.16)

(/mn/anatu/modules/opt/texlive/2013-uio/uio-texmf/texmf-dist/tex/generic/pgf/ba
siclayer/pgfcoreexternal.code.tex
File: pgfcoreexternal.code.tex 2010/09/01  (rcs-revision 1.17)
\pgfexternal@startupbox=\box35
))
(/mn/anatu/modules/opt/texlive/2013-uio/uio-texmf/texmf-dist/tex/generic/pgf/ba
siclayer/pgfcorelayers.code.tex
File: pgfcorelayers.code.tex 2010/08/27  (rcs-revision 1.2)
)
(/mn/anatu/modules/opt/texlive/2013-uio/uio-texmf/texmf-dist/tex/generic/pgf/ba
siclayer/pgfcoretransparency.code.tex
File: pgfcoretransparency.code.tex 2008/01/17  (rcs-revision 1.2)
)
(/mn/anatu/modules/opt/texlive/2013-uio/uio-texmf/texmf-dist/tex/generic/pgf/ba
siclayer/pgfcorepatterns.code.tex
File: pgfcorepatterns.code.tex 2009/07/02  (rcs-revision 1.3)
)))
(/mn/anatu/modules/opt/texlive/2013-uio/uio-texmf/texmf-dist/tex/generic/pgf/mo
dules/pgfmoduleshapes.code.tex
File: pgfmoduleshapes.code.tex 2010/09/09  (rcs-revision 1.13)
\pgfnodeparttextbox=\box36
)
(/mn/anatu/modules/opt/texlive/2013-uio/uio-texmf/texmf-dist/tex/generic/pgf/mo
dules/pgfmoduleplot.code.tex
File: pgfmoduleplot.code.tex 2010/10/22  (rcs-revision 1.8)
)
(/mn/anatu/modules/opt/texlive/2013-uio/uio-texmf/texmf-dist/tex/latex/pgf/comp
atibility/pgfcomp-version-0-65.sty
Package: pgfcomp-version-0-65 2007/07/03 v2.10 (rcs-revision 1.7)
\pgf@nodesepstart=\dimen156
\pgf@nodesepend=\dimen157
)
(/mn/anatu/modules/opt/texlive/2013-uio/uio-texmf/texmf-dist/tex/latex/pgf/comp
atibility/pgfcomp-version-1-18.sty
Package: pgfcomp-version-1-18 2007/07/23 v2.10 (rcs-revision 1.1)
))
(/mn/anatu/modules/opt/texlive/2013-uio/uio-texmf/texmf-dist/tex/latex/pgf/util
ities/pgffor.sty
(/mn/anatu/modules/opt/texlive/2013-uio/uio-texmf/texmf-dist/tex/latex/pgf/util
ities/pgfkeys.sty
(/mn/anatu/modules/opt/texlive/2013-uio/uio-texmf/texmf-dist/tex/generic/pgf/ut
ilities/pgfkeys.code.tex))
(/mn/anatu/modules/opt/texlive/2013-uio/uio-texmf/texmf-dist/tex/generic/pgf/ut
ilities/pgffor.code.tex
Package: pgffor 2010/03/23 v2.10 (rcs-revision 1.18)
\pgffor@iter=\dimen158
\pgffor@skip=\dimen159
\pgffor@stack=\toks42
\pgffor@toks=\toks43
))
(/mn/anatu/modules/opt/texlive/2013-uio/uio-texmf/texmf-dist/tex/generic/pgf/fr
ontendlayer/tikz/tikz.code.tex
Package: tikz 2010/10/13 v2.10 (rcs-revision 1.76)

(/mn/anatu/modules/opt/texlive/2013-uio/uio-texmf/texmf-dist/tex/generic/pgf/li
braries/pgflibraryplothandlers.code.tex
File: pgflibraryplothandlers.code.tex 2010/05/31 v2.10 (rcs-revision 1.15)
\pgf@plot@mark@count=\count117
\pgfplotmarksize=\dimen160
)
\tikz@lastx=\dimen161
\tikz@lasty=\dimen162
\tikz@lastxsaved=\dimen163
\tikz@lastysaved=\dimen164
\tikzleveldistance=\dimen165
\tikzsiblingdistance=\dimen166
\tikz@figbox=\box37
\tikz@tempbox=\box38
\tikztreelevel=\count118
\tikznumberofchildren=\count119
\tikznumberofcurrentchild=\count120
\tikz@fig@count=\count121

(/mn/anatu/modules/opt/texlive/2013-uio/uio-texmf/texmf-dist/tex/generic/pgf/mo
dules/pgfmodulematrix.code.tex
File: pgfmodulematrix.code.tex 2010/08/24  (rcs-revision 1.4)
\pgfmatrixcurrentrow=\count122
\pgfmatrixcurrentcolumn=\count123
\pgf@matrix@numberofcolumns=\count124
)
\tikz@expandcount=\count125

(/mn/anatu/modules/opt/texlive/2013-uio/uio-texmf/texmf-dist/tex/generic/pgf/fr
ontendlayer/tikz/libraries/tikzlibrarytopaths.code.tex
File: tikzlibrarytopaths.code.tex 2008/06/17 v2.10 (rcs-revision 1.2)
)))
(/mn/anatu/modules/opt/texlive/2013-uio/uio-texmf/texmf-dist/tex/latex/jknapltx
/young.sty
\hoogte=\dimen167
\breedte=\dimen168
\dikte=\dimen169
)
(/mn/anatu/modules/opt/texlive/2013-uio/uio-texmf/texmf-dist/tex/latex/youngtab
/youngtab.sty
Package: youngtab 1999/05/19 v1.1; Macros for Young-Tableaux
\y@b@xdim=\dimen170
\y@boxdim=\dimen171
\y@linethick=\dimen172
\y@interspace=\skip53
\y@counter=\count126
)
(/mn/anatu/modules/opt/texlive/2013-uio/uio-texmf/texmf-dist/tex/generic/xypic/
xy.sty
(/mn/anatu/modules/opt/texlive/2013-uio/uio-texmf/texmf-dist/tex/generic/xypic/
xy.tex Bootstrap'ing: catcodes, docmode,
(/mn/anatu/modules/opt/texlive/2013-uio/uio-texmf/texmf-dist/tex/generic/xypic/
xyrecat.tex)
(/mn/anatu/modules/opt/texlive/2013-uio/uio-texmf/texmf-dist/tex/generic/xypic/
xyidioms.tex)

 Xy-pic version 3.8.9 <2013/10/06>
 Copyright (c) 1991-2013 by Kristoffer H. Rose <krisrose@tug.org> and others
 Xy-pic is free software: see the User's Guide for details.

Loading kernel: messages; fonts; allocations: state,
\X@c=\dimen173
\Y@c=\dimen174
\U@c=\dimen175
\D@c=\dimen176
\L@c=\dimen177
\R@c=\dimen178
\Edge@c=\toks44
\X@p=\dimen179
\Y@p=\dimen180
\U@p=\dimen181
\D@p=\dimen182
\L@p=\dimen183
\R@p=\dimen184
\Edge@p=\toks45
\X@origin=\dimen185
\Y@origin=\dimen186
\X@xbase=\dimen187
\Y@xbase=\dimen188
\X@ybase=\dimen189
\Y@ybase=\dimen190
\X@min=\dimen191
\Y@min=\dimen192
\X@max=\dimen193
\Y@max=\dimen194
\lastobjectbox@=\box39
\zerodotbox@=\box40
\almostz@=\dimen195
 direction,
\d@X=\dimen196
\d@Y=\dimen197
\K@=\count127
\KK@=\count128
\Direction=\count129
\K@dXdY=\dimen198
\K@dYdX=\dimen199
\xyread@=\read2
\xywrite@=\write4
\csp@=\count130
\quotPTK@=\dimen200

utility macros; pictures: \xy, positions,
\swaptoks@@=\toks46
\connectobjectbox@@=\box41
 objects,
\styletoks@=\toks47
 decorations;
kernel objects: directionals, circles, text; options; algorithms: directions,
edges, connections;  Xy-pic loaded)
(/mn/anatu/modules/opt/texlive/2013-uio/uio-texmf/texmf-dist/tex/generic/oberdi
ek/ifpdf.sty
Package: ifpdf 2011/01/30 v2.3 Provides the ifpdf switch (HO)
Package ifpdf Info: pdfTeX in PDF mode is detected.
)
Package: xy 2013/10/06 Xy-pic version 3.8.9

(/mn/anatu/modules/opt/texlive/2013-uio/uio-texmf/texmf-dist/tex/generic/xypic/
xyall.tex  Xy-pic option: All features v.3.8
(/mn/anatu/modules/opt/texlive/2013-uio/uio-texmf/texmf-dist/tex/generic/xypic/
xycurve.tex  Xy-pic option: Curve and Spline extension v.3.12 curve,
\crv@cnt@=\count131
\crvpts@=\toks48
\splinebox@=\box42
\splineval@=\dimen201
\splinedepth@=\dimen202
\splinetol@=\dimen203
\splinelength@=\dimen204
 circles,
\L@=\dimen205

loaded)
(/mn/anatu/modules/opt/texlive/2013-uio/uio-texmf/texmf-dist/tex/generic/xypic/
xyframe.tex  Xy-pic option: Frame and Bracket extension v.3.14 loaded)
(/mn/anatu/modules/opt/texlive/2013-uio/uio-texmf/texmf-dist/tex/generic/xypic/
xycmtip.tex  Xy-pic option: Computer Modern tip extension v.3.7
(/mn/anatu/modules/opt/texlive/2013-uio/uio-texmf/texmf-dist/tex/generic/xypic/
xytips.tex  Xy-pic option: More Tips extension v.3.11 loaded) loaded)
(/mn/anatu/modules/opt/texlive/2013-uio/uio-texmf/texmf-dist/tex/generic/xypic/
xyline.tex  Xy-pic option: Line styles extension v.3.10
\xylinethick@=\dimen206
 loaded)
(/mn/anatu/modules/opt/texlive/2013-uio/uio-texmf/texmf-dist/tex/generic/xypic/
xyrotate.tex  Xy-pic option: Rotate and Scale extension v.3.8 loaded)
(/mn/anatu/modules/opt/texlive/2013-uio/uio-texmf/texmf-dist/tex/generic/xypic/
xycolor.tex  Xy-pic option: Colour extension v.3.11 loaded)
(/mn/anatu/modules/opt/texlive/2013-uio/uio-texmf/texmf-dist/tex/generic/xypic/
xymatrix.tex  Xy-pic option: Matrix feature v.3.14
\Row=\count132
\Col=\count133
\queue@=\toks49
\queue@@=\toks50
\qcount@=\count134
\qcount@@=\count135
\matrixsize@=\count136
 loaded)
(/mn/anatu/modules/opt/texlive/2013-uio/uio-texmf/texmf-dist/tex/generic/xypic/
xyarrow.tex  Xy-pic option: Arrow and Path feature v.3.9 path, \ar, loaded)
(/mn/anatu/modules/opt/texlive/2013-uio/uio-texmf/texmf-dist/tex/generic/xypic/
xygraph.tex  Xy-pic option: Graph feature v.3.11 loaded) loaded)
(/mn/anatu/modules/opt/texlive/2013-uio/uio-texmf/texmf-dist/tex/generic/xypic/
xypdf.tex  Xy-pic option: PDF driver v.1.7
Xy-pic pdf driver: `color' extension support
(/mn/anatu/modules/opt/texlive/2013-uio/uio-texmf/texmf-dist/tex/generic/xypic/
xypdf-co.tex loaded) Xy-pic pdf driver: `curve' extension support
(/mn/anatu/modules/opt/texlive/2013-uio/uio-texmf/texmf-dist/tex/generic/xypic/
xypdf-cu.tex loaded) Xy-pic pdf driver: `frame' extension support
(/mn/anatu/modules/opt/texlive/2013-uio/uio-texmf/texmf-dist/tex/generic/xypic/
xypdf-fr.tex loaded) Xy-pic pdf driver: `line' extension support
(/mn/anatu/modules/opt/texlive/2013-uio/uio-texmf/texmf-dist/tex/generic/xypic/
xypdf-li.tex loaded) Xy-pic pdf driver: `rotate' extension support
(/mn/anatu/modules/opt/texlive/2013-uio/uio-texmf/texmf-dist/tex/generic/xypic/
xypdf-ro.tex loaded) loaded))
(/mn/anatu/modules/opt/texlive/2013-uio/uio-texmf/texmf-dist/tex/latex/wrapfig/
wrapfig.sty
\wrapoverhang=\dimen207
\WF@size=\dimen208
\c@WF@wrappedlines=\count137
\WF@box=\box43
\WF@everypar=\toks51
Package: wrapfig 2003/01/31  v 3.6
)
(/mn/anatu/modules/opt/texlive/2013-uio/uio-texmf/texmf-dist/tex/latex/hyperref
/hyperref.sty
Package: hyperref 2012/11/06 v6.83m Hypertext links for LaTeX

(/mn/anatu/modules/opt/texlive/2013-uio/uio-texmf/texmf-dist/tex/generic/oberdi
ek/hobsub-hyperref.sty
Package: hobsub-hyperref 2012/05/28 v1.13 Bundle oberdiek, subset hyperref (HO)


(/mn/anatu/modules/opt/texlive/2013-uio/uio-texmf/texmf-dist/tex/generic/oberdi
ek/hobsub-generic.sty
Package: hobsub-generic 2012/05/28 v1.13 Bundle oberdiek, subset generic (HO)
Package: hobsub 2012/05/28 v1.13 Construct package bundles (HO)
Package hobsub Info: Skipping package `infwarerr' (already loaded).
Package hobsub Info: Skipping package `ltxcmds' (already loaded).
Package hobsub Info: Skipping package `ifluatex' (already loaded).
Package: ifvtex 2010/03/01 v1.5 Detect VTeX and its facilities (HO)
Package ifvtex Info: VTeX not detected.
Package: intcalc 2007/09/27 v1.1 Expandable calculations with integers (HO)
Package hobsub Info: Skipping package `ifpdf' (already loaded).
Package hobsub Info: Skipping package `etexcmds' (already loaded).
Package hobsub Info: Skipping package `kvsetkeys' (already loaded).
Package: kvdefinekeys 2011/04/07 v1.3 Define keys (HO)
Package: pdftexcmds 2011/11/29 v0.20 Utility functions of pdfTeX for LuaTeX (HO
)
Package pdftexcmds Info: LuaTeX not detected.
Package pdftexcmds Info: \pdf@primitive is available.
Package pdftexcmds Info: \pdf@ifprimitive is available.
Package pdftexcmds Info: \pdfdraftmode found.
Package: pdfescape 2011/11/25 v1.13 Implements pdfTeX's escape features (HO)
Package: bigintcalc 2012/04/08 v1.3 Expandable calculations on big integers (HO
)
Package: bitset 2011/01/30 v1.1 Handle bit-vector datatype (HO)
Package: uniquecounter 2011/01/30 v1.2 Provide unlimited unique counter (HO)
)
Package hobsub Info: Skipping package `hobsub' (already loaded).
Package: letltxmacro 2010/09/02 v1.4 Let assignment for LaTeX macros (HO)
Package: hopatch 2012/05/28 v1.2 Wrapper for package hooks (HO)
Package: xcolor-patch 2011/01/30 xcolor patch
Package: atveryend 2011/06/30 v1.8 Hooks at the very end of document (HO)
Package atveryend Info: \enddocument detected (standard20110627).
Package: atbegshi 2011/10/05 v1.16 At begin shipout hook (HO)
Package: refcount 2011/10/16 v3.4 Data extraction from label references (HO)
Package: hycolor 2011/01/30 v1.7 Color options for hyperref/bookmark (HO)
)
(/mn/anatu/modules/opt/texlive/2013-uio/uio-texmf/texmf-dist/tex/generic/ifxete
x/ifxetex.sty
Package: ifxetex 2010/09/12 v0.6 Provides ifxetex conditional
)
(/mn/anatu/modules/opt/texlive/2013-uio/uio-texmf/texmf-dist/tex/latex/oberdiek
/auxhook.sty
Package: auxhook 2011/03/04 v1.3 Hooks for auxiliary files (HO)
)
(/mn/anatu/modules/opt/texlive/2013-uio/uio-texmf/texmf-dist/tex/latex/oberdiek
/kvoptions.sty
Package: kvoptions 2011/06/30 v3.11 Key value format for package options (HO)
)
\@linkdim=\dimen209
\Hy@linkcounter=\count138
\Hy@pagecounter=\count139

(/mn/anatu/modules/opt/texlive/2013-uio/uio-texmf/texmf-dist/tex/latex/hyperref
/pd1enc.def
File: pd1enc.def 2012/11/06 v6.83m Hyperref: PDFDocEncoding definition (HO)
Now handling font encoding PD1 ...
... no UTF-8 mapping file for font encoding PD1
)
\Hy@SavedSpaceFactor=\count140

(/mn/anatu/modules/opt/texlive/2013-uio/uio-texmf/texmf-dist/tex/latex/latexcon
fig/hyperref.cfg
File: hyperref.cfg 2002/06/06 v1.2 hyperref configuration of TeXLive
)
Package hyperref Info: Option `colorlinks' set `true' on input line 4319.
Package hyperref Info: Hyper figures OFF on input line 4443.
Package hyperref Info: Link nesting OFF on input line 4448.
Package hyperref Info: Hyper index ON on input line 4451.
Package hyperref Info: Plain pages OFF on input line 4458.
Package hyperref Info: Backreferencing OFF on input line 4463.
Package hyperref Info: Implicit mode ON; LaTeX internals redefined.
Package hyperref Info: Bookmarks ON on input line 4688.
\c@Hy@tempcnt=\count141
LaTeX Info: Redefining \url on input line 5041.
\XeTeXLinkMargin=\dimen210
\Fld@menulength=\count142
\Field@Width=\dimen211
\Fld@charsize=\dimen212
Package hyperref Info: Hyper figures OFF on input line 6295.
Package hyperref Info: Link nesting OFF on input line 6300.
Package hyperref Info: Hyper index ON on input line 6303.
Package hyperref Info: backreferencing OFF on input line 6310.
Package hyperref Info: Link coloring ON on input line 6313.
Package hyperref Info: Link coloring with OCG OFF on input line 6320.
Package hyperref Info: PDF/A mode OFF on input line 6325.
LaTeX Info: Redefining \ref on input line 6365.
LaTeX Info: Redefining \pageref on input line 6369.
\Hy@abspage=\count143
\c@Item=\count144
\c@Hfootnote=\count145
)

Package hyperref Message: Driver (autodetected): hpdftex.


(/mn/anatu/modules/opt/texlive/2013-uio/uio-texmf/texmf-dist/tex/latex/hyperref
/hpdftex.def
File: hpdftex.def 2012/11/06 v6.83m Hyperref driver for pdfTeX
\Fld@listcount=\count146
\c@bookmark@seq@number=\count147

(/mn/anatu/modules/opt/texlive/2013-uio/uio-texmf/texmf-dist/tex/latex/oberdiek
/rerunfilecheck.sty
Package: rerunfilecheck 2011/04/15 v1.7 Rerun checks for auxiliary files (HO)
Package uniquecounter Info: New unique counter `rerunfilecheck' on input line 2
82.
)
\Hy@SectionHShift=\skip54
) (./mystyle.sty
\c@thm=\count148
\c@oppg=\count149
\c@losn=\count150
\c@exc=\count151
\c@sol=\count152
) (./reptheory.aux)
\openout1 = `reptheory.aux'.

LaTeX Font Info:    Checking defaults for OML/cmm/m/it on input line 35.
LaTeX Font Info:    ... okay on input line 35.
LaTeX Font Info:    Checking defaults for T1/cmr/m/n on input line 35.
LaTeX Font Info:    ... okay on input line 35.
LaTeX Font Info:    Checking defaults for OT1/cmr/m/n on input line 35.
LaTeX Font Info:    ... okay on input line 35.
LaTeX Font Info:    Checking defaults for OMS/cmsy/m/n on input line 35.
LaTeX Font Info:    ... okay on input line 35.
LaTeX Font Info:    Checking defaults for OMX/cmex/m/n on input line 35.
LaTeX Font Info:    ... okay on input line 35.
LaTeX Font Info:    Checking defaults for U/cmr/m/n on input line 35.
LaTeX Font Info:    ... okay on input line 35.
LaTeX Font Info:    Checking defaults for PD1/pdf/m/n on input line 35.
LaTeX Font Info:    ... okay on input line 35.

ABD: EveryShipout initializing macros
(/mn/anatu/modules/opt/texlive/2013-uio/uio-texmf/texmf-dist/tex/context/base/s
upp-pdf.mkii
[Loading MPS to PDF converter (version 2006.09.02).]
\scratchcounter=\count153
\scratchdimen=\dimen213
\scratchbox=\box44
\nofMPsegments=\count154
\nofMParguments=\count155
\everyMPshowfont=\toks52
\MPscratchCnt=\count156
\MPscratchDim=\dimen214
\MPnumerator=\count157
\makeMPintoPDFobject=\count158
\everyMPtoPDFconversion=\toks53
)
(/mn/anatu/modules/opt/texlive/2013-uio/uio-texmf/texmf-dist/tex/latex/oberdiek
/epstopdf-base.sty
Package: epstopdf-base 2010/02/09 v2.5 Base part for package epstopdf

(/mn/anatu/modules/opt/texlive/2013-uio/uio-texmf/texmf-dist/tex/latex/oberdiek
/grfext.sty
Package: grfext 2010/08/19 v1.1 Manage graphics extensions (HO)
)
Package grfext Info: Graphics extension search list:
(grfext)             [.png,.pdf,.jpg,.mps,.jpeg,.jbig2,.jb2,.PNG,.PDF,.JPG,.JPE
G,.JBIG2,.JB2,.eps]
(grfext)             \AppendGraphicsExtensions on input line 452.

(/mn/anatu/modules/opt/texlive/2013-uio/uio-texmf/texmf-dist/tex/latex/latexcon
fig/epstopdf-sys.cfg
File: epstopdf-sys.cfg 2010/07/13 v1.3 Configuration of (r)epstopdf for TeX Liv
e
))
LaTeX Font Info:    Try loading font information for U+msa on input line 35.

(/mn/anatu/modules/opt/texlive/2013-uio/uio-texmf/texmf-dist/tex/latex/amsfonts
/umsa.fd
File: umsa.fd 2013/01/14 v3.01 AMS symbols A
)
LaTeX Font Info:    Try loading font information for U+msb on input line 35.

(/mn/anatu/modules/opt/texlive/2013-uio/uio-texmf/texmf-dist/tex/latex/amsfonts
/umsb.fd
File: umsb.fd 2013/01/14 v3.01 AMS symbols B
)
LaTeX Font Info:    Try loading font information for U+rsfs on input line 35.

(/mn/anatu/modules/opt/texlive/2013-uio/uio-texmf/texmf-dist/tex/latex/jknapltx
/ursfs.fd
File: ursfs.fd 1998/03/24 rsfs font definition file (jk)
)
Package xypdf Info: Line width: 0.43799pt on input line 35.
\AtBeginShipoutBox=\box45
Package hyperref Info: Link coloring ON on input line 35.

(/mn/anatu/modules/opt/texlive/2013-uio/uio-texmf/texmf-dist/tex/latex/hyperref
/nameref.sty
Package: nameref 2012/10/27 v2.43 Cross-referencing by name of section

(/mn/anatu/modules/opt/texlive/2013-uio/uio-texmf/texmf-dist/tex/generic/oberdi
ek/gettitlestring.sty
Package: gettitlestring 2010/12/03 v1.4 Cleanup title references (HO)
)
\c@section@level=\count159
)
LaTeX Info: Redefining \ref on input line 35.
LaTeX Info: Redefining \pageref on input line 35.
LaTeX Info: Redefining \nameref on input line 35.
 (./reptheory.out) (./reptheory.out)
\@outlinefile=\write5
\openout5 = `reptheory.out'.

Package hyperref Info: bookmark level for unknown example defaults to 0 on inpu
t line 55.
 [1

{/mn/anatu/modules/opt/texlive/2013-uio/uio-texmf/texmf-var/fonts/map/pdftex/up
dmap/pdftex.map}]
LaTeX Font Info:    Try loading font information for T1+cmtt on input line 64.

(/mn/anatu/modules/opt/texlive/2013-uio/uio-texmf/texmf-dist/tex/latex/base/t1c
mtt.fd
File: t1cmtt.fd 1999/05/25 v2.5h Standard LaTeX font definitions
)
Overfull \hbox (5.15752pt too wide) detected at line 75
\OML/cmm/m/it/10 x[] \OMS/cmsy/m/n/10 ^^@ \OML/cmm/m/it/10 x[]x[] \OT1/cmr/m/n/
10 + \OML/cmm/m/it/10 x[] \OMS/cmsy/m/n/10 ^^@ \OML/cmm/m/it/10 x[]x[] \OMS/cms
y/m/n/10 ^^@ \OML/cmm/m/it/10 x[]x[] \OT1/cmr/m/n/10 + \OML/cmm/m/it/10 x[] \OM
S/cmsy/m/n/10 ^^@ \OML/cmm/m/it/10 x[] \OT1/cmr/m/n/10 + \OML/cmm/m/it/10 x[]x[
] \OMS/cmsy/m/n/10 ^^@ \OML/cmm/m/it/10 x[] \OT1/cmr/m/n/10 + \OML/cmm/m/it/10 
x[]x[] \OMS/cmsy/m/n/10 ^^@ \OML/cmm/m/it/10 x[] \OMS/cmsy/m/n/10 ^^@ \OML/cmm/
m/it/10 x[]:
 []

Package hyperref Info: bookmark level for unknown thm defaults to 0 on input li
ne 81.
[2]
Package hyperref Info: bookmark level for unknown prop defaults to 0 on input l
ine 125.
 [3] [4]
Package hyperref Info: bookmark level for unknown remark defaults to 0 on input
 line 207.
 [5] [6] [7] [8] [9]

Package hyperref Warning: Suppressing empty link on input line 369.

[10] [11]
Package hyperref Info: bookmark level for unknown lemma defaults to 0 on input 
line 434.

Underfull \hbox (badness 5077) in paragraph at lines 437--438
\T1/cmr/m/it/10 where $\OML/cmm/m/it/10 ^^_[]\OT1/cmr/m/n/10 (\OML/cmm/m/it/10 
g\OT1/cmr/m/n/10 ) = [] \OML/cmm/m/it/10 ^^Y\OT1/cmr/m/n/10 (\OML/cmm/m/it/10 g
\OT1/cmr/m/n/10 )$\T1/cmr/m/it/10 , is a pro-jec-tion onto $\OML/cmm/m/it/10 W\
OT1/cmr/m/n/10 (\OML/cmm/m/it/10 ^^Y\OT1/cmr/m/n/10 )$ \T1/cmr/m/it/10 along
 []

[12]
Package hyperref Info: bookmark level for unknown corr defaults to 0 on input l
ine 502.
 [13] [14] [15]
Underfull \hbox (badness 1400) in paragraph at lines 625--626
[][]\T1/cmr/bx/n/10 Theorem 4.1 \T1/cmr/m/n/10 (Frobe-nius)\T1/cmr/bx/n/10 . []
\T1/cmr/m/it/10 The poly-no-mi-als $[] []$
 []

[16] [17] [18] [19] [20] [21]

Package hyperref Warning: Token not allowed in a PDF string (PDFDocEncoding):
(hyperref)                removing `math shift' on input line 815.


Package hyperref Warning: Token not allowed in a PDF string (PDFDocEncoding):
(hyperref)                removing `subscript' on input line 815.


Package hyperref Warning: Token not allowed in a PDF string (PDFDocEncoding):
(hyperref)                removing `math shift' on input line 815.

[22] [23]
Underfull \hbox (badness 6063) in paragraph at lines 917--918
[]\T1/cmr/m/n/10 Under these iso-mor-phisms, the im-age of the sub-mod-ule
 []

[24]
Underfull \hbox (badness 4739) in paragraph at lines 974--975
[][]\T1/cmr/bx/n/10 Theorem 6.6 \T1/cmr/m/n/10 (Frobe-nius char-ac-ter for-mula
)\T1/cmr/bx/n/10 . []\T1/cmr/m/it/10 As-sume $\OML/cmm/m/it/10 ^^U \OT1/cmr/m/n
/10 =
 []

[25] [26] [27]
Underfull \hbox (badness 5008) in paragraph at lines 1065--1067
\T1/cmr/m/n/10 We also have an iden-ti-fac-tion of rep-re-sen-ta-tions $\U/msb/
m/n/10 C\OT1/cmr/m/n/10 [\OML/cmm/m/it/10 G\OT1/cmr/m/n/10 ]$ \T1/cmr/m/n/10 wi
th
 []

[28] [29] [30] [31] [32] [33] [34] [35] [36] [37] [38] [39] [40] [41]
LaTeX Font Info:    Try loading font information for OMS+cmr on input line 1593
.

(/mn/anatu/modules/opt/texlive/2013-uio/uio-texmf/texmf-dist/tex/latex/base/oms
cmr.fd
File: omscmr.fd 1999/05/25 v2.5h Standard LaTeX font definitions
)
LaTeX Font Info:    Font shape `OMS/cmr/m/n' in size <10> not available
(Font)              Font shape `OMS/cmsy/m/n' tried instead on input line 1593.

 <xymatrix 2x2 86> [42] [43] [44] [45] [46] <xymatrix 2x2 182> [47]
LaTeX Font Info:    Try loading font information for U+euf on input line 1836.

(/mn/anatu/modules/opt/texlive/2013-uio/uio-texmf/texmf-dist/tex/latex/amsfonts
/ueuf.fd
File: ueuf.fd 2013/01/14 v3.01 Euler Fraktur
) [48] [49] [50] [51] [52] [53] [54]

Package hyperref Warning: Token not allowed in a PDF string (PDFDocEncoding):
(hyperref)                removing `math shift' on input line 2132.


Package hyperref Warning: Token not allowed in a PDF string (PDFDocEncoding):
(hyperref)                removing `math shift' on input line 2132.

[55]

Package hyperref Warning: Token not allowed in a PDF string (PDFDocEncoding):
(hyperref)                removing `math shift' on input line 2156.


Package hyperref Warning: Token not allowed in a PDF string (PDFDocEncoding):
(hyperref)                removing `math shift' on input line 2156.

[56]

Package hyperref Warning: Token not allowed in a PDF string (PDFDocEncoding):
(hyperref)                removing `math shift' on input line 2189.


Package hyperref Warning: Token not allowed in a PDF string (PDFDocEncoding):
(hyperref)                removing `math shift' on input line 2189.


Package hyperref Warning: Token not allowed in a PDF string (PDFDocEncoding):
(hyperref)                removing `math shift' on input line 2205.


Package hyperref Warning: Token not allowed in a PDF string (PDFDocEncoding):
(hyperref)                removing `math shift' on input line 2205.

[57]

Package hyperref Warning: Token not allowed in a PDF string (PDFDocEncoding):
(hyperref)                removing `math shift' on input line 2234.


Package hyperref Warning: Token not allowed in a PDF string (PDFDocEncoding):
(hyperref)                removing `math shift' on input line 2234.

[58] [59] [60] [61] [62] [63] [64]

Package hyperref Warning: Token not allowed in a PDF string (PDFDocEncoding):
(hyperref)                removing `math shift' on input line 2484.


Package hyperref Warning: Token not allowed in a PDF string (PDFDocEncoding):
(hyperref)                removing `math shift' on input line 2484.

[65] <xymatrix 5x3 303> [66] [67] [68] [69] [70] [71]
Underfull \hbox (badness 5711) in paragraph at lines 2874--2875
[]\T1/cmr/m/n/10 Assuming the claim, it fol-lows that $[]\OT1/cmr/m/n/10 (\OML/
cmm/m/it/10 t\OT1/cmr/m/n/10 ([] \OML/cmm/m/it/10 h\OT1/cmr/m/n/10 )(\OML/cmm/m
/it/10 X\OT1/cmr/m/n/10 )) =
 []

[72] [73] [74] [75] [76] [77] [78] [79] [80]
\c@enumTemp=\count160
 [81] [82] [83] [84] [85]
Underfull \hbox (badness 10000) in paragraph at lines 3410--3411
[][]\T1/cmr/bx/n/10 Example 21.5. []\T1/cmr/m/n/10 Again con-sider the root sys
-tem $\OML/cmm/m/it/10 A[]$\T1/cmr/m/n/10 .
 []


Underfull \hbox (badness 10000) in paragraph at lines 3410--3411
\T1/cmr/m/n/10 One com-putes that the Weyl cham-bers are the in-te-ri-ors
 []


Underfull \hbox (badness 10000) in paragraph at lines 3410--3411
\T1/cmr/m/n/10 of the rays gen-er-ated by $[]$ and
 []

[86] [87] [88] [89]
Overfull \hbox (41.85886pt too wide) detected at line 3600
\OT1/cmr/m/n/10 (\OML/cmm/m/it/10 []; []\OT1/cmr/m/n/10 ) = (\OML/cmm/m/it/10
 h[]; h[]\OT1/cmr/m/n/10 ) = []((\OML/cmm/m/it/10 E[] \OMS/cmsy/m/n/10 ^^@ \OML
/cmm/m/it/10 E[]\OT1/cmr/m/n/10 )(\OML/cmm/m/it/10 E[] \OMS/cmsy/m/n/10 ^^@ \OM
L/cmm/m/it/10 E[]\OT1/cmr/m/n/10 )) = []
 []

[90] [91]
LaTeX Font Info:    Font shape `OMS/cmr/m/it' in size <10> not available
(Font)              Font shape `OMS/cmsy/m/n' tried instead on input line 3657.

 [92] [93]
Underfull \hbox (badness 10000) in paragraph at lines 3734--3734
[]\T1/cmr/bx/n/14.4 Classification of sim-ply con-nected
 []

[94] [95] [96] [97] [98]

LaTeX Warning: Command \L invalid in math mode on input line 3985.

Missing character: There is no  in font cmr10!
[99]
Underfull \hbox (badness 1939) in paragraph at lines 4009--4009
[]\T1/cmr/bx/n/14.4 Classical ap-proach to rep-re-sen-ta-tion
 []


Package hyperref Warning: Token not allowed in a PDF string (PDFDocEncoding):
(hyperref)                removing `math shift' on input line 4009.


Package hyperref Warning: Token not allowed in a PDF string (PDFDocEncoding):
(hyperref)                removing `math shift' on input line 4009.

[100]
Underfull \hbox (badness 10000) in paragraph at lines 4073--4074
[][]\T1/cmr/bx/n/10 Theorem 26.1 \T1/cmr/m/n/10 (Schur-Weyl du-al-ity)\T1/cmr/b
x/n/10 . []\T1/cmr/m/it/10 The sub-al-ge-bras
 []

[101]
Package hyperref Info: bookmark level for unknown exc defaults to 0 on input li
ne 4110.
Package hyperref Info: bookmark level for unknown sol defaults to 0 on input li
ne 4113.
 [102] <xymatrix 2x2 168>
Underfull \hbox (badness 2027) in paragraph at lines 4170--4172
\T1/cmr/m/n/10 Hence $\OML/cmm/m/it/10 V$ \T1/cmr/m/n/10 and $\OML/cmm/m/it/10 
V[]$ \T1/cmr/m/n/10 are iso-mor-phic as rep-re-sen-ta-tions and then
 []

[103]

Package amsfonts Warning: Obsolete command \frak; \mathfrak should be used inst
ead on input line 4232.

[104] [105] [106]
Overfull \hbox (54.89679pt too wide) detected at line 4352
\OMS/cmsy/m/n/10 h\OML/cmm/m/it/10 g \OMS/cmsy/m/n/10 ^^A \OML/cmm/m/it/10 X; \
OMS/cmsy/m/n/10 ^^A\OML/cmm/m/it/10 Y\OMS/cmsy/m/n/10 i \OT1/cmr/m/n/10 = \OMS/
cmsy/m/n/10 h\OML/cmm/m/it/10 gXg[]; gYg[]\OMS/cmsy/m/n/10 i \OT1/cmr/m/n/10 = 
\OMS/cmsy/m/n/10 ^^@ []\OT1/cmr/m/n/10 (\OML/cmm/m/it/10 gXg[]gYg[]\OT1/cmr/m/n
/10 ) = \OMS/cmsy/m/n/10 ^^@ []\OT1/cmr/m/n/10 (\OML/cmm/m/it/10 gXYg[]\OT1/cmr
/m/n/10 ) = \OMS/cmsy/m/n/10 ^^@\OML/cmm/m/it/10 tr\OT1/cmr/m/n/10 (\OML/cmm/m/
it/10 XY\OT1/cmr/m/n/10 )\OML/cmm/m/it/10 :
 []

[107]

Package hyperref Warning: Token not allowed in a PDF string (PDFDocEncoding):
(hyperref)                removing `math shift' on input line 4360.


Package hyperref Warning: Token not allowed in a PDF string (PDFDocEncoding):
(hyperref)                removing `subscript' on input line 4360.


Package hyperref Warning: Token not allowed in a PDF string (PDFDocEncoding):
(hyperref)                removing `math shift' on input line 4360.

Package youngtab: box1 not free! Expect an error!
[108] [109] (./reptheory.bbl)
Package atveryend Info: Empty hook `BeforeClearDocument' on input line 4465.
 [110]
Package atveryend Info: Empty hook `AfterLastShipout' on input line 4465.
 (./reptheory.aux)
Package atveryend Info: Executing hook `AtVeryEndDocument' on input line 4465.
Package atveryend Info: Executing hook `AtEndAfterFileList' on input line 4465.

Package rerunfilecheck Info: File `reptheory.out' has not changed.
(rerunfilecheck)             Checksum: 741D1FE3524411D01A75B10BD1341ED4;5022.
Package atveryend Info: Empty hook `AtVeryVeryEnd' on input line 4465.
 ) 
Here is how much of TeX's memory you used:
 20049 strings out of 493308
 338892 string characters out of 6135157
 449006 words of memory out of 5000000
 22415 multiletter control sequences out of 15000+600000
 33333 words of font info for 109 fonts, out of 8000000 for 9000
 957 hyphenation exceptions out of 8191
 56i,19n,55p,3265b,717s stack positions out of 5000i,500n,10000p,200000b,80000s
{/mn/anatu/modules/opt/texlive/2013-uio/uio-texmf/texmf-dist/fonts/enc/dvips/
cm-super/cm-super-t1.enc}</mn/anatu/modules/opt/texlive/2013-uio/uio-texmf/texm
f-dist/fonts/type1/public/amsfonts/cm/cmex10.pfb></mn/anatu/modules/opt/texlive
/2013-uio/uio-texmf/texmf-dist/fonts/type1/public/amsfonts/cmextra/cmex7.pfb></
mn/anatu/modules/opt/texlive/2013-uio/uio-texmf/texmf-dist/fonts/type1/public/a
msfonts/cmextra/cmex9.pfb></mn/anatu/modules/opt/texlive/2013-uio/uio-texmf/tex
mf-dist/fonts/type1/public/amsfonts/cm/cmmi10.pfb></mn/anatu/modules/opt/texliv
e/2013-uio/uio-texmf/texmf-dist/fonts/type1/public/amsfonts/cm/cmmi12.pfb></mn/
anatu/modules/opt/texlive/2013-uio/uio-texmf/texmf-dist/fonts/type1/public/amsf
onts/cm/cmmi5.pfb></mn/anatu/modules/opt/texlive/2013-uio/uio-texmf/texmf-dist/
fonts/type1/public/amsfonts/cm/cmmi6.pfb></mn/anatu/modules/opt/texlive/2013-ui
o/uio-texmf/texmf-dist/fonts/type1/public/amsfonts/cm/cmmi7.pfb></mn/anatu/modu
les/opt/texlive/2013-uio/uio-texmf/texmf-dist/fonts/type1/public/amsfonts/cm/cm
mi9.pfb></mn/anatu/modules/opt/texlive/2013-uio/uio-texmf/texmf-dist/fonts/type
1/public/amsfonts/cm/cmr10.pfb></mn/anatu/modules/opt/texlive/2013-uio/uio-texm
f/texmf-dist/fonts/type1/public/amsfonts/cm/cmr12.pfb></mn/anatu/modules/opt/te
xlive/2013-uio/uio-texmf/texmf-dist/fonts/type1/public/amsfonts/cm/cmr5.pfb></m
n/anatu/modules/opt/texlive/2013-uio/uio-texmf/texmf-dist/fonts/type1/public/am
sfonts/cm/cmr6.pfb></mn/anatu/modules/opt/texlive/2013-uio/uio-texmf/texmf-dist
/fonts/type1/public/amsfonts/cm/cmr7.pfb></mn/anatu/modules/opt/texlive/2013-ui
o/uio-texmf/texmf-dist/fonts/type1/public/amsfonts/cm/cmr8.pfb></mn/anatu/modul
es/opt/texlive/2013-uio/uio-texmf/texmf-dist/fonts/type1/public/amsfonts/cm/cmr
9.pfb></mn/anatu/modules/opt/texlive/2013-uio/uio-texmf/texmf-dist/fonts/type1/
public/amsfonts/cm/cmss10.pfb></mn/anatu/modules/opt/texlive/2013-uio/uio-texmf
/texmf-dist/fonts/type1/public/amsfonts/cm/cmss8.pfb></mn/anatu/modules/opt/tex
live/2013-uio/uio-texmf/texmf-dist/fonts/type1/public/amsfonts/cm/cmsy10.pfb></
mn/anatu/modules/opt/texlive/2013-uio/uio-texmf/texmf-dist/fonts/type1/public/a
msfonts/cm/cmsy5.pfb></mn/anatu/modules/opt/texlive/2013-uio/uio-texmf/texmf-di
st/fonts/type1/public/amsfonts/cm/cmsy7.pfb></mn/anatu/modules/opt/texlive/2013
-uio/uio-texmf/texmf-dist/fonts/type1/public/amsfonts/cm/cmsy9.pfb></mn/anatu/m
odules/opt/texlive/2013-uio/uio-texmf/texmf-dist/fonts/type1/public/amsfonts/eu
ler/eufm10.pfb></mn/anatu/modules/opt/texlive/2013-uio/uio-texmf/texmf-dist/fon
ts/type1/public/amsfonts/euler/eufm7.pfb></mn/anatu/modules/opt/texlive/2013-ui
o/uio-texmf/texmf-dist/fonts/type1/public/amsfonts/symbols/msam10.pfb></mn/anat
u/modules/opt/texlive/2013-uio/uio-texmf/texmf-dist/fonts/type1/public/amsfonts
/symbols/msbm10.pfb></mn/anatu/modules/opt/texlive/2013-uio/uio-texmf/texmf-dis
t/fonts/type1/public/amsfonts/symbols/msbm7.pfb></mn/anatu/modules/opt/texlive/
2013-uio/uio-texmf/texmf-dist/fonts/type1/public/rsfs/rsfs10.pfb></mn/anatu/mod
ules/opt/texlive/2013-uio/uio-texmf/texmf-dist/fonts/type1/public/rsfs/rsfs7.pf
b></mn/anatu/modules/opt/texlive/2013-uio/uio-texmf/texmf-dist/fonts/type1/publ
ic/cm-super/sfbi1000.pfb></mn/anatu/modules/opt/texlive/2013-uio/uio-texmf/texm
f-dist/fonts/type1/public/cm-super/sfbx1000.pfb></mn/anatu/modules/opt/texlive/
2013-uio/uio-texmf/texmf-dist/fonts/type1/public/cm-super/sfbx1200.pfb></mn/ana
tu/modules/opt/texlive/2013-uio/uio-texmf/texmf-dist/fonts/type1/public/cm-supe
r/sfbx1440.pfb></mn/anatu/modules/opt/texlive/2013-uio/uio-texmf/texmf-dist/fon
ts/type1/public/cm-super/sfrm0600.pfb></mn/anatu/modules/opt/texlive/2013-uio/u
io-texmf/texmf-dist/fonts/type1/public/cm-super/sfrm0700.pfb></mn/anatu/modules
/opt/texlive/2013-uio/uio-texmf/texmf-dist/fonts/type1/public/cm-super/sfrm0900
.pfb></mn/anatu/modules/opt/texlive/2013-uio/uio-texmf/texmf-dist/fonts/type1/p
ublic/cm-super/sfrm1000.pfb></mn/anatu/modules/opt/texlive/2013-uio/uio-texmf/t
exmf-dist/fonts/type1/public/cm-super/sfrm1095.pfb></mn/anatu/modules/opt/texli
ve/2013-uio/uio-texmf/texmf-dist/fonts/type1/public/cm-super/sfrm1200.pfb></mn/
anatu/modules/opt/texlive/2013-uio/uio-texmf/texmf-dist/fonts/type1/public/cm-s
uper/sfrm1728.pfb></mn/anatu/modules/opt/texlive/2013-uio/uio-texmf/texmf-dist/
fonts/type1/public/cm-super/sfti1000.pfb></mn/anatu/modules/opt/texlive/2013-ui
o/uio-texmf/texmf-dist/fonts/type1/public/cm-super/sftt1000.pfb></mn/anatu/modu
les/opt/texlive/2013-uio/uio-texmf/texmf-dist/fonts/type1/public/xypic/xyatip10
.pfb></mn/anatu/modules/opt/texlive/2013-uio/uio-texmf/texmf-dist/fonts/type1/p
ublic/xypic/xybsql10.pfb></mn/anatu/modules/opt/texlive/2013-uio/uio-texmf/texm
f-dist/fonts/type1/public/xypic/xybtip10.pfb></mn/anatu/modules/opt/texlive/201
3-uio/uio-texmf/texmf-dist/fonts/type1/public/xypic/xydash10.pfb>
Output written on reptheory.pdf (110 pages, 904863 bytes).
PDF statistics:
 1547 PDF objects out of 1728 (max. 8388607)
 1375 compressed objects within 14 object streams
 610 named destinations out of 1000 (max. 500000)
 581 words of extra memory for PDF output out of 10000 (max. 10000000)

