\BOOKMARK [1][-]{section.1}{Lecture 1}{}% 1
\BOOKMARK [2][-]{subsection.1.1}{Motivating example}{section.1}% 2
\BOOKMARK [2][-]{subsection.1.2}{Representations}{section.1}% 3
\BOOKMARK [1][-]{section.2}{Lecture 2 - Density theorems}{}% 4
\BOOKMARK [2][-]{subsection.2.1}{Density theorems}{section.2}% 5
\BOOKMARK [2][-]{subsection.2.2}{Orthogonality relations}{section.2}% 6
\BOOKMARK [1][-]{section.3}{Lecture 3 - More on orthogonality}{}% 7
\BOOKMARK [2][-]{subsection.3.1}{Characters of a representation}{section.3}% 8
\BOOKMARK [2][-]{subsection.3.2}{Isotypic component and can. decomposition of V}{section.3}% 9
\BOOKMARK [1][-]{section.4}{Lecture 4 - The Frobenius determinant problem}{}% 10
\BOOKMARK [2][-]{subsection.4.1}{Two constructions on representations}{section.4}% 11
\BOOKMARK [1][-]{section.5}{Lecture 5 - Dimension of irreps and the symmetric group}{}% 12
\BOOKMARK [1][-]{section.6}{Lecture 6 - Representation theory of Sn}{}% 13
\BOOKMARK [2][-]{subsection.6.1}{Tabloids}{section.6}% 14
\BOOKMARK [2][-]{subsection.6.2}{Characters and the Hook length formula}{section.6}% 15
\BOOKMARK [1][-]{section.7}{Induced representations}{}% 16
\BOOKMARK [2][-]{subsection.7.1}{Frobenius reciprocity}{section.7}% 17
\BOOKMARK [2][-]{subsection.7.2}{More on induction}{section.7}% 18
\BOOKMARK [2][-]{subsection.7.3}{Characters of induced representations}{section.7}% 19
\BOOKMARK [1][-]{section.8}{The Frobenius subgroup theorem}{}% 20
\BOOKMARK [1][-]{section.9}{The theorems of Artin and Brauer and fields of definition}{}% 21
\BOOKMARK [1][-]{section.10}{Mackey's irreducibility criterion}{}% 22
\BOOKMARK [1][-]{section.11}{Induction from normal subgroups}{}% 23
\BOOKMARK [1][-]{section.12}{Part II - Compact groups}{}% 24
\BOOKMARK [1][-]{appendix.A}{Exercises}{}% 25
\BOOKMARK [2][-]{subsection.A.1}{Lecture 1}{appendix.A}% 26
\BOOKMARK [2][-]{subsection.A.2}{Exercises 3}{appendix.A}% 27
\BOOKMARK [2][-]{subsection.A.3}{Lecture 4}{appendix.A}% 28
\BOOKMARK [2][-]{subsection.A.4}{Exercises 11}{appendix.A}% 29
\BOOKMARK [2][-]{subsection.A.5}{Lecture 13}{appendix.A}% 30
\BOOKMARK [1][-]{appendix.B}{Some worked examples}{}% 31
\BOOKMARK [2][-]{subsection.B.1}{The representation ring of S3}{appendix.B}% 32
\BOOKMARK [2][-]{subsection.B.2}{Explicit Specht modules}{appendix.B}% 33
