This is pdfTeX, Version 3.1415926-2.5-1.40.14 (TeX Live 2013) (format=pdflatex 2013.10.31)  30 APR 2015 13:24
entering extended mode
 restricted \write18 enabled.
 %&-line parsing enabled.
**\input seminar30april15.tex
(./seminar30april15.tex
(/mn/anatu/modules/opt/texlive/2013-uio/uio-texmf/texmf-dist/tex/latex/base/art
icle.cls
Document Class: article 2007/10/19 v1.4h Standard LaTeX document class

(/mn/anatu/modules/opt/texlive/2013-uio/uio-texmf/texmf-dist/tex/latex/base/siz
e11.clo
File: size11.clo 2007/10/19 v1.4h Standard LaTeX file (size option)
)
\c@part=\count79
\c@section=\count80
\c@subsection=\count81
\c@subsubsection=\count82
\c@paragraph=\count83
\c@subparagraph=\count84
\c@figure=\count85
\c@table=\count86
\abovecaptionskip=\skip41
\belowcaptionskip=\skip42
\bibindent=\dimen102
)
(/mn/anatu/modules/opt/texlive/2013-uio/uio-texmf/texmf-dist/tex/latex/base/fon
tenc.sty
Package: fontenc 2005/09/27 v1.99g Standard LaTeX package

(/mn/anatu/modules/opt/texlive/2013-uio/uio-texmf/texmf-dist/tex/latex/base/t1e
nc.def
File: t1enc.def 2005/09/27 v1.99g Standard LaTeX file
LaTeX Font Info:    Redeclaring font encoding T1 on input line 43.
))
(/mn/anatu/modules/opt/texlive/2013-uio/uio-texmf/texmf-dist/tex/latex/base/inp
utenc.sty
Package: inputenc 2008/03/30 v1.1d Input encoding file
\inpenc@prehook=\toks14
\inpenc@posthook=\toks15

(/mn/anatu/modules/opt/texlive/2013-uio/uio-texmf/texmf-dist/tex/latex/base/utf
8.def
File: utf8.def 2008/04/05 v1.1m UTF-8 support for inputenc
Now handling font encoding OML ...
... no UTF-8 mapping file for font encoding OML
Now handling font encoding T1 ...
... processing UTF-8 mapping file for font encoding T1

(/mn/anatu/modules/opt/texlive/2013-uio/uio-texmf/texmf-dist/tex/latex/base/t1e
nc.dfu
File: t1enc.dfu 2008/04/05 v1.1m UTF-8 support for inputenc
   defining Unicode char U+00A1 (decimal 161)
   defining Unicode char U+00A3 (decimal 163)
   defining Unicode char U+00AB (decimal 171)
   defining Unicode char U+00BB (decimal 187)
   defining Unicode char U+00BF (decimal 191)
   defining Unicode char U+00C0 (decimal 192)
   defining Unicode char U+00C1 (decimal 193)
   defining Unicode char U+00C2 (decimal 194)
   defining Unicode char U+00C3 (decimal 195)
   defining Unicode char U+00C4 (decimal 196)
   defining Unicode char U+00C5 (decimal 197)
   defining Unicode char U+00C6 (decimal 198)
   defining Unicode char U+00C7 (decimal 199)
   defining Unicode char U+00C8 (decimal 200)
   defining Unicode char U+00C9 (decimal 201)
   defining Unicode char U+00CA (decimal 202)
   defining Unicode char U+00CB (decimal 203)
   defining Unicode char U+00CC (decimal 204)
   defining Unicode char U+00CD (decimal 205)
   defining Unicode char U+00CE (decimal 206)
   defining Unicode char U+00CF (decimal 207)
   defining Unicode char U+00D0 (decimal 208)
   defining Unicode char U+00D1 (decimal 209)
   defining Unicode char U+00D2 (decimal 210)
   defining Unicode char U+00D3 (decimal 211)
   defining Unicode char U+00D4 (decimal 212)
   defining Unicode char U+00D5 (decimal 213)
   defining Unicode char U+00D6 (decimal 214)
   defining Unicode char U+00D8 (decimal 216)
   defining Unicode char U+00D9 (decimal 217)
   defining Unicode char U+00DA (decimal 218)
   defining Unicode char U+00DB (decimal 219)
   defining Unicode char U+00DC (decimal 220)
   defining Unicode char U+00DD (decimal 221)
   defining Unicode char U+00DE (decimal 222)
   defining Unicode char U+00DF (decimal 223)
   defining Unicode char U+00E0 (decimal 224)
   defining Unicode char U+00E1 (decimal 225)
   defining Unicode char U+00E2 (decimal 226)
   defining Unicode char U+00E3 (decimal 227)
   defining Unicode char U+00E4 (decimal 228)
   defining Unicode char U+00E5 (decimal 229)
   defining Unicode char U+00E6 (decimal 230)
   defining Unicode char U+00E7 (decimal 231)
   defining Unicode char U+00E8 (decimal 232)
   defining Unicode char U+00E9 (decimal 233)
   defining Unicode char U+00EA (decimal 234)
   defining Unicode char U+00EB (decimal 235)
   defining Unicode char U+00EC (decimal 236)
   defining Unicode char U+00ED (decimal 237)
   defining Unicode char U+00EE (decimal 238)
   defining Unicode char U+00EF (decimal 239)
   defining Unicode char U+00F0 (decimal 240)
   defining Unicode char U+00F1 (decimal 241)
   defining Unicode char U+00F2 (decimal 242)
   defining Unicode char U+00F3 (decimal 243)
   defining Unicode char U+00F4 (decimal 244)
   defining Unicode char U+00F5 (decimal 245)
   defining Unicode char U+00F6 (decimal 246)
   defining Unicode char U+00F8 (decimal 248)
   defining Unicode char U+00F9 (decimal 249)
   defining Unicode char U+00FA (decimal 250)
   defining Unicode char U+00FB (decimal 251)
   defining Unicode char U+00FC (decimal 252)
   defining Unicode char U+00FD (decimal 253)
   defining Unicode char U+00FE (decimal 254)
   defining Unicode char U+00FF (decimal 255)
   defining Unicode char U+0102 (decimal 258)
   defining Unicode char U+0103 (decimal 259)
   defining Unicode char U+0104 (decimal 260)
   defining Unicode char U+0105 (decimal 261)
   defining Unicode char U+0106 (decimal 262)
   defining Unicode char U+0107 (decimal 263)
   defining Unicode char U+010C (decimal 268)
   defining Unicode char U+010D (decimal 269)
   defining Unicode char U+010E (decimal 270)
   defining Unicode char U+010F (decimal 271)
   defining Unicode char U+0110 (decimal 272)
   defining Unicode char U+0111 (decimal 273)
   defining Unicode char U+0118 (decimal 280)
   defining Unicode char U+0119 (decimal 281)
   defining Unicode char U+011A (decimal 282)
   defining Unicode char U+011B (decimal 283)
   defining Unicode char U+011E (decimal 286)
   defining Unicode char U+011F (decimal 287)
   defining Unicode char U+0130 (decimal 304)
   defining Unicode char U+0131 (decimal 305)
   defining Unicode char U+0132 (decimal 306)
   defining Unicode char U+0133 (decimal 307)
   defining Unicode char U+0139 (decimal 313)
   defining Unicode char U+013A (decimal 314)
   defining Unicode char U+013D (decimal 317)
   defining Unicode char U+013E (decimal 318)
   defining Unicode char U+0141 (decimal 321)
   defining Unicode char U+0142 (decimal 322)
   defining Unicode char U+0143 (decimal 323)
   defining Unicode char U+0144 (decimal 324)
   defining Unicode char U+0147 (decimal 327)
   defining Unicode char U+0148 (decimal 328)
   defining Unicode char U+014A (decimal 330)
   defining Unicode char U+014B (decimal 331)
   defining Unicode char U+0150 (decimal 336)
   defining Unicode char U+0151 (decimal 337)
   defining Unicode char U+0152 (decimal 338)
   defining Unicode char U+0153 (decimal 339)
   defining Unicode char U+0154 (decimal 340)
   defining Unicode char U+0155 (decimal 341)
   defining Unicode char U+0158 (decimal 344)
   defining Unicode char U+0159 (decimal 345)
   defining Unicode char U+015A (decimal 346)
   defining Unicode char U+015B (decimal 347)
   defining Unicode char U+015E (decimal 350)
   defining Unicode char U+015F (decimal 351)
   defining Unicode char U+0160 (decimal 352)
   defining Unicode char U+0161 (decimal 353)
   defining Unicode char U+0162 (decimal 354)
   defining Unicode char U+0163 (decimal 355)
   defining Unicode char U+0164 (decimal 356)
   defining Unicode char U+0165 (decimal 357)
   defining Unicode char U+016E (decimal 366)
   defining Unicode char U+016F (decimal 367)
   defining Unicode char U+0170 (decimal 368)
   defining Unicode char U+0171 (decimal 369)
   defining Unicode char U+0178 (decimal 376)
   defining Unicode char U+0179 (decimal 377)
   defining Unicode char U+017A (decimal 378)
   defining Unicode char U+017B (decimal 379)
   defining Unicode char U+017C (decimal 380)
   defining Unicode char U+017D (decimal 381)
   defining Unicode char U+017E (decimal 382)
   defining Unicode char U+200C (decimal 8204)
   defining Unicode char U+2013 (decimal 8211)
   defining Unicode char U+2014 (decimal 8212)
   defining Unicode char U+2018 (decimal 8216)
   defining Unicode char U+2019 (decimal 8217)
   defining Unicode char U+201A (decimal 8218)
   defining Unicode char U+201C (decimal 8220)
   defining Unicode char U+201D (decimal 8221)
   defining Unicode char U+201E (decimal 8222)
   defining Unicode char U+2030 (decimal 8240)
   defining Unicode char U+2031 (decimal 8241)
   defining Unicode char U+2039 (decimal 8249)
   defining Unicode char U+203A (decimal 8250)
   defining Unicode char U+2423 (decimal 9251)
)
Now handling font encoding OT1 ...
... processing UTF-8 mapping file for font encoding OT1

(/mn/anatu/modules/opt/texlive/2013-uio/uio-texmf/texmf-dist/tex/latex/base/ot1
enc.dfu
File: ot1enc.dfu 2008/04/05 v1.1m UTF-8 support for inputenc
   defining Unicode char U+00A1 (decimal 161)
   defining Unicode char U+00A3 (decimal 163)
   defining Unicode char U+00B8 (decimal 184)
   defining Unicode char U+00BF (decimal 191)
   defining Unicode char U+00C5 (decimal 197)
   defining Unicode char U+00C6 (decimal 198)
   defining Unicode char U+00D8 (decimal 216)
   defining Unicode char U+00DF (decimal 223)
   defining Unicode char U+00E6 (decimal 230)
   defining Unicode char U+00EC (decimal 236)
   defining Unicode char U+00ED (decimal 237)
   defining Unicode char U+00EE (decimal 238)
   defining Unicode char U+00EF (decimal 239)
   defining Unicode char U+00F8 (decimal 248)
   defining Unicode char U+0131 (decimal 305)
   defining Unicode char U+0141 (decimal 321)
   defining Unicode char U+0142 (decimal 322)
   defining Unicode char U+0152 (decimal 338)
   defining Unicode char U+0153 (decimal 339)
   defining Unicode char U+2013 (decimal 8211)
   defining Unicode char U+2014 (decimal 8212)
   defining Unicode char U+2018 (decimal 8216)
   defining Unicode char U+2019 (decimal 8217)
   defining Unicode char U+201C (decimal 8220)
   defining Unicode char U+201D (decimal 8221)
)
Now handling font encoding OMS ...
... processing UTF-8 mapping file for font encoding OMS

(/mn/anatu/modules/opt/texlive/2013-uio/uio-texmf/texmf-dist/tex/latex/base/oms
enc.dfu
File: omsenc.dfu 2008/04/05 v1.1m UTF-8 support for inputenc
   defining Unicode char U+00A7 (decimal 167)
   defining Unicode char U+00B6 (decimal 182)
   defining Unicode char U+00B7 (decimal 183)
   defining Unicode char U+2020 (decimal 8224)
   defining Unicode char U+2021 (decimal 8225)
   defining Unicode char U+2022 (decimal 8226)
)
Now handling font encoding OMX ...
... no UTF-8 mapping file for font encoding OMX
Now handling font encoding U ...
... no UTF-8 mapping file for font encoding U
   defining Unicode char U+00A9 (decimal 169)
   defining Unicode char U+00AA (decimal 170)
   defining Unicode char U+00AE (decimal 174)
   defining Unicode char U+00BA (decimal 186)
   defining Unicode char U+02C6 (decimal 710)
   defining Unicode char U+02DC (decimal 732)
   defining Unicode char U+200C (decimal 8204)
   defining Unicode char U+2026 (decimal 8230)
   defining Unicode char U+2122 (decimal 8482)
   defining Unicode char U+2423 (decimal 9251)
))
(/mn/anatu/modules/opt/texlive/2013-uio/uio-texmf/texmf-dist/tex/generic/babel/
babel.sty
Package: babel 2013/10/10 3.9g The Babel package

(/mn/anatu/modules/opt/texlive/2013-uio/uio-texmf/texmf-dist/tex/generic/babel-
english/english.ldf
Language: english 2012/08/20 v3.3p English support from the babel system

(/mn/anatu/modules/opt/texlive/2013-uio/uio-texmf/texmf-dist/tex/generic/babel/
babel.def
File: babel.def 2013/10/10 3.9g Babel common definitions
\babel@savecnt=\count87
\U@D=\dimen103
)
\l@canadian = a dialect from \language\l@american 
\l@australian = a dialect from \language\l@british 
\l@newzealand = a dialect from \language\l@british 

*************************************
* Local config file english.cfg used
*
(/site/share/texlive/texmf/tex/generic/uio/english.cfg
(/site/share/texlive/texmf/tex/generic/uio/lenglish.cfg))))
(/mn/anatu/modules/opt/texlive/2013-uio/uio-texmf/texmf-dist/tex/latex/amsfonts
/amssymb.sty
Package: amssymb 2013/01/14 v3.01 AMS font symbols

(/mn/anatu/modules/opt/texlive/2013-uio/uio-texmf/texmf-dist/tex/latex/amsfonts
/amsfonts.sty
Package: amsfonts 2013/01/14 v3.01 Basic AMSFonts support
\@emptytoks=\toks16
\symAMSa=\mathgroup4
\symAMSb=\mathgroup5
LaTeX Font Info:    Overwriting math alphabet `\mathfrak' in version `bold'
(Font)                  U/euf/m/n --> U/euf/b/n on input line 106.
))
(/mn/anatu/modules/opt/texlive/2013-uio/uio-texmf/texmf-dist/tex/latex/amsmath/
amsmath.sty
Package: amsmath 2013/01/14 v2.14 AMS math features
\@mathmargin=\skip43

For additional information on amsmath, use the `?' option.

(/mn/anatu/modules/opt/texlive/2013-uio/uio-texmf/texmf-dist/tex/latex/amsmath/
amstext.sty
Package: amstext 2000/06/29 v2.01

(/mn/anatu/modules/opt/texlive/2013-uio/uio-texmf/texmf-dist/tex/latex/amsmath/
amsgen.sty
File: amsgen.sty 1999/11/30 v2.0
\@emptytoks=\toks17
\ex@=\dimen104
))
(/mn/anatu/modules/opt/texlive/2013-uio/uio-texmf/texmf-dist/tex/latex/amsmath/
amsbsy.sty
Package: amsbsy 1999/11/29 v1.2d
\pmbraise@=\dimen105
)
(/mn/anatu/modules/opt/texlive/2013-uio/uio-texmf/texmf-dist/tex/latex/amsmath/
amsopn.sty
Package: amsopn 1999/12/14 v2.01 operator names
)
\inf@bad=\count88
LaTeX Info: Redefining \frac on input line 210.
\uproot@=\count89
\leftroot@=\count90
LaTeX Info: Redefining \overline on input line 306.
\classnum@=\count91
\DOTSCASE@=\count92
LaTeX Info: Redefining \ldots on input line 378.
LaTeX Info: Redefining \dots on input line 381.
LaTeX Info: Redefining \cdots on input line 466.
\Mathstrutbox@=\box26
\strutbox@=\box27
\big@size=\dimen106
LaTeX Font Info:    Redeclaring font encoding OML on input line 566.
LaTeX Font Info:    Redeclaring font encoding OMS on input line 567.
\macc@depth=\count93
\c@MaxMatrixCols=\count94
\dotsspace@=\muskip10
\c@parentequation=\count95
\dspbrk@lvl=\count96
\tag@help=\toks18
\row@=\count97
\column@=\count98
\maxfields@=\count99
\andhelp@=\toks19
\eqnshift@=\dimen107
\alignsep@=\dimen108
\tagshift@=\dimen109
\tagwidth@=\dimen110
\totwidth@=\dimen111
\lineht@=\dimen112
\@envbody=\toks20
\multlinegap=\skip44
\multlinetaggap=\skip45
\mathdisplay@stack=\toks21
LaTeX Info: Redefining \[ on input line 2665.
LaTeX Info: Redefining \] on input line 2666.
)
(/mn/anatu/modules/opt/texlive/2013-uio/uio-texmf/texmf-dist/tex/latex/amscls/a
msthm.sty
Package: amsthm 2004/08/06 v2.20
\thm@style=\toks22
\thm@bodyfont=\toks23
\thm@headfont=\toks24
\thm@notefont=\toks25
\thm@headpunct=\toks26
\thm@preskip=\skip46
\thm@postskip=\skip47
\thm@headsep=\skip48
\dth@everypar=\toks27
)
(/mn/anatu/modules/opt/texlive/2013-uio/uio-texmf/texmf-dist/tex/latex/jknapltx
/mathrsfs.sty
Package: mathrsfs 1996/01/01 Math RSFS package v1.0 (jk)
\symrsfs=\mathgroup6
)
(/mn/anatu/modules/opt/texlive/2013-uio/uio-texmf/texmf-dist/tex/latex/url/url.
sty
\Urlmuskip=\muskip11
Package: url 2006/04/12  ver 3.3  Verb mode for urls, etc.
) (/uio/hume/student-u57/fredrme/latexpakker/thmtools/thmtools.sty
Package: thmtools 2012/05/04 v63
\thmt@toks=\toks28
\c@thmt@dummyctr=\count100

(/uio/hume/student-u57/fredrme/latexpakker/thmtools/thm-patch.sty
Package: thm-patch 2012/05/04 v63

(/uio/hume/student-u57/fredrme/latexpakker/thmtools/parseargs.sty
Package: parseargs 2012/05/04 v63
\@parsespec=\toks29
))
(/uio/hume/student-u57/fredrme/latexpakker/thmtools/thm-kv.sty
Package: thm-kv 2012/05/04 v63
Package thm-kv Info: Theorem names will be uppercased on input line 40.

(/mn/anatu/modules/opt/texlive/2013-uio/uio-texmf/texmf-dist/tex/latex/graphics
/keyval.sty
Package: keyval 1999/03/16 v1.13 key=value parser (DPC)
\KV@toks@=\toks30
)
(/mn/anatu/modules/opt/texlive/2013-uio/uio-texmf/texmf-dist/tex/generic/oberdi
ek/kvsetkeys.sty
Package: kvsetkeys 2012/04/25 v1.16 Key value parser (HO)

(/mn/anatu/modules/opt/texlive/2013-uio/uio-texmf/texmf-dist/tex/generic/oberdi
ek/infwarerr.sty
Package: infwarerr 2010/04/08 v1.3 Providing info/warning/error messages (HO)
)
(/mn/anatu/modules/opt/texlive/2013-uio/uio-texmf/texmf-dist/tex/generic/oberdi
ek/etexcmds.sty
Package: etexcmds 2011/02/16 v1.5 Avoid name clashes with e-TeX commands (HO)

(/mn/anatu/modules/opt/texlive/2013-uio/uio-texmf/texmf-dist/tex/generic/oberdi
ek/ifluatex.sty
Package: ifluatex 2010/03/01 v1.3 Provides the ifluatex switch (HO)
Package ifluatex Info: LuaTeX not detected.
)
Package etexcmds Info: Could not find \expanded.
(etexcmds)             That can mean that you are not using pdfTeX 1.50 or
(etexcmds)             that some package has redefined \expanded.
(etexcmds)             In the latter case, load this package earlier.
))
Package thm-kv Info: kvsetkeys patch (v1.16 or later) on input line 156.
)
(/uio/hume/student-u57/fredrme/latexpakker/thmtools/thm-autoref.sty
Package: thm-autoref 2012/05/04 v63

(/uio/hume/student-u57/fredrme/latexpakker/thmtools/aliasctr.sty
Package: aliasctr 2012/05/04 v63

(/mn/anatu/modules/opt/texlive/2013-uio/uio-texmf/texmf-dist/tex/latex/carlisle
/remreset.sty)))
(/uio/hume/student-u57/fredrme/latexpakker/thmtools/thm-listof.sty
Package: thm-listof 2012/05/04 v63
)
(/uio/hume/student-u57/fredrme/latexpakker/thmtools/thm-restate.sty
Package: thm-restate 2012/05/04 v63
)
(/uio/hume/student-u57/fredrme/latexpakker/thmtools/thm-amsthm.sty
Package: thm-amsthm 2012/05/04 v63
\thmt@style@headstyle=\toks31
))
(/mn/anatu/modules/opt/texlive/2013-uio/uio-texmf/texmf-dist/tex/latex/tools/en
umerate.sty
Package: enumerate 1999/03/05 v3.00 enumerate extensions (DPC)
\@enLab=\toks32
)
(/mn/anatu/modules/opt/texlive/2013-uio/uio-texmf/texmf-dist/tex/latex/float/fl
oat.sty
Package: float 2001/11/08 v1.3d Float enhancements (AL)
\c@float@type=\count101
\float@exts=\toks33
\float@box=\box28
\@float@everytoks=\toks34
\@floatcapt=\box29
)
(/mn/anatu/modules/opt/texlive/2013-uio/uio-texmf/texmf-dist/tex/latex/pgf/fron
tendlayer/tikz.sty
(/mn/anatu/modules/opt/texlive/2013-uio/uio-texmf/texmf-dist/tex/latex/pgf/basi
clayer/pgf.sty
(/mn/anatu/modules/opt/texlive/2013-uio/uio-texmf/texmf-dist/tex/latex/pgf/util
ities/pgfrcs.sty
(/mn/anatu/modules/opt/texlive/2013-uio/uio-texmf/texmf-dist/tex/generic/pgf/ut
ilities/pgfutil-common.tex
\pgfutil@everybye=\toks35
)
(/mn/anatu/modules/opt/texlive/2013-uio/uio-texmf/texmf-dist/tex/generic/pgf/ut
ilities/pgfutil-latex.def
\pgfutil@abb=\box30

(/mn/anatu/modules/opt/texlive/2013-uio/uio-texmf/texmf-dist/tex/latex/ms/every
shi.sty
Package: everyshi 2001/05/15 v3.00 EveryShipout Package (MS)
))
(/mn/anatu/modules/opt/texlive/2013-uio/uio-texmf/texmf-dist/tex/generic/pgf/ut
ilities/pgfrcs.code.tex
Package: pgfrcs 2010/10/25 v2.10 (rcs-revision 1.24)
))
Package: pgf 2008/01/15 v2.10 (rcs-revision 1.12)

(/mn/anatu/modules/opt/texlive/2013-uio/uio-texmf/texmf-dist/tex/latex/pgf/basi
clayer/pgfcore.sty
(/mn/anatu/modules/opt/texlive/2013-uio/uio-texmf/texmf-dist/tex/latex/graphics
/graphicx.sty
Package: graphicx 1999/02/16 v1.0f Enhanced LaTeX Graphics (DPC,SPQR)

(/mn/anatu/modules/opt/texlive/2013-uio/uio-texmf/texmf-dist/tex/latex/graphics
/graphics.sty
Package: graphics 2009/02/05 v1.0o Standard LaTeX Graphics (DPC,SPQR)

(/mn/anatu/modules/opt/texlive/2013-uio/uio-texmf/texmf-dist/tex/latex/graphics
/trig.sty
Package: trig 1999/03/16 v1.09 sin cos tan (DPC)
)
(/mn/anatu/modules/opt/texlive/2013-uio/uio-texmf/texmf-dist/tex/latex/latexcon
fig/graphics.cfg
File: graphics.cfg 2010/04/23 v1.9 graphics configuration of TeX Live
)
Package graphics Info: Driver file: pdftex.def on input line 91.

(/mn/anatu/modules/opt/texlive/2013-uio/uio-texmf/texmf-dist/tex/latex/pdftex-d
ef/pdftex.def
File: pdftex.def 2011/05/27 v0.06d Graphics/color for pdfTeX

(/mn/anatu/modules/opt/texlive/2013-uio/uio-texmf/texmf-dist/tex/generic/oberdi
ek/ltxcmds.sty
Package: ltxcmds 2011/11/09 v1.22 LaTeX kernel commands for general use (HO)
)
\Gread@gobject=\count102
))
\Gin@req@height=\dimen113
\Gin@req@width=\dimen114
)
(/mn/anatu/modules/opt/texlive/2013-uio/uio-texmf/texmf-dist/tex/latex/pgf/syst
emlayer/pgfsys.sty
(/mn/anatu/modules/opt/texlive/2013-uio/uio-texmf/texmf-dist/tex/generic/pgf/sy
stemlayer/pgfsys.code.tex
Package: pgfsys 2010/06/30 v2.10 (rcs-revision 1.37)

(/mn/anatu/modules/opt/texlive/2013-uio/uio-texmf/texmf-dist/tex/generic/pgf/ut
ilities/pgfkeys.code.tex
\pgfkeys@pathtoks=\toks36
\pgfkeys@temptoks=\toks37

(/mn/anatu/modules/opt/texlive/2013-uio/uio-texmf/texmf-dist/tex/generic/pgf/ut
ilities/pgfkeysfiltered.code.tex
\pgfkeys@tmptoks=\toks38
))
\pgf@x=\dimen115
\pgf@y=\dimen116
\pgf@xa=\dimen117
\pgf@ya=\dimen118
\pgf@xb=\dimen119
\pgf@yb=\dimen120
\pgf@xc=\dimen121
\pgf@yc=\dimen122
\w@pgf@writea=\write3
\r@pgf@reada=\read1
\c@pgf@counta=\count103
\c@pgf@countb=\count104
\c@pgf@countc=\count105
\c@pgf@countd=\count106

(/mn/anatu/modules/opt/texlive/2013-uio/uio-texmf/texmf-dist/tex/generic/pgf/sy
stemlayer/pgf.cfg
File: pgf.cfg 2008/05/14  (rcs-revision 1.7)
)
Package pgfsys Info: Driver file for pgf: pgfsys-pdftex.def on input line 900.

(/mn/anatu/modules/opt/texlive/2013-uio/uio-texmf/texmf-dist/tex/generic/pgf/sy
stemlayer/pgfsys-pdftex.def
File: pgfsys-pdftex.def 2009/05/22  (rcs-revision 1.26)

(/mn/anatu/modules/opt/texlive/2013-uio/uio-texmf/texmf-dist/tex/generic/pgf/sy
stemlayer/pgfsys-common-pdf.def
File: pgfsys-common-pdf.def 2008/05/19  (rcs-revision 1.10)
)))
(/mn/anatu/modules/opt/texlive/2013-uio/uio-texmf/texmf-dist/tex/generic/pgf/sy
stemlayer/pgfsyssoftpath.code.tex
File: pgfsyssoftpath.code.tex 2008/07/18  (rcs-revision 1.7)
\pgfsyssoftpath@smallbuffer@items=\count107
\pgfsyssoftpath@bigbuffer@items=\count108
)
(/mn/anatu/modules/opt/texlive/2013-uio/uio-texmf/texmf-dist/tex/generic/pgf/sy
stemlayer/pgfsysprotocol.code.tex
File: pgfsysprotocol.code.tex 2006/10/16  (rcs-revision 1.4)
))
(/mn/anatu/modules/opt/texlive/2013-uio/uio-texmf/texmf-dist/tex/latex/xcolor/x
color.sty
Package: xcolor 2007/01/21 v2.11 LaTeX color extensions (UK)

(/mn/anatu/modules/opt/texlive/2013-uio/uio-texmf/texmf-dist/tex/latex/latexcon
fig/color.cfg
File: color.cfg 2007/01/18 v1.5 color configuration of teTeX/TeXLive
)
Package xcolor Info: Driver file: pdftex.def on input line 225.
Package xcolor Info: Model `cmy' substituted by `cmy0' on input line 1337.
Package xcolor Info: Model `hsb' substituted by `rgb' on input line 1341.
Package xcolor Info: Model `RGB' extended on input line 1353.
Package xcolor Info: Model `HTML' substituted by `rgb' on input line 1355.
Package xcolor Info: Model `Hsb' substituted by `hsb' on input line 1356.
Package xcolor Info: Model `tHsb' substituted by `hsb' on input line 1357.
Package xcolor Info: Model `HSB' substituted by `hsb' on input line 1358.
Package xcolor Info: Model `Gray' substituted by `gray' on input line 1359.
Package xcolor Info: Model `wave' substituted by `hsb' on input line 1360.
)
(/mn/anatu/modules/opt/texlive/2013-uio/uio-texmf/texmf-dist/tex/generic/pgf/ba
siclayer/pgfcore.code.tex
Package: pgfcore 2010/04/11 v2.10 (rcs-revision 1.7)

(/mn/anatu/modules/opt/texlive/2013-uio/uio-texmf/texmf-dist/tex/generic/pgf/ma
th/pgfmath.code.tex
(/mn/anatu/modules/opt/texlive/2013-uio/uio-texmf/texmf-dist/tex/generic/pgf/ma
th/pgfmathcalc.code.tex
(/mn/anatu/modules/opt/texlive/2013-uio/uio-texmf/texmf-dist/tex/generic/pgf/ma
th/pgfmathutil.code.tex)
(/mn/anatu/modules/opt/texlive/2013-uio/uio-texmf/texmf-dist/tex/generic/pgf/ma
th/pgfmathparser.code.tex
\pgfmath@dimen=\dimen123
\pgfmath@count=\count109
\pgfmath@box=\box31
\pgfmath@toks=\toks39
\pgfmath@stack@operand=\toks40
\pgfmath@stack@operation=\toks41
)
(/mn/anatu/modules/opt/texlive/2013-uio/uio-texmf/texmf-dist/tex/generic/pgf/ma
th/pgfmathfunctions.code.tex
(/mn/anatu/modules/opt/texlive/2013-uio/uio-texmf/texmf-dist/tex/generic/pgf/ma
th/pgfmathfunctions.basic.code.tex)
(/mn/anatu/modules/opt/texlive/2013-uio/uio-texmf/texmf-dist/tex/generic/pgf/ma
th/pgfmathfunctions.trigonometric.code.tex)
(/mn/anatu/modules/opt/texlive/2013-uio/uio-texmf/texmf-dist/tex/generic/pgf/ma
th/pgfmathfunctions.random.code.tex)
(/mn/anatu/modules/opt/texlive/2013-uio/uio-texmf/texmf-dist/tex/generic/pgf/ma
th/pgfmathfunctions.comparison.code.tex)
(/mn/anatu/modules/opt/texlive/2013-uio/uio-texmf/texmf-dist/tex/generic/pgf/ma
th/pgfmathfunctions.base.code.tex)
(/mn/anatu/modules/opt/texlive/2013-uio/uio-texmf/texmf-dist/tex/generic/pgf/ma
th/pgfmathfunctions.round.code.tex)
(/mn/anatu/modules/opt/texlive/2013-uio/uio-texmf/texmf-dist/tex/generic/pgf/ma
th/pgfmathfunctions.misc.code.tex)))
(/mn/anatu/modules/opt/texlive/2013-uio/uio-texmf/texmf-dist/tex/generic/pgf/ma
th/pgfmathfloat.code.tex
\c@pgfmathroundto@lastzeros=\count110
))
(/mn/anatu/modules/opt/texlive/2013-uio/uio-texmf/texmf-dist/tex/generic/pgf/ba
siclayer/pgfcorepoints.code.tex
File: pgfcorepoints.code.tex 2010/04/09  (rcs-revision 1.20)
\pgf@picminx=\dimen124
\pgf@picmaxx=\dimen125
\pgf@picminy=\dimen126
\pgf@picmaxy=\dimen127
\pgf@pathminx=\dimen128
\pgf@pathmaxx=\dimen129
\pgf@pathminy=\dimen130
\pgf@pathmaxy=\dimen131
\pgf@xx=\dimen132
\pgf@xy=\dimen133
\pgf@yx=\dimen134
\pgf@yy=\dimen135
\pgf@zx=\dimen136
\pgf@zy=\dimen137
)
(/mn/anatu/modules/opt/texlive/2013-uio/uio-texmf/texmf-dist/tex/generic/pgf/ba
siclayer/pgfcorepathconstruct.code.tex
File: pgfcorepathconstruct.code.tex 2010/08/03  (rcs-revision 1.24)
\pgf@path@lastx=\dimen138
\pgf@path@lasty=\dimen139
)
(/mn/anatu/modules/opt/texlive/2013-uio/uio-texmf/texmf-dist/tex/generic/pgf/ba
siclayer/pgfcorepathusage.code.tex
File: pgfcorepathusage.code.tex 2008/04/22  (rcs-revision 1.12)
\pgf@shorten@end@additional=\dimen140
\pgf@shorten@start@additional=\dimen141
)
(/mn/anatu/modules/opt/texlive/2013-uio/uio-texmf/texmf-dist/tex/generic/pgf/ba
siclayer/pgfcorescopes.code.tex
File: pgfcorescopes.code.tex 2010/09/08  (rcs-revision 1.34)
\pgfpic=\box32
\pgf@hbox=\box33
\pgf@layerbox@main=\box34
\pgf@picture@serial@count=\count111
)
(/mn/anatu/modules/opt/texlive/2013-uio/uio-texmf/texmf-dist/tex/generic/pgf/ba
siclayer/pgfcoregraphicstate.code.tex
File: pgfcoregraphicstate.code.tex 2008/04/22  (rcs-revision 1.9)
\pgflinewidth=\dimen142
)
(/mn/anatu/modules/opt/texlive/2013-uio/uio-texmf/texmf-dist/tex/generic/pgf/ba
siclayer/pgfcoretransformations.code.tex
File: pgfcoretransformations.code.tex 2009/06/10  (rcs-revision 1.11)
\pgf@pt@x=\dimen143
\pgf@pt@y=\dimen144
\pgf@pt@temp=\dimen145
)
(/mn/anatu/modules/opt/texlive/2013-uio/uio-texmf/texmf-dist/tex/generic/pgf/ba
siclayer/pgfcorequick.code.tex
File: pgfcorequick.code.tex 2008/10/09  (rcs-revision 1.3)
)
(/mn/anatu/modules/opt/texlive/2013-uio/uio-texmf/texmf-dist/tex/generic/pgf/ba
siclayer/pgfcoreobjects.code.tex
File: pgfcoreobjects.code.tex 2006/10/11  (rcs-revision 1.2)
)
(/mn/anatu/modules/opt/texlive/2013-uio/uio-texmf/texmf-dist/tex/generic/pgf/ba
siclayer/pgfcorepathprocessing.code.tex
File: pgfcorepathprocessing.code.tex 2008/10/09  (rcs-revision 1.8)
)
(/mn/anatu/modules/opt/texlive/2013-uio/uio-texmf/texmf-dist/tex/generic/pgf/ba
siclayer/pgfcorearrows.code.tex
File: pgfcorearrows.code.tex 2008/04/23  (rcs-revision 1.11)
)
(/mn/anatu/modules/opt/texlive/2013-uio/uio-texmf/texmf-dist/tex/generic/pgf/ba
siclayer/pgfcoreshade.code.tex
File: pgfcoreshade.code.tex 2008/11/23  (rcs-revision 1.13)
\pgf@max=\dimen146
\pgf@sys@shading@range@num=\count112
)
(/mn/anatu/modules/opt/texlive/2013-uio/uio-texmf/texmf-dist/tex/generic/pgf/ba
siclayer/pgfcoreimage.code.tex
File: pgfcoreimage.code.tex 2010/03/25  (rcs-revision 1.16)

(/mn/anatu/modules/opt/texlive/2013-uio/uio-texmf/texmf-dist/tex/generic/pgf/ba
siclayer/pgfcoreexternal.code.tex
File: pgfcoreexternal.code.tex 2010/09/01  (rcs-revision 1.17)
\pgfexternal@startupbox=\box35
))
(/mn/anatu/modules/opt/texlive/2013-uio/uio-texmf/texmf-dist/tex/generic/pgf/ba
siclayer/pgfcorelayers.code.tex
File: pgfcorelayers.code.tex 2010/08/27  (rcs-revision 1.2)
)
(/mn/anatu/modules/opt/texlive/2013-uio/uio-texmf/texmf-dist/tex/generic/pgf/ba
siclayer/pgfcoretransparency.code.tex
File: pgfcoretransparency.code.tex 2008/01/17  (rcs-revision 1.2)
)
(/mn/anatu/modules/opt/texlive/2013-uio/uio-texmf/texmf-dist/tex/generic/pgf/ba
siclayer/pgfcorepatterns.code.tex
File: pgfcorepatterns.code.tex 2009/07/02  (rcs-revision 1.3)
)))
(/mn/anatu/modules/opt/texlive/2013-uio/uio-texmf/texmf-dist/tex/generic/pgf/mo
dules/pgfmoduleshapes.code.tex
File: pgfmoduleshapes.code.tex 2010/09/09  (rcs-revision 1.13)
\pgfnodeparttextbox=\box36
)
(/mn/anatu/modules/opt/texlive/2013-uio/uio-texmf/texmf-dist/tex/generic/pgf/mo
dules/pgfmoduleplot.code.tex
File: pgfmoduleplot.code.tex 2010/10/22  (rcs-revision 1.8)
)
(/mn/anatu/modules/opt/texlive/2013-uio/uio-texmf/texmf-dist/tex/latex/pgf/comp
atibility/pgfcomp-version-0-65.sty
Package: pgfcomp-version-0-65 2007/07/03 v2.10 (rcs-revision 1.7)
\pgf@nodesepstart=\dimen147
\pgf@nodesepend=\dimen148
)
(/mn/anatu/modules/opt/texlive/2013-uio/uio-texmf/texmf-dist/tex/latex/pgf/comp
atibility/pgfcomp-version-1-18.sty
Package: pgfcomp-version-1-18 2007/07/23 v2.10 (rcs-revision 1.1)
))
(/mn/anatu/modules/opt/texlive/2013-uio/uio-texmf/texmf-dist/tex/latex/pgf/util
ities/pgffor.sty
(/mn/anatu/modules/opt/texlive/2013-uio/uio-texmf/texmf-dist/tex/latex/pgf/util
ities/pgfkeys.sty
(/mn/anatu/modules/opt/texlive/2013-uio/uio-texmf/texmf-dist/tex/generic/pgf/ut
ilities/pgfkeys.code.tex))
(/mn/anatu/modules/opt/texlive/2013-uio/uio-texmf/texmf-dist/tex/generic/pgf/ut
ilities/pgffor.code.tex
Package: pgffor 2010/03/23 v2.10 (rcs-revision 1.18)
\pgffor@iter=\dimen149
\pgffor@skip=\dimen150
\pgffor@stack=\toks42
\pgffor@toks=\toks43
))
(/mn/anatu/modules/opt/texlive/2013-uio/uio-texmf/texmf-dist/tex/generic/pgf/fr
ontendlayer/tikz/tikz.code.tex
Package: tikz 2010/10/13 v2.10 (rcs-revision 1.76)

(/mn/anatu/modules/opt/texlive/2013-uio/uio-texmf/texmf-dist/tex/generic/pgf/li
braries/pgflibraryplothandlers.code.tex
File: pgflibraryplothandlers.code.tex 2010/05/31 v2.10 (rcs-revision 1.15)
\pgf@plot@mark@count=\count113
\pgfplotmarksize=\dimen151
)
\tikz@lastx=\dimen152
\tikz@lasty=\dimen153
\tikz@lastxsaved=\dimen154
\tikz@lastysaved=\dimen155
\tikzleveldistance=\dimen156
\tikzsiblingdistance=\dimen157
\tikz@figbox=\box37
\tikz@tempbox=\box38
\tikztreelevel=\count114
\tikznumberofchildren=\count115
\tikznumberofcurrentchild=\count116
\tikz@fig@count=\count117

(/mn/anatu/modules/opt/texlive/2013-uio/uio-texmf/texmf-dist/tex/generic/pgf/mo
dules/pgfmodulematrix.code.tex
File: pgfmodulematrix.code.tex 2010/08/24  (rcs-revision 1.4)
\pgfmatrixcurrentrow=\count118
\pgfmatrixcurrentcolumn=\count119
\pgf@matrix@numberofcolumns=\count120
)
\tikz@expandcount=\count121

(/mn/anatu/modules/opt/texlive/2013-uio/uio-texmf/texmf-dist/tex/generic/pgf/fr
ontendlayer/tikz/libraries/tikzlibrarytopaths.code.tex
File: tikzlibrarytopaths.code.tex 2008/06/17 v2.10 (rcs-revision 1.2)
)))
(/mn/anatu/modules/opt/texlive/2013-uio/uio-texmf/texmf-dist/tex/latex/tikz-cd/
tikz-cd.sty
Package: tikz-cd 2012/12/30 v0.3c Commutative diagrams with tikz.

(/mn/anatu/modules/opt/texlive/2013-uio/uio-texmf/texmf-dist/tex/generic/pgf/fr
ontendlayer/tikz/libraries/tikzlibrarymatrix.code.tex
File: tikzlibrarymatrix.code.tex 2008/06/18 v2.10 (rcs-revision 1.2)
))
(/mn/anatu/modules/opt/texlive/2013-uio/uio-texmf/texmf-dist/tex/generic/pgf/fr
ontendlayer/tikz/libraries/tikzlibrarycalc.code.tex
File: tikzlibrarycalc.code.tex 2009/09/04 v2.10 (rcs-revision 1.6)
)
(/mn/anatu/modules/opt/texlive/2013-uio/uio-texmf/texmf-dist/tex/latex/caption/
subcaption.sty
Package: subcaption 2013/02/03 v1.1-62 Sub-captions (AR)

(/mn/anatu/modules/opt/texlive/2013-uio/uio-texmf/texmf-dist/tex/latex/caption/
caption.sty
Package: caption 2013/05/02 v3.3-89 Customizing captions (AR)

(/mn/anatu/modules/opt/texlive/2013-uio/uio-texmf/texmf-dist/tex/latex/caption/
caption3.sty
Package: caption3 2013/05/02 v1.6-88 caption3 kernel (AR)
Package caption3 Info: TeX engine: e-TeX on input line 57.
\captionmargin=\dimen158
\captionmargin@=\dimen159
\captionwidth=\dimen160
\caption@tempdima=\dimen161
\caption@indent=\dimen162
\caption@parindent=\dimen163
\caption@hangindent=\dimen164
)
\c@ContinuedFloat=\count122
Package caption Info: float package is loaded.
)
\c@subfigure=\count123
\c@subtable=\count124
)
(/mn/anatu/modules/opt/texlive/2013-uio/uio-texmf/texmf-dist/tex/generic/xypic/
xy.sty
(/mn/anatu/modules/opt/texlive/2013-uio/uio-texmf/texmf-dist/tex/generic/xypic/
xy.tex Bootstrap'ing: catcodes, docmode,
(/mn/anatu/modules/opt/texlive/2013-uio/uio-texmf/texmf-dist/tex/generic/xypic/
xyrecat.tex)
(/mn/anatu/modules/opt/texlive/2013-uio/uio-texmf/texmf-dist/tex/generic/xypic/
xyidioms.tex)

 Xy-pic version 3.8.9 <2013/10/06>
 Copyright (c) 1991-2013 by Kristoffer H. Rose <krisrose@tug.org> and others
 Xy-pic is free software: see the User's Guide for details.

Loading kernel: messages; fonts; allocations: state,
\X@c=\dimen165
\Y@c=\dimen166
\U@c=\dimen167
\D@c=\dimen168
\L@c=\dimen169
\R@c=\dimen170
\Edge@c=\toks44
\X@p=\dimen171
\Y@p=\dimen172
\U@p=\dimen173
\D@p=\dimen174
\L@p=\dimen175
\R@p=\dimen176
\Edge@p=\toks45
\X@origin=\dimen177
\Y@origin=\dimen178
\X@xbase=\dimen179
\Y@xbase=\dimen180
\X@ybase=\dimen181
\Y@ybase=\dimen182
\X@min=\dimen183
\Y@min=\dimen184
\X@max=\dimen185
\Y@max=\dimen186
\lastobjectbox@=\box39
\zerodotbox@=\box40
\almostz@=\dimen187
 direction,
\d@X=\dimen188
\d@Y=\dimen189
\K@=\count125
\KK@=\count126
\Direction=\count127
\K@dXdY=\dimen190
\K@dYdX=\dimen191
\xyread@=\read2
\xywrite@=\write4
\csp@=\count128
\quotPTK@=\dimen192

utility macros; pictures: \xy, positions,
\swaptoks@@=\toks46
\connectobjectbox@@=\box41
 objects,
\styletoks@=\toks47
 decorations;
kernel objects: directionals, circles, text; options; algorithms: directions,
edges, connections;  Xy-pic loaded)
(/mn/anatu/modules/opt/texlive/2013-uio/uio-texmf/texmf-dist/tex/generic/oberdi
ek/ifpdf.sty
Package: ifpdf 2011/01/30 v2.3 Provides the ifpdf switch (HO)
Package ifpdf Info: pdfTeX in PDF mode is detected.
)
Package: xy 2013/10/06 Xy-pic version 3.8.9

(/mn/anatu/modules/opt/texlive/2013-uio/uio-texmf/texmf-dist/tex/generic/xypic/
xyall.tex  Xy-pic option: All features v.3.8
(/mn/anatu/modules/opt/texlive/2013-uio/uio-texmf/texmf-dist/tex/generic/xypic/
xycurve.tex  Xy-pic option: Curve and Spline extension v.3.12 curve,
\crv@cnt@=\count129
\crvpts@=\toks48
\splinebox@=\box42
\splineval@=\dimen193
\splinedepth@=\dimen194
\splinetol@=\dimen195
\splinelength@=\dimen196
 circles,
\L@=\dimen197

loaded)
(/mn/anatu/modules/opt/texlive/2013-uio/uio-texmf/texmf-dist/tex/generic/xypic/
xyframe.tex  Xy-pic option: Frame and Bracket extension v.3.14 loaded)
(/mn/anatu/modules/opt/texlive/2013-uio/uio-texmf/texmf-dist/tex/generic/xypic/
xycmtip.tex  Xy-pic option: Computer Modern tip extension v.3.7
(/mn/anatu/modules/opt/texlive/2013-uio/uio-texmf/texmf-dist/tex/generic/xypic/
xytips.tex  Xy-pic option: More Tips extension v.3.11 loaded) loaded)
(/mn/anatu/modules/opt/texlive/2013-uio/uio-texmf/texmf-dist/tex/generic/xypic/
xyline.tex  Xy-pic option: Line styles extension v.3.10
\xylinethick@=\dimen198
 loaded)
(/mn/anatu/modules/opt/texlive/2013-uio/uio-texmf/texmf-dist/tex/generic/xypic/
xyrotate.tex  Xy-pic option: Rotate and Scale extension v.3.8 loaded)
(/mn/anatu/modules/opt/texlive/2013-uio/uio-texmf/texmf-dist/tex/generic/xypic/
xycolor.tex  Xy-pic option: Colour extension v.3.11 loaded)
(/mn/anatu/modules/opt/texlive/2013-uio/uio-texmf/texmf-dist/tex/generic/xypic/
xymatrix.tex  Xy-pic option: Matrix feature v.3.14
\Row=\count130
\Col=\count131
\queue@=\toks49
\queue@@=\toks50
\qcount@=\count132
\qcount@@=\count133
\matrixsize@=\count134
 loaded)
(/mn/anatu/modules/opt/texlive/2013-uio/uio-texmf/texmf-dist/tex/generic/xypic/
xyarrow.tex  Xy-pic option: Arrow and Path feature v.3.9 path, \ar, loaded)
(/mn/anatu/modules/opt/texlive/2013-uio/uio-texmf/texmf-dist/tex/generic/xypic/
xygraph.tex  Xy-pic option: Graph feature v.3.11 loaded) loaded)
(/mn/anatu/modules/opt/texlive/2013-uio/uio-texmf/texmf-dist/tex/generic/xypic/
xypdf.tex  Xy-pic option: PDF driver v.1.7
Xy-pic pdf driver: `color' extension support
(/mn/anatu/modules/opt/texlive/2013-uio/uio-texmf/texmf-dist/tex/generic/xypic/
xypdf-co.tex loaded) Xy-pic pdf driver: `curve' extension support
(/mn/anatu/modules/opt/texlive/2013-uio/uio-texmf/texmf-dist/tex/generic/xypic/
xypdf-cu.tex loaded) Xy-pic pdf driver: `frame' extension support
(/mn/anatu/modules/opt/texlive/2013-uio/uio-texmf/texmf-dist/tex/generic/xypic/
xypdf-fr.tex loaded) Xy-pic pdf driver: `line' extension support
(/mn/anatu/modules/opt/texlive/2013-uio/uio-texmf/texmf-dist/tex/generic/xypic/
xypdf-li.tex loaded) Xy-pic pdf driver: `rotate' extension support
(/mn/anatu/modules/opt/texlive/2013-uio/uio-texmf/texmf-dist/tex/generic/xypic/
xypdf-ro.tex loaded) loaded))
(/mn/anatu/modules/opt/texlive/2013-uio/uio-texmf/texmf-dist/tex/latex/wrapfig/
wrapfig.sty
\wrapoverhang=\dimen199
\WF@size=\dimen200
\c@WF@wrappedlines=\count135
\WF@box=\box43
\WF@everypar=\toks51
Package: wrapfig 2003/01/31  v 3.6
) (./mystyle.sty
\c@thm=\count136
\c@oppg=\count137
\c@losn=\count138
\c@exc=\count139
\c@sol=\count140
)
(/mn/anatu/modules/opt/texlive/2013-uio/uio-texmf/texmf-dist/tex/latex/wasysym/
wasysym.sty
Package: wasysym 2003/10/30 v2.0 Wasy-2 symbol support package
\symwasy=\mathgroup7
LaTeX Font Info:    Overwriting symbol font `wasy' in version `bold'
(Font)                  U/wasy/m/n --> U/wasy/b/n on input line 90.
) (./seminar30april15.aux)
\openout1 = `seminar30april15.aux'.

LaTeX Font Info:    Checking defaults for OML/cmm/m/it on input line 24.
LaTeX Font Info:    ... okay on input line 24.
LaTeX Font Info:    Checking defaults for T1/cmr/m/n on input line 24.
LaTeX Font Info:    ... okay on input line 24.
LaTeX Font Info:    Checking defaults for OT1/cmr/m/n on input line 24.
LaTeX Font Info:    ... okay on input line 24.
LaTeX Font Info:    Checking defaults for OMS/cmsy/m/n on input line 24.
LaTeX Font Info:    ... okay on input line 24.
LaTeX Font Info:    Checking defaults for OMX/cmex/m/n on input line 24.
LaTeX Font Info:    ... okay on input line 24.
LaTeX Font Info:    Checking defaults for U/cmr/m/n on input line 24.
LaTeX Font Info:    ... okay on input line 24.
 ABD: EveryShipout initializing macros
(/mn/anatu/modules/opt/texlive/2013-uio/uio-texmf/texmf-dist/tex/context/base/s
upp-pdf.mkii
[Loading MPS to PDF converter (version 2006.09.02).]
\scratchcounter=\count141
\scratchdimen=\dimen201
\scratchbox=\box44
\nofMPsegments=\count142
\nofMParguments=\count143
\everyMPshowfont=\toks52
\MPscratchCnt=\count144
\MPscratchDim=\dimen202
\MPnumerator=\count145
\makeMPintoPDFobject=\count146
\everyMPtoPDFconversion=\toks53
)
(/mn/anatu/modules/opt/texlive/2013-uio/uio-texmf/texmf-dist/tex/generic/oberdi
ek/pdftexcmds.sty
Package: pdftexcmds 2011/11/29 v0.20 Utility functions of pdfTeX for LuaTeX (HO
)
Package pdftexcmds Info: LuaTeX not detected.
Package pdftexcmds Info: \pdf@primitive is available.
Package pdftexcmds Info: \pdf@ifprimitive is available.
Package pdftexcmds Info: \pdfdraftmode found.
)
(/mn/anatu/modules/opt/texlive/2013-uio/uio-texmf/texmf-dist/tex/latex/oberdiek
/epstopdf-base.sty
Package: epstopdf-base 2010/02/09 v2.5 Base part for package epstopdf

(/mn/anatu/modules/opt/texlive/2013-uio/uio-texmf/texmf-dist/tex/latex/oberdiek
/grfext.sty
Package: grfext 2010/08/19 v1.1 Manage graphics extensions (HO)

(/mn/anatu/modules/opt/texlive/2013-uio/uio-texmf/texmf-dist/tex/generic/oberdi
ek/kvdefinekeys.sty
Package: kvdefinekeys 2011/04/07 v1.3 Define keys (HO)
))
(/mn/anatu/modules/opt/texlive/2013-uio/uio-texmf/texmf-dist/tex/latex/oberdiek
/kvoptions.sty
Package: kvoptions 2011/06/30 v3.11 Key value format for package options (HO)
)
Package grfext Info: Graphics extension search list:
(grfext)             [.png,.pdf,.jpg,.mps,.jpeg,.jbig2,.jb2,.PNG,.PDF,.JPG,.JPE
G,.JBIG2,.JB2,.eps]
(grfext)             \AppendGraphicsExtensions on input line 452.

(/mn/anatu/modules/opt/texlive/2013-uio/uio-texmf/texmf-dist/tex/latex/latexcon
fig/epstopdf-sys.cfg
File: epstopdf-sys.cfg 2010/07/13 v1.3 Configuration of (r)epstopdf for TeX Liv
e
))
Package caption Info: Begin \AtBeginDocument code.
Package caption Info: wrapfig package is loaded.
Package caption Info: End \AtBeginDocument code.
LaTeX Font Info:    Try loading font information for U+msa on input line 24.

(/mn/anatu/modules/opt/texlive/2013-uio/uio-texmf/texmf-dist/tex/latex/amsfonts
/umsa.fd
File: umsa.fd 2013/01/14 v3.01 AMS symbols A
)
LaTeX Font Info:    Try loading font information for U+msb on input line 24.

(/mn/anatu/modules/opt/texlive/2013-uio/uio-texmf/texmf-dist/tex/latex/amsfonts
/umsb.fd
File: umsb.fd 2013/01/14 v3.01 AMS symbols B
)
LaTeX Font Info:    Try loading font information for U+rsfs on input line 24.

(/mn/anatu/modules/opt/texlive/2013-uio/uio-texmf/texmf-dist/tex/latex/jknapltx
/ursfs.fd
File: ursfs.fd 1998/03/24 rsfs font definition file (jk)
)
LaTeX Font Info:    Try loading font information for U+wasy on input line 24.

(/mn/anatu/modules/opt/texlive/2013-uio/uio-texmf/texmf-dist/tex/latex/wasysym/
uwasy.fd
File: uwasy.fd 2003/10/30 v2.0 Wasy-2 symbol font definitions
)
Package xypdf Info: Line width: 0.43799pt on input line 24.
LaTeX Font Info:    Try loading font information for OMS+cmr on input line 33.

(/mn/anatu/modules/opt/texlive/2013-uio/uio-texmf/texmf-dist/tex/latex/base/oms
cmr.fd
File: omscmr.fd 1999/05/25 v2.5h Standard LaTeX font definitions
)
LaTeX Font Info:    Font shape `OMS/cmr/m/n' in size <10.95> not available
(Font)              Font shape `OMS/cmsy/m/n' tried instead on input line 33.
 [1

{/mn/anatu/modules/opt/texlive/2013-uio/uio-texmf/texmf-var/fonts/map/pdftex/up
dmap/pdftex.map}] <xymatrix 2x2

Xy-pic Warning: Impossible @ (letter) should not be here!! [seminar30april15:96
].

172> [2] [3] [4] [5] [6] [7] (./seminar30april15.aux) ) 
Here is how much of TeX's memory you used:
 16766 strings out of 493308
 296212 string characters out of 6135157
 387101 words of memory out of 5000000
 19790 multiletter control sequences out of 15000+600000
 21440 words of font info for 70 fonts, out of 8000000 for 9000
 957 hyphenation exceptions out of 8191
 56i,12n,63p,3272b,388s stack positions out of 5000i,500n,10000p,200000b,80000s
{/mn/anatu/modules/opt/t
exlive/2013-uio/uio-texmf/texmf-dist/fonts/enc/dvips/cm-super/cm-super-t1.enc}<
/mn/anatu/modules/opt/texlive/2013-uio/uio-texmf/texmf-dist/fonts/type1/public/
amsfonts/cm/cmex10.pfb></mn/anatu/modules/opt/texlive/2013-uio/uio-texmf/texmf-
dist/fonts/type1/public/amsfonts/cm/cmmi10.pfb></mn/anatu/modules/opt/texlive/2
013-uio/uio-texmf/texmf-dist/fonts/type1/public/amsfonts/cm/cmmi6.pfb></mn/anat
u/modules/opt/texlive/2013-uio/uio-texmf/texmf-dist/fonts/type1/public/amsfonts
/cm/cmmi8.pfb></mn/anatu/modules/opt/texlive/2013-uio/uio-texmf/texmf-dist/font
s/type1/public/amsfonts/cm/cmr10.pfb></mn/anatu/modules/opt/texlive/2013-uio/ui
o-texmf/texmf-dist/fonts/type1/public/amsfonts/cm/cmr6.pfb></mn/anatu/modules/o
pt/texlive/2013-uio/uio-texmf/texmf-dist/fonts/type1/public/amsfonts/cm/cmr8.pf
b></mn/anatu/modules/opt/texlive/2013-uio/uio-texmf/texmf-dist/fonts/type1/publ
ic/amsfonts/cm/cmsy10.pfb></mn/anatu/modules/opt/texlive/2013-uio/uio-texmf/tex
mf-dist/fonts/type1/public/amsfonts/cm/cmsy6.pfb></mn/anatu/modules/opt/texlive
/2013-uio/uio-texmf/texmf-dist/fonts/type1/public/amsfonts/cm/cmsy8.pfb></mn/an
atu/modules/opt/texlive/2013-uio/uio-texmf/texmf-dist/fonts/type1/public/amsfon
ts/symbols/msam10.pfb></mn/anatu/modules/opt/texlive/2013-uio/uio-texmf/texmf-d
ist/fonts/type1/public/amsfonts/symbols/msbm10.pfb></mn/anatu/modules/opt/texli
ve/2013-uio/uio-texmf/texmf-dist/fonts/type1/public/cm-super/sfbx1095.pfb></mn/
anatu/modules/opt/texlive/2013-uio/uio-texmf/texmf-dist/fonts/type1/public/cm-s
uper/sfbx1200.pfb></mn/anatu/modules/opt/texlive/2013-uio/uio-texmf/texmf-dist/
fonts/type1/public/cm-super/sfbx1440.pfb></mn/anatu/modules/opt/texlive/2013-ui
o/uio-texmf/texmf-dist/fonts/type1/public/cm-super/sfrm1095.pfb></mn/anatu/modu
les/opt/texlive/2013-uio/uio-texmf/texmf-dist/fonts/type1/public/cm-super/sfrm1
200.pfb></mn/anatu/modules/opt/texlive/2013-uio/uio-texmf/texmf-dist/fonts/type
1/public/cm-super/sfrm1728.pfb></mn/anatu/modules/opt/texlive/2013-uio/uio-texm
f/texmf-dist/fonts/type1/public/cm-super/sfti1095.pfb></mn/anatu/modules/opt/te
xlive/2013-uio/uio-texmf/texmf-dist/fonts/type1/public/wasy/wasy10.pfb></mn/ana
tu/modules/opt/texlive/2013-uio/uio-texmf/texmf-dist/fonts/type1/public/xypic/x
yatip10.pfb></mn/anatu/modules/opt/texlive/2013-uio/uio-texmf/texmf-dist/fonts/
type1/public/xypic/xybtip10.pfb>
Output written on seminar30april15.pdf (7 pages, 268804 bytes).
PDF statistics:
 120 PDF objects out of 1000 (max. 8388607)
 88 compressed objects within 1 object stream
 0 named destinations out of 1000 (max. 500000)
 13 words of extra memory for PDF output out of 10000 (max. 10000000)

