This is pdfTeX, Version 3.14159265-2.6-1.40.16 (TeX Live 2015) (preloaded format=pdflatex 2016.2.19)  31 OCT 2016 13:41
entering extended mode
 restricted \write18 enabled.
 %&-line parsing enabled.
**smaanotater.tex
(./smaanotater.tex
LaTeX2e <2016/02/01>
Babel <3.9n> and hyphenation patterns for 80 languages loaded.

(/mn/sarpanitu/modules/packages/texlive/2015-uio/uio-texmf/texmf-dist/tex/latex
/base/article.cls
Document Class: article 2014/09/29 v1.4h Standard LaTeX document class

(/mn/sarpanitu/modules/packages/texlive/2015-uio/uio-texmf/texmf-dist/tex/latex
/base/size11.clo
File: size11.clo 2014/09/29 v1.4h Standard LaTeX file (size option)
)
\c@part=\count79
\c@section=\count80
\c@subsection=\count81
\c@subsubsection=\count82
\c@paragraph=\count83
\c@subparagraph=\count84
\c@figure=\count85
\c@table=\count86
\abovecaptionskip=\skip41
\belowcaptionskip=\skip42
\bibindent=\dimen102
)
(/mn/sarpanitu/modules/packages/texlive/2015-uio/uio-texmf/texmf-dist/tex/latex
/base/fontenc.sty
Package: fontenc 2005/09/27 v1.99g Standard LaTeX package

(/mn/sarpanitu/modules/packages/texlive/2015-uio/uio-texmf/texmf-dist/tex/latex
/base/t1enc.def
File: t1enc.def 2005/09/27 v1.99g Standard LaTeX file
LaTeX Font Info:    Redeclaring font encoding T1 on input line 48.
))
(/mn/sarpanitu/modules/packages/texlive/2015-uio/uio-texmf/texmf-dist/tex/latex
/base/inputenc.sty
Package: inputenc 2015/03/17 v1.2c Input encoding file
\inpenc@prehook=\toks14
\inpenc@posthook=\toks15

(/mn/sarpanitu/modules/packages/texlive/2015-uio/uio-texmf/texmf-dist/tex/latex
/base/utf8.def
File: utf8.def 2015/12/03 v1.1r UTF-8 support for inputenc
Now handling font encoding OML ...
... no UTF-8 mapping file for font encoding OML
Now handling font encoding T1 ...
... processing UTF-8 mapping file for font encoding T1

(/mn/sarpanitu/modules/packages/texlive/2015-uio/uio-texmf/texmf-dist/tex/latex
/base/t1enc.dfu
File: t1enc.dfu 2015/12/03 v1.1r UTF-8 support for inputenc
   defining Unicode char U+00A0 (decimal 160)
   defining Unicode char U+00A1 (decimal 161)
   defining Unicode char U+00A3 (decimal 163)
   defining Unicode char U+00AB (decimal 171)
   defining Unicode char U+00AD (decimal 173)
   defining Unicode char U+00BB (decimal 187)
   defining Unicode char U+00BF (decimal 191)
   defining Unicode char U+00C0 (decimal 192)
   defining Unicode char U+00C1 (decimal 193)
   defining Unicode char U+00C2 (decimal 194)
   defining Unicode char U+00C3 (decimal 195)
   defining Unicode char U+00C4 (decimal 196)
   defining Unicode char U+00C5 (decimal 197)
   defining Unicode char U+00C6 (decimal 198)
   defining Unicode char U+00C7 (decimal 199)
   defining Unicode char U+00C8 (decimal 200)
   defining Unicode char U+00C9 (decimal 201)
   defining Unicode char U+00CA (decimal 202)
   defining Unicode char U+00CB (decimal 203)
   defining Unicode char U+00CC (decimal 204)
   defining Unicode char U+00CD (decimal 205)
   defining Unicode char U+00CE (decimal 206)
   defining Unicode char U+00CF (decimal 207)
   defining Unicode char U+00D0 (decimal 208)
   defining Unicode char U+00D1 (decimal 209)
   defining Unicode char U+00D2 (decimal 210)
   defining Unicode char U+00D3 (decimal 211)
   defining Unicode char U+00D4 (decimal 212)
   defining Unicode char U+00D5 (decimal 213)
   defining Unicode char U+00D6 (decimal 214)
   defining Unicode char U+00D8 (decimal 216)
   defining Unicode char U+00D9 (decimal 217)
   defining Unicode char U+00DA (decimal 218)
   defining Unicode char U+00DB (decimal 219)
   defining Unicode char U+00DC (decimal 220)
   defining Unicode char U+00DD (decimal 221)
   defining Unicode char U+00DE (decimal 222)
   defining Unicode char U+00DF (decimal 223)
   defining Unicode char U+00E0 (decimal 224)
   defining Unicode char U+00E1 (decimal 225)
   defining Unicode char U+00E2 (decimal 226)
   defining Unicode char U+00E3 (decimal 227)
   defining Unicode char U+00E4 (decimal 228)
   defining Unicode char U+00E5 (decimal 229)
   defining Unicode char U+00E6 (decimal 230)
   defining Unicode char U+00E7 (decimal 231)
   defining Unicode char U+00E8 (decimal 232)
   defining Unicode char U+00E9 (decimal 233)
   defining Unicode char U+00EA (decimal 234)
   defining Unicode char U+00EB (decimal 235)
   defining Unicode char U+00EC (decimal 236)
   defining Unicode char U+00ED (decimal 237)
   defining Unicode char U+00EE (decimal 238)
   defining Unicode char U+00EF (decimal 239)
   defining Unicode char U+00F0 (decimal 240)
   defining Unicode char U+00F1 (decimal 241)
   defining Unicode char U+00F2 (decimal 242)
   defining Unicode char U+00F3 (decimal 243)
   defining Unicode char U+00F4 (decimal 244)
   defining Unicode char U+00F5 (decimal 245)
   defining Unicode char U+00F6 (decimal 246)
   defining Unicode char U+00F8 (decimal 248)
   defining Unicode char U+00F9 (decimal 249)
   defining Unicode char U+00FA (decimal 250)
   defining Unicode char U+00FB (decimal 251)
   defining Unicode char U+00FC (decimal 252)
   defining Unicode char U+00FD (decimal 253)
   defining Unicode char U+00FE (decimal 254)
   defining Unicode char U+00FF (decimal 255)
   defining Unicode char U+0100 (decimal 256)
   defining Unicode char U+0101 (decimal 257)
   defining Unicode char U+0102 (decimal 258)
   defining Unicode char U+0103 (decimal 259)
   defining Unicode char U+0104 (decimal 260)
   defining Unicode char U+0105 (decimal 261)
   defining Unicode char U+0106 (decimal 262)
   defining Unicode char U+0107 (decimal 263)
   defining Unicode char U+0108 (decimal 264)
   defining Unicode char U+0109 (decimal 265)
   defining Unicode char U+010A (decimal 266)
   defining Unicode char U+010B (decimal 267)
   defining Unicode char U+010C (decimal 268)
   defining Unicode char U+010D (decimal 269)
   defining Unicode char U+010E (decimal 270)
   defining Unicode char U+010F (decimal 271)
   defining Unicode char U+0110 (decimal 272)
   defining Unicode char U+0111 (decimal 273)
   defining Unicode char U+0112 (decimal 274)
   defining Unicode char U+0113 (decimal 275)
   defining Unicode char U+0114 (decimal 276)
   defining Unicode char U+0115 (decimal 277)
   defining Unicode char U+0116 (decimal 278)
   defining Unicode char U+0117 (decimal 279)
   defining Unicode char U+0118 (decimal 280)
   defining Unicode char U+0119 (decimal 281)
   defining Unicode char U+011A (decimal 282)
   defining Unicode char U+011B (decimal 283)
   defining Unicode char U+011C (decimal 284)
   defining Unicode char U+011D (decimal 285)
   defining Unicode char U+011E (decimal 286)
   defining Unicode char U+011F (decimal 287)
   defining Unicode char U+0120 (decimal 288)
   defining Unicode char U+0121 (decimal 289)
   defining Unicode char U+0122 (decimal 290)
   defining Unicode char U+0123 (decimal 291)
   defining Unicode char U+0124 (decimal 292)
   defining Unicode char U+0125 (decimal 293)
   defining Unicode char U+0128 (decimal 296)
   defining Unicode char U+0129 (decimal 297)
   defining Unicode char U+012A (decimal 298)
   defining Unicode char U+012B (decimal 299)
   defining Unicode char U+012C (decimal 300)
   defining Unicode char U+012D (decimal 301)
   defining Unicode char U+012E (decimal 302)
   defining Unicode char U+012F (decimal 303)
   defining Unicode char U+0130 (decimal 304)
   defining Unicode char U+0131 (decimal 305)
   defining Unicode char U+0132 (decimal 306)
   defining Unicode char U+0133 (decimal 307)
   defining Unicode char U+0134 (decimal 308)
   defining Unicode char U+0135 (decimal 309)
   defining Unicode char U+0136 (decimal 310)
   defining Unicode char U+0137 (decimal 311)
   defining Unicode char U+0139 (decimal 313)
   defining Unicode char U+013A (decimal 314)
   defining Unicode char U+013B (decimal 315)
   defining Unicode char U+013C (decimal 316)
   defining Unicode char U+013D (decimal 317)
   defining Unicode char U+013E (decimal 318)
   defining Unicode char U+0141 (decimal 321)
   defining Unicode char U+0142 (decimal 322)
   defining Unicode char U+0143 (decimal 323)
   defining Unicode char U+0144 (decimal 324)
   defining Unicode char U+0145 (decimal 325)
   defining Unicode char U+0146 (decimal 326)
   defining Unicode char U+0147 (decimal 327)
   defining Unicode char U+0148 (decimal 328)
   defining Unicode char U+014A (decimal 330)
   defining Unicode char U+014B (decimal 331)
   defining Unicode char U+014C (decimal 332)
   defining Unicode char U+014D (decimal 333)
   defining Unicode char U+014E (decimal 334)
   defining Unicode char U+014F (decimal 335)
   defining Unicode char U+0150 (decimal 336)
   defining Unicode char U+0151 (decimal 337)
   defining Unicode char U+0152 (decimal 338)
   defining Unicode char U+0153 (decimal 339)
   defining Unicode char U+0154 (decimal 340)
   defining Unicode char U+0155 (decimal 341)
   defining Unicode char U+0156 (decimal 342)
   defining Unicode char U+0157 (decimal 343)
   defining Unicode char U+0158 (decimal 344)
   defining Unicode char U+0159 (decimal 345)
   defining Unicode char U+015A (decimal 346)
   defining Unicode char U+015B (decimal 347)
   defining Unicode char U+015C (decimal 348)
   defining Unicode char U+015D (decimal 349)
   defining Unicode char U+015E (decimal 350)
   defining Unicode char U+015F (decimal 351)
   defining Unicode char U+0160 (decimal 352)
   defining Unicode char U+0161 (decimal 353)
   defining Unicode char U+0162 (decimal 354)
   defining Unicode char U+0163 (decimal 355)
   defining Unicode char U+0164 (decimal 356)
   defining Unicode char U+0165 (decimal 357)
   defining Unicode char U+0168 (decimal 360)
   defining Unicode char U+0169 (decimal 361)
   defining Unicode char U+016A (decimal 362)
   defining Unicode char U+016B (decimal 363)
   defining Unicode char U+016C (decimal 364)
   defining Unicode char U+016D (decimal 365)
   defining Unicode char U+016E (decimal 366)
   defining Unicode char U+016F (decimal 367)
   defining Unicode char U+0170 (decimal 368)
   defining Unicode char U+0171 (decimal 369)
   defining Unicode char U+0172 (decimal 370)
   defining Unicode char U+0173 (decimal 371)
   defining Unicode char U+0174 (decimal 372)
   defining Unicode char U+0175 (decimal 373)
   defining Unicode char U+0176 (decimal 374)
   defining Unicode char U+0177 (decimal 375)
   defining Unicode char U+0178 (decimal 376)
   defining Unicode char U+0179 (decimal 377)
   defining Unicode char U+017A (decimal 378)
   defining Unicode char U+017B (decimal 379)
   defining Unicode char U+017C (decimal 380)
   defining Unicode char U+017D (decimal 381)
   defining Unicode char U+017E (decimal 382)
   defining Unicode char U+01CD (decimal 461)
   defining Unicode char U+01CE (decimal 462)
   defining Unicode char U+01CF (decimal 463)
   defining Unicode char U+01D0 (decimal 464)
   defining Unicode char U+01D1 (decimal 465)
   defining Unicode char U+01D2 (decimal 466)
   defining Unicode char U+01D3 (decimal 467)
   defining Unicode char U+01D4 (decimal 468)
   defining Unicode char U+01E2 (decimal 482)
   defining Unicode char U+01E3 (decimal 483)
   defining Unicode char U+01E6 (decimal 486)
   defining Unicode char U+01E7 (decimal 487)
   defining Unicode char U+01E8 (decimal 488)
   defining Unicode char U+01E9 (decimal 489)
   defining Unicode char U+01EA (decimal 490)
   defining Unicode char U+01EB (decimal 491)
   defining Unicode char U+01F0 (decimal 496)
   defining Unicode char U+01F4 (decimal 500)
   defining Unicode char U+01F5 (decimal 501)
   defining Unicode char U+0218 (decimal 536)
   defining Unicode char U+0219 (decimal 537)
   defining Unicode char U+021A (decimal 538)
   defining Unicode char U+021B (decimal 539)
   defining Unicode char U+01E02 (decimal 7682)
   defining Unicode char U+01E03 (decimal 7683)
   defining Unicode char U+200C (decimal 8204)
   defining Unicode char U+2013 (decimal 8211)
   defining Unicode char U+2014 (decimal 8212)
   defining Unicode char U+2018 (decimal 8216)
   defining Unicode char U+2019 (decimal 8217)
   defining Unicode char U+201A (decimal 8218)
   defining Unicode char U+201C (decimal 8220)
   defining Unicode char U+201D (decimal 8221)
   defining Unicode char U+201E (decimal 8222)
   defining Unicode char U+2030 (decimal 8240)
   defining Unicode char U+2031 (decimal 8241)
   defining Unicode char U+2039 (decimal 8249)
   defining Unicode char U+203A (decimal 8250)
   defining Unicode char U+2423 (decimal 9251)
)
Now handling font encoding OT1 ...
... processing UTF-8 mapping file for font encoding OT1

(/mn/sarpanitu/modules/packages/texlive/2015-uio/uio-texmf/texmf-dist/tex/latex
/base/ot1enc.dfu
File: ot1enc.dfu 2015/12/03 v1.1r UTF-8 support for inputenc
   defining Unicode char U+00A0 (decimal 160)
   defining Unicode char U+00A1 (decimal 161)
   defining Unicode char U+00A3 (decimal 163)
   defining Unicode char U+00AD (decimal 173)
   defining Unicode char U+00B8 (decimal 184)
   defining Unicode char U+00BF (decimal 191)
   defining Unicode char U+00C5 (decimal 197)
   defining Unicode char U+00C6 (decimal 198)
   defining Unicode char U+00D8 (decimal 216)
   defining Unicode char U+00DF (decimal 223)
   defining Unicode char U+00E6 (decimal 230)
   defining Unicode char U+00EC (decimal 236)
   defining Unicode char U+00ED (decimal 237)
   defining Unicode char U+00EE (decimal 238)
   defining Unicode char U+00EF (decimal 239)
   defining Unicode char U+00F8 (decimal 248)
   defining Unicode char U+0131 (decimal 305)
   defining Unicode char U+0141 (decimal 321)
   defining Unicode char U+0142 (decimal 322)
   defining Unicode char U+0152 (decimal 338)
   defining Unicode char U+0153 (decimal 339)
   defining Unicode char U+0174 (decimal 372)
   defining Unicode char U+0175 (decimal 373)
   defining Unicode char U+0176 (decimal 374)
   defining Unicode char U+0177 (decimal 375)
   defining Unicode char U+0218 (decimal 536)
   defining Unicode char U+0219 (decimal 537)
   defining Unicode char U+021A (decimal 538)
   defining Unicode char U+021B (decimal 539)
   defining Unicode char U+2013 (decimal 8211)
   defining Unicode char U+2014 (decimal 8212)
   defining Unicode char U+2018 (decimal 8216)
   defining Unicode char U+2019 (decimal 8217)
   defining Unicode char U+201C (decimal 8220)
   defining Unicode char U+201D (decimal 8221)
)
Now handling font encoding OMS ...
... processing UTF-8 mapping file for font encoding OMS

(/mn/sarpanitu/modules/packages/texlive/2015-uio/uio-texmf/texmf-dist/tex/latex
/base/omsenc.dfu
File: omsenc.dfu 2015/12/03 v1.1r UTF-8 support for inputenc
   defining Unicode char U+00A7 (decimal 167)
   defining Unicode char U+00B6 (decimal 182)
   defining Unicode char U+00B7 (decimal 183)
   defining Unicode char U+2020 (decimal 8224)
   defining Unicode char U+2021 (decimal 8225)
   defining Unicode char U+2022 (decimal 8226)
)
Now handling font encoding OMX ...
... no UTF-8 mapping file for font encoding OMX
Now handling font encoding U ...
... no UTF-8 mapping file for font encoding U
   defining Unicode char U+00A9 (decimal 169)
   defining Unicode char U+00AA (decimal 170)
   defining Unicode char U+00AE (decimal 174)
   defining Unicode char U+00BA (decimal 186)
   defining Unicode char U+02C6 (decimal 710)
   defining Unicode char U+02DC (decimal 732)
   defining Unicode char U+200C (decimal 8204)
   defining Unicode char U+2026 (decimal 8230)
   defining Unicode char U+2122 (decimal 8482)
   defining Unicode char U+2423 (decimal 9251)
))
(/mn/sarpanitu/modules/packages/texlive/2015-uio/uio-texmf/texmf-dist/tex/gener
ic/babel/babel.sty
Package: babel 2016/01/08 3.9n The Babel package

(/mn/sarpanitu/modules/packages/texlive/2015-uio/uio-texmf/texmf-dist/tex/gener
ic/babel-norsk/norsk.ldf
Language: norsk 2012/08/06 v2.0i Norsk support from the babel system

(/mn/sarpanitu/modules/packages/texlive/2015-uio/uio-texmf/texmf-dist/tex/gener
ic/babel/babel.def
File: babel.def 2016/01/08 3.9n Babel common definitions
\babel@savecnt=\count87
\U@D=\dimen103
)
Package babel Info: Making " an active character on input line 113.
))
(/mn/sarpanitu/modules/packages/texlive/2015-uio/uio-texmf/texmf-dist/tex/latex
/amsfonts/amssymb.sty
Package: amssymb 2013/01/14 v3.01 AMS font symbols

(/mn/sarpanitu/modules/packages/texlive/2015-uio/uio-texmf/texmf-dist/tex/latex
/amsfonts/amsfonts.sty
Package: amsfonts 2013/01/14 v3.01 Basic AMSFonts support
\@emptytoks=\toks16
\symAMSa=\mathgroup4
\symAMSb=\mathgroup5
LaTeX Font Info:    Overwriting math alphabet `\mathfrak' in version `bold'
(Font)                  U/euf/m/n --> U/euf/b/n on input line 106.
))
(/mn/sarpanitu/modules/packages/texlive/2015-uio/uio-texmf/texmf-dist/tex/latex
/amsmath/amsmath.sty
Package: amsmath 2013/01/14 v2.14 AMS math features
\@mathmargin=\skip43

For additional information on amsmath, use the `?' option.

(/mn/sarpanitu/modules/packages/texlive/2015-uio/uio-texmf/texmf-dist/tex/latex
/amsmath/amstext.sty
Package: amstext 2000/06/29 v2.01

(/mn/sarpanitu/modules/packages/texlive/2015-uio/uio-texmf/texmf-dist/tex/latex
/amsmath/amsgen.sty
File: amsgen.sty 1999/11/30 v2.0
\@emptytoks=\toks17
\ex@=\dimen104
))
(/mn/sarpanitu/modules/packages/texlive/2015-uio/uio-texmf/texmf-dist/tex/latex
/amsmath/amsbsy.sty
Package: amsbsy 1999/11/29 v1.2d
\pmbraise@=\dimen105
)
(/mn/sarpanitu/modules/packages/texlive/2015-uio/uio-texmf/texmf-dist/tex/latex
/amsmath/amsopn.sty
Package: amsopn 1999/12/14 v2.01 operator names
)
\inf@bad=\count88
LaTeX Info: Redefining \frac on input line 210.
\uproot@=\count89
\leftroot@=\count90
LaTeX Info: Redefining \overline on input line 306.
\classnum@=\count91
\DOTSCASE@=\count92
LaTeX Info: Redefining \ldots on input line 378.
LaTeX Info: Redefining \dots on input line 381.
LaTeX Info: Redefining \cdots on input line 466.
\Mathstrutbox@=\box26
\strutbox@=\box27
\big@size=\dimen106
LaTeX Font Info:    Redeclaring font encoding OML on input line 566.
LaTeX Font Info:    Redeclaring font encoding OMS on input line 567.
\macc@depth=\count93
\c@MaxMatrixCols=\count94
\dotsspace@=\muskip10
\c@parentequation=\count95
\dspbrk@lvl=\count96
\tag@help=\toks18
\row@=\count97
\column@=\count98
\maxfields@=\count99
\andhelp@=\toks19
\eqnshift@=\dimen107
\alignsep@=\dimen108
\tagshift@=\dimen109
\tagwidth@=\dimen110
\totwidth@=\dimen111
\lineht@=\dimen112
\@envbody=\toks20
\multlinegap=\skip44
\multlinetaggap=\skip45
\mathdisplay@stack=\toks21
LaTeX Info: Redefining \[ on input line 2665.
LaTeX Info: Redefining \] on input line 2666.
)
(/mn/sarpanitu/modules/packages/texlive/2015-uio/uio-texmf/texmf-dist/tex/latex
/amscls/amsthm.sty
Package: amsthm 2015/03/04 v2.20.2
\thm@style=\toks22
\thm@bodyfont=\toks23
\thm@headfont=\toks24
\thm@notefont=\toks25
\thm@headpunct=\toks26
\thm@preskip=\skip46
\thm@postskip=\skip47
\thm@headsep=\skip48
\dth@everypar=\toks27
)
(/mn/sarpanitu/modules/packages/texlive/2015-uio/uio-texmf/texmf-dist/tex/latex
/jknapltx/mathrsfs.sty
Package: mathrsfs 1996/01/01 Math RSFS package v1.0 (jk)
\symrsfs=\mathgroup6
)
(/mn/sarpanitu/modules/packages/texlive/2015-uio/uio-texmf/texmf-dist/tex/latex
/url/url.sty
\Urlmuskip=\muskip11
Package: url 2013/09/16  ver 3.4  Verb mode for urls, etc.
) (/uio/hume/student-u57/fredrme/latexpakker/thmtools/thmtools.sty
Package: thmtools 2012/05/04 v63
\thmt@toks=\toks28
\c@thmt@dummyctr=\count100

(/uio/hume/student-u57/fredrme/latexpakker/thmtools/thm-patch.sty
Package: thm-patch 2012/05/04 v63

(/uio/hume/student-u57/fredrme/latexpakker/thmtools/parseargs.sty
Package: parseargs 2012/05/04 v63
\@parsespec=\toks29
))
(/uio/hume/student-u57/fredrme/latexpakker/thmtools/thm-kv.sty
Package: thm-kv 2012/05/04 v63
Package thm-kv Info: Theorem names will be uppercased on input line 40.

(/mn/sarpanitu/modules/packages/texlive/2015-uio/uio-texmf/texmf-dist/tex/latex
/graphics/keyval.sty
Package: keyval 2014/10/28 v1.15 key=value parser (DPC)
\KV@toks@=\toks30
)
(/mn/sarpanitu/modules/packages/texlive/2015-uio/uio-texmf/texmf-dist/tex/gener
ic/oberdiek/kvsetkeys.sty
Package: kvsetkeys 2012/04/25 v1.16 Key value parser (HO)

(/mn/sarpanitu/modules/packages/texlive/2015-uio/uio-texmf/texmf-dist/tex/gener
ic/oberdiek/infwarerr.sty
Package: infwarerr 2010/04/08 v1.3 Providing info/warning/error messages (HO)
)
(/mn/sarpanitu/modules/packages/texlive/2015-uio/uio-texmf/texmf-dist/tex/gener
ic/oberdiek/etexcmds.sty
Package: etexcmds 2011/02/16 v1.5 Avoid name clashes with e-TeX commands (HO)

(/mn/sarpanitu/modules/packages/texlive/2015-uio/uio-texmf/texmf-dist/tex/gener
ic/oberdiek/ifluatex.sty
Package: ifluatex 2010/03/01 v1.3 Provides the ifluatex switch (HO)
Package ifluatex Info: LuaTeX not detected.
)
Package etexcmds Info: Could not find \expanded.
(etexcmds)             That can mean that you are not using pdfTeX 1.50 or
(etexcmds)             that some package has redefined \expanded.
(etexcmds)             In the latter case, load this package earlier.
))
Package thm-kv Info: kvsetkeys patch (v1.16 or later) on input line 156.
)
(/uio/hume/student-u57/fredrme/latexpakker/thmtools/thm-autoref.sty
Package: thm-autoref 2012/05/04 v63

(/uio/hume/student-u57/fredrme/latexpakker/thmtools/aliasctr.sty
Package: aliasctr 2012/05/04 v63

(/mn/sarpanitu/modules/packages/texlive/2015-uio/uio-texmf/texmf-dist/tex/latex
/carlisle/remreset.sty)))
(/uio/hume/student-u57/fredrme/latexpakker/thmtools/thm-listof.sty
Package: thm-listof 2012/05/04 v63
)
(/uio/hume/student-u57/fredrme/latexpakker/thmtools/thm-restate.sty
Package: thm-restate 2012/05/04 v63
)
(/uio/hume/student-u57/fredrme/latexpakker/thmtools/thm-amsthm.sty
Package: thm-amsthm 2012/05/04 v63
\thmt@style@headstyle=\toks31
))
(/mn/sarpanitu/modules/packages/texlive/2015-uio/uio-texmf/texmf-dist/tex/latex
/tools/enumerate.sty
Package: enumerate 2015/07/23 v3.00 enumerate extensions (DPC)
\@enLab=\toks32
)
(/mn/sarpanitu/modules/packages/texlive/2015-uio/uio-texmf/texmf-dist/tex/latex
/float/float.sty
Package: float 2001/11/08 v1.3d Float enhancements (AL)
\c@float@type=\count101
\float@exts=\toks33
\float@box=\box28
\@float@everytoks=\toks34
\@floatcapt=\box29
)
(/mn/sarpanitu/modules/packages/texlive/2015-uio/uio-texmf/texmf-dist/tex/latex
/pgf/frontendlayer/tikz.sty
(/mn/sarpanitu/modules/packages/texlive/2015-uio/uio-texmf/texmf-dist/tex/latex
/pgf/basiclayer/pgf.sty
(/mn/sarpanitu/modules/packages/texlive/2015-uio/uio-texmf/texmf-dist/tex/latex
/pgf/utilities/pgfrcs.sty
(/mn/sarpanitu/modules/packages/texlive/2015-uio/uio-texmf/texmf-dist/tex/gener
ic/pgf/utilities/pgfutil-common.tex
\pgfutil@everybye=\toks35
\pgfutil@tempdima=\dimen113
\pgfutil@tempdimb=\dimen114

(/mn/sarpanitu/modules/packages/texlive/2015-uio/uio-texmf/texmf-dist/tex/gener
ic/pgf/utilities/pgfutil-common-lists.tex))
(/mn/sarpanitu/modules/packages/texlive/2015-uio/uio-texmf/texmf-dist/tex/gener
ic/pgf/utilities/pgfutil-latex.def
\pgfutil@abb=\box30

(/mn/sarpanitu/modules/packages/texlive/2015-uio/uio-texmf/texmf-dist/tex/latex
/ms/everyshi.sty
Package: everyshi 2001/05/15 v3.00 EveryShipout Package (MS)
))
(/mn/sarpanitu/modules/packages/texlive/2015-uio/uio-texmf/texmf-dist/tex/gener
ic/pgf/utilities/pgfrcs.code.tex
Package: pgfrcs 2015/08/07 v3.0.1a (rcs-revision 1.31)
))
Package: pgf 2015/08/07 v3.0.1a (rcs-revision 1.15)

(/mn/sarpanitu/modules/packages/texlive/2015-uio/uio-texmf/texmf-dist/tex/latex
/pgf/basiclayer/pgfcore.sty
(/mn/sarpanitu/modules/packages/texlive/2015-uio/uio-texmf/texmf-dist/tex/latex
/graphics/graphicx.sty
Package: graphicx 2014/10/28 v1.0g Enhanced LaTeX Graphics (DPC,SPQR)

(/mn/sarpanitu/modules/packages/texlive/2015-uio/uio-texmf/texmf-dist/tex/latex
/graphics/graphics.sty
Package: graphics 2016/01/03 v1.0q Standard LaTeX Graphics (DPC,SPQR)

(/mn/sarpanitu/modules/packages/texlive/2015-uio/uio-texmf/texmf-dist/tex/latex
/graphics/trig.sty
Package: trig 2016/01/03 v1.10 sin cos tan (DPC)
)
(/mn/sarpanitu/modules/packages/texlive/2015-uio/uio-texmf/texmf-dist/tex/latex
/latexconfig/graphics.cfg
File: graphics.cfg 2010/04/23 v1.9 graphics configuration of TeX Live
)
Package graphics Info: Driver file: pdftex.def on input line 95.

(/mn/sarpanitu/modules/packages/texlive/2015-uio/uio-texmf/texmf-dist/tex/latex
/pdftex-def/pdftex.def
File: pdftex.def 2011/05/27 v0.06d Graphics/color for pdfTeX

(/mn/sarpanitu/modules/packages/texlive/2015-uio/uio-texmf/texmf-dist/tex/gener
ic/oberdiek/ltxcmds.sty
Package: ltxcmds 2011/11/09 v1.22 LaTeX kernel commands for general use (HO)
)
\Gread@gobject=\count102
))
\Gin@req@height=\dimen115
\Gin@req@width=\dimen116
)
(/mn/sarpanitu/modules/packages/texlive/2015-uio/uio-texmf/texmf-dist/tex/latex
/pgf/systemlayer/pgfsys.sty
(/mn/sarpanitu/modules/packages/texlive/2015-uio/uio-texmf/texmf-dist/tex/gener
ic/pgf/systemlayer/pgfsys.code.tex
Package: pgfsys 2014/07/09 v3.0.1a (rcs-revision 1.48)

(/mn/sarpanitu/modules/packages/texlive/2015-uio/uio-texmf/texmf-dist/tex/gener
ic/pgf/utilities/pgfkeys.code.tex
\pgfkeys@pathtoks=\toks36
\pgfkeys@temptoks=\toks37

(/mn/sarpanitu/modules/packages/texlive/2015-uio/uio-texmf/texmf-dist/tex/gener
ic/pgf/utilities/pgfkeysfiltered.code.tex
\pgfkeys@tmptoks=\toks38
))
\pgf@x=\dimen117
\pgf@y=\dimen118
\pgf@xa=\dimen119
\pgf@ya=\dimen120
\pgf@xb=\dimen121
\pgf@yb=\dimen122
\pgf@xc=\dimen123
\pgf@yc=\dimen124
\w@pgf@writea=\write3
\r@pgf@reada=\read1
\c@pgf@counta=\count103
\c@pgf@countb=\count104
\c@pgf@countc=\count105
\c@pgf@countd=\count106
\t@pgf@toka=\toks39
\t@pgf@tokb=\toks40
\t@pgf@tokc=\toks41

(/mn/sarpanitu/modules/packages/texlive/2015-uio/uio-texmf/texmf-dist/tex/gener
ic/pgf/systemlayer/pgf.cfg
File: pgf.cfg 2008/05/14  (rcs-revision 1.7)
)
Driver file for pgf: pgfsys-pdftex.def

(/mn/sarpanitu/modules/packages/texlive/2015-uio/uio-texmf/texmf-dist/tex/gener
ic/pgf/systemlayer/pgfsys-pdftex.def
File: pgfsys-pdftex.def 2014/10/11  (rcs-revision 1.35)

(/mn/sarpanitu/modules/packages/texlive/2015-uio/uio-texmf/texmf-dist/tex/gener
ic/pgf/systemlayer/pgfsys-common-pdf.def
File: pgfsys-common-pdf.def 2013/10/10  (rcs-revision 1.13)
)))
(/mn/sarpanitu/modules/packages/texlive/2015-uio/uio-texmf/texmf-dist/tex/gener
ic/pgf/systemlayer/pgfsyssoftpath.code.tex
File: pgfsyssoftpath.code.tex 2013/09/09  (rcs-revision 1.9)
\pgfsyssoftpath@smallbuffer@items=\count107
\pgfsyssoftpath@bigbuffer@items=\count108
)
(/mn/sarpanitu/modules/packages/texlive/2015-uio/uio-texmf/texmf-dist/tex/gener
ic/pgf/systemlayer/pgfsysprotocol.code.tex
File: pgfsysprotocol.code.tex 2006/10/16  (rcs-revision 1.4)
))
(/mn/sarpanitu/modules/packages/texlive/2015-uio/uio-texmf/texmf-dist/tex/latex
/xcolor/xcolor.sty
Package: xcolor 2007/01/21 v2.11 LaTeX color extensions (UK)

(/mn/sarpanitu/modules/packages/texlive/2015-uio/uio-texmf/texmf-dist/tex/latex
/latexconfig/color.cfg
File: color.cfg 2007/01/18 v1.5 color configuration of teTeX/TeXLive
)
Package xcolor Info: Driver file: pdftex.def on input line 225.
Package xcolor Info: Model `cmy' substituted by `cmy0' on input line 1337.
Package xcolor Info: Model `hsb' substituted by `rgb' on input line 1341.
Package xcolor Info: Model `RGB' extended on input line 1353.
Package xcolor Info: Model `HTML' substituted by `rgb' on input line 1355.
Package xcolor Info: Model `Hsb' substituted by `hsb' on input line 1356.
Package xcolor Info: Model `tHsb' substituted by `hsb' on input line 1357.
Package xcolor Info: Model `HSB' substituted by `hsb' on input line 1358.
Package xcolor Info: Model `Gray' substituted by `gray' on input line 1359.
Package xcolor Info: Model `wave' substituted by `hsb' on input line 1360.
)
(/mn/sarpanitu/modules/packages/texlive/2015-uio/uio-texmf/texmf-dist/tex/gener
ic/pgf/basiclayer/pgfcore.code.tex
Package: pgfcore 2010/04/11 v3.0.1a (rcs-revision 1.7)

(/mn/sarpanitu/modules/packages/texlive/2015-uio/uio-texmf/texmf-dist/tex/gener
ic/pgf/math/pgfmath.code.tex
(/mn/sarpanitu/modules/packages/texlive/2015-uio/uio-texmf/texmf-dist/tex/gener
ic/pgf/math/pgfmathcalc.code.tex
(/mn/sarpanitu/modules/packages/texlive/2015-uio/uio-texmf/texmf-dist/tex/gener
ic/pgf/math/pgfmathutil.code.tex)
(/mn/sarpanitu/modules/packages/texlive/2015-uio/uio-texmf/texmf-dist/tex/gener
ic/pgf/math/pgfmathparser.code.tex
\pgfmath@dimen=\dimen125
\pgfmath@count=\count109
\pgfmath@box=\box31
\pgfmath@toks=\toks42
\pgfmath@stack@operand=\toks43
\pgfmath@stack@operation=\toks44
)
(/mn/sarpanitu/modules/packages/texlive/2015-uio/uio-texmf/texmf-dist/tex/gener
ic/pgf/math/pgfmathfunctions.code.tex
(/mn/sarpanitu/modules/packages/texlive/2015-uio/uio-texmf/texmf-dist/tex/gener
ic/pgf/math/pgfmathfunctions.basic.code.tex)
(/mn/sarpanitu/modules/packages/texlive/2015-uio/uio-texmf/texmf-dist/tex/gener
ic/pgf/math/pgfmathfunctions.trigonometric.code.tex)
(/mn/sarpanitu/modules/packages/texlive/2015-uio/uio-texmf/texmf-dist/tex/gener
ic/pgf/math/pgfmathfunctions.random.code.tex)
(/mn/sarpanitu/modules/packages/texlive/2015-uio/uio-texmf/texmf-dist/tex/gener
ic/pgf/math/pgfmathfunctions.comparison.code.tex)
(/mn/sarpanitu/modules/packages/texlive/2015-uio/uio-texmf/texmf-dist/tex/gener
ic/pgf/math/pgfmathfunctions.base.code.tex)
(/mn/sarpanitu/modules/packages/texlive/2015-uio/uio-texmf/texmf-dist/tex/gener
ic/pgf/math/pgfmathfunctions.round.code.tex)
(/mn/sarpanitu/modules/packages/texlive/2015-uio/uio-texmf/texmf-dist/tex/gener
ic/pgf/math/pgfmathfunctions.misc.code.tex)
(/mn/sarpanitu/modules/packages/texlive/2015-uio/uio-texmf/texmf-dist/tex/gener
ic/pgf/math/pgfmathfunctions.integerarithmetics.code.tex)))
(/mn/sarpanitu/modules/packages/texlive/2015-uio/uio-texmf/texmf-dist/tex/gener
ic/pgf/math/pgfmathfloat.code.tex
\c@pgfmathroundto@lastzeros=\count110
))
(/mn/sarpanitu/modules/packages/texlive/2015-uio/uio-texmf/texmf-dist/tex/gener
ic/pgf/basiclayer/pgfcorepoints.code.tex
File: pgfcorepoints.code.tex 2013/10/07  (rcs-revision 1.27)
\pgf@picminx=\dimen126
\pgf@picmaxx=\dimen127
\pgf@picminy=\dimen128
\pgf@picmaxy=\dimen129
\pgf@pathminx=\dimen130
\pgf@pathmaxx=\dimen131
\pgf@pathminy=\dimen132
\pgf@pathmaxy=\dimen133
\pgf@xx=\dimen134
\pgf@xy=\dimen135
\pgf@yx=\dimen136
\pgf@yy=\dimen137
\pgf@zx=\dimen138
\pgf@zy=\dimen139
)
(/mn/sarpanitu/modules/packages/texlive/2015-uio/uio-texmf/texmf-dist/tex/gener
ic/pgf/basiclayer/pgfcorepathconstruct.code.tex
File: pgfcorepathconstruct.code.tex 2013/10/07  (rcs-revision 1.29)
\pgf@path@lastx=\dimen140
\pgf@path@lasty=\dimen141
)
(/mn/sarpanitu/modules/packages/texlive/2015-uio/uio-texmf/texmf-dist/tex/gener
ic/pgf/basiclayer/pgfcorepathusage.code.tex
File: pgfcorepathusage.code.tex 2014/11/02  (rcs-revision 1.24)
\pgf@shorten@end@additional=\dimen142
\pgf@shorten@start@additional=\dimen143
)
(/mn/sarpanitu/modules/packages/texlive/2015-uio/uio-texmf/texmf-dist/tex/gener
ic/pgf/basiclayer/pgfcorescopes.code.tex
File: pgfcorescopes.code.tex 2015/05/08  (rcs-revision 1.46)
\pgfpic=\box32
\pgf@hbox=\box33
\pgf@layerbox@main=\box34
\pgf@picture@serial@count=\count111
)
(/mn/sarpanitu/modules/packages/texlive/2015-uio/uio-texmf/texmf-dist/tex/gener
ic/pgf/basiclayer/pgfcoregraphicstate.code.tex
File: pgfcoregraphicstate.code.tex 2014/11/02  (rcs-revision 1.12)
\pgflinewidth=\dimen144
)
(/mn/sarpanitu/modules/packages/texlive/2015-uio/uio-texmf/texmf-dist/tex/gener
ic/pgf/basiclayer/pgfcoretransformations.code.tex
File: pgfcoretransformations.code.tex 2015/08/07  (rcs-revision 1.20)
\pgf@pt@x=\dimen145
\pgf@pt@y=\dimen146
\pgf@pt@temp=\dimen147
)
(/mn/sarpanitu/modules/packages/texlive/2015-uio/uio-texmf/texmf-dist/tex/gener
ic/pgf/basiclayer/pgfcorequick.code.tex
File: pgfcorequick.code.tex 2008/10/09  (rcs-revision 1.3)
)
(/mn/sarpanitu/modules/packages/texlive/2015-uio/uio-texmf/texmf-dist/tex/gener
ic/pgf/basiclayer/pgfcoreobjects.code.tex
File: pgfcoreobjects.code.tex 2006/10/11  (rcs-revision 1.2)
)
(/mn/sarpanitu/modules/packages/texlive/2015-uio/uio-texmf/texmf-dist/tex/gener
ic/pgf/basiclayer/pgfcorepathprocessing.code.tex
File: pgfcorepathprocessing.code.tex 2013/09/09  (rcs-revision 1.9)
)
(/mn/sarpanitu/modules/packages/texlive/2015-uio/uio-texmf/texmf-dist/tex/gener
ic/pgf/basiclayer/pgfcorearrows.code.tex
File: pgfcorearrows.code.tex 2015/05/14  (rcs-revision 1.43)
\pgfarrowsep=\dimen148
)
(/mn/sarpanitu/modules/packages/texlive/2015-uio/uio-texmf/texmf-dist/tex/gener
ic/pgf/basiclayer/pgfcoreshade.code.tex
File: pgfcoreshade.code.tex 2013/07/15  (rcs-revision 1.15)
\pgf@max=\dimen149
\pgf@sys@shading@range@num=\count112
)
(/mn/sarpanitu/modules/packages/texlive/2015-uio/uio-texmf/texmf-dist/tex/gener
ic/pgf/basiclayer/pgfcoreimage.code.tex
File: pgfcoreimage.code.tex 2013/07/15  (rcs-revision 1.18)

(/mn/sarpanitu/modules/packages/texlive/2015-uio/uio-texmf/texmf-dist/tex/gener
ic/pgf/basiclayer/pgfcoreexternal.code.tex
File: pgfcoreexternal.code.tex 2014/07/09  (rcs-revision 1.21)
\pgfexternal@startupbox=\box35
))
(/mn/sarpanitu/modules/packages/texlive/2015-uio/uio-texmf/texmf-dist/tex/gener
ic/pgf/basiclayer/pgfcorelayers.code.tex
File: pgfcorelayers.code.tex 2013/07/18  (rcs-revision 1.7)
)
(/mn/sarpanitu/modules/packages/texlive/2015-uio/uio-texmf/texmf-dist/tex/gener
ic/pgf/basiclayer/pgfcoretransparency.code.tex
File: pgfcoretransparency.code.tex 2013/09/30  (rcs-revision 1.5)
)
(/mn/sarpanitu/modules/packages/texlive/2015-uio/uio-texmf/texmf-dist/tex/gener
ic/pgf/basiclayer/pgfcorepatterns.code.tex
File: pgfcorepatterns.code.tex 2013/11/07  (rcs-revision 1.5)
)))
(/mn/sarpanitu/modules/packages/texlive/2015-uio/uio-texmf/texmf-dist/tex/gener
ic/pgf/modules/pgfmoduleshapes.code.tex
File: pgfmoduleshapes.code.tex 2014/03/21  (rcs-revision 1.35)
\pgfnodeparttextbox=\box36
)
(/mn/sarpanitu/modules/packages/texlive/2015-uio/uio-texmf/texmf-dist/tex/gener
ic/pgf/modules/pgfmoduleplot.code.tex
File: pgfmoduleplot.code.tex 2015/08/03  (rcs-revision 1.13)
)
(/mn/sarpanitu/modules/packages/texlive/2015-uio/uio-texmf/texmf-dist/tex/latex
/pgf/compatibility/pgfcomp-version-0-65.sty
Package: pgfcomp-version-0-65 2007/07/03 v3.0.1a (rcs-revision 1.7)
\pgf@nodesepstart=\dimen150
\pgf@nodesepend=\dimen151
)
(/mn/sarpanitu/modules/packages/texlive/2015-uio/uio-texmf/texmf-dist/tex/latex
/pgf/compatibility/pgfcomp-version-1-18.sty
Package: pgfcomp-version-1-18 2007/07/23 v3.0.1a (rcs-revision 1.1)
))
(/mn/sarpanitu/modules/packages/texlive/2015-uio/uio-texmf/texmf-dist/tex/latex
/pgf/utilities/pgffor.sty
(/mn/sarpanitu/modules/packages/texlive/2015-uio/uio-texmf/texmf-dist/tex/latex
/pgf/utilities/pgfkeys.sty
(/mn/sarpanitu/modules/packages/texlive/2015-uio/uio-texmf/texmf-dist/tex/gener
ic/pgf/utilities/pgfkeys.code.tex))
(/mn/sarpanitu/modules/packages/texlive/2015-uio/uio-texmf/texmf-dist/tex/latex
/pgf/math/pgfmath.sty
(/mn/sarpanitu/modules/packages/texlive/2015-uio/uio-texmf/texmf-dist/tex/gener
ic/pgf/math/pgfmath.code.tex))
(/mn/sarpanitu/modules/packages/texlive/2015-uio/uio-texmf/texmf-dist/tex/gener
ic/pgf/utilities/pgffor.code.tex
Package: pgffor 2013/12/13 v3.0.1a (rcs-revision 1.25)

(/mn/sarpanitu/modules/packages/texlive/2015-uio/uio-texmf/texmf-dist/tex/gener
ic/pgf/math/pgfmath.code.tex)
\pgffor@iter=\dimen152
\pgffor@skip=\dimen153
\pgffor@stack=\toks45
\pgffor@toks=\toks46
))
(/mn/sarpanitu/modules/packages/texlive/2015-uio/uio-texmf/texmf-dist/tex/gener
ic/pgf/frontendlayer/tikz/tikz.code.tex
Package: tikz 2015/08/07 v3.0.1a (rcs-revision 1.151)

(/mn/sarpanitu/modules/packages/texlive/2015-uio/uio-texmf/texmf-dist/tex/gener
ic/pgf/libraries/pgflibraryplothandlers.code.tex
File: pgflibraryplothandlers.code.tex 2013/08/31 v3.0.1a (rcs-revision 1.20)
\pgf@plot@mark@count=\count113
\pgfplotmarksize=\dimen154
)
\tikz@lastx=\dimen155
\tikz@lasty=\dimen156
\tikz@lastxsaved=\dimen157
\tikz@lastysaved=\dimen158
\tikzleveldistance=\dimen159
\tikzsiblingdistance=\dimen160
\tikz@figbox=\box37
\tikz@figbox@bg=\box38
\tikz@tempbox=\box39
\tikz@tempbox@bg=\box40
\tikztreelevel=\count114
\tikznumberofchildren=\count115
\tikznumberofcurrentchild=\count116
\tikz@fig@count=\count117

(/mn/sarpanitu/modules/packages/texlive/2015-uio/uio-texmf/texmf-dist/tex/gener
ic/pgf/modules/pgfmodulematrix.code.tex
File: pgfmodulematrix.code.tex 2013/09/17  (rcs-revision 1.8)
\pgfmatrixcurrentrow=\count118
\pgfmatrixcurrentcolumn=\count119
\pgf@matrix@numberofcolumns=\count120
)
\tikz@expandcount=\count121

(/mn/sarpanitu/modules/packages/texlive/2015-uio/uio-texmf/texmf-dist/tex/gener
ic/pgf/frontendlayer/tikz/libraries/tikzlibrarytopaths.code.tex
File: tikzlibrarytopaths.code.tex 2008/06/17 v3.0.1a (rcs-revision 1.2)
)))
(/mn/sarpanitu/modules/packages/texlive/2015-uio/uio-texmf/texmf-dist/tex/latex
/tikz-cd/tikz-cd.sty
Package: tikz-cd 2014/10/30 v0.9e Commutative diagrams with tikz

(/mn/sarpanitu/modules/packages/texlive/2015-uio/uio-texmf/texmf-dist/tex/gener
ic/tikz-cd/tikzlibrarycd.code.tex
(/mn/sarpanitu/modules/packages/texlive/2015-uio/uio-texmf/texmf-dist/tex/gener
ic/pgf/frontendlayer/tikz/libraries/tikzlibrarymatrix.code.tex
File: tikzlibrarymatrix.code.tex 2013/07/12 v3.0.1a (rcs-revision 1.4)
)
(/mn/sarpanitu/modules/packages/texlive/2015-uio/uio-texmf/texmf-dist/tex/gener
ic/pgf/frontendlayer/tikz/libraries/tikzlibraryquotes.code.tex
File: tikzlibraryquotes.code.tex 2014/03/21 v3.0.1a (rcs-revision 1.4)
)
(/mn/sarpanitu/modules/packages/texlive/2015-uio/uio-texmf/texmf-dist/tex/gener
ic/pgf/libraries/pgflibraryarrows.meta.code.tex
File: pgflibraryarrows.meta.code.tex 2015/05/13 v3.0.1a (rcs-revision 1.13)
\pgfarrowinset=\dimen161
\pgfarrowlength=\dimen162
\pgfarrowwidth=\dimen163
\pgfarrowlinewidth=\dimen164
)))
(/mn/sarpanitu/modules/packages/texlive/2015-uio/uio-texmf/texmf-dist/tex/gener
ic/pgf/frontendlayer/tikz/libraries/tikzlibrarycalc.code.tex
File: tikzlibrarycalc.code.tex 2013/07/15 v3.0.1a (rcs-revision 1.9)
)
(/mn/sarpanitu/modules/packages/texlive/2015-uio/uio-texmf/texmf-dist/tex/latex
/caption/subcaption.sty
Package: subcaption 2016/02/02 v1.1-136 Sub-captions (AR)

(/mn/sarpanitu/modules/packages/texlive/2015-uio/uio-texmf/texmf-dist/tex/latex
/caption/caption.sty
Package: caption 2016/02/02 v3.3-136 Customizing captions (AR)

(/mn/sarpanitu/modules/packages/texlive/2015-uio/uio-texmf/texmf-dist/tex/latex
/caption/caption3.sty
Package: caption3 2016/02/02 v1.7-136 caption3 kernel (AR)
Package caption3 Info: TeX engine: e-TeX on input line 57.
\captionmargin=\dimen165
\captionmargin@=\dimen166
\captionwidth=\dimen167
\caption@tempdima=\dimen168
\caption@indent=\dimen169
\caption@parindent=\dimen170
\caption@hangindent=\dimen171
)
\c@ContinuedFloat=\count122
Package caption Info: float package is loaded.
)
\c@subfigure=\count123
\c@subtable=\count124
)
(/mn/sarpanitu/modules/packages/texlive/2015-uio/uio-texmf/texmf-dist/tex/gener
ic/xypic/xy.sty
(/mn/sarpanitu/modules/packages/texlive/2015-uio/uio-texmf/texmf-dist/tex/gener
ic/xypic/xy.tex Bootstrap'ing: catcodes, docmode,
(/mn/sarpanitu/modules/packages/texlive/2015-uio/uio-texmf/texmf-dist/tex/gener
ic/xypic/xyrecat.tex)
(/mn/sarpanitu/modules/packages/texlive/2015-uio/uio-texmf/texmf-dist/tex/gener
ic/xypic/xyidioms.tex)

 Xy-pic version 3.8.9 <2013/10/06>
 Copyright (c) 1991-2013 by Kristoffer H. Rose <krisrose@tug.org> and others
 Xy-pic is free software: see the User's Guide for details.

Loading kernel: messages; fonts; allocations: state,
\X@c=\dimen172
\Y@c=\dimen173
\U@c=\dimen174
\D@c=\dimen175
\L@c=\dimen176
\R@c=\dimen177
\Edge@c=\toks47
\X@p=\dimen178
\Y@p=\dimen179
\U@p=\dimen180
\D@p=\dimen181
\L@p=\dimen182
\R@p=\dimen183
\Edge@p=\toks48
\X@origin=\dimen184
\Y@origin=\dimen185
\X@xbase=\dimen186
\Y@xbase=\dimen187
\X@ybase=\dimen188
\Y@ybase=\dimen189
\X@min=\dimen190
\Y@min=\dimen191
\X@max=\dimen192
\Y@max=\dimen193
\lastobjectbox@=\box41
\zerodotbox@=\box42
\almostz@=\dimen194
 direction,
\d@X=\dimen195
\d@Y=\dimen196
\K@=\count125
\KK@=\count126
\Direction=\count127
\K@dXdY=\dimen197
\K@dYdX=\dimen198
\xyread@=\read2
\xywrite@=\write4
\csp@=\count128
\quotPTK@=\dimen199

utility macros; pictures: \xy, positions,
\swaptoks@@=\toks49
\connectobjectbox@@=\box43
 objects,
\styletoks@=\toks50
 decorations;
kernel objects: directionals, circles, text; options; algorithms: directions,
edges, connections;  Xy-pic loaded)
(/mn/sarpanitu/modules/packages/texlive/2015-uio/uio-texmf/texmf-dist/tex/gener
ic/oberdiek/ifpdf.sty
Package: ifpdf 2011/01/30 v2.3 Provides the ifpdf switch (HO)
Package ifpdf Info: pdfTeX in PDF mode is detected.
)
Package: xy 2013/10/06 Xy-pic version 3.8.9

(/mn/sarpanitu/modules/packages/texlive/2015-uio/uio-texmf/texmf-dist/tex/gener
ic/xypic/xyall.tex  Xy-pic option: All features v.3.8
(/mn/sarpanitu/modules/packages/texlive/2015-uio/uio-texmf/texmf-dist/tex/gener
ic/xypic/xycurve.tex  Xy-pic option: Curve and Spline extension v.3.12 curve,
\crv@cnt@=\count129
\crvpts@=\toks51
\splinebox@=\box44
\splineval@=\dimen256
\splinedepth@=\dimen257
\splinetol@=\dimen258
\splinelength@=\dimen259

circles,
\L@=\dimen260
 loaded)
(/mn/sarpanitu/modules/packages/texlive/2015-uio/uio-texmf/texmf-dist/tex/gener
ic/xypic/xyframe.tex  Xy-pic option: Frame and Bracket extension v.3.14 loaded)

(/mn/sarpanitu/modules/packages/texlive/2015-uio/uio-texmf/texmf-dist/tex/gener
ic/xypic/xycmtip.tex  Xy-pic option: Computer Modern tip extension v.3.7
(/mn/sarpanitu/modules/packages/texlive/2015-uio/uio-texmf/texmf-dist/tex/gener
ic/xypic/xytips.tex  Xy-pic option: More Tips extension v.3.11 loaded) loaded)
(/mn/sarpanitu/modules/packages/texlive/2015-uio/uio-texmf/texmf-dist/tex/gener
ic/xypic/xyline.tex  Xy-pic option: Line styles extension v.3.10
\xylinethick@=\dimen261
 loaded)
(/mn/sarpanitu/modules/packages/texlive/2015-uio/uio-texmf/texmf-dist/tex/gener
ic/xypic/xyrotate.tex  Xy-pic option: Rotate and Scale extension v.3.8 loaded)
(/mn/sarpanitu/modules/packages/texlive/2015-uio/uio-texmf/texmf-dist/tex/gener
ic/xypic/xycolor.tex  Xy-pic option: Colour extension v.3.11 loaded)
(/mn/sarpanitu/modules/packages/texlive/2015-uio/uio-texmf/texmf-dist/tex/gener
ic/xypic/xymatrix.tex  Xy-pic option: Matrix feature v.3.14
\Row=\count130
\Col=\count131
\queue@=\toks52
\queue@@=\toks53
\qcount@=\count132
\qcount@@=\count133
\matrixsize@=\count134
 loaded)
(/mn/sarpanitu/modules/packages/texlive/2015-uio/uio-texmf/texmf-dist/tex/gener
ic/xypic/xyarrow.tex  Xy-pic option: Arrow and Path feature v.3.9 path, \ar,
loaded)
(/mn/sarpanitu/modules/packages/texlive/2015-uio/uio-texmf/texmf-dist/tex/gener
ic/xypic/xygraph.tex  Xy-pic option: Graph feature v.3.11 loaded) loaded)
(/mn/sarpanitu/modules/packages/texlive/2015-uio/uio-texmf/texmf-dist/tex/gener
ic/xypic/xypdf.tex  Xy-pic option: PDF driver v.1.7
Xy-pic pdf driver: `color' extension support
(/mn/sarpanitu/modules/packages/texlive/2015-uio/uio-texmf/texmf-dist/tex/gener
ic/xypic/xypdf-co.tex loaded) Xy-pic pdf driver: `curve' extension support
(/mn/sarpanitu/modules/packages/texlive/2015-uio/uio-texmf/texmf-dist/tex/gener
ic/xypic/xypdf-cu.tex loaded) Xy-pic pdf driver: `frame' extension support
(/mn/sarpanitu/modules/packages/texlive/2015-uio/uio-texmf/texmf-dist/tex/gener
ic/xypic/xypdf-fr.tex loaded) Xy-pic pdf driver: `line' extension support
(/mn/sarpanitu/modules/packages/texlive/2015-uio/uio-texmf/texmf-dist/tex/gener
ic/xypic/xypdf-li.tex loaded) Xy-pic pdf driver: `rotate' extension support
(/mn/sarpanitu/modules/packages/texlive/2015-uio/uio-texmf/texmf-dist/tex/gener
ic/xypic/xypdf-ro.tex loaded) loaded))
(/mn/sarpanitu/modules/packages/texlive/2015-uio/uio-texmf/texmf-dist/tex/latex
/wrapfig/wrapfig.sty
\wrapoverhang=\dimen262
\WF@size=\dimen263
\c@WF@wrappedlines=\count135
\WF@box=\box45
\WF@everypar=\toks54
Package: wrapfig 2003/01/31  v 3.6
)
(/mn/sarpanitu/modules/packages/texlive/2015-uio/uio-texmf/texmf-dist/tex/latex
/hyperref/hyperref.sty
Package: hyperref 2012/11/06 v6.83m Hypertext links for LaTeX

(/mn/sarpanitu/modules/packages/texlive/2015-uio/uio-texmf/texmf-dist/tex/gener
ic/oberdiek/hobsub-hyperref.sty
Package: hobsub-hyperref 2012/05/28 v1.13 Bundle oberdiek, subset hyperref (HO)


(/mn/sarpanitu/modules/packages/texlive/2015-uio/uio-texmf/texmf-dist/tex/gener
ic/oberdiek/hobsub-generic.sty
Package: hobsub-generic 2012/05/28 v1.13 Bundle oberdiek, subset generic (HO)
Package: hobsub 2012/05/28 v1.13 Construct package bundles (HO)
Package hobsub Info: Skipping package `infwarerr' (already loaded).
Package hobsub Info: Skipping package `ltxcmds' (already loaded).
Package hobsub Info: Skipping package `ifluatex' (already loaded).
Package: ifvtex 2010/03/01 v1.5 Detect VTeX and its facilities (HO)
Package ifvtex Info: VTeX not detected.
Package: intcalc 2007/09/27 v1.1 Expandable calculations with integers (HO)
Package hobsub Info: Skipping package `ifpdf' (already loaded).
Package hobsub Info: Skipping package `etexcmds' (already loaded).
Package hobsub Info: Skipping package `kvsetkeys' (already loaded).
Package: kvdefinekeys 2011/04/07 v1.3 Define keys (HO)
Package: pdftexcmds 2011/11/29 v0.20 Utility functions of pdfTeX for LuaTeX (HO
)
Package pdftexcmds Info: LuaTeX not detected.
Package pdftexcmds Info: \pdf@primitive is available.
Package pdftexcmds Info: \pdf@ifprimitive is available.
Package pdftexcmds Info: \pdfdraftmode found.
Package: pdfescape 2011/11/25 v1.13 Implements pdfTeX's escape features (HO)
Package: bigintcalc 2012/04/08 v1.3 Expandable calculations on big integers (HO
)
Package: bitset 2011/01/30 v1.1 Handle bit-vector datatype (HO)
Package: uniquecounter 2011/01/30 v1.2 Provide unlimited unique counter (HO)
)
Package hobsub Info: Skipping package `hobsub' (already loaded).
Package: letltxmacro 2010/09/02 v1.4 Let assignment for LaTeX macros (HO)
Package: hopatch 2012/05/28 v1.2 Wrapper for package hooks (HO)
Package: xcolor-patch 2011/01/30 xcolor patch
Package: atveryend 2011/06/30 v1.8 Hooks at the very end of document (HO)
Package atveryend Info: \enddocument detected (standard20110627).
Package: atbegshi 2011/10/05 v1.16 At begin shipout hook (HO)
Package: refcount 2011/10/16 v3.4 Data extraction from label references (HO)
Package: hycolor 2011/01/30 v1.7 Color options for hyperref/bookmark (HO)
)
(/mn/sarpanitu/modules/packages/texlive/2015-uio/uio-texmf/texmf-dist/tex/gener
ic/ifxetex/ifxetex.sty
Package: ifxetex 2010/09/12 v0.6 Provides ifxetex conditional
)
(/mn/sarpanitu/modules/packages/texlive/2015-uio/uio-texmf/texmf-dist/tex/latex
/oberdiek/auxhook.sty
Package: auxhook 2011/03/04 v1.3 Hooks for auxiliary files (HO)
)
(/mn/sarpanitu/modules/packages/texlive/2015-uio/uio-texmf/texmf-dist/tex/latex
/oberdiek/kvoptions.sty
Package: kvoptions 2011/06/30 v3.11 Key value format for package options (HO)
)
\@linkdim=\dimen264
\Hy@linkcounter=\count136
\Hy@pagecounter=\count137

(/mn/sarpanitu/modules/packages/texlive/2015-uio/uio-texmf/texmf-dist/tex/latex
/hyperref/pd1enc.def
File: pd1enc.def 2012/11/06 v6.83m Hyperref: PDFDocEncoding definition (HO)
Now handling font encoding PD1 ...
... no UTF-8 mapping file for font encoding PD1
)
\Hy@SavedSpaceFactor=\count138

(/mn/sarpanitu/modules/packages/texlive/2015-uio/uio-texmf/texmf-dist/tex/latex
/latexconfig/hyperref.cfg
File: hyperref.cfg 2002/06/06 v1.2 hyperref configuration of TeXLive
)
Package hyperref Info: Hyper figures OFF on input line 4443.
Package hyperref Info: Link nesting OFF on input line 4448.
Package hyperref Info: Hyper index ON on input line 4451.
Package hyperref Info: Plain pages OFF on input line 4458.
Package hyperref Info: Backreferencing OFF on input line 4463.
Package hyperref Info: Implicit mode ON; LaTeX internals redefined.
Package hyperref Info: Bookmarks ON on input line 4688.
\c@Hy@tempcnt=\count139
LaTeX Info: Redefining \url on input line 5041.
\XeTeXLinkMargin=\dimen265
\Fld@menulength=\count140
\Field@Width=\dimen266
\Fld@charsize=\dimen267
Package hyperref Info: Hyper figures OFF on input line 6295.
Package hyperref Info: Link nesting OFF on input line 6300.
Package hyperref Info: Hyper index ON on input line 6303.
Package hyperref Info: backreferencing OFF on input line 6310.
Package hyperref Info: Link coloring OFF on input line 6315.
Package hyperref Info: Link coloring with OCG OFF on input line 6320.
Package hyperref Info: PDF/A mode OFF on input line 6325.
LaTeX Info: Redefining \ref on input line 6365.
LaTeX Info: Redefining \pageref on input line 6369.
\Hy@abspage=\count141
\c@Item=\count142
\c@Hfootnote=\count143
)

Package hyperref Message: Driver (autodetected): hpdftex.


(/mn/sarpanitu/modules/packages/texlive/2015-uio/uio-texmf/texmf-dist/tex/latex
/hyperref/hpdftex.def
File: hpdftex.def 2012/11/06 v6.83m Hyperref driver for pdfTeX
\Fld@listcount=\count144
\c@bookmark@seq@number=\count145

(/mn/sarpanitu/modules/packages/texlive/2015-uio/uio-texmf/texmf-dist/tex/latex
/oberdiek/rerunfilecheck.sty
Package: rerunfilecheck 2011/04/15 v1.7 Rerun checks for auxiliary files (HO)
Package uniquecounter Info: New unique counter `rerunfilecheck' on input line 2
82.
)
\Hy@SectionHShift=\skip49
) (./mystyle.sty
\c@thm=\count146
\c@oppg=\count147
\c@losn=\count148
\c@exc=\count149
\c@sol=\count150
LaTeX Info: Redefining \dP6 on input line 189.
) (./smaanotater.aux)
\openout1 = `smaanotater.aux'.

LaTeX Font Info:    Checking defaults for OML/cmm/m/it on input line 26.
LaTeX Font Info:    ... okay on input line 26.
LaTeX Font Info:    Checking defaults for T1/cmr/m/n on input line 26.
LaTeX Font Info:    ... okay on input line 26.
LaTeX Font Info:    Checking defaults for OT1/cmr/m/n on input line 26.
LaTeX Font Info:    ... okay on input line 26.
LaTeX Font Info:    Checking defaults for OMS/cmsy/m/n on input line 26.
LaTeX Font Info:    ... okay on input line 26.
LaTeX Font Info:    Checking defaults for OMX/cmex/m/n on input line 26.
LaTeX Font Info:    ... okay on input line 26.
LaTeX Font Info:    Checking defaults for U/cmr/m/n on input line 26.
LaTeX Font Info:    ... okay on input line 26.
LaTeX Font Info:    Checking defaults for PD1/pdf/m/n on input line 26.
LaTeX Font Info:    ... okay on input line 26.

ABD: EveryShipout initializing macros
(/mn/sarpanitu/modules/packages/texlive/2015-uio/uio-texmf/texmf-dist/tex/conte
xt/base/supp-pdf.mkii
[Loading MPS to PDF converter (version 2006.09.02).]
\scratchcounter=\count151
\scratchdimen=\dimen268
\scratchbox=\box46
\nofMPsegments=\count152
\nofMParguments=\count153
\everyMPshowfont=\toks55
\MPscratchCnt=\count154
\MPscratchDim=\dimen269
\MPnumerator=\count155
\makeMPintoPDFobject=\count156
\everyMPtoPDFconversion=\toks56
)
(/mn/sarpanitu/modules/packages/texlive/2015-uio/uio-texmf/texmf-dist/tex/latex
/oberdiek/epstopdf-base.sty
Package: epstopdf-base 2010/02/09 v2.5 Base part for package epstopdf

(/mn/sarpanitu/modules/packages/texlive/2015-uio/uio-texmf/texmf-dist/tex/latex
/oberdiek/grfext.sty
Package: grfext 2010/08/19 v1.1 Manage graphics extensions (HO)
)
Package grfext Info: Graphics extension search list:
(grfext)             [.png,.pdf,.jpg,.mps,.jpeg,.jbig2,.jb2,.PNG,.PDF,.JPG,.JPE
G,.JBIG2,.JB2,.eps]
(grfext)             \AppendGraphicsExtensions on input line 452.

(/mn/sarpanitu/modules/packages/texlive/2015-uio/uio-texmf/texmf-dist/tex/latex
/latexconfig/epstopdf-sys.cfg
File: epstopdf-sys.cfg 2010/07/13 v1.3 Configuration of (r)epstopdf for TeX Liv
e
))
Package caption Info: Begin \AtBeginDocument code.
Package caption Info: hyperref package is loaded.
Package caption Info: wrapfig package is loaded.
Package caption Info: End \AtBeginDocument code.
LaTeX Font Info:    Try loading font information for U+msa on input line 26.

(/mn/sarpanitu/modules/packages/texlive/2015-uio/uio-texmf/texmf-dist/tex/latex
/amsfonts/umsa.fd
File: umsa.fd 2013/01/14 v3.01 AMS symbols A
)
LaTeX Font Info:    Try loading font information for U+msb on input line 26.

(/mn/sarpanitu/modules/packages/texlive/2015-uio/uio-texmf/texmf-dist/tex/latex
/amsfonts/umsb.fd
File: umsb.fd 2013/01/14 v3.01 AMS symbols B
)
LaTeX Font Info:    Try loading font information for U+rsfs on input line 26.

(/mn/sarpanitu/modules/packages/texlive/2015-uio/uio-texmf/texmf-dist/tex/latex
/jknapltx/ursfs.fd
File: ursfs.fd 1998/03/24 rsfs font definition file (jk)
)
Package xypdf Info: Line width: 0.43799pt on input line 26.
\AtBeginShipoutBox=\box47
Package hyperref Info: Link coloring OFF on input line 26.

(/mn/sarpanitu/modules/packages/texlive/2015-uio/uio-texmf/texmf-dist/tex/latex
/hyperref/nameref.sty
Package: nameref 2012/10/27 v2.43 Cross-referencing by name of section

(/mn/sarpanitu/modules/packages/texlive/2015-uio/uio-texmf/texmf-dist/tex/gener
ic/oberdiek/gettitlestring.sty
Package: gettitlestring 2010/12/03 v1.4 Cleanup title references (HO)
)
\c@section@level=\count157
)
LaTeX Info: Redefining \ref on input line 26.
LaTeX Info: Redefining \pageref on input line 26.
LaTeX Info: Redefining \nameref on input line 26.
 (./smaanotater.out) (./smaanotater.out)
\@outlinefile=\write5
\openout5 = `smaanotater.out'.



Package hyperref Warning: Token not allowed in a PDF string (PDFDocEncoding):
(hyperref)                removing `math shift' on input line 31.


Package hyperref Warning: Token not allowed in a PDF string (PDFDocEncoding):
(hyperref)                removing `superscript' on input line 31.


Package hyperref Warning: Token not allowed in a PDF string (PDFDocEncoding):
(hyperref)                removing `math shift' on input line 31.


Overfull \hbox (0.72635pt too wide) in paragraph at lines 39--40
[]\T1/cmr/m/n/10.95 Det fin-nes ogs and-re m-ter  se det-te p, ek-sem-pel-v
is slik Mike Eastwood
 []

[1

{/mn/sarpanitu/modules/packages/texlive/2015-uio/uio-texmf/texmf-var/fonts/map/
pdftex/updmap/pdftex.map}]

Package hyperref Warning: Token not allowed in a PDF string (PDFDocEncoding):
(hyperref)                removing `math shift' on input line 72.


Package hyperref Warning: Token not allowed in a PDF string (PDFDocEncoding):
(hyperref)                removing `superscript' on input line 72.


Package hyperref Warning: Token not allowed in a PDF string (PDFDocEncoding):
(hyperref)                removing `math shift' on input line 72.

[2]
Overfull \hbox (19.5482pt too wide) in paragraph at lines 84--85
[]\T1/cmr/m/n/10.95 Vi har at den ho-mo-ge-ne ko-or-di-na-trin-gen til $\OML/cm
m/m/it/10.95 X$ \T1/cmr/m/n/10.95 er gitt ved $\OML/cmm/m/it/10.95 S \OT1/cmr/m
/n/10.95 = \OML/cmm/m/it/10.95 k\OT1/cmr/m/n/10.95 [\OML/cmm/m/it/10.95 x; y; z
; u\OT1/cmr/m/n/10.95 ]\OML/cmm/m/it/10.95 =\OT1/cmr/m/n/10.95 (\OML/cmm/m/it/1
0.95 f \OMS/cmsy/m/n/10.95 ^^@
 []


Package hyperref Warning: Token not allowed in a PDF string (PDFDocEncoding):
(hyperref)                removing `math shift' on input line 92.


Package hyperref Warning: Token not allowed in a PDF string (PDFDocEncoding):
(hyperref)                removing `subscript' on input line 92.


Package hyperref Warning: Token not allowed in a PDF string (PDFDocEncoding):
(hyperref)                removing `math shift' on input line 92.

<xymatrix 2x2 130> [3] [4]

Package hyperref Warning: Token not allowed in a PDF string (PDFDocEncoding):
(hyperref)                removing `math shift' on input line 179.


Package hyperref Warning: Token not allowed in a PDF string (PDFDocEncoding):
(hyperref)                removing `superscript' on input line 179.


Package hyperref Warning: Token not allowed in a PDF string (PDFDocEncoding):
(hyperref)                removing `\rmap' on input line 179.


Package hyperref Warning: Token not allowed in a PDF string (PDFDocEncoding):
(hyperref)                removing `superscript' on input line 179.


Package hyperref Warning: Token not allowed in a PDF string (PDFDocEncoding):
(hyperref)                removing `\times' on input line 179.


Package hyperref Warning: Token not allowed in a PDF string (PDFDocEncoding):
(hyperref)                removing `superscript' on input line 179.


Package hyperref Warning: Token not allowed in a PDF string (PDFDocEncoding):
(hyperref)                removing `math shift' on input line 179.

[5] [6]
Package atveryend Info: Empty hook `BeforeClearDocument' on input line 199.
Package atveryend Info: Empty hook `AfterLastShipout' on input line 199.
 (./smaanotater.aux)
Package atveryend Info: Executing hook `AtVeryEndDocument' on input line 199.
Package atveryend Info: Executing hook `AtEndAfterFileList' on input line 199.
Package rerunfilecheck Info: File `smaanotater.out' has not changed.
(rerunfilecheck)             Checksum: B99187758E14C4B0EFAF9DF8A2376812;636.
Package atveryend Info: Empty hook `AtVeryVeryEnd' on input line 199.
 ) 
Here is how much of TeX's memory you used:
 22323 strings out of 493033
 415214 string characters out of 6121489
 518661 words of memory out of 5000000
 25380 multiletter control sequences out of 15000+600000
 15018 words of font info for 55 fonts, out of 8000000 for 9000
 1141 hyphenation exceptions out of 8191
 56i,14n,82p,3260b,640s stack positions out of 5000i,500n,10000p,200000b,80000s
{/mn/sarpanitu/modules/packages/texlive/2015-uio/uio-texmf/texmf-dist/fonts/e
nc/dvips/cm-super/cm-super-t1.enc}</mn/sarpanitu/modules/packages/texlive/2015-
uio/uio-texmf/texmf-dist/fonts/type1/public/amsfonts/cm/cmex10.pfb></mn/sarpani
tu/modules/packages/texlive/2015-uio/uio-texmf/texmf-dist/fonts/type1/public/am
sfonts/cmextra/cmex8.pfb></mn/sarpanitu/modules/packages/texlive/2015-uio/uio-t
exmf/texmf-dist/fonts/type1/public/amsfonts/cm/cmmi10.pfb></mn/sarpanitu/module
s/packages/texlive/2015-uio/uio-texmf/texmf-dist/fonts/type1/public/amsfonts/cm
/cmmi12.pfb></mn/sarpanitu/modules/packages/texlive/2015-uio/uio-texmf/texmf-di
st/fonts/type1/public/amsfonts/cm/cmmi6.pfb></mn/sarpanitu/modules/packages/tex
live/2015-uio/uio-texmf/texmf-dist/fonts/type1/public/amsfonts/cm/cmmi8.pfb></m
n/sarpanitu/modules/packages/texlive/2015-uio/uio-texmf/texmf-dist/fonts/type1/
public/amsfonts/cm/cmr10.pfb></mn/sarpanitu/modules/packages/texlive/2015-uio/u
io-texmf/texmf-dist/fonts/type1/public/amsfonts/cm/cmr6.pfb></mn/sarpanitu/modu
les/packages/texlive/2015-uio/uio-texmf/texmf-dist/fonts/type1/public/amsfonts/
cm/cmr8.pfb></mn/sarpanitu/modules/packages/texlive/2015-uio/uio-texmf/texmf-di
st/fonts/type1/public/amsfonts/cm/cmsy10.pfb></mn/sarpanitu/modules/packages/te
xlive/2015-uio/uio-texmf/texmf-dist/fonts/type1/public/amsfonts/cm/cmsy8.pfb></
mn/sarpanitu/modules/packages/texlive/2015-uio/uio-texmf/texmf-dist/fonts/type1
/public/amsfonts/symbols/msbm10.pfb></mn/sarpanitu/modules/packages/texlive/201
5-uio/uio-texmf/texmf-dist/fonts/type1/public/rsfs/rsfs10.pfb></mn/sarpanitu/mo
dules/packages/texlive/2015-uio/uio-texmf/texmf-dist/fonts/type1/public/cm-supe
r/sfbx1200.pfb></mn/sarpanitu/modules/packages/texlive/2015-uio/uio-texmf/texmf
-dist/fonts/type1/public/cm-super/sfrm1095.pfb></mn/sarpanitu/modules/packages/
texlive/2015-uio/uio-texmf/texmf-dist/fonts/type1/public/cm-super/sfrm1200.pfb>
</mn/sarpanitu/modules/packages/texlive/2015-uio/uio-texmf/texmf-dist/fonts/typ
e1/public/cm-super/sfrm1728.pfb></mn/sarpanitu/modules/packages/texlive/2015-ui
o/uio-texmf/texmf-dist/fonts/type1/public/xypic/xyatip10.pfb></mn/sarpanitu/mod
ules/packages/texlive/2015-uio/uio-texmf/texmf-dist/fonts/type1/public/xypic/xy
btip10.pfb>
Output written on smaanotater.pdf (6 pages, 199867 bytes).
PDF statistics:
 154 PDF objects out of 1000 (max. 8388607)
 125 compressed objects within 2 object streams
 16 named destinations out of 1000 (max. 500000)
 85 words of extra memory for PDF output out of 10000 (max. 10000000)

