This is pdfTeX, Version 3.1415926-2.5-1.40.14 (TeX Live 2013) (format=pdflatex 2013.10.31)  4 MAY 2016 18:21
entering extended mode
 restricted \write18 enabled.
 %&-line parsing enabled.
**thesis.tex
(./thesis.tex
LaTeX2e <2011/06/27>
Babel <3.9g> and hyphenation patterns for 78 languages loaded.
(./uiophd.cls
Document Class: uiophd 2015/09/23 v 1.03e UiO document class

(/mn/anatu/modules/opt/texlive/2013-uio/uio-texmf/texmf-dist/tex/generic/babel/
babel.sty
Package: babel 2013/10/10 3.9g The Babel package

(/mn/anatu/modules/opt/texlive/2013-uio/uio-texmf/texmf-dist/tex/generic/babel-
english/english.ldf
Language: english 2012/08/20 v3.3p English support from the babel system

(/mn/anatu/modules/opt/texlive/2013-uio/uio-texmf/texmf-dist/tex/generic/babel/
babel.def
File: babel.def 2013/10/10 3.9g Babel common definitions
\babel@savecnt=\count79
\U@D=\dimen102
)
\l@canadian = a dialect from \language\l@american 
\l@australian = a dialect from \language\l@british 
\l@newzealand = a dialect from \language\l@british 
))
(/mn/anatu/modules/opt/texlive/2013-uio/uio-texmf/texmf-dist/tex/latex/emptypag
e/emptypage.sty
Package: emptypage 2010/05/30 v1.2 Suppress page numbers and headings on empty 
pages
)
(/mn/anatu/modules/opt/texlive/2013-uio/uio-texmf/texmf-dist/tex/latex/base/fon
tenc.sty
Package: fontenc 2005/09/27 v1.99g Standard LaTeX package

(/mn/anatu/modules/opt/texlive/2013-uio/uio-texmf/texmf-dist/tex/latex/base/t1e
nc.def
File: t1enc.def 2005/09/27 v1.99g Standard LaTeX file
LaTeX Font Info:    Redeclaring font encoding T1 on input line 43.
))
(/mn/anatu/modules/opt/texlive/2013-uio/uio-texmf/texmf-dist/tex/latex/geometry
/geometry.sty
Package: geometry 2010/09/12 v5.6 Page Geometry

(/mn/anatu/modules/opt/texlive/2013-uio/uio-texmf/texmf-dist/tex/latex/graphics
/keyval.sty
Package: keyval 1999/03/16 v1.13 key=value parser (DPC)
\KV@toks@=\toks14
)
(/mn/anatu/modules/opt/texlive/2013-uio/uio-texmf/texmf-dist/tex/generic/oberdi
ek/ifpdf.sty
Package: ifpdf 2011/01/30 v2.3 Provides the ifpdf switch (HO)
Package ifpdf Info: pdfTeX in PDF mode is detected.
)
(/mn/anatu/modules/opt/texlive/2013-uio/uio-texmf/texmf-dist/tex/generic/oberdi
ek/ifvtex.sty
Package: ifvtex 2010/03/01 v1.5 Detect VTeX and its facilities (HO)
Package ifvtex Info: VTeX not detected.
)
(/mn/anatu/modules/opt/texlive/2013-uio/uio-texmf/texmf-dist/tex/generic/ifxete
x/ifxetex.sty
Package: ifxetex 2010/09/12 v0.6 Provides ifxetex conditional
)
\Gm@cnth=\count80
\Gm@cntv=\count81
\c@Gm@tempcnt=\count82
\Gm@bindingoffset=\dimen103
\Gm@wd@mp=\dimen104
\Gm@odd@mp=\dimen105
\Gm@even@mp=\dimen106
\Gm@layoutwidth=\dimen107
\Gm@layoutheight=\dimen108
\Gm@layouthoffset=\dimen109
\Gm@layoutvoffset=\dimen110
\Gm@dimlist=\toks15
)
(/mn/anatu/modules/opt/texlive/2013-uio/uio-texmf/texmf-dist/tex/latex/setspace
/setspace.sty
Package: setspace 2011/12/19 v6.7a set line spacing
)
(/mn/anatu/modules/opt/texlive/2013-uio/uio-texmf/texmf-dist/tex/latex/base/rep
ort.cls
Document Class: report 2007/10/19 v1.4h Standard LaTeX document class

(/mn/anatu/modules/opt/texlive/2013-uio/uio-texmf/texmf-dist/tex/latex/base/siz
e12.clo
File: size12.clo 2007/10/19 v1.4h Standard LaTeX file (size option)
)
\c@part=\count83
\c@chapter=\count84
\c@section=\count85
\c@subsection=\count86
\c@subsubsection=\count87
\c@paragraph=\count88
\c@subparagraph=\count89
\c@figure=\count90
\c@table=\count91
\abovecaptionskip=\skip41
\belowcaptionskip=\skip42
\bibindent=\dimen111
)
(/mn/anatu/modules/opt/texlive/2013-uio/uio-texmf/texmf-dist/tex/latex/base/tex
tcomp.sty
Package: textcomp 2005/09/27 v1.99g Standard LaTeX package
Package textcomp Info: Sub-encoding information:
(textcomp)               5 = only ISO-Adobe without \textcurrency
(textcomp)               4 = 5 + \texteuro
(textcomp)               3 = 4 + \textohm
(textcomp)               2 = 3 + \textestimated + \textcurrency
(textcomp)               1 = TS1 - \textcircled - \t
(textcomp)               0 = TS1 (full)
(textcomp)             Font families with sub-encoding setting implement
(textcomp)             only a restricted character set as indicated.
(textcomp)             Family '?' is the default used for unknown fonts.
(textcomp)             See the documentation for details.
Package textcomp Info: Setting ? sub-encoding to TS1/1 on input line 71.
Package textcomp Info: Changing ? sub-encoding to TS1/0 on input line 72.

(/mn/anatu/modules/opt/texlive/2013-uio/uio-texmf/texmf-dist/tex/latex/base/ts1
enc.def
File: ts1enc.def 2001/06/05 v3.0e (jk/car/fm) Standard LaTeX file
)
LaTeX Info: Redefining \oldstylenums on input line 266.
Package textcomp Info: Setting cmr sub-encoding to TS1/0 on input line 281.
Package textcomp Info: Setting cmss sub-encoding to TS1/0 on input line 282.
Package textcomp Info: Setting cmtt sub-encoding to TS1/0 on input line 283.
Package textcomp Info: Setting cmvtt sub-encoding to TS1/0 on input line 284.
Package textcomp Info: Setting cmbr sub-encoding to TS1/0 on input line 285.
Package textcomp Info: Setting cmtl sub-encoding to TS1/0 on input line 286.
Package textcomp Info: Setting ccr sub-encoding to TS1/0 on input line 287.
Package textcomp Info: Setting ptm sub-encoding to TS1/4 on input line 288.
Package textcomp Info: Setting pcr sub-encoding to TS1/4 on input line 289.
Package textcomp Info: Setting phv sub-encoding to TS1/4 on input line 290.
Package textcomp Info: Setting ppl sub-encoding to TS1/3 on input line 291.
Package textcomp Info: Setting pag sub-encoding to TS1/4 on input line 292.
Package textcomp Info: Setting pbk sub-encoding to TS1/4 on input line 293.
Package textcomp Info: Setting pnc sub-encoding to TS1/4 on input line 294.
Package textcomp Info: Setting pzc sub-encoding to TS1/4 on input line 295.
Package textcomp Info: Setting bch sub-encoding to TS1/4 on input line 296.
Package textcomp Info: Setting put sub-encoding to TS1/5 on input line 297.
Package textcomp Info: Setting uag sub-encoding to TS1/5 on input line 298.
Package textcomp Info: Setting ugq sub-encoding to TS1/5 on input line 299.
Package textcomp Info: Setting ul8 sub-encoding to TS1/4 on input line 300.
Package textcomp Info: Setting ul9 sub-encoding to TS1/4 on input line 301.
Package textcomp Info: Setting augie sub-encoding to TS1/5 on input line 302.
Package textcomp Info: Setting dayrom sub-encoding to TS1/3 on input line 303.
Package textcomp Info: Setting dayroms sub-encoding to TS1/3 on input line 304.

Package textcomp Info: Setting pxr sub-encoding to TS1/0 on input line 305.
Package textcomp Info: Setting pxss sub-encoding to TS1/0 on input line 306.
Package textcomp Info: Setting pxtt sub-encoding to TS1/0 on input line 307.
Package textcomp Info: Setting txr sub-encoding to TS1/0 on input line 308.
Package textcomp Info: Setting txss sub-encoding to TS1/0 on input line 309.
Package textcomp Info: Setting txtt sub-encoding to TS1/0 on input line 310.
Package textcomp Info: Setting lmr sub-encoding to TS1/0 on input line 311.
Package textcomp Info: Setting lmdh sub-encoding to TS1/0 on input line 312.
Package textcomp Info: Setting lmss sub-encoding to TS1/0 on input line 313.
Package textcomp Info: Setting lmssq sub-encoding to TS1/0 on input line 314.
Package textcomp Info: Setting lmvtt sub-encoding to TS1/0 on input line 315.
Package textcomp Info: Setting qhv sub-encoding to TS1/0 on input line 316.
Package textcomp Info: Setting qag sub-encoding to TS1/0 on input line 317.
Package textcomp Info: Setting qbk sub-encoding to TS1/0 on input line 318.
Package textcomp Info: Setting qcr sub-encoding to TS1/0 on input line 319.
Package textcomp Info: Setting qcs sub-encoding to TS1/0 on input line 320.
Package textcomp Info: Setting qpl sub-encoding to TS1/0 on input line 321.
Package textcomp Info: Setting qtm sub-encoding to TS1/0 on input line 322.
Package textcomp Info: Setting qzc sub-encoding to TS1/0 on input line 323.
Package textcomp Info: Setting qhvc sub-encoding to TS1/0 on input line 324.
Package textcomp Info: Setting futs sub-encoding to TS1/4 on input line 325.
Package textcomp Info: Setting futx sub-encoding to TS1/4 on input line 326.
Package textcomp Info: Setting futj sub-encoding to TS1/4 on input line 327.
Package textcomp Info: Setting hlh sub-encoding to TS1/3 on input line 328.
Package textcomp Info: Setting hls sub-encoding to TS1/3 on input line 329.
Package textcomp Info: Setting hlst sub-encoding to TS1/3 on input line 330.
Package textcomp Info: Setting hlct sub-encoding to TS1/5 on input line 331.
Package textcomp Info: Setting hlx sub-encoding to TS1/5 on input line 332.
Package textcomp Info: Setting hlce sub-encoding to TS1/5 on input line 333.
Package textcomp Info: Setting hlcn sub-encoding to TS1/5 on input line 334.
Package textcomp Info: Setting hlcw sub-encoding to TS1/5 on input line 335.
Package textcomp Info: Setting hlcf sub-encoding to TS1/5 on input line 336.
Package textcomp Info: Setting pplx sub-encoding to TS1/3 on input line 337.
Package textcomp Info: Setting pplj sub-encoding to TS1/3 on input line 338.
Package textcomp Info: Setting ptmx sub-encoding to TS1/4 on input line 339.
Package textcomp Info: Setting ptmj sub-encoding to TS1/4 on input line 340.
)
(/mn/anatu/modules/opt/texlive/2013-uio/uio-texmf/texmf-dist/tex/latex/mathdesi
gn/mathdesign.sty
Package: mathdesign 2013/08/29 v2.31 Math Design Project

(/mn/anatu/modules/opt/texlive/2013-uio/uio-texmf/texmf-dist/tex/latex/base/ift
hen.sty
Package: ifthen 2001/05/26 v1.1c Standard LaTeX ifthen package (DPC)
)
(/mn/anatu/modules/opt/texlive/2013-uio/uio-texmf/texmf-dist/tex/latex/mathdesi
gn/mdugm/mdugm.cfg)
(/mn/anatu/modules/opt/texlive/2013-uio/uio-texmf/texmf-dist/tex/latex/mathdesi
gn/mdugm/mdugm.sty
Package: mdugm 2013/08/29 v2.31 urw garamondno8 + mdugm (Math Design Project)

(/mn/anatu/modules/opt/texlive/2013-uio/uio-texmf/texmf-dist/tex/latex/mathdesi
gn/mdfont.def
File: mdfont.def 2013/08/29 v2.31 (Math Design Project)
)
(/mn/anatu/modules/opt/texlive/2013-uio/uio-texmf/texmf-dist/tex/latex/mathdesi
gn/mdsffont.def
File: mdsffont.def 2013/08/29 v2.31 (Math Design Project)
)
(/mn/anatu/modules/opt/texlive/2013-uio/uio-texmf/texmf-dist/tex/latex/mathdesi
gn/mdttfont.def
File: mdttfont.def 2013/08/29 v2.31 (Math Design Project)
)
\symmdcal=\mathgroup4
LaTeX Font Info:    Overwriting symbol font `mdcal' in version `bold'
(Font)                  OMS/mdugm/m/n --> OMS/mdugm/b/n on input line 97.
\symmdscr=\mathgroup5
LaTeX Font Info:    Overwriting symbol font `mdscr' in version `bold'
(Font)                  OMS/mdugm/m/n --> OMS/mdugm/b/n on input line 103.
LaTeX Font Info:    Overwriting math alphabet `\mathfrak' in version `bold'
(Font)                  U/xmdeuf/m/n --> U/xmdeuf/b/n on input line 110.
LaTeX Font Info:    Overwriting symbol font `operators' in version `normal'
(Font)                  OT1/cmr/m/n --> OT1/mdugm/m/n on input line 121.
LaTeX Font Info:    Overwriting symbol font `letters' in version `normal'
(Font)                  OML/cmm/m/it --> OML/mdugm/m/it on input line 122.
LaTeX Font Info:    Overwriting symbol font `symbols' in version `normal'
(Font)                  OMS/cmsy/m/n --> OMS/mdugm/m/n on input line 123.
LaTeX Font Info:    Overwriting symbol font `largesymbols' in version `normal'
(Font)                  OMX/cmex/m/n --> OMX/mdugm/m/n on input line 124.
LaTeX Font Info:    Overwriting symbol font `operators' in version `bold'
(Font)                  OT1/cmr/bx/n --> OT1/mdugm/b/n on input line 126.
LaTeX Font Info:    Overwriting symbol font `letters' in version `bold'
(Font)                  OML/cmm/b/it --> OML/mdugm/b/it on input line 127.
LaTeX Font Info:    Overwriting symbol font `symbols' in version `bold'
(Font)                  OMS/cmsy/b/n --> OMS/mdugm/b/n on input line 128.
LaTeX Font Info:    Overwriting symbol font `largesymbols' in version `bold'
(Font)                  OMX/cmex/m/n --> OMX/mdugm/b/n on input line 129.
LaTeX Font Info:    Overwriting math alphabet `\mathrm' in version `normal'
(Font)                  OT1/mdugm/m/n --> T1/mdugm/m/n on input line 131.
LaTeX Font Info:    Overwriting math alphabet `\mathbf' in version `normal'
(Font)                  OT1/cmr/bx/n --> T1/mdugm/b/n on input line 132.
LaTeX Font Info:    Overwriting math alphabet `\mathit' in version `normal'
(Font)                  OT1/cmr/m/it --> T1/mdugm/m/it on input line 133.
LaTeX Font Info:    Overwriting math alphabet `\mathsf' in version `normal'
(Font)                  OT1/cmss/m/n --> T1/cmss/m/n on input line 134.
LaTeX Font Info:    Overwriting math alphabet `\mathtt' in version `normal'
(Font)                  OT1/cmtt/m/n --> T1/cmtt/m/n on input line 135.
LaTeX Font Info:    Overwriting math alphabet `\mathrm' in version `bold'
(Font)                  OT1/mdugm/b/n --> T1/mdugm/b/n on input line 137.
LaTeX Font Info:    Overwriting math alphabet `\mathbf' in version `bold'
(Font)                  OT1/cmr/bx/n --> T1/mdugm/b/n on input line 138.
LaTeX Font Info:    Overwriting math alphabet `\mathit' in version `bold'
(Font)                  OT1/cmr/bx/it --> T1/mdugm/b/it on input line 139.
LaTeX Font Info:    Overwriting math alphabet `\mathsf' in version `bold'
(Font)                  OT1/cmss/bx/n --> T1/cmss/b/n on input line 140.
LaTeX Font Info:    Overwriting math alphabet `\mathtt' in version `bold'
(Font)                  OT1/cmtt/m/n --> T1/cmtt/b/n on input line 141.
\symlettersupright=\mathgroup6
LaTeX Font Info:    Overwriting symbol font `lettersupright' in version `bold'
(Font)                  OML/mdugm/m/n --> OML/mdugm/b/n on input line 144.
LaTeX Font Info:    Redeclaring math alphabet \mathrm on input line 145.
LaTeX Font Info:    Overwriting math alphabet `\mathcal' in version `normal'
(Font)                  OMS/mdugm/m/n --> OMS/mdugm/m/n on input line 167.

(/mn/anatu/modules/opt/texlive/2013-uio/uio-texmf/texmf-dist/tex/latex/xkeyval/
xkeyval.sty
Package: xkeyval 2012/10/14 v2.6b package option processing (HA)

(/mn/anatu/modules/opt/texlive/2013-uio/uio-texmf/texmf-dist/tex/generic/xkeyva
l/xkeyval.tex
\XKV@toks=\toks16
\XKV@tempa@toks=\toks17
\XKV@depth=\count92
File: xkeyval.tex 2012/10/14 v2.6b key=value parser (HA)
))
LaTeX Font Info:    Try loading font information for T1+mdugm on input line 186
.

(/mn/anatu/modules/opt/texlive/2013-uio/uio-texmf/texmf-dist/tex/latex/mathdesi
gn/mdugm/t1mdugm.fd
File: t1mdugm.fd 2013/08/29 Fontinst v1.933 font definitions for T1/mdugm.
)
LaTeX Font Info:    Redeclaring math accent \widetilde on input line 449.
LaTeX Font Info:    Redeclaring math accent \widehat on input line 450.
\symmathdesignA=\mathgroup7
LaTeX Font Info:    Overwriting symbol font `mathdesignA' in version `bold'
(Font)                  MDA/mdugm/m/n --> MDA/mdugm/b/n on input line 491.
\symmathdesignB=\mathgroup8
LaTeX Font Info:    Overwriting symbol font `mathdesignB' in version `bold'
(Font)                  MDB/mdugm/m/n --> MDB/mdugm/b/n on input line 498.
\@emptytoks=\toks18
LaTeX Font Info:    Redeclaring math accent \widetilde on input line 532.
LaTeX Font Info:    Redeclaring math accent \widehat on input line 533.
\rulethickness=\skip43
)
(/mn/anatu/modules/opt/texlive/2013-uio/uio-texmf/texmf-dist/tex/latex/base/fon
tenc.sty
Package: fontenc 2005/09/27 v1.99g Standard LaTeX package

(/mn/anatu/modules/opt/texlive/2013-uio/uio-texmf/texmf-dist/tex/latex/base/t1e
nc.def
File: t1enc.def 2005/09/27 v1.99g Standard LaTeX file
LaTeX Font Info:    Redeclaring font encoding T1 on input line 43.
)))
(/mn/anatu/modules/opt/texlive/2013-uio/uio-texmf/texmf-local/tex/latex/garamon
dx/garamondx.sty
Package: garamondx 2013/09/30 GaramondNo8 with expert features (Michael Sharpe)


(/mn/anatu/modules/opt/texlive/2013-uio/uio-texmf/texmf-dist/tex/latex/base/fon
tenc.sty
Package: fontenc 2005/09/27 v1.99g Standard LaTeX package

(/mn/anatu/modules/opt/texlive/2013-uio/uio-texmf/texmf-dist/tex/latex/base/t1e
nc.def
File: t1enc.def 2005/09/27 v1.99g Standard LaTeX file
LaTeX Font Info:    Redeclaring font encoding T1 on input line 43.
))
(/mn/anatu/modules/opt/texlive/2013-uio/uio-texmf/texmf-dist/tex/latex/fontaxes
/fontaxes.sty
Package: fontaxes 2011/12/16 v1.0c Font selection axes
LaTeX Info: Redefining \upshape on input line 29.
LaTeX Info: Redefining \itshape on input line 31.
LaTeX Info: Redefining \slshape on input line 33.
LaTeX Info: Redefining \scshape on input line 37.
)
LaTeX Font Info:    Try loading font information for T1+zgmx on input line 118.


(/mn/anatu/modules/opt/texlive/2013-uio/uio-texmf/texmf-local/tex/latex/garamon
dx/t1zgmx.fd
File: t1zgmx.fd 2012/10/29 Fontinst v1.933 font definitions for T1/zgmx.
))
(/mn/anatu/modules/opt/texlive/2013-uio/uio-texmf/texmf-dist/tex/latex/bera/ber
asans.sty
Package: berasans 2004/01/30 (WaS)
)
(/mn/anatu/modules/opt/texlive/2013-uio/uio-texmf/texmf-dist/tex/latex/bera/ber
amono.sty
Package: beramono 2004/01/31 (WaS)
))
(/mn/anatu/modules/opt/texlive/2013-uio/uio-texmf/texmf-dist/tex/latex/base/fon
tenc.sty
Package: fontenc 2005/09/27 v1.99g Standard LaTeX package

(/mn/anatu/modules/opt/texlive/2013-uio/uio-texmf/texmf-dist/tex/latex/base/t1e
nc.def
File: t1enc.def 2005/09/27 v1.99g Standard LaTeX file
LaTeX Font Info:    Redeclaring font encoding T1 on input line 43.
))
(/mn/anatu/modules/opt/texlive/2013-uio/uio-texmf/texmf-dist/tex/latex/base/inp
utenc.sty
Package: inputenc 2008/03/30 v1.1d Input encoding file
\inpenc@prehook=\toks19
\inpenc@posthook=\toks20

(/mn/anatu/modules/opt/texlive/2013-uio/uio-texmf/texmf-dist/tex/latex/base/utf
8.def
File: utf8.def 2008/04/05 v1.1m UTF-8 support for inputenc
Now handling font encoding OML ...
... no UTF-8 mapping file for font encoding OML
Now handling font encoding T1 ...
... processing UTF-8 mapping file for font encoding T1

(/mn/anatu/modules/opt/texlive/2013-uio/uio-texmf/texmf-dist/tex/latex/base/t1e
nc.dfu
File: t1enc.dfu 2008/04/05 v1.1m UTF-8 support for inputenc
   defining Unicode char U+00A1 (decimal 161)
   defining Unicode char U+00A3 (decimal 163)
   defining Unicode char U+00AB (decimal 171)
   defining Unicode char U+00BB (decimal 187)
   defining Unicode char U+00BF (decimal 191)
   defining Unicode char U+00C0 (decimal 192)
   defining Unicode char U+00C1 (decimal 193)
   defining Unicode char U+00C2 (decimal 194)
   defining Unicode char U+00C3 (decimal 195)
   defining Unicode char U+00C4 (decimal 196)
   defining Unicode char U+00C5 (decimal 197)
   defining Unicode char U+00C6 (decimal 198)
   defining Unicode char U+00C7 (decimal 199)
   defining Unicode char U+00C8 (decimal 200)
   defining Unicode char U+00C9 (decimal 201)
   defining Unicode char U+00CA (decimal 202)
   defining Unicode char U+00CB (decimal 203)
   defining Unicode char U+00CC (decimal 204)
   defining Unicode char U+00CD (decimal 205)
   defining Unicode char U+00CE (decimal 206)
   defining Unicode char U+00CF (decimal 207)
   defining Unicode char U+00D0 (decimal 208)
   defining Unicode char U+00D1 (decimal 209)
   defining Unicode char U+00D2 (decimal 210)
   defining Unicode char U+00D3 (decimal 211)
   defining Unicode char U+00D4 (decimal 212)
   defining Unicode char U+00D5 (decimal 213)
   defining Unicode char U+00D6 (decimal 214)
   defining Unicode char U+00D8 (decimal 216)
   defining Unicode char U+00D9 (decimal 217)
   defining Unicode char U+00DA (decimal 218)
   defining Unicode char U+00DB (decimal 219)
   defining Unicode char U+00DC (decimal 220)
   defining Unicode char U+00DD (decimal 221)
   defining Unicode char U+00DE (decimal 222)
   defining Unicode char U+00DF (decimal 223)
   defining Unicode char U+00E0 (decimal 224)
   defining Unicode char U+00E1 (decimal 225)
   defining Unicode char U+00E2 (decimal 226)
   defining Unicode char U+00E3 (decimal 227)
   defining Unicode char U+00E4 (decimal 228)
   defining Unicode char U+00E5 (decimal 229)
   defining Unicode char U+00E6 (decimal 230)
   defining Unicode char U+00E7 (decimal 231)
   defining Unicode char U+00E8 (decimal 232)
   defining Unicode char U+00E9 (decimal 233)
   defining Unicode char U+00EA (decimal 234)
   defining Unicode char U+00EB (decimal 235)
   defining Unicode char U+00EC (decimal 236)
   defining Unicode char U+00ED (decimal 237)
   defining Unicode char U+00EE (decimal 238)
   defining Unicode char U+00EF (decimal 239)
   defining Unicode char U+00F0 (decimal 240)
   defining Unicode char U+00F1 (decimal 241)
   defining Unicode char U+00F2 (decimal 242)
   defining Unicode char U+00F3 (decimal 243)
   defining Unicode char U+00F4 (decimal 244)
   defining Unicode char U+00F5 (decimal 245)
   defining Unicode char U+00F6 (decimal 246)
   defining Unicode char U+00F8 (decimal 248)
   defining Unicode char U+00F9 (decimal 249)
   defining Unicode char U+00FA (decimal 250)
   defining Unicode char U+00FB (decimal 251)
   defining Unicode char U+00FC (decimal 252)
   defining Unicode char U+00FD (decimal 253)
   defining Unicode char U+00FE (decimal 254)
   defining Unicode char U+00FF (decimal 255)
   defining Unicode char U+0102 (decimal 258)
   defining Unicode char U+0103 (decimal 259)
   defining Unicode char U+0104 (decimal 260)
   defining Unicode char U+0105 (decimal 261)
   defining Unicode char U+0106 (decimal 262)
   defining Unicode char U+0107 (decimal 263)
   defining Unicode char U+010C (decimal 268)
   defining Unicode char U+010D (decimal 269)
   defining Unicode char U+010E (decimal 270)
   defining Unicode char U+010F (decimal 271)
   defining Unicode char U+0110 (decimal 272)
   defining Unicode char U+0111 (decimal 273)
   defining Unicode char U+0118 (decimal 280)
   defining Unicode char U+0119 (decimal 281)
   defining Unicode char U+011A (decimal 282)
   defining Unicode char U+011B (decimal 283)
   defining Unicode char U+011E (decimal 286)
   defining Unicode char U+011F (decimal 287)
   defining Unicode char U+0130 (decimal 304)
   defining Unicode char U+0131 (decimal 305)
   defining Unicode char U+0132 (decimal 306)
   defining Unicode char U+0133 (decimal 307)
   defining Unicode char U+0139 (decimal 313)
   defining Unicode char U+013A (decimal 314)
   defining Unicode char U+013D (decimal 317)
   defining Unicode char U+013E (decimal 318)
   defining Unicode char U+0141 (decimal 321)
   defining Unicode char U+0142 (decimal 322)
   defining Unicode char U+0143 (decimal 323)
   defining Unicode char U+0144 (decimal 324)
   defining Unicode char U+0147 (decimal 327)
   defining Unicode char U+0148 (decimal 328)
   defining Unicode char U+014A (decimal 330)
   defining Unicode char U+014B (decimal 331)
   defining Unicode char U+0150 (decimal 336)
   defining Unicode char U+0151 (decimal 337)
   defining Unicode char U+0152 (decimal 338)
   defining Unicode char U+0153 (decimal 339)
   defining Unicode char U+0154 (decimal 340)
   defining Unicode char U+0155 (decimal 341)
   defining Unicode char U+0158 (decimal 344)
   defining Unicode char U+0159 (decimal 345)
   defining Unicode char U+015A (decimal 346)
   defining Unicode char U+015B (decimal 347)
   defining Unicode char U+015E (decimal 350)
   defining Unicode char U+015F (decimal 351)
   defining Unicode char U+0160 (decimal 352)
   defining Unicode char U+0161 (decimal 353)
   defining Unicode char U+0162 (decimal 354)
   defining Unicode char U+0163 (decimal 355)
   defining Unicode char U+0164 (decimal 356)
   defining Unicode char U+0165 (decimal 357)
   defining Unicode char U+016E (decimal 366)
   defining Unicode char U+016F (decimal 367)
   defining Unicode char U+0170 (decimal 368)
   defining Unicode char U+0171 (decimal 369)
   defining Unicode char U+0178 (decimal 376)
   defining Unicode char U+0179 (decimal 377)
   defining Unicode char U+017A (decimal 378)
   defining Unicode char U+017B (decimal 379)
   defining Unicode char U+017C (decimal 380)
   defining Unicode char U+017D (decimal 381)
   defining Unicode char U+017E (decimal 382)
   defining Unicode char U+200C (decimal 8204)
   defining Unicode char U+2013 (decimal 8211)
   defining Unicode char U+2014 (decimal 8212)
   defining Unicode char U+2018 (decimal 8216)
   defining Unicode char U+2019 (decimal 8217)
   defining Unicode char U+201A (decimal 8218)
   defining Unicode char U+201C (decimal 8220)
   defining Unicode char U+201D (decimal 8221)
   defining Unicode char U+201E (decimal 8222)
   defining Unicode char U+2030 (decimal 8240)
   defining Unicode char U+2031 (decimal 8241)
   defining Unicode char U+2039 (decimal 8249)
   defining Unicode char U+203A (decimal 8250)
   defining Unicode char U+2423 (decimal 9251)
)
Now handling font encoding OT1 ...
... processing UTF-8 mapping file for font encoding OT1

(/mn/anatu/modules/opt/texlive/2013-uio/uio-texmf/texmf-dist/tex/latex/base/ot1
enc.dfu
File: ot1enc.dfu 2008/04/05 v1.1m UTF-8 support for inputenc
   defining Unicode char U+00A1 (decimal 161)
   defining Unicode char U+00A3 (decimal 163)
   defining Unicode char U+00B8 (decimal 184)
   defining Unicode char U+00BF (decimal 191)
   defining Unicode char U+00C5 (decimal 197)
   defining Unicode char U+00C6 (decimal 198)
   defining Unicode char U+00D8 (decimal 216)
   defining Unicode char U+00DF (decimal 223)
   defining Unicode char U+00E6 (decimal 230)
   defining Unicode char U+00EC (decimal 236)
   defining Unicode char U+00ED (decimal 237)
   defining Unicode char U+00EE (decimal 238)
   defining Unicode char U+00EF (decimal 239)
   defining Unicode char U+00F8 (decimal 248)
   defining Unicode char U+0131 (decimal 305)
   defining Unicode char U+0141 (decimal 321)
   defining Unicode char U+0142 (decimal 322)
   defining Unicode char U+0152 (decimal 338)
   defining Unicode char U+0153 (decimal 339)
   defining Unicode char U+2013 (decimal 8211)
   defining Unicode char U+2014 (decimal 8212)
   defining Unicode char U+2018 (decimal 8216)
   defining Unicode char U+2019 (decimal 8217)
   defining Unicode char U+201C (decimal 8220)
   defining Unicode char U+201D (decimal 8221)
)
Now handling font encoding OMS ...
... processing UTF-8 mapping file for font encoding OMS

(/mn/anatu/modules/opt/texlive/2013-uio/uio-texmf/texmf-dist/tex/latex/base/oms
enc.dfu
File: omsenc.dfu 2008/04/05 v1.1m UTF-8 support for inputenc
   defining Unicode char U+00A7 (decimal 167)
   defining Unicode char U+00B6 (decimal 182)
   defining Unicode char U+00B7 (decimal 183)
   defining Unicode char U+2020 (decimal 8224)
   defining Unicode char U+2021 (decimal 8225)
   defining Unicode char U+2022 (decimal 8226)
)
Now handling font encoding OMX ...
... no UTF-8 mapping file for font encoding OMX
Now handling font encoding U ...
... no UTF-8 mapping file for font encoding U
Now handling font encoding TS1 ...
... processing UTF-8 mapping file for font encoding TS1

(/mn/anatu/modules/opt/texlive/2013-uio/uio-texmf/texmf-dist/tex/latex/base/ts1
enc.dfu
File: ts1enc.dfu 2008/04/05 v1.1m UTF-8 support for inputenc
   defining Unicode char U+00A2 (decimal 162)
   defining Unicode char U+00A3 (decimal 163)
   defining Unicode char U+00A4 (decimal 164)
   defining Unicode char U+00A5 (decimal 165)
   defining Unicode char U+00A6 (decimal 166)
   defining Unicode char U+00A7 (decimal 167)
   defining Unicode char U+00A8 (decimal 168)
   defining Unicode char U+00A9 (decimal 169)
   defining Unicode char U+00AA (decimal 170)
   defining Unicode char U+00AC (decimal 172)
   defining Unicode char U+00AE (decimal 174)
   defining Unicode char U+00AF (decimal 175)
   defining Unicode char U+00B0 (decimal 176)
   defining Unicode char U+00B1 (decimal 177)
   defining Unicode char U+00B2 (decimal 178)
   defining Unicode char U+00B3 (decimal 179)
   defining Unicode char U+00B4 (decimal 180)
   defining Unicode char U+00B5 (decimal 181)
   defining Unicode char U+00B6 (decimal 182)
   defining Unicode char U+00B7 (decimal 183)
   defining Unicode char U+00B9 (decimal 185)
   defining Unicode char U+00BA (decimal 186)
   defining Unicode char U+00BC (decimal 188)
   defining Unicode char U+00BD (decimal 189)
   defining Unicode char U+00BE (decimal 190)
   defining Unicode char U+00D7 (decimal 215)
   defining Unicode char U+00F7 (decimal 247)
   defining Unicode char U+0192 (decimal 402)
   defining Unicode char U+02C7 (decimal 711)
   defining Unicode char U+02D8 (decimal 728)
   defining Unicode char U+02DD (decimal 733)
   defining Unicode char U+0E3F (decimal 3647)
   defining Unicode char U+2016 (decimal 8214)
   defining Unicode char U+2020 (decimal 8224)
   defining Unicode char U+2021 (decimal 8225)
   defining Unicode char U+2022 (decimal 8226)
   defining Unicode char U+2030 (decimal 8240)
   defining Unicode char U+2031 (decimal 8241)
   defining Unicode char U+203B (decimal 8251)
   defining Unicode char U+203D (decimal 8253)
   defining Unicode char U+2044 (decimal 8260)
   defining Unicode char U+204E (decimal 8270)
   defining Unicode char U+2052 (decimal 8274)
   defining Unicode char U+20A1 (decimal 8353)
   defining Unicode char U+20A4 (decimal 8356)
   defining Unicode char U+20A6 (decimal 8358)
   defining Unicode char U+20A9 (decimal 8361)
   defining Unicode char U+20AB (decimal 8363)
   defining Unicode char U+20AC (decimal 8364)
   defining Unicode char U+20B1 (decimal 8369)
   defining Unicode char U+2103 (decimal 8451)
   defining Unicode char U+2116 (decimal 8470)
   defining Unicode char U+2117 (decimal 8471)
   defining Unicode char U+211E (decimal 8478)
   defining Unicode char U+2120 (decimal 8480)
   defining Unicode char U+2122 (decimal 8482)
   defining Unicode char U+2126 (decimal 8486)
   defining Unicode char U+2127 (decimal 8487)
   defining Unicode char U+212E (decimal 8494)
   defining Unicode char U+2190 (decimal 8592)
   defining Unicode char U+2191 (decimal 8593)
   defining Unicode char U+2192 (decimal 8594)
   defining Unicode char U+2193 (decimal 8595)
   defining Unicode char U+2329 (decimal 9001)
   defining Unicode char U+232A (decimal 9002)
   defining Unicode char U+2422 (decimal 9250)
   defining Unicode char U+25E6 (decimal 9702)
   defining Unicode char U+25EF (decimal 9711)
   defining Unicode char U+266A (decimal 9834)
)
Now handling font encoding MDA ...
... no UTF-8 mapping file for font encoding MDA
Now handling font encoding MDB ...
... no UTF-8 mapping file for font encoding MDB
   defining Unicode char U+00A9 (decimal 169)
   defining Unicode char U+00AA (decimal 170)
   defining Unicode char U+00AE (decimal 174)
   defining Unicode char U+00BA (decimal 186)
   defining Unicode char U+02C6 (decimal 710)
   defining Unicode char U+02DC (decimal 732)
   defining Unicode char U+200C (decimal 8204)
   defining Unicode char U+2026 (decimal 8230)
   defining Unicode char U+2122 (decimal 8482)
   defining Unicode char U+2423 (decimal 9251)
))
(/mn/anatu/modules/opt/texlive/2013-uio/uio-texmf/texmf-dist/tex/latex/amsfonts
/amssymb.sty
Package: amssymb 2013/01/14 v3.01 AMS font symbols

(/mn/anatu/modules/opt/texlive/2013-uio/uio-texmf/texmf-dist/tex/latex/amsfonts
/amsfonts.sty
Package: amsfonts 2013/01/14 v3.01 Basic AMSFonts support
\symAMSa=\mathgroup9
\symAMSb=\mathgroup10
LaTeX Font Info:    Redeclaring math delimiter \ulcorner on input line 74.
LaTeX Font Info:    Redeclaring math delimiter \urcorner on input line 75.
LaTeX Font Info:    Redeclaring math delimiter \llcorner on input line 76.
LaTeX Font Info:    Redeclaring math delimiter \lrcorner on input line 77.
LaTeX Font Info:    Redeclaring math symbol \dabar@ on input line 95.
LaTeX Font Info:    Overwriting encoding scheme math defaults on input line 110
.
LaTeX Info: Redefining \frak on input line 111.
LaTeX Info: Redefining \Bbb on input line 113.
LaTeX Info: Redefining \bold on input line 115.
LaTeX Font Info:    Redeclaring math symbol \square on input line 141.
LaTeX Font Info:    Redeclaring math symbol \lozenge on input line 142.
)
LaTeX Font Info:    Redeclaring math symbol \boxdot on input line 44.
LaTeX Font Info:    Redeclaring math symbol \boxplus on input line 45.
LaTeX Font Info:    Redeclaring math symbol \boxtimes on input line 46.
LaTeX Font Info:    Redeclaring math symbol \blacksquare on input line 48.
LaTeX Font Info:    Redeclaring math symbol \centerdot on input line 49.
LaTeX Font Info:    Redeclaring math symbol \blacklozenge on input line 51.
LaTeX Font Info:    Redeclaring math symbol \circlearrowright on input line 52.

LaTeX Font Info:    Redeclaring math symbol \circlearrowleft on input line 53.
LaTeX Font Info:    Redeclaring math symbol \leftrightharpoons on input line 56
.
LaTeX Font Info:    Redeclaring math symbol \boxminus on input line 57.
LaTeX Font Info:    Redeclaring math symbol \Vdash on input line 58.
LaTeX Font Info:    Redeclaring math symbol \Vvdash on input line 59.
LaTeX Font Info:    Redeclaring math symbol \vDash on input line 60.
LaTeX Font Info:    Redeclaring math symbol \twoheadrightarrow on input line 61
.
LaTeX Font Info:    Redeclaring math symbol \twoheadleftarrow on input line 62.

LaTeX Font Info:    Redeclaring math symbol \leftleftarrows on input line 63.
LaTeX Font Info:    Redeclaring math symbol \rightrightarrows on input line 64.

LaTeX Font Info:    Redeclaring math symbol \upuparrows on input line 65.
LaTeX Font Info:    Redeclaring math symbol \downdownarrows on input line 66.
LaTeX Font Info:    Redeclaring math symbol \upharpoonright on input line 67.
LaTeX Font Info:    Redeclaring math symbol \downharpoonright on input line 69.

LaTeX Font Info:    Redeclaring math symbol \upharpoonleft on input line 70.
LaTeX Font Info:    Redeclaring math symbol \downharpoonleft on input line 71.
LaTeX Font Info:    Redeclaring math symbol \rightarrowtail on input line 72.
LaTeX Font Info:    Redeclaring math symbol \leftarrowtail on input line 73.
LaTeX Font Info:    Redeclaring math symbol \leftrightarrows on input line 74.
LaTeX Font Info:    Redeclaring math symbol \rightleftarrows on input line 75.
LaTeX Font Info:    Redeclaring math symbol \Lsh on input line 76.
LaTeX Font Info:    Redeclaring math symbol \Rsh on input line 77.
LaTeX Font Info:    Redeclaring math symbol \leftrightsquigarrow on input line 
79.
LaTeX Font Info:    Redeclaring math symbol \looparrowleft on input line 80.
LaTeX Font Info:    Redeclaring math symbol \looparrowright on input line 81.
LaTeX Font Info:    Redeclaring math symbol \circeq on input line 82.
LaTeX Font Info:    Redeclaring math symbol \succsim on input line 83.
LaTeX Font Info:    Redeclaring math symbol \gtrsim on input line 84.
LaTeX Font Info:    Redeclaring math symbol \gtrapprox on input line 85.
LaTeX Font Info:    Redeclaring math symbol \multimap on input line 86.
LaTeX Font Info:    Redeclaring math symbol \therefore on input line 87.
LaTeX Font Info:    Redeclaring math symbol \because on input line 88.
LaTeX Font Info:    Redeclaring math symbol \doteqdot on input line 89.
LaTeX Font Info:    Redeclaring math symbol \triangleq on input line 91.
LaTeX Font Info:    Redeclaring math symbol \precsim on input line 92.
LaTeX Font Info:    Redeclaring math symbol \lesssim on input line 93.
LaTeX Font Info:    Redeclaring math symbol \lessapprox on input line 94.
LaTeX Font Info:    Redeclaring math symbol \eqslantless on input line 95.
LaTeX Font Info:    Redeclaring math symbol \eqslantgtr on input line 96.
LaTeX Font Info:    Redeclaring math symbol \curlyeqprec on input line 97.
LaTeX Font Info:    Redeclaring math symbol \curlyeqsucc on input line 98.
LaTeX Font Info:    Redeclaring math symbol \preccurlyeq on input line 99.
LaTeX Font Info:    Redeclaring math symbol \leqq on input line 100.
LaTeX Font Info:    Redeclaring math symbol \leqslant on input line 101.
LaTeX Font Info:    Redeclaring math symbol \lessgtr on input line 102.
LaTeX Font Info:    Redeclaring math symbol \backprime on input line 103.
LaTeX Font Info:    Redeclaring math symbol \risingdotseq on input line 104.
LaTeX Font Info:    Redeclaring math symbol \fallingdotseq on input line 105.
LaTeX Font Info:    Redeclaring math symbol \succcurlyeq on input line 106.
LaTeX Font Info:    Redeclaring math symbol \geqq on input line 107.
LaTeX Font Info:    Redeclaring math symbol \geqslant on input line 108.
LaTeX Font Info:    Redeclaring math symbol \gtrless on input line 109.
LaTeX Font Info:    Redeclaring math symbol \bigstar on input line 117.
LaTeX Font Info:    Redeclaring math symbol \between on input line 118.
LaTeX Font Info:    Redeclaring math symbol \blacktriangledown on input line 11
9.
LaTeX Font Info:    Redeclaring math symbol \blacktriangleright on input line 1
20.
LaTeX Font Info:    Redeclaring math symbol \blacktriangleleft on input line 12
1.
LaTeX Font Info:    Redeclaring math symbol \vartriangle on input line 122.
LaTeX Font Info:    Redeclaring math symbol \blacktriangle on input line 123.
LaTeX Font Info:    Redeclaring math symbol \triangledown on input line 124.
LaTeX Font Info:    Redeclaring math symbol \eqcirc on input line 125.
LaTeX Font Info:    Redeclaring math symbol \lesseqgtr on input line 126.
LaTeX Font Info:    Redeclaring math symbol \gtreqless on input line 127.
LaTeX Font Info:    Redeclaring math symbol \lesseqqgtr on input line 128.
LaTeX Font Info:    Redeclaring math symbol \gtreqqless on input line 129.
LaTeX Font Info:    Redeclaring math symbol \Rrightarrow on input line 130.
LaTeX Font Info:    Redeclaring math symbol \Lleftarrow on input line 131.
LaTeX Font Info:    Redeclaring math symbol \veebar on input line 132.
LaTeX Font Info:    Redeclaring math symbol \barwedge on input line 133.
LaTeX Font Info:    Redeclaring math symbol \doublebarwedge on input line 134.
LaTeX Font Info:    Redeclaring math symbol \measuredangle on input line 137.
LaTeX Font Info:    Redeclaring math symbol \sphericalangle on input line 138.
LaTeX Font Info:    Redeclaring math symbol \varpropto on input line 139.
LaTeX Font Info:    Redeclaring math symbol \smallsmile on input line 140.
LaTeX Font Info:    Redeclaring math symbol \smallfrown on input line 141.
LaTeX Font Info:    Redeclaring math symbol \Subset on input line 142.
LaTeX Font Info:    Redeclaring math symbol \Supset on input line 143.
LaTeX Font Info:    Redeclaring math symbol \Cup on input line 144.
LaTeX Font Info:    Redeclaring math symbol \Cap on input line 146.
LaTeX Font Info:    Redeclaring math symbol \curlywedge on input line 148.
LaTeX Font Info:    Redeclaring math symbol \curlyvee on input line 149.
LaTeX Font Info:    Redeclaring math symbol \leftthreetimes on input line 150.
LaTeX Font Info:    Redeclaring math symbol \rightthreetimes on input line 151.

LaTeX Font Info:    Redeclaring math symbol \subseteqq on input line 152.
LaTeX Font Info:    Redeclaring math symbol \supseteqq on input line 153.
LaTeX Font Info:    Redeclaring math symbol \bumpeq on input line 154.
LaTeX Font Info:    Redeclaring math symbol \Bumpeq on input line 155.
LaTeX Font Info:    Redeclaring math symbol \lll on input line 156.
LaTeX Font Info:    Redeclaring math symbol \ggg on input line 158.


! LaTeX Error: Command `\circledS' already defined.

See the LaTeX manual or LaTeX Companion for explanation.
Type  H <return>  for immediate help.
 ...                                              
                                                  
l.160 ...mbol{\circledS}     {\mathord}{AMSa}{"73}
                                                  
Your command was ignored.
Type  I <command> <return>  to replace it with another command,
or  <return>  to continue without it.

LaTeX Font Info:    Redeclaring math symbol \pitchfork on input line 161.
LaTeX Font Info:    Redeclaring math symbol \dotplus on input line 162.
LaTeX Font Info:    Redeclaring math symbol \backsim on input line 163.
LaTeX Font Info:    Redeclaring math symbol \backsimeq on input line 164.
LaTeX Font Info:    Redeclaring math symbol \complement on input line 165.
LaTeX Font Info:    Redeclaring math symbol \intercal on input line 166.
LaTeX Font Info:    Redeclaring math symbol \circledcirc on input line 167.
LaTeX Font Info:    Redeclaring math symbol \circledast on input line 168.
LaTeX Font Info:    Redeclaring math symbol \circleddash on input line 169.
LaTeX Font Info:    Redeclaring math symbol \lvertneqq on input line 171.
LaTeX Font Info:    Redeclaring math symbol \gvertneqq on input line 172.
LaTeX Font Info:    Redeclaring math symbol \nleq on input line 173.
LaTeX Font Info:    Redeclaring math symbol \ngeq on input line 174.
LaTeX Font Info:    Redeclaring math symbol \nless on input line 175.
LaTeX Font Info:    Redeclaring math symbol \ngtr on input line 176.
LaTeX Font Info:    Redeclaring math symbol \nprec on input line 177.
LaTeX Font Info:    Redeclaring math symbol \nsucc on input line 178.
LaTeX Font Info:    Redeclaring math symbol \lneqq on input line 179.
LaTeX Font Info:    Redeclaring math symbol \gneqq on input line 180.
LaTeX Font Info:    Redeclaring math symbol \nleqslant on input line 181.
LaTeX Font Info:    Redeclaring math symbol \ngeqslant on input line 182.
LaTeX Font Info:    Redeclaring math symbol \lneq on input line 183.
LaTeX Font Info:    Redeclaring math symbol \gneq on input line 184.
LaTeX Font Info:    Redeclaring math symbol \npreceq on input line 185.
LaTeX Font Info:    Redeclaring math symbol \nsucceq on input line 186.
LaTeX Font Info:    Redeclaring math symbol \precnsim on input line 187.
LaTeX Font Info:    Redeclaring math symbol \succnsim on input line 188.
LaTeX Font Info:    Redeclaring math symbol \lnsim on input line 189.
LaTeX Font Info:    Redeclaring math symbol \gnsim on input line 190.
LaTeX Font Info:    Redeclaring math symbol \nleqq on input line 191.
LaTeX Font Info:    Redeclaring math symbol \ngeqq on input line 192.
LaTeX Font Info:    Redeclaring math symbol \precneqq on input line 193.
LaTeX Font Info:    Redeclaring math symbol \succneqq on input line 194.
LaTeX Font Info:    Redeclaring math symbol \precnapprox on input line 195.
LaTeX Font Info:    Redeclaring math symbol \succnapprox on input line 196.
LaTeX Font Info:    Redeclaring math symbol \lnapprox on input line 197.
LaTeX Font Info:    Redeclaring math symbol \gnapprox on input line 198.
LaTeX Font Info:    Redeclaring math symbol \nsim on input line 199.
LaTeX Font Info:    Redeclaring math symbol \ncong on input line 200.
LaTeX Font Info:    Redeclaring math symbol \diagup on input line 201.
LaTeX Font Info:    Redeclaring math symbol \diagdown on input line 202.
LaTeX Font Info:    Redeclaring math symbol \varsubsetneq on input line 203.
LaTeX Font Info:    Redeclaring math symbol \varsupsetneq on input line 204.
LaTeX Font Info:    Redeclaring math symbol \nsubseteqq on input line 205.
LaTeX Font Info:    Redeclaring math symbol \nsupseteqq on input line 206.
LaTeX Font Info:    Redeclaring math symbol \subsetneqq on input line 207.
LaTeX Font Info:    Redeclaring math symbol \supsetneqq on input line 208.
LaTeX Font Info:    Redeclaring math symbol \varsubsetneqq on input line 209.
LaTeX Font Info:    Redeclaring math symbol \varsupsetneqq on input line 210.
LaTeX Font Info:    Redeclaring math symbol \subsetneq on input line 211.
LaTeX Font Info:    Redeclaring math symbol \supsetneq on input line 212.
LaTeX Font Info:    Redeclaring math symbol \nsubseteq on input line 213.
LaTeX Font Info:    Redeclaring math symbol \nsupseteq on input line 214.
LaTeX Font Info:    Redeclaring math symbol \nparallel on input line 215.
LaTeX Font Info:    Redeclaring math symbol \nmid on input line 216.
LaTeX Font Info:    Redeclaring math symbol \nshortmid on input line 217.
LaTeX Font Info:    Redeclaring math symbol \nshortparallel on input line 218.
LaTeX Font Info:    Redeclaring math symbol \nvdash on input line 219.
LaTeX Font Info:    Redeclaring math symbol \nVdash on input line 220.
LaTeX Font Info:    Redeclaring math symbol \nvDash on input line 221.
LaTeX Font Info:    Redeclaring math symbol \nVDash on input line 222.
LaTeX Font Info:    Redeclaring math symbol \ntrianglerighteq on input line 223
.
LaTeX Font Info:    Redeclaring math symbol \ntrianglelefteq on input line 224.

LaTeX Font Info:    Redeclaring math symbol \ntriangleleft on input line 225.
LaTeX Font Info:    Redeclaring math symbol \ntriangleright on input line 226.
LaTeX Font Info:    Redeclaring math symbol \nleftarrow on input line 227.
LaTeX Font Info:    Redeclaring math symbol \nrightarrow on input line 228.
LaTeX Font Info:    Redeclaring math symbol \nLeftarrow on input line 229.
LaTeX Font Info:    Redeclaring math symbol \nRightarrow on input line 230.
LaTeX Font Info:    Redeclaring math symbol \nLeftrightarrow on input line 231.

LaTeX Font Info:    Redeclaring math symbol \nleftrightarrow on input line 232.

LaTeX Font Info:    Redeclaring math symbol \divideontimes on input line 233.
LaTeX Font Info:    Redeclaring math symbol \varnothing on input line 234.
LaTeX Font Info:    Redeclaring math symbol \nexists on input line 235.
LaTeX Font Info:    Redeclaring math symbol \Finv on input line 236.
LaTeX Font Info:    Redeclaring math symbol \Game on input line 237.
LaTeX Font Info:    Redeclaring math symbol \eth on input line 240.
LaTeX Font Info:    Redeclaring math symbol \eqsim on input line 241.
LaTeX Font Info:    Redeclaring math symbol \beth on input line 242.
LaTeX Font Info:    Redeclaring math symbol \gimel on input line 243.
LaTeX Font Info:    Redeclaring math symbol \daleth on input line 244.
LaTeX Font Info:    Redeclaring math symbol \lessdot on input line 245.
LaTeX Font Info:    Redeclaring math symbol \gtrdot on input line 246.
LaTeX Font Info:    Redeclaring math symbol \ltimes on input line 247.
LaTeX Font Info:    Redeclaring math symbol \rtimes on input line 248.
LaTeX Font Info:    Redeclaring math symbol \shortmid on input line 249.
LaTeX Font Info:    Redeclaring math symbol \shortparallel on input line 250.
LaTeX Font Info:    Redeclaring math symbol \smallsetminus on input line 251.
LaTeX Font Info:    Redeclaring math symbol \thicksim on input line 252.
LaTeX Font Info:    Redeclaring math symbol \thickapprox on input line 253.
LaTeX Font Info:    Redeclaring math symbol \approxeq on input line 254.
LaTeX Font Info:    Redeclaring math symbol \succapprox on input line 255.
LaTeX Font Info:    Redeclaring math symbol \precapprox on input line 256.
LaTeX Font Info:    Redeclaring math symbol \curvearrowleft on input line 257.
LaTeX Font Info:    Redeclaring math symbol \curvearrowright on input line 258.

LaTeX Font Info:    Redeclaring math symbol \digamma on input line 259.
LaTeX Font Info:    Redeclaring math symbol \varkappa on input line 260.
LaTeX Font Info:    Redeclaring math symbol \Bbbk on input line 261.
LaTeX Font Info:    Redeclaring math symbol \hslash on input line 262.
LaTeX Font Info:    Redeclaring math symbol \backepsilon on input line 265.
)
(/mn/anatu/modules/opt/texlive/2013-uio/uio-texmf/texmf-dist/tex/latex/amsmath/
amsmath.sty
Package: amsmath 2013/01/14 v2.14 AMS math features
\@mathmargin=\skip44

For additional information on amsmath, use the `?' option.

(/mn/anatu/modules/opt/texlive/2013-uio/uio-texmf/texmf-dist/tex/latex/amsmath/
amstext.sty
Package: amstext 2000/06/29 v2.01

(/mn/anatu/modules/opt/texlive/2013-uio/uio-texmf/texmf-dist/tex/latex/amsmath/
amsgen.sty
File: amsgen.sty 1999/11/30 v2.0
\@emptytoks=\toks21
\ex@=\dimen112
))
(/mn/anatu/modules/opt/texlive/2013-uio/uio-texmf/texmf-dist/tex/latex/amsmath/
amsbsy.sty
Package: amsbsy 1999/11/29 v1.2d
\pmbraise@=\dimen113
)
(/mn/anatu/modules/opt/texlive/2013-uio/uio-texmf/texmf-dist/tex/latex/amsmath/
amsopn.sty
Package: amsopn 1999/12/14 v2.01 operator names
)
\inf@bad=\count93
LaTeX Info: Redefining \frac on input line 210.
\uproot@=\count94
\leftroot@=\count95
LaTeX Info: Redefining \overline on input line 306.
\classnum@=\count96
\DOTSCASE@=\count97
LaTeX Info: Redefining \ldots on input line 378.
LaTeX Info: Redefining \dots on input line 381.
LaTeX Info: Redefining \cdots on input line 466.
\Mathstrutbox@=\box26
\strutbox@=\box27
\big@size=\dimen114
LaTeX Font Info:    Redeclaring font encoding OML on input line 566.
LaTeX Font Info:    Redeclaring font encoding OMS on input line 567.
\macc@depth=\count98
\c@MaxMatrixCols=\count99
\dotsspace@=\muskip10
\c@parentequation=\count100
\dspbrk@lvl=\count101
\tag@help=\toks22
\row@=\count102
\column@=\count103
\maxfields@=\count104
\andhelp@=\toks23
\eqnshift@=\dimen115
\alignsep@=\dimen116
\tagshift@=\dimen117
\tagwidth@=\dimen118
\totwidth@=\dimen119
\lineht@=\dimen120
\@envbody=\toks24
\multlinegap=\skip45
\multlinetaggap=\skip46
\mathdisplay@stack=\toks25
LaTeX Info: Redefining \[ on input line 2665.
LaTeX Info: Redefining \] on input line 2666.
)
(/mn/anatu/modules/opt/texlive/2013-uio/uio-texmf/texmf-dist/tex/latex/amscls/a
msthm.sty
Package: amsthm 2004/08/06 v2.20
\thm@style=\toks26
\thm@bodyfont=\toks27
\thm@headfont=\toks28
\thm@notefont=\toks29
\thm@headpunct=\toks30
\thm@preskip=\skip47
\thm@postskip=\skip48
\thm@headsep=\skip49
\dth@everypar=\toks31
)
(/mn/anatu/modules/opt/texlive/2013-uio/uio-texmf/texmf-dist/tex/latex/jknapltx
/mathrsfs.sty
Package: mathrsfs 1996/01/01 Math RSFS package v1.0 (jk)
\symrsfs=\mathgroup11
)
(/mn/anatu/modules/opt/texlive/2013-uio/uio-texmf/texmf-dist/tex/latex/url/url.
sty
\Urlmuskip=\muskip11
Package: url 2006/04/12  ver 3.3  Verb mode for urls, etc.
) (/uio/hume/student-u57/fredrme/latexpakker/thmtools/thmtools.sty
Package: thmtools 2012/05/04 v63
\thmt@toks=\toks32
\c@thmt@dummyctr=\count105

(/uio/hume/student-u57/fredrme/latexpakker/thmtools/thm-patch.sty
Package: thm-patch 2012/05/04 v63

(/uio/hume/student-u57/fredrme/latexpakker/thmtools/parseargs.sty
Package: parseargs 2012/05/04 v63
\@parsespec=\toks33
))
(/uio/hume/student-u57/fredrme/latexpakker/thmtools/thm-kv.sty
Package: thm-kv 2012/05/04 v63
Package thm-kv Info: Theorem names will be uppercased on input line 40.

(/mn/anatu/modules/opt/texlive/2013-uio/uio-texmf/texmf-dist/tex/generic/oberdi
ek/kvsetkeys.sty
Package: kvsetkeys 2012/04/25 v1.16 Key value parser (HO)

(/mn/anatu/modules/opt/texlive/2013-uio/uio-texmf/texmf-dist/tex/generic/oberdi
ek/infwarerr.sty
Package: infwarerr 2010/04/08 v1.3 Providing info/warning/error messages (HO)
)
(/mn/anatu/modules/opt/texlive/2013-uio/uio-texmf/texmf-dist/tex/generic/oberdi
ek/etexcmds.sty
Package: etexcmds 2011/02/16 v1.5 Avoid name clashes with e-TeX commands (HO)

(/mn/anatu/modules/opt/texlive/2013-uio/uio-texmf/texmf-dist/tex/generic/oberdi
ek/ifluatex.sty
Package: ifluatex 2010/03/01 v1.3 Provides the ifluatex switch (HO)
Package ifluatex Info: LuaTeX not detected.
)
Package etexcmds Info: Could not find \expanded.
(etexcmds)             That can mean that you are not using pdfTeX 1.50 or
(etexcmds)             that some package has redefined \expanded.
(etexcmds)             In the latter case, load this package earlier.
))
Package thm-kv Info: kvsetkeys patch (v1.16 or later) on input line 156.
)
(/uio/hume/student-u57/fredrme/latexpakker/thmtools/thm-autoref.sty
Package: thm-autoref 2012/05/04 v63

(/uio/hume/student-u57/fredrme/latexpakker/thmtools/aliasctr.sty
Package: aliasctr 2012/05/04 v63

(/mn/anatu/modules/opt/texlive/2013-uio/uio-texmf/texmf-dist/tex/latex/carlisle
/remreset.sty)))
(/uio/hume/student-u57/fredrme/latexpakker/thmtools/thm-listof.sty
Package: thm-listof 2012/05/04 v63
)
(/uio/hume/student-u57/fredrme/latexpakker/thmtools/thm-restate.sty
Package: thm-restate 2012/05/04 v63
)
(/uio/hume/student-u57/fredrme/latexpakker/thmtools/thm-amsthm.sty
Package: thm-amsthm 2012/05/04 v63
\thmt@style@headstyle=\toks34
))
(/mn/anatu/modules/opt/texlive/2013-uio/uio-texmf/texmf-dist/tex/latex/tools/en
umerate.sty
Package: enumerate 1999/03/05 v3.00 enumerate extensions (DPC)
\@enLab=\toks35
)
(/mn/anatu/modules/opt/texlive/2013-uio/uio-texmf/texmf-dist/tex/latex/float/fl
oat.sty
Package: float 2001/11/08 v1.3d Float enhancements (AL)
\c@float@type=\count106
\float@exts=\toks36
\float@box=\box28
\@float@everytoks=\toks37
\@floatcapt=\box29
)
(/mn/anatu/modules/opt/texlive/2013-uio/uio-texmf/texmf-dist/tex/latex/pgf/fron
tendlayer/tikz.sty
(/mn/anatu/modules/opt/texlive/2013-uio/uio-texmf/texmf-dist/tex/latex/pgf/basi
clayer/pgf.sty
(/mn/anatu/modules/opt/texlive/2013-uio/uio-texmf/texmf-dist/tex/latex/pgf/util
ities/pgfrcs.sty
(/mn/anatu/modules/opt/texlive/2013-uio/uio-texmf/texmf-dist/tex/generic/pgf/ut
ilities/pgfutil-common.tex
\pgfutil@everybye=\toks38
)
(/mn/anatu/modules/opt/texlive/2013-uio/uio-texmf/texmf-dist/tex/generic/pgf/ut
ilities/pgfutil-latex.def
\pgfutil@abb=\box30

(/mn/anatu/modules/opt/texlive/2013-uio/uio-texmf/texmf-dist/tex/latex/ms/every
shi.sty
Package: everyshi 2001/05/15 v3.00 EveryShipout Package (MS)
))
(/mn/anatu/modules/opt/texlive/2013-uio/uio-texmf/texmf-dist/tex/generic/pgf/ut
ilities/pgfrcs.code.tex
Package: pgfrcs 2010/10/25 v2.10 (rcs-revision 1.24)
))
Package: pgf 2008/01/15 v2.10 (rcs-revision 1.12)

(/mn/anatu/modules/opt/texlive/2013-uio/uio-texmf/texmf-dist/tex/latex/pgf/basi
clayer/pgfcore.sty
(/mn/anatu/modules/opt/texlive/2013-uio/uio-texmf/texmf-dist/tex/latex/graphics
/graphicx.sty
Package: graphicx 1999/02/16 v1.0f Enhanced LaTeX Graphics (DPC,SPQR)

(/mn/anatu/modules/opt/texlive/2013-uio/uio-texmf/texmf-dist/tex/latex/graphics
/graphics.sty
Package: graphics 2009/02/05 v1.0o Standard LaTeX Graphics (DPC,SPQR)

(/mn/anatu/modules/opt/texlive/2013-uio/uio-texmf/texmf-dist/tex/latex/graphics
/trig.sty
Package: trig 1999/03/16 v1.09 sin cos tan (DPC)
)
(/mn/anatu/modules/opt/texlive/2013-uio/uio-texmf/texmf-dist/tex/latex/latexcon
fig/graphics.cfg
File: graphics.cfg 2010/04/23 v1.9 graphics configuration of TeX Live
)
Package graphics Info: Driver file: pdftex.def on input line 91.

(/mn/anatu/modules/opt/texlive/2013-uio/uio-texmf/texmf-dist/tex/latex/pdftex-d
ef/pdftex.def
File: pdftex.def 2011/05/27 v0.06d Graphics/color for pdfTeX

(/mn/anatu/modules/opt/texlive/2013-uio/uio-texmf/texmf-dist/tex/generic/oberdi
ek/ltxcmds.sty
Package: ltxcmds 2011/11/09 v1.22 LaTeX kernel commands for general use (HO)
)
\Gread@gobject=\count107
))
\Gin@req@height=\dimen121
\Gin@req@width=\dimen122
)
(/mn/anatu/modules/opt/texlive/2013-uio/uio-texmf/texmf-dist/tex/latex/pgf/syst
emlayer/pgfsys.sty
(/mn/anatu/modules/opt/texlive/2013-uio/uio-texmf/texmf-dist/tex/generic/pgf/sy
stemlayer/pgfsys.code.tex
Package: pgfsys 2010/06/30 v2.10 (rcs-revision 1.37)

(/mn/anatu/modules/opt/texlive/2013-uio/uio-texmf/texmf-dist/tex/generic/pgf/ut
ilities/pgfkeys.code.tex
\pgfkeys@pathtoks=\toks39
\pgfkeys@temptoks=\toks40

(/mn/anatu/modules/opt/texlive/2013-uio/uio-texmf/texmf-dist/tex/generic/pgf/ut
ilities/pgfkeysfiltered.code.tex
\pgfkeys@tmptoks=\toks41
))
\pgf@x=\dimen123
\pgf@y=\dimen124
\pgf@xa=\dimen125
\pgf@ya=\dimen126
\pgf@xb=\dimen127
\pgf@yb=\dimen128
\pgf@xc=\dimen129
\pgf@yc=\dimen130
\w@pgf@writea=\write3
\r@pgf@reada=\read1
\c@pgf@counta=\count108
\c@pgf@countb=\count109
\c@pgf@countc=\count110
\c@pgf@countd=\count111

(/mn/anatu/modules/opt/texlive/2013-uio/uio-texmf/texmf-dist/tex/generic/pgf/sy
stemlayer/pgf.cfg
File: pgf.cfg 2008/05/14  (rcs-revision 1.7)
)
Package pgfsys Info: Driver file for pgf: pgfsys-pdftex.def on input line 900.

(/mn/anatu/modules/opt/texlive/2013-uio/uio-texmf/texmf-dist/tex/generic/pgf/sy
stemlayer/pgfsys-pdftex.def
File: pgfsys-pdftex.def 2009/05/22  (rcs-revision 1.26)

(/mn/anatu/modules/opt/texlive/2013-uio/uio-texmf/texmf-dist/tex/generic/pgf/sy
stemlayer/pgfsys-common-pdf.def
File: pgfsys-common-pdf.def 2008/05/19  (rcs-revision 1.10)
)))
(/mn/anatu/modules/opt/texlive/2013-uio/uio-texmf/texmf-dist/tex/generic/pgf/sy
stemlayer/pgfsyssoftpath.code.tex
File: pgfsyssoftpath.code.tex 2008/07/18  (rcs-revision 1.7)
\pgfsyssoftpath@smallbuffer@items=\count112
\pgfsyssoftpath@bigbuffer@items=\count113
)
(/mn/anatu/modules/opt/texlive/2013-uio/uio-texmf/texmf-dist/tex/generic/pgf/sy
stemlayer/pgfsysprotocol.code.tex
File: pgfsysprotocol.code.tex 2006/10/16  (rcs-revision 1.4)
))
(/mn/anatu/modules/opt/texlive/2013-uio/uio-texmf/texmf-dist/tex/latex/xcolor/x
color.sty
Package: xcolor 2007/01/21 v2.11 LaTeX color extensions (UK)

(/mn/anatu/modules/opt/texlive/2013-uio/uio-texmf/texmf-dist/tex/latex/latexcon
fig/color.cfg
File: color.cfg 2007/01/18 v1.5 color configuration of teTeX/TeXLive
)
Package xcolor Info: Driver file: pdftex.def on input line 225.
Package xcolor Info: Model `cmy' substituted by `cmy0' on input line 1337.
Package xcolor Info: Model `hsb' substituted by `rgb' on input line 1341.
Package xcolor Info: Model `RGB' extended on input line 1353.
Package xcolor Info: Model `HTML' substituted by `rgb' on input line 1355.
Package xcolor Info: Model `Hsb' substituted by `hsb' on input line 1356.
Package xcolor Info: Model `tHsb' substituted by `hsb' on input line 1357.
Package xcolor Info: Model `HSB' substituted by `hsb' on input line 1358.
Package xcolor Info: Model `Gray' substituted by `gray' on input line 1359.
Package xcolor Info: Model `wave' substituted by `hsb' on input line 1360.
)
(/mn/anatu/modules/opt/texlive/2013-uio/uio-texmf/texmf-dist/tex/generic/pgf/ba
siclayer/pgfcore.code.tex
Package: pgfcore 2010/04/11 v2.10 (rcs-revision 1.7)

(/mn/anatu/modules/opt/texlive/2013-uio/uio-texmf/texmf-dist/tex/generic/pgf/ma
th/pgfmath.code.tex
(/mn/anatu/modules/opt/texlive/2013-uio/uio-texmf/texmf-dist/tex/generic/pgf/ma
th/pgfmathcalc.code.tex
(/mn/anatu/modules/opt/texlive/2013-uio/uio-texmf/texmf-dist/tex/generic/pgf/ma
th/pgfmathutil.code.tex)
(/mn/anatu/modules/opt/texlive/2013-uio/uio-texmf/texmf-dist/tex/generic/pgf/ma
th/pgfmathparser.code.tex
\pgfmath@dimen=\dimen131
\pgfmath@count=\count114
\pgfmath@box=\box31
\pgfmath@toks=\toks42
\pgfmath@stack@operand=\toks43
\pgfmath@stack@operation=\toks44
)
(/mn/anatu/modules/opt/texlive/2013-uio/uio-texmf/texmf-dist/tex/generic/pgf/ma
th/pgfmathfunctions.code.tex
(/mn/anatu/modules/opt/texlive/2013-uio/uio-texmf/texmf-dist/tex/generic/pgf/ma
th/pgfmathfunctions.basic.code.tex)
(/mn/anatu/modules/opt/texlive/2013-uio/uio-texmf/texmf-dist/tex/generic/pgf/ma
th/pgfmathfunctions.trigonometric.code.tex)
(/mn/anatu/modules/opt/texlive/2013-uio/uio-texmf/texmf-dist/tex/generic/pgf/ma
th/pgfmathfunctions.random.code.tex)
(/mn/anatu/modules/opt/texlive/2013-uio/uio-texmf/texmf-dist/tex/generic/pgf/ma
th/pgfmathfunctions.comparison.code.tex)
(/mn/anatu/modules/opt/texlive/2013-uio/uio-texmf/texmf-dist/tex/generic/pgf/ma
th/pgfmathfunctions.base.code.tex)
(/mn/anatu/modules/opt/texlive/2013-uio/uio-texmf/texmf-dist/tex/generic/pgf/ma
th/pgfmathfunctions.round.code.tex)
(/mn/anatu/modules/opt/texlive/2013-uio/uio-texmf/texmf-dist/tex/generic/pgf/ma
th/pgfmathfunctions.misc.code.tex)))
(/mn/anatu/modules/opt/texlive/2013-uio/uio-texmf/texmf-dist/tex/generic/pgf/ma
th/pgfmathfloat.code.tex
\c@pgfmathroundto@lastzeros=\count115
))
(/mn/anatu/modules/opt/texlive/2013-uio/uio-texmf/texmf-dist/tex/generic/pgf/ba
siclayer/pgfcorepoints.code.tex
File: pgfcorepoints.code.tex 2010/04/09  (rcs-revision 1.20)
\pgf@picminx=\dimen132
\pgf@picmaxx=\dimen133
\pgf@picminy=\dimen134
\pgf@picmaxy=\dimen135
\pgf@pathminx=\dimen136
\pgf@pathmaxx=\dimen137
\pgf@pathminy=\dimen138
\pgf@pathmaxy=\dimen139
\pgf@xx=\dimen140
\pgf@xy=\dimen141
\pgf@yx=\dimen142
\pgf@yy=\dimen143
\pgf@zx=\dimen144
\pgf@zy=\dimen145
)
(/mn/anatu/modules/opt/texlive/2013-uio/uio-texmf/texmf-dist/tex/generic/pgf/ba
siclayer/pgfcorepathconstruct.code.tex
File: pgfcorepathconstruct.code.tex 2010/08/03  (rcs-revision 1.24)
\pgf@path@lastx=\dimen146
\pgf@path@lasty=\dimen147
)
(/mn/anatu/modules/opt/texlive/2013-uio/uio-texmf/texmf-dist/tex/generic/pgf/ba
siclayer/pgfcorepathusage.code.tex
File: pgfcorepathusage.code.tex 2008/04/22  (rcs-revision 1.12)
\pgf@shorten@end@additional=\dimen148
\pgf@shorten@start@additional=\dimen149
)
(/mn/anatu/modules/opt/texlive/2013-uio/uio-texmf/texmf-dist/tex/generic/pgf/ba
siclayer/pgfcorescopes.code.tex
File: pgfcorescopes.code.tex 2010/09/08  (rcs-revision 1.34)
\pgfpic=\box32
\pgf@hbox=\box33
\pgf@layerbox@main=\box34
\pgf@picture@serial@count=\count116
)
(/mn/anatu/modules/opt/texlive/2013-uio/uio-texmf/texmf-dist/tex/generic/pgf/ba
siclayer/pgfcoregraphicstate.code.tex
File: pgfcoregraphicstate.code.tex 2008/04/22  (rcs-revision 1.9)
\pgflinewidth=\dimen150
)
(/mn/anatu/modules/opt/texlive/2013-uio/uio-texmf/texmf-dist/tex/generic/pgf/ba
siclayer/pgfcoretransformations.code.tex
File: pgfcoretransformations.code.tex 2009/06/10  (rcs-revision 1.11)
\pgf@pt@x=\dimen151
\pgf@pt@y=\dimen152
\pgf@pt@temp=\dimen153
)
(/mn/anatu/modules/opt/texlive/2013-uio/uio-texmf/texmf-dist/tex/generic/pgf/ba
siclayer/pgfcorequick.code.tex
File: pgfcorequick.code.tex 2008/10/09  (rcs-revision 1.3)
)
(/mn/anatu/modules/opt/texlive/2013-uio/uio-texmf/texmf-dist/tex/generic/pgf/ba
siclayer/pgfcoreobjects.code.tex
File: pgfcoreobjects.code.tex 2006/10/11  (rcs-revision 1.2)
)
(/mn/anatu/modules/opt/texlive/2013-uio/uio-texmf/texmf-dist/tex/generic/pgf/ba
siclayer/pgfcorepathprocessing.code.tex
File: pgfcorepathprocessing.code.tex 2008/10/09  (rcs-revision 1.8)
)
(/mn/anatu/modules/opt/texlive/2013-uio/uio-texmf/texmf-dist/tex/generic/pgf/ba
siclayer/pgfcorearrows.code.tex
File: pgfcorearrows.code.tex 2008/04/23  (rcs-revision 1.11)
)
(/mn/anatu/modules/opt/texlive/2013-uio/uio-texmf/texmf-dist/tex/generic/pgf/ba
siclayer/pgfcoreshade.code.tex
File: pgfcoreshade.code.tex 2008/11/23  (rcs-revision 1.13)
\pgf@max=\dimen154
\pgf@sys@shading@range@num=\count117
)
(/mn/anatu/modules/opt/texlive/2013-uio/uio-texmf/texmf-dist/tex/generic/pgf/ba
siclayer/pgfcoreimage.code.tex
File: pgfcoreimage.code.tex 2010/03/25  (rcs-revision 1.16)

(/mn/anatu/modules/opt/texlive/2013-uio/uio-texmf/texmf-dist/tex/generic/pgf/ba
siclayer/pgfcoreexternal.code.tex
File: pgfcoreexternal.code.tex 2010/09/01  (rcs-revision 1.17)
\pgfexternal@startupbox=\box35
))
(/mn/anatu/modules/opt/texlive/2013-uio/uio-texmf/texmf-dist/tex/generic/pgf/ba
siclayer/pgfcorelayers.code.tex
File: pgfcorelayers.code.tex 2010/08/27  (rcs-revision 1.2)
)
(/mn/anatu/modules/opt/texlive/2013-uio/uio-texmf/texmf-dist/tex/generic/pgf/ba
siclayer/pgfcoretransparency.code.tex
File: pgfcoretransparency.code.tex 2008/01/17  (rcs-revision 1.2)
)
(/mn/anatu/modules/opt/texlive/2013-uio/uio-texmf/texmf-dist/tex/generic/pgf/ba
siclayer/pgfcorepatterns.code.tex
File: pgfcorepatterns.code.tex 2009/07/02  (rcs-revision 1.3)
)))
(/mn/anatu/modules/opt/texlive/2013-uio/uio-texmf/texmf-dist/tex/generic/pgf/mo
dules/pgfmoduleshapes.code.tex
File: pgfmoduleshapes.code.tex 2010/09/09  (rcs-revision 1.13)
\pgfnodeparttextbox=\box36
)
(/mn/anatu/modules/opt/texlive/2013-uio/uio-texmf/texmf-dist/tex/generic/pgf/mo
dules/pgfmoduleplot.code.tex
File: pgfmoduleplot.code.tex 2010/10/22  (rcs-revision 1.8)
)
(/mn/anatu/modules/opt/texlive/2013-uio/uio-texmf/texmf-dist/tex/latex/pgf/comp
atibility/pgfcomp-version-0-65.sty
Package: pgfcomp-version-0-65 2007/07/03 v2.10 (rcs-revision 1.7)
\pgf@nodesepstart=\dimen155
\pgf@nodesepend=\dimen156
)
(/mn/anatu/modules/opt/texlive/2013-uio/uio-texmf/texmf-dist/tex/latex/pgf/comp
atibility/pgfcomp-version-1-18.sty
Package: pgfcomp-version-1-18 2007/07/23 v2.10 (rcs-revision 1.1)
))
(/mn/anatu/modules/opt/texlive/2013-uio/uio-texmf/texmf-dist/tex/latex/pgf/util
ities/pgffor.sty
(/mn/anatu/modules/opt/texlive/2013-uio/uio-texmf/texmf-dist/tex/latex/pgf/util
ities/pgfkeys.sty
(/mn/anatu/modules/opt/texlive/2013-uio/uio-texmf/texmf-dist/tex/generic/pgf/ut
ilities/pgfkeys.code.tex))
(/mn/anatu/modules/opt/texlive/2013-uio/uio-texmf/texmf-dist/tex/generic/pgf/ut
ilities/pgffor.code.tex
Package: pgffor 2010/03/23 v2.10 (rcs-revision 1.18)
\pgffor@iter=\dimen157
\pgffor@skip=\dimen158
\pgffor@stack=\toks45
\pgffor@toks=\toks46
))
(/mn/anatu/modules/opt/texlive/2013-uio/uio-texmf/texmf-dist/tex/generic/pgf/fr
ontendlayer/tikz/tikz.code.tex
Package: tikz 2010/10/13 v2.10 (rcs-revision 1.76)

(/mn/anatu/modules/opt/texlive/2013-uio/uio-texmf/texmf-dist/tex/generic/pgf/li
braries/pgflibraryplothandlers.code.tex
File: pgflibraryplothandlers.code.tex 2010/05/31 v2.10 (rcs-revision 1.15)
\pgf@plot@mark@count=\count118
\pgfplotmarksize=\dimen159
)
\tikz@lastx=\dimen160
\tikz@lasty=\dimen161
\tikz@lastxsaved=\dimen162
\tikz@lastysaved=\dimen163
\tikzleveldistance=\dimen164
\tikzsiblingdistance=\dimen165
\tikz@figbox=\box37
\tikz@tempbox=\box38
\tikztreelevel=\count119
\tikznumberofchildren=\count120
\tikznumberofcurrentchild=\count121
\tikz@fig@count=\count122

(/mn/anatu/modules/opt/texlive/2013-uio/uio-texmf/texmf-dist/tex/generic/pgf/mo
dules/pgfmodulematrix.code.tex
File: pgfmodulematrix.code.tex 2010/08/24  (rcs-revision 1.4)
\pgfmatrixcurrentrow=\count123
\pgfmatrixcurrentcolumn=\count124
\pgf@matrix@numberofcolumns=\count125
)
\tikz@expandcount=\count126

(/mn/anatu/modules/opt/texlive/2013-uio/uio-texmf/texmf-dist/tex/generic/pgf/fr
ontendlayer/tikz/libraries/tikzlibrarytopaths.code.tex
File: tikzlibrarytopaths.code.tex 2008/06/17 v2.10 (rcs-revision 1.2)
)))
(/mn/anatu/modules/opt/texlive/2013-uio/uio-texmf/texmf-dist/tex/latex/tikz-cd/
tikz-cd.sty
Package: tikz-cd 2012/12/30 v0.3c Commutative diagrams with tikz.

(/mn/anatu/modules/opt/texlive/2013-uio/uio-texmf/texmf-dist/tex/generic/pgf/fr
ontendlayer/tikz/libraries/tikzlibrarymatrix.code.tex
File: tikzlibrarymatrix.code.tex 2008/06/18 v2.10 (rcs-revision 1.2)
))
(/mn/anatu/modules/opt/texlive/2013-uio/uio-texmf/texmf-dist/tex/generic/pgf/fr
ontendlayer/tikz/libraries/tikzlibrarycalc.code.tex
File: tikzlibrarycalc.code.tex 2009/09/04 v2.10 (rcs-revision 1.6)
)
(/mn/anatu/modules/opt/texlive/2013-uio/uio-texmf/texmf-dist/tex/latex/caption/
subcaption.sty
Package: subcaption 2013/02/03 v1.1-62 Sub-captions (AR)

(/mn/anatu/modules/opt/texlive/2013-uio/uio-texmf/texmf-dist/tex/latex/caption/
caption.sty
Package: caption 2013/05/02 v3.3-89 Customizing captions (AR)

(/mn/anatu/modules/opt/texlive/2013-uio/uio-texmf/texmf-dist/tex/latex/caption/
caption3.sty
Package: caption3 2013/05/02 v1.6-88 caption3 kernel (AR)
Package caption3 Info: TeX engine: e-TeX on input line 57.
\captionmargin=\dimen166
\captionmargin@=\dimen167
\captionwidth=\dimen168
\caption@tempdima=\dimen169
\caption@indent=\dimen170
\caption@parindent=\dimen171
\caption@hangindent=\dimen172
)
\c@ContinuedFloat=\count127
Package caption Info: float package is loaded.
)
\c@subfigure=\count128
\c@subtable=\count129
)
(/mn/anatu/modules/opt/texlive/2013-uio/uio-texmf/texmf-dist/tex/generic/xypic/
xy.sty
(/mn/anatu/modules/opt/texlive/2013-uio/uio-texmf/texmf-dist/tex/generic/xypic/
xy.tex Bootstrap'ing: catcodes, docmode,
(/mn/anatu/modules/opt/texlive/2013-uio/uio-texmf/texmf-dist/tex/generic/xypic/
xyrecat.tex)
(/mn/anatu/modules/opt/texlive/2013-uio/uio-texmf/texmf-dist/tex/generic/xypic/
xyidioms.tex)

 Xy-pic version 3.8.9 <2013/10/06>
 Copyright (c) 1991-2013 by Kristoffer H. Rose <krisrose@tug.org> and others
 Xy-pic is free software: see the User's Guide for details.

Loading kernel: messages; fonts; allocations: state,
\X@c=\dimen173
\Y@c=\dimen174
\U@c=\dimen175
\D@c=\dimen176
\L@c=\dimen177
\R@c=\dimen178
\Edge@c=\toks47
\X@p=\dimen179
\Y@p=\dimen180
\U@p=\dimen181
\D@p=\dimen182
\L@p=\dimen183
\R@p=\dimen184
\Edge@p=\toks48
\X@origin=\dimen185
\Y@origin=\dimen186
\X@xbase=\dimen187
\Y@xbase=\dimen188
\X@ybase=\dimen189
\Y@ybase=\dimen190
\X@min=\dimen191
\Y@min=\dimen192
\X@max=\dimen193
\Y@max=\dimen194
\lastobjectbox@=\box39
\zerodotbox@=\box40
\almostz@=\dimen195
 direction,
\d@X=\dimen196
\d@Y=\dimen197
\K@=\count130
\KK@=\count131
\Direction=\count132
\K@dXdY=\dimen198
\K@dYdX=\dimen199
\xyread@=\read2
\xywrite@=\write4
\csp@=\count133
\quotPTK@=\dimen200

utility macros; pictures: \xy, positions,
\swaptoks@@=\toks49
\connectobjectbox@@=\box41
 objects,
\styletoks@=\toks50
 decorations;
kernel objects: directionals, circles, text; options; algorithms: directions,
edges, connections;  Xy-pic loaded)
Package: xy 2013/10/06 Xy-pic version 3.8.9

(/mn/anatu/modules/opt/texlive/2013-uio/uio-texmf/texmf-dist/tex/generic/xypic/
xyall.tex  Xy-pic option: All features v.3.8
(/mn/anatu/modules/opt/texlive/2013-uio/uio-texmf/texmf-dist/tex/generic/xypic/
xycurve.tex  Xy-pic option: Curve and Spline extension v.3.12 curve,
\crv@cnt@=\count134
\crvpts@=\toks51
\splinebox@=\box42
\splineval@=\dimen201
\splinedepth@=\dimen202
\splinetol@=\dimen203
\splinelength@=\dimen204
 circles,
\L@=\dimen205

loaded)
(/mn/anatu/modules/opt/texlive/2013-uio/uio-texmf/texmf-dist/tex/generic/xypic/
xyframe.tex  Xy-pic option: Frame and Bracket extension v.3.14 loaded)
(/mn/anatu/modules/opt/texlive/2013-uio/uio-texmf/texmf-dist/tex/generic/xypic/
xycmtip.tex  Xy-pic option: Computer Modern tip extension v.3.7
(/mn/anatu/modules/opt/texlive/2013-uio/uio-texmf/texmf-dist/tex/generic/xypic/
xytips.tex  Xy-pic option: More Tips extension v.3.11 loaded) loaded)
(/mn/anatu/modules/opt/texlive/2013-uio/uio-texmf/texmf-dist/tex/generic/xypic/
xyline.tex  Xy-pic option: Line styles extension v.3.10
\xylinethick@=\dimen206
 loaded)
(/mn/anatu/modules/opt/texlive/2013-uio/uio-texmf/texmf-dist/tex/generic/xypic/
xyrotate.tex  Xy-pic option: Rotate and Scale extension v.3.8 loaded)
(/mn/anatu/modules/opt/texlive/2013-uio/uio-texmf/texmf-dist/tex/generic/xypic/
xycolor.tex  Xy-pic option: Colour extension v.3.11 loaded)
(/mn/anatu/modules/opt/texlive/2013-uio/uio-texmf/texmf-dist/tex/generic/xypic/
xymatrix.tex  Xy-pic option: Matrix feature v.3.14
\Row=\count135
\Col=\count136
\queue@=\toks52
\queue@@=\toks53
\qcount@=\count137
\qcount@@=\count138
\matrixsize@=\count139
 loaded)
(/mn/anatu/modules/opt/texlive/2013-uio/uio-texmf/texmf-dist/tex/generic/xypic/
xyarrow.tex  Xy-pic option: Arrow and Path feature v.3.9 path, \ar, loaded)
(/mn/anatu/modules/opt/texlive/2013-uio/uio-texmf/texmf-dist/tex/generic/xypic/
xygraph.tex  Xy-pic option: Graph feature v.3.11 loaded) loaded)
(/mn/anatu/modules/opt/texlive/2013-uio/uio-texmf/texmf-dist/tex/generic/xypic/
xypdf.tex  Xy-pic option: PDF driver v.1.7
Xy-pic pdf driver: `color' extension support
(/mn/anatu/modules/opt/texlive/2013-uio/uio-texmf/texmf-dist/tex/generic/xypic/
xypdf-co.tex loaded) Xy-pic pdf driver: `curve' extension support
(/mn/anatu/modules/opt/texlive/2013-uio/uio-texmf/texmf-dist/tex/generic/xypic/
xypdf-cu.tex loaded) Xy-pic pdf driver: `frame' extension support
(/mn/anatu/modules/opt/texlive/2013-uio/uio-texmf/texmf-dist/tex/generic/xypic/
xypdf-fr.tex loaded) Xy-pic pdf driver: `line' extension support
(/mn/anatu/modules/opt/texlive/2013-uio/uio-texmf/texmf-dist/tex/generic/xypic/
xypdf-li.tex loaded) Xy-pic pdf driver: `rotate' extension support
(/mn/anatu/modules/opt/texlive/2013-uio/uio-texmf/texmf-dist/tex/generic/xypic/
xypdf-ro.tex loaded) loaded))
(/mn/anatu/modules/opt/texlive/2013-uio/uio-texmf/texmf-dist/tex/latex/wrapfig/
wrapfig.sty
\wrapoverhang=\dimen207
\WF@size=\dimen208
\c@WF@wrappedlines=\count140
\WF@box=\box43
\WF@everypar=\toks54
Package: wrapfig 2003/01/31  v 3.6
)
(/mn/anatu/modules/opt/texlive/2013-uio/uio-texmf/texmf-dist/tex/latex/hyperref
/hyperref.sty
Package: hyperref 2012/11/06 v6.83m Hypertext links for LaTeX

(/mn/anatu/modules/opt/texlive/2013-uio/uio-texmf/texmf-dist/tex/generic/oberdi
ek/hobsub-hyperref.sty
Package: hobsub-hyperref 2012/05/28 v1.13 Bundle oberdiek, subset hyperref (HO)


(/mn/anatu/modules/opt/texlive/2013-uio/uio-texmf/texmf-dist/tex/generic/oberdi
ek/hobsub-generic.sty
Package: hobsub-generic 2012/05/28 v1.13 Bundle oberdiek, subset generic (HO)
Package: hobsub 2012/05/28 v1.13 Construct package bundles (HO)
Package hobsub Info: Skipping package `infwarerr' (already loaded).
Package hobsub Info: Skipping package `ltxcmds' (already loaded).
Package hobsub Info: Skipping package `ifluatex' (already loaded).
Package hobsub Info: Skipping package `ifvtex' (already loaded).
Package: intcalc 2007/09/27 v1.1 Expandable calculations with integers (HO)
Package hobsub Info: Skipping package `ifpdf' (already loaded).
Package hobsub Info: Skipping package `etexcmds' (already loaded).
Package hobsub Info: Skipping package `kvsetkeys' (already loaded).
Package: kvdefinekeys 2011/04/07 v1.3 Define keys (HO)
Package: pdftexcmds 2011/11/29 v0.20 Utility functions of pdfTeX for LuaTeX (HO
)
Package pdftexcmds Info: LuaTeX not detected.
Package pdftexcmds Info: \pdf@primitive is available.
Package pdftexcmds Info: \pdf@ifprimitive is available.
Package pdftexcmds Info: \pdfdraftmode found.
Package: pdfescape 2011/11/25 v1.13 Implements pdfTeX's escape features (HO)
Package: bigintcalc 2012/04/08 v1.3 Expandable calculations on big integers (HO
)
Package: bitset 2011/01/30 v1.1 Handle bit-vector datatype (HO)
Package: uniquecounter 2011/01/30 v1.2 Provide unlimited unique counter (HO)
)
Package hobsub Info: Skipping package `hobsub' (already loaded).
Package: letltxmacro 2010/09/02 v1.4 Let assignment for LaTeX macros (HO)
Package: hopatch 2012/05/28 v1.2 Wrapper for package hooks (HO)
Package: xcolor-patch 2011/01/30 xcolor patch
Package: atveryend 2011/06/30 v1.8 Hooks at the very end of document (HO)
Package atveryend Info: \enddocument detected (standard20110627).
Package: atbegshi 2011/10/05 v1.16 At begin shipout hook (HO)
Package: refcount 2011/10/16 v3.4 Data extraction from label references (HO)
Package: hycolor 2011/01/30 v1.7 Color options for hyperref/bookmark (HO)
)
(/mn/anatu/modules/opt/texlive/2013-uio/uio-texmf/texmf-dist/tex/latex/oberdiek
/auxhook.sty
Package: auxhook 2011/03/04 v1.3 Hooks for auxiliary files (HO)
)
(/mn/anatu/modules/opt/texlive/2013-uio/uio-texmf/texmf-dist/tex/latex/oberdiek
/kvoptions.sty
Package: kvoptions 2011/06/30 v3.11 Key value format for package options (HO)
)
\@linkdim=\dimen209
\Hy@linkcounter=\count141
\Hy@pagecounter=\count142

(/mn/anatu/modules/opt/texlive/2013-uio/uio-texmf/texmf-dist/tex/latex/hyperref
/pd1enc.def
File: pd1enc.def 2012/11/06 v6.83m Hyperref: PDFDocEncoding definition (HO)
Now handling font encoding PD1 ...
... no UTF-8 mapping file for font encoding PD1
)
\Hy@SavedSpaceFactor=\count143

(/mn/anatu/modules/opt/texlive/2013-uio/uio-texmf/texmf-dist/tex/latex/latexcon
fig/hyperref.cfg
File: hyperref.cfg 2002/06/06 v1.2 hyperref configuration of TeXLive
)
Package hyperref Info: Hyper figures OFF on input line 4443.
Package hyperref Info: Link nesting OFF on input line 4448.
Package hyperref Info: Hyper index ON on input line 4451.
Package hyperref Info: Plain pages OFF on input line 4458.
Package hyperref Info: Backreferencing OFF on input line 4463.
Package hyperref Info: Implicit mode ON; LaTeX internals redefined.
Package hyperref Info: Bookmarks ON on input line 4688.
\c@Hy@tempcnt=\count144
LaTeX Info: Redefining \url on input line 5041.
\XeTeXLinkMargin=\dimen210
\Fld@menulength=\count145
\Field@Width=\dimen211
\Fld@charsize=\dimen212
Package hyperref Info: Hyper figures OFF on input line 6295.
Package hyperref Info: Link nesting OFF on input line 6300.
Package hyperref Info: Hyper index ON on input line 6303.
Package hyperref Info: backreferencing OFF on input line 6310.
Package hyperref Info: Link coloring OFF on input line 6315.
Package hyperref Info: Link coloring with OCG OFF on input line 6320.
Package hyperref Info: PDF/A mode OFF on input line 6325.
LaTeX Info: Redefining \ref on input line 6365.
LaTeX Info: Redefining \pageref on input line 6369.
\Hy@abspage=\count146
\c@Item=\count147
\c@Hfootnote=\count148
)

Package hyperref Message: Driver (autodetected): hpdftex.


(/mn/anatu/modules/opt/texlive/2013-uio/uio-texmf/texmf-dist/tex/latex/hyperref
/hpdftex.def
File: hpdftex.def 2012/11/06 v6.83m Hyperref driver for pdfTeX
\Fld@listcount=\count149
\c@bookmark@seq@number=\count150

(/mn/anatu/modules/opt/texlive/2013-uio/uio-texmf/texmf-dist/tex/latex/oberdiek
/rerunfilecheck.sty
Package: rerunfilecheck 2011/04/15 v1.7 Rerun checks for auxiliary files (HO)
Package uniquecounter Info: New unique counter `rerunfilecheck' on input line 2
82.
)
\Hy@SectionHShift=\skip50
) (./mystyle.sty
\c@thm=\count151
\c@oppg=\count152
\c@losn=\count153
\c@exc=\count154
\c@sol=\count155
) (./thesis.aux)
\openout1 = `thesis.aux'.

LaTeX Font Info:    Checking defaults for OML/cmm/m/it on input line 27.
LaTeX Font Info:    ... okay on input line 27.
LaTeX Font Info:    Checking defaults for T1/cmr/m/n on input line 27.
LaTeX Font Info:    ... okay on input line 27.
LaTeX Font Info:    Checking defaults for OT1/cmr/m/n on input line 27.
LaTeX Font Info:    ... okay on input line 27.
LaTeX Font Info:    Checking defaults for OMS/cmsy/m/n on input line 27.
LaTeX Font Info:    ... okay on input line 27.
LaTeX Font Info:    Checking defaults for OMX/cmex/m/n on input line 27.
LaTeX Font Info:    ... okay on input line 27.
LaTeX Font Info:    Checking defaults for U/cmr/m/n on input line 27.
LaTeX Font Info:    ... okay on input line 27.
LaTeX Font Info:    Checking defaults for TS1/cmr/m/n on input line 27.
LaTeX Font Info:    Try loading font information for TS1+cmr on input line 27.

(/mn/anatu/modules/opt/texlive/2013-uio/uio-texmf/texmf-dist/tex/latex/base/ts1
cmr.fd
File: ts1cmr.fd 1999/05/25 v2.5h Standard LaTeX font definitions
)
LaTeX Font Info:    ... okay on input line 27.
LaTeX Font Info:    Checking defaults for MDA/cmr/m/n on input line 27.
LaTeX Font Info:    Try loading font information for MDA+cmr on input line 27.

(/mn/anatu/modules/opt/texlive/2013-uio/uio-texmf/texmf-dist/tex/latex/mathdesi
gn/mdacmr.fd
File: mdacmr.fd 
)
LaTeX Font Info:    ... okay on input line 27.
LaTeX Font Info:    Checking defaults for MDB/cmr/m/n on input line 27.
LaTeX Font Info:    Try loading font information for MDB+cmr on input line 27.

(/mn/anatu/modules/opt/texlive/2013-uio/uio-texmf/texmf-dist/tex/latex/mathdesi
gn/mdbcmr.fd
File: mdbcmr.fd 
)
LaTeX Font Info:    ... okay on input line 27.
LaTeX Font Info:    Checking defaults for PD1/pdf/m/n on input line 27.
LaTeX Font Info:    ... okay on input line 27.

*geometry* driver: auto-detecting
*geometry* detected driver: pdftex
*geometry* verbose mode - [ preamble ] result:
* driver: pdftex
* paper: a4paper
* layout: <same size as paper>
* layoutoffset:(h,v)=(0.0pt,0.0pt)
* modes: twoside 
* h-part:(L,W,R)=(71.13188pt, 455.24411pt, 71.13188pt)
* v-part:(T,H,B)=(71.13188pt, 702.78308pt, 71.13188pt)
* \paperwidth=614.295pt
* \paperheight=794.96999pt
* \textwidth=390.0pt
* \textheight=548.5pt
* \oddsidemargin=17.0pt
* \evensidemargin=62.0pt
* \topmargin=17.0pt
* \headheight=12.0pt
* \headsep=25.0pt
* \topskip=12.0pt
* \footskip=30.0pt
* \marginparwidth=95.0pt
* \marginparsep=10.0pt
* \columnsep=10.0pt
* \skip\footins=10.8pt plus 4.0pt minus 2.0pt
* \hoffset=0.0pt
* \voffset=0.0pt
* \mag=1000
* \@twocolumnfalse
* \@twosidetrue
* \@mparswitchtrue
* \@reversemarginfalse
* (1in=72.27pt=25.4mm, 1cm=28.453pt)


Package mathdesign/mdugm Warning: Package 'mathrsfs' shouldn't be used in conjo
nction with package mdugm, on input line 27.


Package mathdesign/mdugm Warning: Package 'amssymb' shouldn't be used in conjon
ction with package mdugm, on input line 27.


Package mathdesign/mdugm Warning: Package 'amsfonts' shouldn't be used in conjo
nction with package mdugm, on input line 27.

\c@mv@tabular=\count156
\c@mv@boldtabular=\count157
ABD: EveryShipout initializing macros
(/mn/anatu/modules/opt/texlive/2013-uio/uio-texmf/texmf-dist/tex/context/base/s
upp-pdf.mkii
[Loading MPS to PDF converter (version 2006.09.02).]
\scratchcounter=\count158
\scratchdimen=\dimen213
\scratchbox=\box44
\nofMPsegments=\count159
\nofMParguments=\count160
\everyMPshowfont=\toks55
\MPscratchCnt=\count161
\MPscratchDim=\dimen214
\MPnumerator=\count162
\makeMPintoPDFobject=\count163
\everyMPtoPDFconversion=\toks56
)
(/mn/anatu/modules/opt/texlive/2013-uio/uio-texmf/texmf-dist/tex/latex/oberdiek
/epstopdf-base.sty
Package: epstopdf-base 2010/02/09 v2.5 Base part for package epstopdf

(/mn/anatu/modules/opt/texlive/2013-uio/uio-texmf/texmf-dist/tex/latex/oberdiek
/grfext.sty
Package: grfext 2010/08/19 v1.1 Manage graphics extensions (HO)
)
Package grfext Info: Graphics extension search list:
(grfext)             [.png,.pdf,.jpg,.mps,.jpeg,.jbig2,.jb2,.PNG,.PDF,.JPG,.JPE
G,.JBIG2,.JB2,.eps]
(grfext)             \AppendGraphicsExtensions on input line 452.

(/mn/anatu/modules/opt/texlive/2013-uio/uio-texmf/texmf-dist/tex/latex/latexcon
fig/epstopdf-sys.cfg
File: epstopdf-sys.cfg 2010/07/13 v1.3 Configuration of (r)epstopdf for TeX Liv
e
))
Package caption Info: Begin \AtBeginDocument code.
Package caption Info: hyperref package is loaded.
Package caption Info: wrapfig package is loaded.
Package caption Info: End \AtBeginDocument code.
LaTeX Font Info:    Try loading font information for OT1+mdugm on input line 27
.

(/mn/anatu/modules/opt/texlive/2013-uio/uio-texmf/texmf-dist/tex/latex/mathdesi
gn/mdugm/ot1mdugm.fd
File: ot1mdugm.fd 2013/08/29 Fontinst v1.933 font definitions for OT1/mdugm.
)
LaTeX Font Info:    Try loading font information for OML+mdugm on input line 27
.

(/mn/anatu/modules/opt/texlive/2013-uio/uio-texmf/texmf-dist/tex/latex/mathdesi
gn/mdugm/omlmdugm.fd
File: omlmdugm.fd 2013/08/29 Fontinst v1.933 font definitions for OML/mdugm.
)
LaTeX Font Info:    Try loading font information for OMS+mdugm on input line 27
.

(/mn/anatu/modules/opt/texlive/2013-uio/uio-texmf/texmf-dist/tex/latex/mathdesi
gn/mdugm/omsmdugm.fd
File: omsmdugm.fd 2013/08/29 Fontinst v1.933 font definitions for OMS/mdugm.
)
LaTeX Font Info:    Try loading font information for OMX+mdugm on input line 27
.

(/mn/anatu/modules/opt/texlive/2013-uio/uio-texmf/texmf-dist/tex/latex/mathdesi
gn/mdugm/omxmdugm.fd
File: omxmdugm.fd 2013/08/29 Fontinst v1.933 font definitions for OMX/mdugm.
)
LaTeX Font Info:    Try loading font information for MDA+mdugm on input line 27
.

(/mn/anatu/modules/opt/texlive/2013-uio/uio-texmf/texmf-dist/tex/latex/mathdesi
gn/mdugm/mdamdugm.fd
File: mdamdugm.fd 2013/08/29 Fontinst v1.933 font definitions for MDA/mdugm.
)
LaTeX Font Info:    Try loading font information for MDB+mdugm on input line 27
.

(/mn/anatu/modules/opt/texlive/2013-uio/uio-texmf/texmf-dist/tex/latex/mathdesi
gn/mdugm/mdbmdugm.fd
File: mdbmdugm.fd 2013/08/29 Fontinst v1.933 font definitions for MDB/mdugm.
)
LaTeX Font Info:    Try loading font information for U+msa on input line 27.

(/mn/anatu/modules/opt/texlive/2013-uio/uio-texmf/texmf-dist/tex/latex/amsfonts
/umsa.fd
File: umsa.fd 2013/01/14 v3.01 AMS symbols A
)
LaTeX Font Info:    Try loading font information for U+msb on input line 27.

(/mn/anatu/modules/opt/texlive/2013-uio/uio-texmf/texmf-dist/tex/latex/amsfonts
/umsb.fd
File: umsb.fd 2013/01/14 v3.01 AMS symbols B
)
LaTeX Font Info:    Try loading font information for U+rsfs on input line 27.

(/mn/anatu/modules/opt/texlive/2013-uio/uio-texmf/texmf-dist/tex/latex/jknapltx
/ursfs.fd
File: ursfs.fd 1998/03/24 rsfs font definition file (jk)
)
Package xypdf Info: Line width: 0.672pt on input line 27.
\AtBeginShipoutBox=\box45
Package hyperref Info: Link coloring OFF on input line 27.

(/mn/anatu/modules/opt/texlive/2013-uio/uio-texmf/texmf-dist/tex/latex/hyperref
/nameref.sty
Package: nameref 2012/10/27 v2.43 Cross-referencing by name of section

(/mn/anatu/modules/opt/texlive/2013-uio/uio-texmf/texmf-dist/tex/generic/oberdi
ek/gettitlestring.sty
Package: gettitlestring 2010/12/03 v1.4 Cleanup title references (HO)
)
\c@section@level=\count164
)
LaTeX Info: Redefining \ref on input line 27.
LaTeX Info: Redefining \pageref on input line 27.
LaTeX Info: Redefining \nameref on input line 27.
 (./thesis.out) (./thesis.out)
\@outlinefile=\write5
\openout5 = `thesis.out'.

 [1

{/mn/anatu/modules/opt/texlive/2013-uio/uio-texmf/texmf-var/fonts/map/pdftex/up
dmap/pdftex.map}]
[2

]
Chapter 1.
Package hyperref Info: bookmark level for unknown example defaults to 0 on inpu
t line 41.
Package hyperref Info: bookmark level for unknown lemma defaults to 0 on input 
line 47.
Package hyperref Info: bookmark level for unknown corr defaults to 0 on input l
ine 54.
Package hyperref Info: bookmark level for unknown defi defaults to 0 on input l
ine 63.
[3]

! Package inputenc Error: Unicode char \u8: not set up for use with LaTeX.

See the inputenc package documentation for explanation.
Type  H <return>  for immediate help.
 ...                                              
                                                  
l.73 ...h says that $K_X= 2 \restr{K_{\PP^3}}{X}
                                                  + \deg R$, where $R$ is th...

Your command was ignored.
Type  I <command> <return>  to replace it with another command,
or  <return>  to continue without it.

[4]
Chapter 2.

Package hyperref Warning: Token not allowed in a PDF string (PDFDocEncoding):
(hyperref)                removing `math shift' on input line 89.


Package hyperref Warning: Token not allowed in a PDF string (PDFDocEncoding):
(hyperref)                removing `subscript' on input line 89.


Package hyperref Warning: Token not allowed in a PDF string (PDFDocEncoding):
(hyperref)                removing `math shift' on input line 89.

[5

]
LaTeX Font Info:    Font shape `U/xmdeuf/m/n' will be
(Font)              scaled to size 12.42004pt on input line 122.
LaTeX Font Info:    Font shape `U/xmdeuf/m/n' will be
(Font)              scaled to size 8.28003pt on input line 122.
LaTeX Font Info:    Font shape `U/xmdeuf/m/n' will be
(Font)              scaled to size 6.21002pt on input line 122.

Overfull \hbox (12.95612pt too wide) in paragraph at lines 128--129
[]\T1/zgmx/m/n/12 The equa-tions can be ar-ranged in a par-tic-u-larly sym-met-
ric form: let $\OML/mdugm/m/it/12 y; x[]; [] ; x[]$
 []

[6]
LaTeX Font Info:    Font shape `U/xmdeuf/m/n' will be
(Font)              scaled to size 11.33328pt on input line 182.

Underfull \vbox (badness 5711) has occurred while \output is active []

 [7]
[8]
Package hyperref Info: bookmark level for unknown thm defaults to 0 on input li
ne 308.
Package hyperref Info: bookmark level for unknown remark defaults to 0 on input
 line 323.
 [9] [10]
Chapter 3.
(./thesis.bbl [11

] [12

])
Package atveryend Info: Empty hook `BeforeClearDocument' on input line 338.
 [13]
Package atveryend Info: Empty hook `AfterLastShipout' on input line 338.
 (./thesis.aux)
Package atveryend Info: Executing hook `AtVeryEndDocument' on input line 338.
Package atveryend Info: Executing hook `AtEndAfterFileList' on input line 338.
Package rerunfilecheck Info: File `thesis.out' has not changed.
(rerunfilecheck)             Checksum: 2DB4A7DC64D61B96A9CCA70AEE870A0F;675.
Package atveryend Info: Empty hook `AtVeryVeryEnd' on input line 338.
 ) 
Here is how much of TeX's memory you used:
 22686 strings out of 493308
 393150 string characters out of 6135157
 495159 words of memory out of 5000000
 25494 multiletter control sequences out of 15000+600000
 116172 words of font info for 162 fonts, out of 8000000 for 9000
 957 hyphenation exceptions out of 8191
 59i,12n,94p,3255b,853s stack positions out of 5000i,500n,10000p,200000b,80000s
{/mn/anatu/modules/opt/texlive/2013-uio/uio-texmf/texmf-dist/fonts/enc/dvips/
ly1/texnansi.enc}{/mn/anatu/modules/opt/texlive/2013-uio/uio-texmf/texmf-dist/f
onts/enc/dvips/base/8r.enc}</mn/anatu/modules/opt/texlive/2013-uio/uio-texmf/te
xmf-local/fonts/type1/urw/garamondx/NewG8-Bol.pfb></mn/anatu/modules/opt/texliv
e/2013-uio/uio-texmf/texmf-local/fonts/type1/urw/garamondx/NewG8-Ita.pfb></mn/a
natu/modules/opt/texlive/2013-uio/uio-texmf/texmf-local/fonts/type1/urw/garamon
dx/NewG8-Reg.pfb></mn/anatu/modules/opt/texlive/2013-uio/uio-texmf/texmf-dist/f
onts/type1/public/amsfonts/euler/eufm10.pfb></mn/anatu/modules/opt/texlive/2013
-uio/uio-texmf/texmf-dist/fonts/type1/public/mathdesign/mdugm/md-gmr7m.pfb></mn
/anatu/modules/opt/texlive/2013-uio/uio-texmf/texmf-dist/fonts/type1/public/mat
hdesign/mdugm/md-gmr7t.pfb></mn/anatu/modules/opt/texlive/2013-uio/uio-texmf/te
xmf-dist/fonts/type1/public/mathdesign/mdugm/md-gmr7v.pfb></mn/anatu/modules/op
t/texlive/2013-uio/uio-texmf/texmf-dist/fonts/type1/public/mathdesign/mdugm/md-
gmr7y.pfb></mn/anatu/modules/opt/texlive/2013-uio/uio-texmf/texmf-dist/fonts/ty
pe1/public/mathdesign/mdugm/md-gmri7m.pfb></mn/anatu/modules/opt/texlive/2013-u
io/uio-texmf/texmf-dist/fonts/type1/public/mathdesign/mdugm/md-gmrma.pfb></mn/a
natu/modules/opt/texlive/2013-uio/uio-texmf/texmf-dist/fonts/type1/public/amsfo
nts/symbols/msam10.pfb></mn/anatu/modules/opt/texlive/2013-uio/uio-texmf/texmf-
dist/fonts/type1/public/rsfs/rsfs10.pfb></mn/anatu/modules/opt/texlive/2013-uio
/uio-texmf/texmf-local/fonts/type1/urw/garamond/ugmr8a.pfb></mn/anatu/modules/o
pt/texlive/2013-uio/uio-texmf/texmf-local/fonts/type1/urw/garamond/ugmri8a.pfb>

Output written on thesis.pdf (13 pages, 183861 bytes).
PDF statistics:
 212 PDF objects out of 1000 (max. 8388607)
 181 compressed objects within 2 object streams
 51 named destinations out of 1000 (max. 500000)
 93 words of extra memory for PDF output out of 10000 (max. 10000000)

